	.text
	.syntax unified
	.eabi_attribute	67, "2.09"	@ Tag_conformance
	.cpu	cortex-m4
	.eabi_attribute	6, 13	@ Tag_CPU_arch
	.eabi_attribute	7, 77	@ Tag_CPU_arch_profile
	.eabi_attribute	8, 0	@ Tag_ARM_ISA_use
	.eabi_attribute	9, 2	@ Tag_THUMB_ISA_use
	.fpu	fpv4-sp-d16
	.eabi_attribute	27, 1	@ Tag_ABI_HardFP_use
	.eabi_attribute	36, 1	@ Tag_FP_HP_extension
	.eabi_attribute	34, 1	@ Tag_CPU_unaligned_access
	.eabi_attribute	17, 1	@ Tag_ABI_PCS_GOT_use
	.eabi_attribute	20, 2	@ Tag_ABI_FP_denormal
	.eabi_attribute	21, 0	@ Tag_ABI_FP_exceptions
	.eabi_attribute	23, 1	@ Tag_ABI_FP_number_model
	.eabi_attribute	24, 1	@ Tag_ABI_align_needed
	.eabi_attribute	25, 1	@ Tag_ABI_align_preserved
	.eabi_attribute	28, 1	@ Tag_ABI_VFP_args
	.eabi_attribute	38, 1	@ Tag_ABI_FP_16bit_format
	.eabi_attribute	18, 2	@ Tag_ABI_PCS_wchar_t
	.eabi_attribute	26, 1	@ Tag_ABI_enum_size
	.eabi_attribute	14, 0	@ Tag_ABI_PCS_R9_use
	.file	"arm_cos_f32.c"
	.file	1 "D:\\Embed\\MDK\\MDK\\ARM\\ARMCompilerV621\\Bin\\..\\include" "stdint.h"
	.file	2 "D:\\ikingtec\\Robot\\ODrive\\Firmware\\MDK-ARM" "../ThirdParty/CMSIS/Include\\arm_math.h"
	.section	.text.our_arm_cos_f32,"ax",%progbits
	.hidden	our_arm_cos_f32                 @ -- Begin function our_arm_cos_f32
	.globl	our_arm_cos_f32
	.p2align	2
	.type	our_arm_cos_f32,%function
	.code	16                              @ @our_arm_cos_f32
	.thumb_func
our_arm_cos_f32:
.Lfunc_begin0:
	.file	3 "D:\\ikingtec\\Robot\\ODrive\\Firmware\\MDK-ARM" "../MotorControl/arm_cos_f32.c"
	.loc	3 74 0                          @ ../MotorControl/arm_cos_f32.c:74:0
	.fnstart
	.cfi_sections .debug_frame
	.cfi_startproc
@ %bb.0:
	.pad	#36
	sub	sp, #36
	.cfi_def_cfa_offset 36
	vstr	s0, [sp, #32]
.Ltmp0:
	.loc	3 83 8 prologue_end             @ ../MotorControl/arm_cos_f32.c:83:8
	vldr	s0, [sp, #32]
	vldr	s2, .LCPI0_0
	.loc	3 83 28 is_stmt 0               @ ../MotorControl/arm_cos_f32.c:83:28
	vmul.f32	s0, s0, s2
	vmov.f32	s2, #2.500000e-01
	vadd.f32	s0, s0, s2
	.loc	3 83 6                          @ ../MotorControl/arm_cos_f32.c:83:6
	vstr	s0, [sp, #20]
	.loc	3 86 17 is_stmt 1               @ ../MotorControl/arm_cos_f32.c:86:17
	vldr	s0, [sp, #20]
	.loc	3 86 5 is_stmt 0                @ ../MotorControl/arm_cos_f32.c:86:5
	vcvt.s32.f32	s0, s0
	vstr	s0, [sp, #4]
.Ltmp1:
	.loc	3 89 7 is_stmt 1                @ ../MotorControl/arm_cos_f32.c:89:7
	vldr	s0, [sp, #20]
.Ltmp2:
	.loc	3 89 7 is_stmt 0                @ ../MotorControl/arm_cos_f32.c:89:7
	vcmp.f32	s0, #0
	vmrs	APSR_nzcv, fpscr
	bge	.LBB0_2
	b	.LBB0_1
.LBB0_1:
.Ltmp3:
	.loc	3 91 6 is_stmt 1                @ ../MotorControl/arm_cos_f32.c:91:6
	ldr	r0, [sp, #4]
	subs	r0, #1
	str	r0, [sp, #4]
	.loc	3 92 3                          @ ../MotorControl/arm_cos_f32.c:92:3
	b	.LBB0_2
.Ltmp4:
.LBB0_2:
	.loc	3 95 8                          @ ../MotorControl/arm_cos_f32.c:95:8
	vldr	s0, [sp, #20]
	.loc	3 95 13 is_stmt 0               @ ../MotorControl/arm_cos_f32.c:95:13
	vldr	s2, [sp, #4]
	vcvt.f32.s32	s2, s2
	.loc	3 95 11                         @ ../MotorControl/arm_cos_f32.c:95:11
	vsub.f32	s0, s0, s2
	.loc	3 95 6                          @ ../MotorControl/arm_cos_f32.c:95:6
	vstr	s0, [sp, #20]
	.loc	3 98 46 is_stmt 1               @ ../MotorControl/arm_cos_f32.c:98:46
	vldr	s0, [sp, #20]
	vldr	s2, .LCPI0_1
	.loc	3 98 44 is_stmt 0               @ ../MotorControl/arm_cos_f32.c:98:44
	vmul.f32	s0, s0, s2
	.loc	3 98 10                         @ ../MotorControl/arm_cos_f32.c:98:10
	vstr	s0, [sp]
	.loc	3 99 21 is_stmt 1               @ ../MotorControl/arm_cos_f32.c:99:21
	vldr	s0, [sp]
	.loc	3 99 11 is_stmt 0               @ ../MotorControl/arm_cos_f32.c:99:11
	vcvt.s32.f32	s0, s0
	vmov	r0, s0
	.loc	3 99 9                          @ ../MotorControl/arm_cos_f32.c:99:9
	strh.w	r0, [sp, #18]
.Ltmp5:
	.loc	3 102 7 is_stmt 1               @ ../MotorControl/arm_cos_f32.c:102:7
	ldrh.w	r0, [sp, #18]
.Ltmp6:
	.loc	3 102 7 is_stmt 0               @ ../MotorControl/arm_cos_f32.c:102:7
	cmp.w	r0, #512
	blt	.LBB0_4
	b	.LBB0_3
.LBB0_3:
	.loc	3 0 7                           @ ../MotorControl/arm_cos_f32.c:0:7
	movs	r0, #0
.Ltmp7:
	.loc	3 103 11 is_stmt 1              @ ../MotorControl/arm_cos_f32.c:103:11
	strh.w	r0, [sp, #18]
	.loc	3 104 12                        @ ../MotorControl/arm_cos_f32.c:104:12
	vldr	s0, [sp]
	vldr	s2, .LCPI0_2
	vadd.f32	s0, s0, s2
	vstr	s0, [sp]
	.loc	3 105 3                         @ ../MotorControl/arm_cos_f32.c:105:3
	b	.LBB0_4
.Ltmp8:
.LBB0_4:
	.loc	3 108 11                        @ ../MotorControl/arm_cos_f32.c:108:11
	vldr	s0, [sp]
	.loc	3 108 32 is_stmt 0              @ ../MotorControl/arm_cos_f32.c:108:32
	ldrh.w	r0, [sp, #18]
	.loc	3 108 20                        @ ../MotorControl/arm_cos_f32.c:108:20
	vmov	s2, r0
	vcvt.f32.u32	s2, s2
	.loc	3 108 18                        @ ../MotorControl/arm_cos_f32.c:108:18
	vsub.f32	s0, s0, s2
	.loc	3 108 9                         @ ../MotorControl/arm_cos_f32.c:108:9
	vstr	s0, [sp, #24]
	.loc	3 111 20 is_stmt 1              @ ../MotorControl/arm_cos_f32.c:111:20
	ldrh.w	r1, [sp, #18]
	.loc	3 111 7 is_stmt 0               @ ../MotorControl/arm_cos_f32.c:111:7
	movw	r0, :lower16:sinTable_f32
	movt	r0, :upper16:sinTable_f32
	ldr.w	r1, [r0, r1, lsl #2]
	.loc	3 111 5                         @ ../MotorControl/arm_cos_f32.c:111:5
	str	r1, [sp, #12]
	.loc	3 112 20 is_stmt 1              @ ../MotorControl/arm_cos_f32.c:112:20
	ldrh.w	r1, [sp, #18]
	.loc	3 112 7 is_stmt 0               @ ../MotorControl/arm_cos_f32.c:112:7
	add.w	r0, r0, r1, lsl #2
	ldr	r0, [r0, #4]
	.loc	3 112 5                         @ ../MotorControl/arm_cos_f32.c:112:5
	str	r0, [sp, #8]
	.loc	3 115 18 is_stmt 1              @ ../MotorControl/arm_cos_f32.c:115:18
	vldr	s2, [sp, #24]
	vmov.f32	s0, #1.000000e+00
	.loc	3 115 17 is_stmt 0              @ ../MotorControl/arm_cos_f32.c:115:17
	vsub.f32	s0, s0, s2
	.loc	3 115 25                        @ ../MotorControl/arm_cos_f32.c:115:25
	vldr	s4, [sp, #12]
	.loc	3 115 35                        @ ../MotorControl/arm_cos_f32.c:115:35
	vldr	s6, [sp, #8]
	.loc	3 115 34                        @ ../MotorControl/arm_cos_f32.c:115:34
	vmul.f32	s2, s2, s6
	.loc	3 115 27                        @ ../MotorControl/arm_cos_f32.c:115:27
	vmul.f32	s0, s0, s4
	vadd.f32	s0, s0, s2
	.loc	3 115 10                        @ ../MotorControl/arm_cos_f32.c:115:10
	vstr	s0, [sp, #28]
	.loc	3 118 11 is_stmt 1              @ ../MotorControl/arm_cos_f32.c:118:11
	vldr	s0, [sp, #28]
	.loc	3 118 3 epilogue_begin is_stmt 0 @ ../MotorControl/arm_cos_f32.c:118:3
	add	sp, #36
	bx	lr
.Ltmp9:
	.p2align	2
@ %bb.5:
	.loc	3 0 3                           @ ../MotorControl/arm_cos_f32.c:0:3
.LCPI0_0:
	.long	0x3e22f983                      @ float 0.159154937
.LCPI0_1:
	.long	0x44000000                      @ float 512
.LCPI0_2:
	.long	0xc4000000                      @ float -512
.Lfunc_end0:
	.size	our_arm_cos_f32, .Lfunc_end0-our_arm_cos_f32
	.cfi_endproc
	.cantunwind
	.fnend
                                        @ -- End function
	.section	.debug_abbrev,"",%progbits
	.byte	1                               @ Abbreviation Code
	.byte	17                              @ DW_TAG_compile_unit
	.byte	1                               @ DW_CHILDREN_yes
	.byte	37                              @ DW_AT_producer
	.byte	14                              @ DW_FORM_strp
	.byte	19                              @ DW_AT_language
	.byte	5                               @ DW_FORM_data2
	.byte	3                               @ DW_AT_name
	.byte	14                              @ DW_FORM_strp
	.byte	16                              @ DW_AT_stmt_list
	.byte	23                              @ DW_FORM_sec_offset
	.byte	27                              @ DW_AT_comp_dir
	.byte	14                              @ DW_FORM_strp
	.byte	17                              @ DW_AT_low_pc
	.byte	1                               @ DW_FORM_addr
	.byte	18                              @ DW_AT_high_pc
	.byte	6                               @ DW_FORM_data4
	.byte	0                               @ EOM(1)
	.byte	0                               @ EOM(2)
	.byte	2                               @ Abbreviation Code
	.byte	22                              @ DW_TAG_typedef
	.byte	0                               @ DW_CHILDREN_no
	.byte	73                              @ DW_AT_type
	.byte	19                              @ DW_FORM_ref4
	.byte	3                               @ DW_AT_name
	.byte	14                              @ DW_FORM_strp
	.byte	58                              @ DW_AT_decl_file
	.byte	11                              @ DW_FORM_data1
	.byte	59                              @ DW_AT_decl_line
	.byte	11                              @ DW_FORM_data1
	.byte	0                               @ EOM(1)
	.byte	0                               @ EOM(2)
	.byte	3                               @ Abbreviation Code
	.byte	36                              @ DW_TAG_base_type
	.byte	0                               @ DW_CHILDREN_no
	.byte	3                               @ DW_AT_name
	.byte	14                              @ DW_FORM_strp
	.byte	62                              @ DW_AT_encoding
	.byte	11                              @ DW_FORM_data1
	.byte	11                              @ DW_AT_byte_size
	.byte	11                              @ DW_FORM_data1
	.byte	0                               @ EOM(1)
	.byte	0                               @ EOM(2)
	.byte	4                               @ Abbreviation Code
	.byte	22                              @ DW_TAG_typedef
	.byte	0                               @ DW_CHILDREN_no
	.byte	73                              @ DW_AT_type
	.byte	19                              @ DW_FORM_ref4
	.byte	3                               @ DW_AT_name
	.byte	14                              @ DW_FORM_strp
	.byte	58                              @ DW_AT_decl_file
	.byte	11                              @ DW_FORM_data1
	.byte	59                              @ DW_AT_decl_line
	.byte	5                               @ DW_FORM_data2
	.byte	0                               @ EOM(1)
	.byte	0                               @ EOM(2)
	.byte	5                               @ Abbreviation Code
	.byte	46                              @ DW_TAG_subprogram
	.byte	1                               @ DW_CHILDREN_yes
	.byte	17                              @ DW_AT_low_pc
	.byte	1                               @ DW_FORM_addr
	.byte	18                              @ DW_AT_high_pc
	.byte	6                               @ DW_FORM_data4
	.byte	64                              @ DW_AT_frame_base
	.byte	24                              @ DW_FORM_exprloc
	.byte	3                               @ DW_AT_name
	.byte	14                              @ DW_FORM_strp
	.byte	58                              @ DW_AT_decl_file
	.byte	11                              @ DW_FORM_data1
	.byte	59                              @ DW_AT_decl_line
	.byte	11                              @ DW_FORM_data1
	.byte	39                              @ DW_AT_prototyped
	.byte	25                              @ DW_FORM_flag_present
	.byte	73                              @ DW_AT_type
	.byte	19                              @ DW_FORM_ref4
	.byte	63                              @ DW_AT_external
	.byte	25                              @ DW_FORM_flag_present
	.byte	0                               @ EOM(1)
	.byte	0                               @ EOM(2)
	.byte	6                               @ Abbreviation Code
	.byte	5                               @ DW_TAG_formal_parameter
	.byte	0                               @ DW_CHILDREN_no
	.byte	2                               @ DW_AT_location
	.byte	24                              @ DW_FORM_exprloc
	.byte	3                               @ DW_AT_name
	.byte	14                              @ DW_FORM_strp
	.byte	58                              @ DW_AT_decl_file
	.byte	11                              @ DW_FORM_data1
	.byte	59                              @ DW_AT_decl_line
	.byte	11                              @ DW_FORM_data1
	.byte	73                              @ DW_AT_type
	.byte	19                              @ DW_FORM_ref4
	.byte	0                               @ EOM(1)
	.byte	0                               @ EOM(2)
	.byte	7                               @ Abbreviation Code
	.byte	52                              @ DW_TAG_variable
	.byte	0                               @ DW_CHILDREN_no
	.byte	2                               @ DW_AT_location
	.byte	24                              @ DW_FORM_exprloc
	.byte	3                               @ DW_AT_name
	.byte	14                              @ DW_FORM_strp
	.byte	58                              @ DW_AT_decl_file
	.byte	11                              @ DW_FORM_data1
	.byte	59                              @ DW_AT_decl_line
	.byte	11                              @ DW_FORM_data1
	.byte	73                              @ DW_AT_type
	.byte	19                              @ DW_FORM_ref4
	.byte	0                               @ EOM(1)
	.byte	0                               @ EOM(2)
	.byte	0                               @ EOM(3)
	.section	.debug_info,"",%progbits
.Lcu_begin0:
	.long	.Ldebug_info_end0-.Ldebug_info_start0 @ Length of Unit
.Ldebug_info_start0:
	.short	4                               @ DWARF version number
	.long	.debug_abbrev                   @ Offset Into Abbrev. Section
	.byte	4                               @ Address Size (in bytes)
	.byte	1                               @ Abbrev [1] 0xb:0xe7 DW_TAG_compile_unit
	.long	.Linfo_string0                  @ DW_AT_producer
	.short	12                              @ DW_AT_language
	.long	.Linfo_string1                  @ DW_AT_name
	.long	.Lline_table_start0             @ DW_AT_stmt_list
	.long	.Linfo_string2                  @ DW_AT_comp_dir
	.long	.Lfunc_begin0                   @ DW_AT_low_pc
	.long	.Lfunc_end0-.Lfunc_begin0       @ DW_AT_high_pc
	.byte	2                               @ Abbrev [2] 0x26:0xb DW_TAG_typedef
	.long	49                              @ DW_AT_type
	.long	.Linfo_string4                  @ DW_AT_name
	.byte	1                               @ DW_AT_decl_file
	.byte	58                              @ DW_AT_decl_line
	.byte	3                               @ Abbrev [3] 0x31:0x7 DW_TAG_base_type
	.long	.Linfo_string3                  @ DW_AT_name
	.byte	5                               @ DW_AT_encoding
	.byte	4                               @ DW_AT_byte_size
	.byte	4                               @ Abbrev [4] 0x38:0xc DW_TAG_typedef
	.long	68                              @ DW_AT_type
	.long	.Linfo_string6                  @ DW_AT_name
	.byte	2                               @ DW_AT_decl_file
	.short	433                             @ DW_AT_decl_line
	.byte	3                               @ Abbrev [3] 0x44:0x7 DW_TAG_base_type
	.long	.Linfo_string5                  @ DW_AT_name
	.byte	4                               @ DW_AT_encoding
	.byte	4                               @ DW_AT_byte_size
	.byte	2                               @ Abbrev [2] 0x4b:0xb DW_TAG_typedef
	.long	86                              @ DW_AT_type
	.long	.Linfo_string8                  @ DW_AT_name
	.byte	1                               @ DW_AT_decl_file
	.byte	63                              @ DW_AT_decl_line
	.byte	3                               @ Abbrev [3] 0x56:0x7 DW_TAG_base_type
	.long	.Linfo_string7                  @ DW_AT_name
	.byte	7                               @ DW_AT_encoding
	.byte	2                               @ DW_AT_byte_size
	.byte	5                               @ Abbrev [5] 0x5d:0x94 DW_TAG_subprogram
	.long	.Lfunc_begin0                   @ DW_AT_low_pc
	.long	.Lfunc_end0-.Lfunc_begin0       @ DW_AT_high_pc
	.byte	1                               @ DW_AT_frame_base
	.byte	93
	.long	.Linfo_string9                  @ DW_AT_name
	.byte	3                               @ DW_AT_decl_file
	.byte	72                              @ DW_AT_decl_line
                                        @ DW_AT_prototyped
	.long	56                              @ DW_AT_type
                                        @ DW_AT_external
	.byte	6                               @ Abbrev [6] 0x72:0xe DW_TAG_formal_parameter
	.byte	2                               @ DW_AT_location
	.byte	145
	.byte	32
	.long	.Linfo_string10                 @ DW_AT_name
	.byte	3                               @ DW_AT_decl_file
	.byte	73                              @ DW_AT_decl_line
	.long	56                              @ DW_AT_type
	.byte	7                               @ Abbrev [7] 0x80:0xe DW_TAG_variable
	.byte	2                               @ DW_AT_location
	.byte	145
	.byte	28
	.long	.Linfo_string11                 @ DW_AT_name
	.byte	3                               @ DW_AT_decl_file
	.byte	75                              @ DW_AT_decl_line
	.long	56                              @ DW_AT_type
	.byte	7                               @ Abbrev [7] 0x8e:0xe DW_TAG_variable
	.byte	2                               @ DW_AT_location
	.byte	145
	.byte	24
	.long	.Linfo_string12                 @ DW_AT_name
	.byte	3                               @ DW_AT_decl_file
	.byte	75                              @ DW_AT_decl_line
	.long	56                              @ DW_AT_type
	.byte	7                               @ Abbrev [7] 0x9c:0xe DW_TAG_variable
	.byte	2                               @ DW_AT_location
	.byte	145
	.byte	20
	.long	.Linfo_string13                 @ DW_AT_name
	.byte	3                               @ DW_AT_decl_file
	.byte	75                              @ DW_AT_decl_line
	.long	56                              @ DW_AT_type
	.byte	7                               @ Abbrev [7] 0xaa:0xe DW_TAG_variable
	.byte	2                               @ DW_AT_location
	.byte	145
	.byte	18
	.long	.Linfo_string14                 @ DW_AT_name
	.byte	3                               @ DW_AT_decl_file
	.byte	76                              @ DW_AT_decl_line
	.long	75                              @ DW_AT_type
	.byte	7                               @ Abbrev [7] 0xb8:0xe DW_TAG_variable
	.byte	2                               @ DW_AT_location
	.byte	145
	.byte	12
	.long	.Linfo_string15                 @ DW_AT_name
	.byte	3                               @ DW_AT_decl_file
	.byte	77                              @ DW_AT_decl_line
	.long	56                              @ DW_AT_type
	.byte	7                               @ Abbrev [7] 0xc6:0xe DW_TAG_variable
	.byte	2                               @ DW_AT_location
	.byte	145
	.byte	8
	.long	.Linfo_string16                 @ DW_AT_name
	.byte	3                               @ DW_AT_decl_file
	.byte	77                              @ DW_AT_decl_line
	.long	56                              @ DW_AT_type
	.byte	7                               @ Abbrev [7] 0xd4:0xe DW_TAG_variable
	.byte	2                               @ DW_AT_location
	.byte	145
	.byte	4
	.long	.Linfo_string17                 @ DW_AT_name
	.byte	3                               @ DW_AT_decl_file
	.byte	78                              @ DW_AT_decl_line
	.long	38                              @ DW_AT_type
	.byte	7                               @ Abbrev [7] 0xe2:0xe DW_TAG_variable
	.byte	2                               @ DW_AT_location
	.byte	145
	.byte	0
	.long	.Linfo_string18                 @ DW_AT_name
	.byte	3                               @ DW_AT_decl_file
	.byte	79                              @ DW_AT_decl_line
	.long	56                              @ DW_AT_type
	.byte	0                               @ End Of Children Mark
	.byte	0                               @ End Of Children Mark
.Ldebug_info_end0:
	.section	.debug_str,"MS",%progbits,1
.Linfo_string0:
	.asciz	"Component: Arm Compiler for Embedded 6.21 Tool: armclang [5ec1fd00]" @ string offset=0
.Linfo_string1:
	.asciz	"../MotorControl\\arm_cos_f32.c" @ string offset=68
.Linfo_string2:
	.asciz	"D:\\ikingtec\\Robot\\ODrive\\Firmware\\MDK-ARM" @ string offset=98
.Linfo_string3:
	.asciz	"int"                           @ string offset=140
.Linfo_string4:
	.asciz	"int32_t"                       @ string offset=144
.Linfo_string5:
	.asciz	"float"                         @ string offset=152
.Linfo_string6:
	.asciz	"float32_t"                     @ string offset=158
.Linfo_string7:
	.asciz	"unsigned short"                @ string offset=168
.Linfo_string8:
	.asciz	"uint16_t"                      @ string offset=183
.Linfo_string9:
	.asciz	"our_arm_cos_f32"               @ string offset=192
.Linfo_string10:
	.asciz	"x"                             @ string offset=208
.Linfo_string11:
	.asciz	"cosVal"                        @ string offset=210
.Linfo_string12:
	.asciz	"fract"                         @ string offset=217
.Linfo_string13:
	.asciz	"in"                            @ string offset=223
.Linfo_string14:
	.asciz	"index"                         @ string offset=226
.Linfo_string15:
	.asciz	"a"                             @ string offset=232
.Linfo_string16:
	.asciz	"b"                             @ string offset=234
.Linfo_string17:
	.asciz	"n"                             @ string offset=236
.Linfo_string18:
	.asciz	"findex"                        @ string offset=238
	.ident	"Component: Arm Compiler for Embedded 6.21 Tool: armclang [5ec1fd00]"
	.section	".note.GNU-stack","",%progbits
	.eabi_attribute	30, 6	@ Tag_ABI_optimization_goals
	.ARM_attribute	16, 1	@ Tag_AV_eba
	.section	.debug_line,"",%progbits
.Lline_table_start0:
