	.text
	.syntax unified
	.eabi_attribute	67, "2.09"	@ Tag_conformance
	.cpu	cortex-m4
	.eabi_attribute	6, 13	@ Tag_CPU_arch
	.eabi_attribute	7, 77	@ Tag_CPU_arch_profile
	.eabi_attribute	8, 0	@ Tag_ARM_ISA_use
	.eabi_attribute	9, 2	@ Tag_THUMB_ISA_use
	.fpu	fpv4-sp-d16
	.eabi_attribute	27, 1	@ Tag_ABI_HardFP_use
	.eabi_attribute	36, 1	@ Tag_FP_HP_extension
	.eabi_attribute	34, 1	@ Tag_CPU_unaligned_access
	.eabi_attribute	17, 1	@ Tag_ABI_PCS_GOT_use
	.eabi_attribute	20, 2	@ Tag_ABI_FP_denormal
	.eabi_attribute	21, 0	@ Tag_ABI_FP_exceptions
	.eabi_attribute	23, 1	@ Tag_ABI_FP_number_model
	.eabi_attribute	24, 1	@ Tag_ABI_align_needed
	.eabi_attribute	25, 1	@ Tag_ABI_align_preserved
	.eabi_attribute	28, 1	@ Tag_ABI_VFP_args
	.eabi_attribute	38, 1	@ Tag_ABI_FP_16bit_format
	.eabi_attribute	18, 2	@ Tag_ABI_PCS_wchar_t
	.eabi_attribute	26, 1	@ Tag_ABI_enum_size
	.eabi_attribute	14, 0	@ Tag_ABI_PCS_R9_use
	.file	"heap_4.c"
	.file	1 "D:\\Embed\\MDK\\MDK\\ARM\\ARMCompilerV621\\Bin\\..\\include" "stdlib.h"
	.file	2 "D:\\ikingtec\\Robot\\ODrive\\Firmware\\MDK-ARM" "../ThirdParty/FreeRTOS/Source/portable/MemMang/heap_4.c"
	.file	3 "D:\\Embed\\MDK\\MDK\\ARM\\ARMCompilerV621\\Bin\\..\\include" "stdint.h"
	.section	.text.pvPortMalloc,"ax",%progbits
	.hidden	pvPortMalloc                    @ -- Begin function pvPortMalloc
	.globl	pvPortMalloc
	.p2align	2
	.type	pvPortMalloc,%function
	.code	16                              @ @pvPortMalloc
	.thumb_func
pvPortMalloc:
.Lfunc_begin0:
	.loc	2 114 0                         @ ../ThirdParty/FreeRTOS/Source/portable/MemMang/heap_4.c:114:0
	.fnstart
	.cfi_sections .debug_frame
	.cfi_startproc
@ %bb.0:
	.save	{r7, lr}
	push	{r7, lr}
	.cfi_def_cfa_offset 8
	.cfi_offset lr, -4
	.cfi_offset r7, -8
	.pad	#40
	sub	sp, #40
	.cfi_def_cfa_offset 48
	str	r0, [sp, #24]
	movs	r0, #0
.Ltmp0:
	.loc	2 116 7 prologue_end            @ ../ThirdParty/FreeRTOS/Source/portable/MemMang/heap_4.c:116:7
	str	r0, [sp, #8]
	.loc	2 118 2                         @ ../ThirdParty/FreeRTOS/Source/portable/MemMang/heap_4.c:118:2
	bl	vTaskSuspendAll
.Ltmp1:
	.loc	2 122 7                         @ ../ThirdParty/FreeRTOS/Source/portable/MemMang/heap_4.c:122:7
	movw	r0, :lower16:pxEnd
	movt	r0, :upper16:pxEnd
	ldr	r0, [r0]
.Ltmp2:
	.loc	2 122 7 is_stmt 0               @ ../ThirdParty/FreeRTOS/Source/portable/MemMang/heap_4.c:122:7
	cbnz	r0, .LBB0_2
	b	.LBB0_1
.LBB0_1:
.Ltmp3:
	.loc	2 124 4 is_stmt 1               @ ../ThirdParty/FreeRTOS/Source/portable/MemMang/heap_4.c:124:4
	bl	prvHeapInit
	.loc	2 125 3                         @ ../ThirdParty/FreeRTOS/Source/portable/MemMang/heap_4.c:125:3
	b	.LBB0_3
.Ltmp4:
.LBB0_2:
	.loc	2 0 3 is_stmt 0                 @ ../ThirdParty/FreeRTOS/Source/portable/MemMang/heap_4.c:0:3
	b	.LBB0_3
.LBB0_3:
.Ltmp5:
	.loc	2 135 9 is_stmt 1               @ ../ThirdParty/FreeRTOS/Source/portable/MemMang/heap_4.c:135:9
	ldr	r0, [sp, #24]
	.loc	2 135 23 is_stmt 0              @ ../ThirdParty/FreeRTOS/Source/portable/MemMang/heap_4.c:135:23
	movw	r1, :lower16:xBlockAllocatedBit
	movt	r1, :upper16:xBlockAllocatedBit
	ldr	r1, [r1]
.Ltmp6:
	.loc	2 135 7                         @ ../ThirdParty/FreeRTOS/Source/portable/MemMang/heap_4.c:135:7
	tst	r0, r1
	bne.w	.LBB0_35
	b	.LBB0_4
.LBB0_4:
.Ltmp7:
	.loc	2 139 8 is_stmt 1               @ ../ThirdParty/FreeRTOS/Source/portable/MemMang/heap_4.c:139:8
	ldr	r0, [sp, #24]
.Ltmp8:
	.loc	2 139 8 is_stmt 0               @ ../ThirdParty/FreeRTOS/Source/portable/MemMang/heap_4.c:139:8
	cbz	r0, .LBB0_12
	b	.LBB0_5
.LBB0_5:
.Ltmp9:
	.loc	2 141 17 is_stmt 1              @ ../ThirdParty/FreeRTOS/Source/portable/MemMang/heap_4.c:141:17
	ldr	r0, [sp, #24]
	adds	r0, #8
	str	r0, [sp, #24]
	.loc	2 145 9                         @ ../ThirdParty/FreeRTOS/Source/portable/MemMang/heap_4.c:145:9
	ldrb.w	r0, [sp, #24]
	lsls	r0, r0, #29
	cbz	r0, .LBB0_10
	b	.LBB0_6
.LBB0_6:
.Ltmp10:
	.loc	2 148 46                        @ ../ThirdParty/FreeRTOS/Source/portable/MemMang/heap_4.c:148:46
	ldr	r0, [sp, #24]
	.loc	2 148 18 is_stmt 0              @ ../ThirdParty/FreeRTOS/Source/portable/MemMang/heap_4.c:148:18
	bic	r0, r0, #7
	adds	r0, #8
	str	r0, [sp, #24]
.Ltmp11:
	.loc	2 149 6 is_stmt 1               @ ../ThirdParty/FreeRTOS/Source/portable/MemMang/heap_4.c:149:6
	ldrb.w	r0, [sp, #24]
.Ltmp12:
	.loc	2 149 6 is_stmt 0               @ ../ThirdParty/FreeRTOS/Source/portable/MemMang/heap_4.c:149:6
	lsls	r0, r0, #29
	cbz	r0, .LBB0_9
	b	.LBB0_7
.LBB0_7:
.Ltmp13:
	.file	4 "D:\\ikingtec\\Robot\\ODrive\\Firmware\\MDK-ARM" "../ThirdParty/FreeRTOS/Source/portable/GCC/ARM_CM4F\\portmacro.h"
	.loc	4 199 2 is_stmt 1               @ ../ThirdParty/FreeRTOS/Source/portable/GCC/ARM_CM4F\portmacro.h:199:2
	@APP
	mov.w	r0, #80
	msr	basepri, r0
	isb	sy
	dsb	sy

	@NO_APP
	str	r0, [sp, #36]
.Ltmp14:
	.loc	2 149 6                         @ ../ThirdParty/FreeRTOS/Source/portable/MemMang/heap_4.c:149:6
	b	.LBB0_8
.LBB0_8:                                @ =>This Inner Loop Header: Depth=1
.Ltmp15:
	.loc	2 149 6 is_stmt 0               @ ../ThirdParty/FreeRTOS/Source/portable/MemMang/heap_4.c:149:6
	b	.LBB0_8
.Ltmp16:
.LBB0_9:
	.loc	2 150 5 is_stmt 1               @ ../ThirdParty/FreeRTOS/Source/portable/MemMang/heap_4.c:150:5
	b	.LBB0_11
.Ltmp17:
.LBB0_10:
	.loc	2 0 5 is_stmt 0                 @ ../ThirdParty/FreeRTOS/Source/portable/MemMang/heap_4.c:0:5
	b	.LBB0_11
.LBB0_11:
	.loc	2 155 4 is_stmt 1               @ ../ThirdParty/FreeRTOS/Source/portable/MemMang/heap_4.c:155:4
	b	.LBB0_13
.Ltmp18:
.LBB0_12:
	.loc	2 0 4 is_stmt 0                 @ ../ThirdParty/FreeRTOS/Source/portable/MemMang/heap_4.c:0:4
	b	.LBB0_13
.LBB0_13:
.Ltmp19:
	.loc	2 161 10 is_stmt 1              @ ../ThirdParty/FreeRTOS/Source/portable/MemMang/heap_4.c:161:10
	ldr	r0, [sp, #24]
	.loc	2 161 28 is_stmt 0              @ ../ThirdParty/FreeRTOS/Source/portable/MemMang/heap_4.c:161:28
	cmp	r0, #0
	beq.w	.LBB0_33
	b	.LBB0_14
.LBB0_14:
	.loc	2 161 33                        @ ../ThirdParty/FreeRTOS/Source/portable/MemMang/heap_4.c:161:33
	ldr	r0, [sp, #24]
	.loc	2 161 48                        @ ../ThirdParty/FreeRTOS/Source/portable/MemMang/heap_4.c:161:48
	movw	r1, :lower16:xFreeBytesRemaining
	movt	r1, :upper16:xFreeBytesRemaining
	ldr	r1, [r1]
.Ltmp20:
	.loc	2 161 8                         @ ../ThirdParty/FreeRTOS/Source/portable/MemMang/heap_4.c:161:8
	cmp	r0, r1
	bhi.w	.LBB0_33
	b	.LBB0_15
.LBB0_15:
.Ltmp21:
	.loc	2 165 21 is_stmt 1              @ ../ThirdParty/FreeRTOS/Source/portable/MemMang/heap_4.c:165:21
	movw	r0, :lower16:xStart
	movt	r0, :upper16:xStart
	str	r0, [sp, #16]
	.loc	2 166 22                        @ ../ThirdParty/FreeRTOS/Source/portable/MemMang/heap_4.c:166:22
	ldr	r0, [r0]
	.loc	2 166 13 is_stmt 0              @ ../ThirdParty/FreeRTOS/Source/portable/MemMang/heap_4.c:166:13
	str	r0, [sp, #20]
	.loc	2 167 5 is_stmt 1               @ ../ThirdParty/FreeRTOS/Source/portable/MemMang/heap_4.c:167:5
	b	.LBB0_16
.LBB0_16:                               @ =>This Inner Loop Header: Depth=1
	.loc	2 167 14 is_stmt 0              @ ../ThirdParty/FreeRTOS/Source/portable/MemMang/heap_4.c:167:14
	ldr	r0, [sp, #20]
	.loc	2 167 23                        @ ../ThirdParty/FreeRTOS/Source/portable/MemMang/heap_4.c:167:23
	ldr	r1, [r0, #4]
	.loc	2 167 36                        @ ../ThirdParty/FreeRTOS/Source/portable/MemMang/heap_4.c:167:36
	ldr	r2, [sp, #24]
	movs	r0, #0
	.loc	2 167 50                        @ ../ThirdParty/FreeRTOS/Source/portable/MemMang/heap_4.c:167:50
	cmp	r1, r2
	str	r0, [sp, #4]                    @ 4-byte Spill
	bhs	.LBB0_18
	b	.LBB0_17
.LBB0_17:                               @   in Loop: Header=BB0_16 Depth=1
	.loc	2 167 55                        @ ../ThirdParty/FreeRTOS/Source/portable/MemMang/heap_4.c:167:55
	ldr	r0, [sp, #20]
	.loc	2 167 64                        @ ../ThirdParty/FreeRTOS/Source/portable/MemMang/heap_4.c:167:64
	ldr	r0, [r0]
	.loc	2 167 80                        @ ../ThirdParty/FreeRTOS/Source/portable/MemMang/heap_4.c:167:80
	cmp	r0, #0
	it	ne
	movne	r0, #1
	str	r0, [sp, #4]                    @ 4-byte Spill
	b	.LBB0_18
.LBB0_18:                               @   in Loop: Header=BB0_16 Depth=1
	.loc	2 0 0                           @ ../ThirdParty/FreeRTOS/Source/portable/MemMang/heap_4.c:0:0
	ldr	r0, [sp, #4]                    @ 4-byte Reload
	.loc	2 167 5                         @ ../ThirdParty/FreeRTOS/Source/portable/MemMang/heap_4.c:167:5
	lsls	r0, r0, #31
	cbz	r0, .LBB0_20
	b	.LBB0_19
.LBB0_19:                               @   in Loop: Header=BB0_16 Depth=1
.Ltmp22:
	.loc	2 169 24 is_stmt 1              @ ../ThirdParty/FreeRTOS/Source/portable/MemMang/heap_4.c:169:24
	ldr	r0, [sp, #20]
	.loc	2 169 22 is_stmt 0              @ ../ThirdParty/FreeRTOS/Source/portable/MemMang/heap_4.c:169:22
	str	r0, [sp, #16]
	.loc	2 170 16 is_stmt 1              @ ../ThirdParty/FreeRTOS/Source/portable/MemMang/heap_4.c:170:16
	ldr	r0, [sp, #20]
	.loc	2 170 25 is_stmt 0              @ ../ThirdParty/FreeRTOS/Source/portable/MemMang/heap_4.c:170:25
	ldr	r0, [r0]
	.loc	2 170 14                        @ ../ThirdParty/FreeRTOS/Source/portable/MemMang/heap_4.c:170:14
	str	r0, [sp, #20]
.Ltmp23:
	.loc	2 167 5 is_stmt 1               @ ../ThirdParty/FreeRTOS/Source/portable/MemMang/heap_4.c:167:5
	b	.LBB0_16
.LBB0_20:
.Ltmp24:
	.loc	2 175 9                         @ ../ThirdParty/FreeRTOS/Source/portable/MemMang/heap_4.c:175:9
	ldr	r0, [sp, #20]
	.loc	2 175 20 is_stmt 0              @ ../ThirdParty/FreeRTOS/Source/portable/MemMang/heap_4.c:175:20
	movw	r1, :lower16:pxEnd
	movt	r1, :upper16:pxEnd
	ldr	r1, [r1]
.Ltmp25:
	.loc	2 175 9                         @ ../ThirdParty/FreeRTOS/Source/portable/MemMang/heap_4.c:175:9
	cmp	r0, r1
	beq	.LBB0_31
	b	.LBB0_21
.LBB0_21:
.Ltmp26:
	.loc	2 179 46 is_stmt 1              @ ../ThirdParty/FreeRTOS/Source/portable/MemMang/heap_4.c:179:46
	ldr	r0, [sp, #16]
	.loc	2 179 63 is_stmt 0              @ ../ThirdParty/FreeRTOS/Source/portable/MemMang/heap_4.c:179:63
	ldr	r0, [r0]
	.loc	2 179 81                        @ ../ThirdParty/FreeRTOS/Source/portable/MemMang/heap_4.c:179:81
	adds	r0, #8
	.loc	2 179 15                        @ ../ThirdParty/FreeRTOS/Source/portable/MemMang/heap_4.c:179:15
	str	r0, [sp, #8]
	.loc	2 183 41 is_stmt 1              @ ../ThirdParty/FreeRTOS/Source/portable/MemMang/heap_4.c:183:41
	ldr	r0, [sp, #20]
	.loc	2 183 50 is_stmt 0              @ ../ThirdParty/FreeRTOS/Source/portable/MemMang/heap_4.c:183:50
	ldr	r0, [r0]
	.loc	2 183 6                         @ ../ThirdParty/FreeRTOS/Source/portable/MemMang/heap_4.c:183:6
	ldr	r1, [sp, #16]
	.loc	2 183 39                        @ ../ThirdParty/FreeRTOS/Source/portable/MemMang/heap_4.c:183:39
	str	r0, [r1]
.Ltmp27:
	.loc	2 187 12 is_stmt 1              @ ../ThirdParty/FreeRTOS/Source/portable/MemMang/heap_4.c:187:12
	ldr	r0, [sp, #20]
	.loc	2 187 21 is_stmt 0              @ ../ThirdParty/FreeRTOS/Source/portable/MemMang/heap_4.c:187:21
	ldr	r0, [r0, #4]
	.loc	2 187 34                        @ ../ThirdParty/FreeRTOS/Source/portable/MemMang/heap_4.c:187:34
	ldr	r1, [sp, #24]
	.loc	2 187 32                        @ ../ThirdParty/FreeRTOS/Source/portable/MemMang/heap_4.c:187:32
	subs	r0, r0, r1
.Ltmp28:
	.loc	2 187 10                        @ ../ThirdParty/FreeRTOS/Source/portable/MemMang/heap_4.c:187:10
	cmp	r0, #17
	blo	.LBB0_26
	b	.LBB0_22
.LBB0_22:
.Ltmp29:
	.loc	2 193 53 is_stmt 1              @ ../ThirdParty/FreeRTOS/Source/portable/MemMang/heap_4.c:193:53
	ldr	r0, [sp, #20]
	.loc	2 193 65 is_stmt 0              @ ../ThirdParty/FreeRTOS/Source/portable/MemMang/heap_4.c:193:65
	ldr	r1, [sp, #24]
	.loc	2 193 63                        @ ../ThirdParty/FreeRTOS/Source/portable/MemMang/heap_4.c:193:63
	add	r0, r1
	.loc	2 193 22                        @ ../ThirdParty/FreeRTOS/Source/portable/MemMang/heap_4.c:193:22
	str	r0, [sp, #12]
.Ltmp30:
	.loc	2 194 7 is_stmt 1               @ ../ThirdParty/FreeRTOS/Source/portable/MemMang/heap_4.c:194:7
	ldrb.w	r0, [sp, #12]
.Ltmp31:
	.loc	2 194 7 is_stmt 0               @ ../ThirdParty/FreeRTOS/Source/portable/MemMang/heap_4.c:194:7
	lsls	r0, r0, #29
	cbz	r0, .LBB0_25
	b	.LBB0_23
.LBB0_23:
.Ltmp32:
	.loc	4 199 2 is_stmt 1               @ ../ThirdParty/FreeRTOS/Source/portable/GCC/ARM_CM4F\portmacro.h:199:2
	@APP
	mov.w	r0, #80
	msr	basepri, r0
	isb	sy
	dsb	sy

	@NO_APP
	str	r0, [sp, #32]
.Ltmp33:
	.loc	2 194 7                         @ ../ThirdParty/FreeRTOS/Source/portable/MemMang/heap_4.c:194:7
	b	.LBB0_24
.LBB0_24:                               @ =>This Inner Loop Header: Depth=1
.Ltmp34:
	.loc	2 194 7 is_stmt 0               @ ../ThirdParty/FreeRTOS/Source/portable/MemMang/heap_4.c:194:7
	b	.LBB0_24
.Ltmp35:
.LBB0_25:
	.loc	2 198 36 is_stmt 1              @ ../ThirdParty/FreeRTOS/Source/portable/MemMang/heap_4.c:198:36
	ldr	r0, [sp, #20]
	.loc	2 198 45 is_stmt 0              @ ../ThirdParty/FreeRTOS/Source/portable/MemMang/heap_4.c:198:45
	ldr	r0, [r0, #4]
	.loc	2 198 58                        @ ../ThirdParty/FreeRTOS/Source/portable/MemMang/heap_4.c:198:58
	ldr	r1, [sp, #24]
	.loc	2 198 56                        @ ../ThirdParty/FreeRTOS/Source/portable/MemMang/heap_4.c:198:56
	subs	r0, r0, r1
	.loc	2 198 7                         @ ../ThirdParty/FreeRTOS/Source/portable/MemMang/heap_4.c:198:7
	ldr	r1, [sp, #12]
	.loc	2 198 34                        @ ../ThirdParty/FreeRTOS/Source/portable/MemMang/heap_4.c:198:34
	str	r0, [r1, #4]
	.loc	2 199 29 is_stmt 1              @ ../ThirdParty/FreeRTOS/Source/portable/MemMang/heap_4.c:199:29
	ldr	r0, [sp, #24]
	.loc	2 199 7 is_stmt 0               @ ../ThirdParty/FreeRTOS/Source/portable/MemMang/heap_4.c:199:7
	ldr	r1, [sp, #20]
	.loc	2 199 27                        @ ../ThirdParty/FreeRTOS/Source/portable/MemMang/heap_4.c:199:27
	str	r0, [r1, #4]
	.loc	2 202 35 is_stmt 1              @ ../ThirdParty/FreeRTOS/Source/portable/MemMang/heap_4.c:202:35
	ldr	r0, [sp, #12]
	.loc	2 202 7 is_stmt 0               @ ../ThirdParty/FreeRTOS/Source/portable/MemMang/heap_4.c:202:7
	bl	prvInsertBlockIntoFreeList
	.loc	2 203 6 is_stmt 1               @ ../ThirdParty/FreeRTOS/Source/portable/MemMang/heap_4.c:203:6
	b	.LBB0_27
.Ltmp36:
.LBB0_26:
	.loc	2 0 6 is_stmt 0                 @ ../ThirdParty/FreeRTOS/Source/portable/MemMang/heap_4.c:0:6
	b	.LBB0_27
.LBB0_27:
	.loc	2 209 29 is_stmt 1              @ ../ThirdParty/FreeRTOS/Source/portable/MemMang/heap_4.c:209:29
	ldr	r0, [sp, #20]
	.loc	2 209 38 is_stmt 0              @ ../ThirdParty/FreeRTOS/Source/portable/MemMang/heap_4.c:209:38
	ldr	r2, [r0, #4]
	.loc	2 209 26                        @ ../ThirdParty/FreeRTOS/Source/portable/MemMang/heap_4.c:209:26
	movw	r0, :lower16:xFreeBytesRemaining
	movt	r0, :upper16:xFreeBytesRemaining
	ldr	r1, [r0]
	subs	r1, r1, r2
	str	r1, [r0]
.Ltmp37:
	.loc	2 211 10 is_stmt 1              @ ../ThirdParty/FreeRTOS/Source/portable/MemMang/heap_4.c:211:10
	ldr	r0, [r0]
	.loc	2 211 32 is_stmt 0              @ ../ThirdParty/FreeRTOS/Source/portable/MemMang/heap_4.c:211:32
	movw	r1, :lower16:xMinimumEverFreeBytesRemaining
	movt	r1, :upper16:xMinimumEverFreeBytesRemaining
	ldr	r1, [r1]
.Ltmp38:
	.loc	2 211 10                        @ ../ThirdParty/FreeRTOS/Source/portable/MemMang/heap_4.c:211:10
	cmp	r0, r1
	bhs	.LBB0_29
	b	.LBB0_28
.LBB0_28:
.Ltmp39:
	.loc	2 213 40 is_stmt 1              @ ../ThirdParty/FreeRTOS/Source/portable/MemMang/heap_4.c:213:40
	movw	r0, :lower16:xFreeBytesRemaining
	movt	r0, :upper16:xFreeBytesRemaining
	ldr	r0, [r0]
	.loc	2 213 38 is_stmt 0              @ ../ThirdParty/FreeRTOS/Source/portable/MemMang/heap_4.c:213:38
	movw	r1, :lower16:xMinimumEverFreeBytesRemaining
	movt	r1, :upper16:xMinimumEverFreeBytesRemaining
	str	r0, [r1]
	.loc	2 214 6 is_stmt 1               @ ../ThirdParty/FreeRTOS/Source/portable/MemMang/heap_4.c:214:6
	b	.LBB0_30
.Ltmp40:
.LBB0_29:
	.loc	2 0 6 is_stmt 0                 @ ../ThirdParty/FreeRTOS/Source/portable/MemMang/heap_4.c:0:6
	b	.LBB0_30
.LBB0_30:
	.loc	2 222 29 is_stmt 1              @ ../ThirdParty/FreeRTOS/Source/portable/MemMang/heap_4.c:222:29
	movw	r0, :lower16:xBlockAllocatedBit
	movt	r0, :upper16:xBlockAllocatedBit
	ldr	r2, [r0]
	.loc	2 222 6 is_stmt 0               @ ../ThirdParty/FreeRTOS/Source/portable/MemMang/heap_4.c:222:6
	ldr	r1, [sp, #20]
	.loc	2 222 26                        @ ../ThirdParty/FreeRTOS/Source/portable/MemMang/heap_4.c:222:26
	ldr	r0, [r1, #4]
	orrs	r0, r2
	str	r0, [r1, #4]
	.loc	2 223 6 is_stmt 1               @ ../ThirdParty/FreeRTOS/Source/portable/MemMang/heap_4.c:223:6
	ldr	r1, [sp, #20]
	movs	r0, #0
	.loc	2 223 31 is_stmt 0              @ ../ThirdParty/FreeRTOS/Source/portable/MemMang/heap_4.c:223:31
	str	r0, [r1]
	.loc	2 224 5 is_stmt 1               @ ../ThirdParty/FreeRTOS/Source/portable/MemMang/heap_4.c:224:5
	b	.LBB0_32
.Ltmp41:
.LBB0_31:
	.loc	2 0 5 is_stmt 0                 @ ../ThirdParty/FreeRTOS/Source/portable/MemMang/heap_4.c:0:5
	b	.LBB0_32
.LBB0_32:
	.loc	2 229 4 is_stmt 1               @ ../ThirdParty/FreeRTOS/Source/portable/MemMang/heap_4.c:229:4
	b	.LBB0_34
.Ltmp42:
.LBB0_33:
	.loc	2 0 4 is_stmt 0                 @ ../ThirdParty/FreeRTOS/Source/portable/MemMang/heap_4.c:0:4
	b	.LBB0_34
.LBB0_34:
	.loc	2 234 3 is_stmt 1               @ ../ThirdParty/FreeRTOS/Source/portable/MemMang/heap_4.c:234:3
	b	.LBB0_36
.Ltmp43:
.LBB0_35:
	.loc	2 0 3 is_stmt 0                 @ ../ThirdParty/FreeRTOS/Source/portable/MemMang/heap_4.c:0:3
	b	.LBB0_36
.LBB0_36:
	.loc	2 242 11 is_stmt 1              @ ../ThirdParty/FreeRTOS/Source/portable/MemMang/heap_4.c:242:11
	bl	xTaskResumeAll
.Ltmp44:
	.loc	2 258 2                         @ ../ThirdParty/FreeRTOS/Source/portable/MemMang/heap_4.c:258:2
	ldrb.w	r0, [sp, #8]
.Ltmp45:
	.loc	2 258 2 is_stmt 0               @ ../ThirdParty/FreeRTOS/Source/portable/MemMang/heap_4.c:258:2
	lsls	r0, r0, #29
	cbz	r0, .LBB0_39
	b	.LBB0_37
.LBB0_37:
.Ltmp46:
	.loc	4 199 2 is_stmt 1               @ ../ThirdParty/FreeRTOS/Source/portable/GCC/ARM_CM4F\portmacro.h:199:2
	@APP
	mov.w	r0, #80
	msr	basepri, r0
	isb	sy
	dsb	sy

	@NO_APP
	str	r0, [sp, #28]
.Ltmp47:
	.loc	2 258 2                         @ ../ThirdParty/FreeRTOS/Source/portable/MemMang/heap_4.c:258:2
	b	.LBB0_38
.LBB0_38:                               @ =>This Inner Loop Header: Depth=1
.Ltmp48:
	.loc	2 258 2 is_stmt 0               @ ../ThirdParty/FreeRTOS/Source/portable/MemMang/heap_4.c:258:2
	b	.LBB0_38
.Ltmp49:
.LBB0_39:
	.loc	2 259 9 is_stmt 1               @ ../ThirdParty/FreeRTOS/Source/portable/MemMang/heap_4.c:259:9
	ldr	r0, [sp, #8]
	.loc	2 259 2 epilogue_begin is_stmt 0 @ ../ThirdParty/FreeRTOS/Source/portable/MemMang/heap_4.c:259:2
	add	sp, #40
	pop	{r7, pc}
.Ltmp50:
.Lfunc_end0:
	.size	pvPortMalloc, .Lfunc_end0-pvPortMalloc
	.cfi_endproc
	.cantunwind
	.fnend
                                        @ -- End function
	.section	.text.prvHeapInit,"ax",%progbits
	.p2align	2                               @ -- Begin function prvHeapInit
	.type	prvHeapInit,%function
	.code	16                              @ @prvHeapInit
	.thumb_func
prvHeapInit:
.Lfunc_begin1:
	.loc	2 330 0 is_stmt 1               @ ../ThirdParty/FreeRTOS/Source/portable/MemMang/heap_4.c:330:0
	.fnstart
	.cfi_startproc
@ %bb.0:
	.pad	#16
	sub	sp, #16
	.cfi_def_cfa_offset 16
	mov.w	r0, #65536
.Ltmp51:
	.loc	2 334 8 prologue_end            @ ../ThirdParty/FreeRTOS/Source/portable/MemMang/heap_4.c:334:8
	str	r0, [sp]
	.loc	2 337 12                        @ ../ThirdParty/FreeRTOS/Source/portable/MemMang/heap_4.c:337:12
	movw	r0, :lower16:ucHeap
	movt	r0, :upper16:ucHeap
	str	r0, [sp, #4]
	.loc	2 339 6                         @ ../ThirdParty/FreeRTOS/Source/portable/MemMang/heap_4.c:339:6
	ldrb.w	r0, [sp, #4]
	lsls	r0, r0, #29
	cbz	r0, .LBB1_2
	b	.LBB1_1
.LBB1_1:
.Ltmp52:
	.loc	2 341 13                        @ ../ThirdParty/FreeRTOS/Source/portable/MemMang/heap_4.c:341:13
	ldr	r0, [sp, #4]
	adds	r0, #7
	str	r0, [sp, #4]
	.loc	2 342 13                        @ ../ThirdParty/FreeRTOS/Source/portable/MemMang/heap_4.c:342:13
	ldr	r0, [sp, #4]
	bic	r0, r0, #7
	str	r0, [sp, #4]
	.loc	2 343 21                        @ ../ThirdParty/FreeRTOS/Source/portable/MemMang/heap_4.c:343:21
	ldr	r2, [sp, #4]
	.loc	2 343 31 is_stmt 0              @ ../ThirdParty/FreeRTOS/Source/portable/MemMang/heap_4.c:343:31
	movw	r1, :lower16:ucHeap
	movt	r1, :upper16:ucHeap
	.loc	2 343 18                        @ ../ThirdParty/FreeRTOS/Source/portable/MemMang/heap_4.c:343:18
	ldr	r0, [sp]
	subs	r1, r1, r2
	add	r0, r1
	str	r0, [sp]
	.loc	2 344 2 is_stmt 1               @ ../ThirdParty/FreeRTOS/Source/portable/MemMang/heap_4.c:344:2
	b	.LBB1_2
.Ltmp53:
.LBB1_2:
	.loc	2 346 33                        @ ../ThirdParty/FreeRTOS/Source/portable/MemMang/heap_4.c:346:33
	ldr	r0, [sp, #4]
	.loc	2 346 17 is_stmt 0              @ ../ThirdParty/FreeRTOS/Source/portable/MemMang/heap_4.c:346:17
	str	r0, [sp, #8]
	.loc	2 350 38 is_stmt 1              @ ../ThirdParty/FreeRTOS/Source/portable/MemMang/heap_4.c:350:38
	ldr	r1, [sp, #8]
	.loc	2 350 25 is_stmt 0              @ ../ThirdParty/FreeRTOS/Source/portable/MemMang/heap_4.c:350:25
	movw	r0, :lower16:xStart
	movt	r0, :upper16:xStart
	str	r1, [r0]
	movs	r1, #0
	.loc	2 351 20 is_stmt 1              @ ../ThirdParty/FreeRTOS/Source/portable/MemMang/heap_4.c:351:20
	str	r1, [r0, #4]
	.loc	2 355 27                        @ ../ThirdParty/FreeRTOS/Source/portable/MemMang/heap_4.c:355:27
	ldr	r0, [sp, #8]
	.loc	2 355 46 is_stmt 0              @ ../ThirdParty/FreeRTOS/Source/portable/MemMang/heap_4.c:355:46
	ldr	r2, [sp]
	.loc	2 355 44                        @ ../ThirdParty/FreeRTOS/Source/portable/MemMang/heap_4.c:355:44
	add	r0, r2
	.loc	2 355 12                        @ ../ThirdParty/FreeRTOS/Source/portable/MemMang/heap_4.c:355:12
	str	r0, [sp, #4]
	.loc	2 356 12 is_stmt 1              @ ../ThirdParty/FreeRTOS/Source/portable/MemMang/heap_4.c:356:12
	ldr	r0, [sp, #4]
	subs	r0, #8
	str	r0, [sp, #4]
	.loc	2 357 12                        @ ../ThirdParty/FreeRTOS/Source/portable/MemMang/heap_4.c:357:12
	ldr	r0, [sp, #4]
	bic	r0, r0, #7
	str	r0, [sp, #4]
	.loc	2 358 21                        @ ../ThirdParty/FreeRTOS/Source/portable/MemMang/heap_4.c:358:21
	ldr	r2, [sp, #4]
	.loc	2 358 8 is_stmt 0               @ ../ThirdParty/FreeRTOS/Source/portable/MemMang/heap_4.c:358:8
	movw	r0, :lower16:pxEnd
	movt	r0, :upper16:pxEnd
	str	r2, [r0]
	.loc	2 359 2 is_stmt 1               @ ../ThirdParty/FreeRTOS/Source/portable/MemMang/heap_4.c:359:2
	ldr	r2, [r0]
	.loc	2 359 20 is_stmt 0              @ ../ThirdParty/FreeRTOS/Source/portable/MemMang/heap_4.c:359:20
	str	r1, [r2, #4]
	.loc	2 360 2 is_stmt 1               @ ../ThirdParty/FreeRTOS/Source/portable/MemMang/heap_4.c:360:2
	ldr	r2, [r0]
	.loc	2 360 25 is_stmt 0              @ ../ThirdParty/FreeRTOS/Source/portable/MemMang/heap_4.c:360:25
	str	r1, [r2]
	.loc	2 364 32 is_stmt 1              @ ../ThirdParty/FreeRTOS/Source/portable/MemMang/heap_4.c:364:32
	ldr	r1, [sp, #8]
	.loc	2 364 19 is_stmt 0              @ ../ThirdParty/FreeRTOS/Source/portable/MemMang/heap_4.c:364:19
	str	r1, [sp, #12]
	.loc	2 365 33 is_stmt 1              @ ../ThirdParty/FreeRTOS/Source/portable/MemMang/heap_4.c:365:33
	ldr	r1, [sp, #4]
	.loc	2 365 56 is_stmt 0              @ ../ThirdParty/FreeRTOS/Source/portable/MemMang/heap_4.c:365:56
	ldr	r2, [sp, #12]
	.loc	2 365 43                        @ ../ThirdParty/FreeRTOS/Source/portable/MemMang/heap_4.c:365:43
	subs	r1, r1, r2
	.loc	2 365 31                        @ ../ThirdParty/FreeRTOS/Source/portable/MemMang/heap_4.c:365:31
	str	r1, [r2, #4]
	.loc	2 366 38 is_stmt 1              @ ../ThirdParty/FreeRTOS/Source/portable/MemMang/heap_4.c:366:38
	ldr	r0, [r0]
	.loc	2 366 2 is_stmt 0               @ ../ThirdParty/FreeRTOS/Source/portable/MemMang/heap_4.c:366:2
	ldr	r1, [sp, #12]
	.loc	2 366 36                        @ ../ThirdParty/FreeRTOS/Source/portable/MemMang/heap_4.c:366:36
	str	r0, [r1]
	.loc	2 369 35 is_stmt 1              @ ../ThirdParty/FreeRTOS/Source/portable/MemMang/heap_4.c:369:35
	ldr	r0, [sp, #12]
	.loc	2 369 53 is_stmt 0              @ ../ThirdParty/FreeRTOS/Source/portable/MemMang/heap_4.c:369:53
	ldr	r0, [r0, #4]
	.loc	2 369 33                        @ ../ThirdParty/FreeRTOS/Source/portable/MemMang/heap_4.c:369:33
	movw	r1, :lower16:xMinimumEverFreeBytesRemaining
	movt	r1, :upper16:xMinimumEverFreeBytesRemaining
	str	r0, [r1]
	.loc	2 370 24 is_stmt 1              @ ../ThirdParty/FreeRTOS/Source/portable/MemMang/heap_4.c:370:24
	ldr	r0, [sp, #12]
	.loc	2 370 42 is_stmt 0              @ ../ThirdParty/FreeRTOS/Source/portable/MemMang/heap_4.c:370:42
	ldr	r0, [r0, #4]
	.loc	2 370 22                        @ ../ThirdParty/FreeRTOS/Source/portable/MemMang/heap_4.c:370:22
	movw	r1, :lower16:xFreeBytesRemaining
	movt	r1, :upper16:xFreeBytesRemaining
	str	r0, [r1]
	.loc	2 373 21 is_stmt 1              @ ../ThirdParty/FreeRTOS/Source/portable/MemMang/heap_4.c:373:21
	movw	r1, :lower16:xBlockAllocatedBit
	movt	r1, :upper16:xBlockAllocatedBit
	mov.w	r0, #-2147483648
	str	r0, [r1]
	.loc	2 374 1 epilogue_begin          @ ../ThirdParty/FreeRTOS/Source/portable/MemMang/heap_4.c:374:1
	add	sp, #16
	bx	lr
.Ltmp54:
.Lfunc_end1:
	.size	prvHeapInit, .Lfunc_end1-prvHeapInit
	.cfi_endproc
	.cantunwind
	.fnend
                                        @ -- End function
	.section	.text.prvInsertBlockIntoFreeList,"ax",%progbits
	.p2align	2                               @ -- Begin function prvInsertBlockIntoFreeList
	.type	prvInsertBlockIntoFreeList,%function
	.code	16                              @ @prvInsertBlockIntoFreeList
	.thumb_func
prvInsertBlockIntoFreeList:
.Lfunc_begin2:
	.loc	2 378 0                         @ ../ThirdParty/FreeRTOS/Source/portable/MemMang/heap_4.c:378:0
	.fnstart
	.cfi_startproc
@ %bb.0:
	.pad	#12
	sub	sp, #12
	.cfi_def_cfa_offset 12
	str	r0, [sp, #8]
.Ltmp55:
	.loc	2 384 18 prologue_end           @ ../ThirdParty/FreeRTOS/Source/portable/MemMang/heap_4.c:384:18
	movw	r0, :lower16:xStart
	movt	r0, :upper16:xStart
	str	r0, [sp, #4]
	.loc	2 384 7 is_stmt 0               @ ../ThirdParty/FreeRTOS/Source/portable/MemMang/heap_4.c:384:7
	b	.LBB2_1
.LBB2_1:                                @ =>This Inner Loop Header: Depth=1
.Ltmp56:
	.loc	2 384 29                        @ ../ThirdParty/FreeRTOS/Source/portable/MemMang/heap_4.c:384:29
	ldr	r0, [sp, #4]
	.loc	2 384 41                        @ ../ThirdParty/FreeRTOS/Source/portable/MemMang/heap_4.c:384:41
	ldr	r0, [r0]
	.loc	2 384 59                        @ ../ThirdParty/FreeRTOS/Source/portable/MemMang/heap_4.c:384:59
	ldr	r1, [sp, #8]
.Ltmp57:
	.loc	2 384 2                         @ ../ThirdParty/FreeRTOS/Source/portable/MemMang/heap_4.c:384:2
	cmp	r0, r1
	bhs	.LBB2_4
	b	.LBB2_2
.LBB2_2:                                @   in Loop: Header=BB2_1 Depth=1
.Ltmp58:
	.loc	2 387 2 is_stmt 1               @ ../ThirdParty/FreeRTOS/Source/portable/MemMang/heap_4.c:387:2
	b	.LBB2_3
.Ltmp59:
.LBB2_3:                                @   in Loop: Header=BB2_1 Depth=1
	.loc	2 384 89                        @ ../ThirdParty/FreeRTOS/Source/portable/MemMang/heap_4.c:384:89
	ldr	r0, [sp, #4]
	.loc	2 384 101 is_stmt 0             @ ../ThirdParty/FreeRTOS/Source/portable/MemMang/heap_4.c:384:101
	ldr	r0, [r0]
	.loc	2 384 87                        @ ../ThirdParty/FreeRTOS/Source/portable/MemMang/heap_4.c:384:87
	str	r0, [sp, #4]
	.loc	2 384 2                         @ ../ThirdParty/FreeRTOS/Source/portable/MemMang/heap_4.c:384:2
	b	.LBB2_1
.Ltmp60:
.LBB2_4:
	.loc	2 391 22 is_stmt 1              @ ../ThirdParty/FreeRTOS/Source/portable/MemMang/heap_4.c:391:22
	ldr	r0, [sp, #4]
	.loc	2 391 6 is_stmt 0               @ ../ThirdParty/FreeRTOS/Source/portable/MemMang/heap_4.c:391:6
	str	r0, [sp]
.Ltmp61:
	.loc	2 392 8 is_stmt 1               @ ../ThirdParty/FreeRTOS/Source/portable/MemMang/heap_4.c:392:8
	ldr	r0, [sp]
	.loc	2 392 14 is_stmt 0              @ ../ThirdParty/FreeRTOS/Source/portable/MemMang/heap_4.c:392:14
	ldr	r1, [sp, #4]
	.loc	2 392 26                        @ ../ThirdParty/FreeRTOS/Source/portable/MemMang/heap_4.c:392:26
	ldr	r1, [r1, #4]
	.loc	2 392 12                        @ ../ThirdParty/FreeRTOS/Source/portable/MemMang/heap_4.c:392:12
	add	r0, r1
	.loc	2 392 56                        @ ../ThirdParty/FreeRTOS/Source/portable/MemMang/heap_4.c:392:56
	ldr	r1, [sp, #8]
.Ltmp62:
	.loc	2 392 6                         @ ../ThirdParty/FreeRTOS/Source/portable/MemMang/heap_4.c:392:6
	cmp	r0, r1
	bne	.LBB2_6
	b	.LBB2_5
.LBB2_5:
.Ltmp63:
	.loc	2 394 29 is_stmt 1              @ ../ThirdParty/FreeRTOS/Source/portable/MemMang/heap_4.c:394:29
	ldr	r0, [sp, #8]
	.loc	2 394 46 is_stmt 0              @ ../ThirdParty/FreeRTOS/Source/portable/MemMang/heap_4.c:394:46
	ldr	r2, [r0, #4]
	.loc	2 394 3                         @ ../ThirdParty/FreeRTOS/Source/portable/MemMang/heap_4.c:394:3
	ldr	r1, [sp, #4]
	.loc	2 394 26                        @ ../ThirdParty/FreeRTOS/Source/portable/MemMang/heap_4.c:394:26
	ldr	r0, [r1, #4]
	add	r0, r2
	str	r0, [r1, #4]
	.loc	2 395 21 is_stmt 1              @ ../ThirdParty/FreeRTOS/Source/portable/MemMang/heap_4.c:395:21
	ldr	r0, [sp, #4]
	.loc	2 395 19 is_stmt 0              @ ../ThirdParty/FreeRTOS/Source/portable/MemMang/heap_4.c:395:19
	str	r0, [sp, #8]
	.loc	2 396 2 is_stmt 1               @ ../ThirdParty/FreeRTOS/Source/portable/MemMang/heap_4.c:396:2
	b	.LBB2_7
.Ltmp64:
.LBB2_6:
	.loc	2 0 2 is_stmt 0                 @ ../ThirdParty/FreeRTOS/Source/portable/MemMang/heap_4.c:0:2
	b	.LBB2_7
.LBB2_7:
	.loc	2 404 22 is_stmt 1              @ ../ThirdParty/FreeRTOS/Source/portable/MemMang/heap_4.c:404:22
	ldr	r0, [sp, #8]
	.loc	2 404 6 is_stmt 0               @ ../ThirdParty/FreeRTOS/Source/portable/MemMang/heap_4.c:404:6
	str	r0, [sp]
.Ltmp65:
	.loc	2 405 8 is_stmt 1               @ ../ThirdParty/FreeRTOS/Source/portable/MemMang/heap_4.c:405:8
	ldr	r0, [sp]
	.loc	2 405 14 is_stmt 0              @ ../ThirdParty/FreeRTOS/Source/portable/MemMang/heap_4.c:405:14
	ldr	r1, [sp, #8]
	.loc	2 405 31                        @ ../ThirdParty/FreeRTOS/Source/portable/MemMang/heap_4.c:405:31
	ldr	r1, [r1, #4]
	.loc	2 405 12                        @ ../ThirdParty/FreeRTOS/Source/portable/MemMang/heap_4.c:405:12
	add	r0, r1
	.loc	2 405 61                        @ ../ThirdParty/FreeRTOS/Source/portable/MemMang/heap_4.c:405:61
	ldr	r1, [sp, #4]
	.loc	2 405 73                        @ ../ThirdParty/FreeRTOS/Source/portable/MemMang/heap_4.c:405:73
	ldr	r1, [r1]
.Ltmp66:
	.loc	2 405 6                         @ ../ThirdParty/FreeRTOS/Source/portable/MemMang/heap_4.c:405:6
	cmp	r0, r1
	bne	.LBB2_12
	b	.LBB2_8
.LBB2_8:
.Ltmp67:
	.loc	2 407 7 is_stmt 1               @ ../ThirdParty/FreeRTOS/Source/portable/MemMang/heap_4.c:407:7
	ldr	r0, [sp, #4]
	.loc	2 407 19 is_stmt 0              @ ../ThirdParty/FreeRTOS/Source/portable/MemMang/heap_4.c:407:19
	ldr	r0, [r0]
	.loc	2 407 38                        @ ../ThirdParty/FreeRTOS/Source/portable/MemMang/heap_4.c:407:38
	movw	r1, :lower16:pxEnd
	movt	r1, :upper16:pxEnd
	ldr	r1, [r1]
.Ltmp68:
	.loc	2 407 7                         @ ../ThirdParty/FreeRTOS/Source/portable/MemMang/heap_4.c:407:7
	cmp	r0, r1
	beq	.LBB2_10
	b	.LBB2_9
.LBB2_9:
.Ltmp69:
	.loc	2 410 35 is_stmt 1              @ ../ThirdParty/FreeRTOS/Source/portable/MemMang/heap_4.c:410:35
	ldr	r0, [sp, #4]
	.loc	2 410 47 is_stmt 0              @ ../ThirdParty/FreeRTOS/Source/portable/MemMang/heap_4.c:410:47
	ldr	r0, [r0]
	.loc	2 410 64                        @ ../ThirdParty/FreeRTOS/Source/portable/MemMang/heap_4.c:410:64
	ldr	r2, [r0, #4]
	.loc	2 410 4                         @ ../ThirdParty/FreeRTOS/Source/portable/MemMang/heap_4.c:410:4
	ldr	r1, [sp, #8]
	.loc	2 410 32                        @ ../ThirdParty/FreeRTOS/Source/portable/MemMang/heap_4.c:410:32
	ldr	r0, [r1, #4]
	add	r0, r2
	str	r0, [r1, #4]
	.loc	2 411 39 is_stmt 1              @ ../ThirdParty/FreeRTOS/Source/portable/MemMang/heap_4.c:411:39
	ldr	r0, [sp, #4]
	.loc	2 411 51 is_stmt 0              @ ../ThirdParty/FreeRTOS/Source/portable/MemMang/heap_4.c:411:51
	ldr	r0, [r0]
	.loc	2 411 68                        @ ../ThirdParty/FreeRTOS/Source/portable/MemMang/heap_4.c:411:68
	ldr	r0, [r0]
	.loc	2 411 4                         @ ../ThirdParty/FreeRTOS/Source/portable/MemMang/heap_4.c:411:4
	ldr	r1, [sp, #8]
	.loc	2 411 37                        @ ../ThirdParty/FreeRTOS/Source/portable/MemMang/heap_4.c:411:37
	str	r0, [r1]
	.loc	2 412 3 is_stmt 1               @ ../ThirdParty/FreeRTOS/Source/portable/MemMang/heap_4.c:412:3
	b	.LBB2_11
.Ltmp70:
.LBB2_10:
	.loc	2 415 39                        @ ../ThirdParty/FreeRTOS/Source/portable/MemMang/heap_4.c:415:39
	movw	r0, :lower16:pxEnd
	movt	r0, :upper16:pxEnd
	ldr	r0, [r0]
	.loc	2 415 4 is_stmt 0               @ ../ThirdParty/FreeRTOS/Source/portable/MemMang/heap_4.c:415:4
	ldr	r1, [sp, #8]
	.loc	2 415 37                        @ ../ThirdParty/FreeRTOS/Source/portable/MemMang/heap_4.c:415:37
	str	r0, [r1]
	b	.LBB2_11
.Ltmp71:
.LBB2_11:
	.loc	2 417 2 is_stmt 1               @ ../ThirdParty/FreeRTOS/Source/portable/MemMang/heap_4.c:417:2
	b	.LBB2_13
.Ltmp72:
.LBB2_12:
	.loc	2 420 38                        @ ../ThirdParty/FreeRTOS/Source/portable/MemMang/heap_4.c:420:38
	ldr	r0, [sp, #4]
	.loc	2 420 50 is_stmt 0              @ ../ThirdParty/FreeRTOS/Source/portable/MemMang/heap_4.c:420:50
	ldr	r0, [r0]
	.loc	2 420 3                         @ ../ThirdParty/FreeRTOS/Source/portable/MemMang/heap_4.c:420:3
	ldr	r1, [sp, #8]
	.loc	2 420 36                        @ ../ThirdParty/FreeRTOS/Source/portable/MemMang/heap_4.c:420:36
	str	r0, [r1]
	b	.LBB2_13
.Ltmp73:
.LBB2_13:
	.loc	2 427 6 is_stmt 1               @ ../ThirdParty/FreeRTOS/Source/portable/MemMang/heap_4.c:427:6
	ldr	r0, [sp, #4]
	.loc	2 427 20 is_stmt 0              @ ../ThirdParty/FreeRTOS/Source/portable/MemMang/heap_4.c:427:20
	ldr	r1, [sp, #8]
.Ltmp74:
	.loc	2 427 6                         @ ../ThirdParty/FreeRTOS/Source/portable/MemMang/heap_4.c:427:6
	cmp	r0, r1
	beq	.LBB2_15
	b	.LBB2_14
.LBB2_14:
.Ltmp75:
	.loc	2 429 33 is_stmt 1              @ ../ThirdParty/FreeRTOS/Source/portable/MemMang/heap_4.c:429:33
	ldr	r0, [sp, #8]
	.loc	2 429 3 is_stmt 0               @ ../ThirdParty/FreeRTOS/Source/portable/MemMang/heap_4.c:429:3
	ldr	r1, [sp, #4]
	.loc	2 429 31                        @ ../ThirdParty/FreeRTOS/Source/portable/MemMang/heap_4.c:429:31
	str	r0, [r1]
	.loc	2 430 2 is_stmt 1               @ ../ThirdParty/FreeRTOS/Source/portable/MemMang/heap_4.c:430:2
	b	.LBB2_16
.Ltmp76:
.LBB2_15:
	.loc	2 0 2 is_stmt 0                 @ ../ThirdParty/FreeRTOS/Source/portable/MemMang/heap_4.c:0:2
	b	.LBB2_16
.LBB2_16:
	.loc	2 435 1 epilogue_begin is_stmt 1 @ ../ThirdParty/FreeRTOS/Source/portable/MemMang/heap_4.c:435:1
	add	sp, #12
	bx	lr
.Ltmp77:
.Lfunc_end2:
	.size	prvInsertBlockIntoFreeList, .Lfunc_end2-prvInsertBlockIntoFreeList
	.cfi_endproc
	.cantunwind
	.fnend
                                        @ -- End function
	.section	.text.vPortFree,"ax",%progbits
	.hidden	vPortFree                       @ -- Begin function vPortFree
	.globl	vPortFree
	.p2align	2
	.type	vPortFree,%function
	.code	16                              @ @vPortFree
	.thumb_func
vPortFree:
.Lfunc_begin3:
	.loc	2 264 0                         @ ../ThirdParty/FreeRTOS/Source/portable/MemMang/heap_4.c:264:0
	.fnstart
	.cfi_startproc
@ %bb.0:
	.save	{r7, lr}
	push	{r7, lr}
	.cfi_def_cfa_offset 8
	.cfi_offset lr, -4
	.cfi_offset r7, -8
	.pad	#24
	sub	sp, #24
	.cfi_def_cfa_offset 32
	str	r0, [sp, #12]
.Ltmp78:
	.loc	2 265 30 prologue_end           @ ../ThirdParty/FreeRTOS/Source/portable/MemMang/heap_4.c:265:30
	ldr	r0, [sp, #12]
	.loc	2 265 10 is_stmt 0              @ ../ThirdParty/FreeRTOS/Source/portable/MemMang/heap_4.c:265:10
	str	r0, [sp, #8]
.Ltmp79:
	.loc	2 268 6 is_stmt 1               @ ../ThirdParty/FreeRTOS/Source/portable/MemMang/heap_4.c:268:6
	ldr	r0, [sp, #12]
.Ltmp80:
	.loc	2 268 6 is_stmt 0               @ ../ThirdParty/FreeRTOS/Source/portable/MemMang/heap_4.c:268:6
	cmp	r0, #0
	beq	.LBB3_14
	b	.LBB3_1
.LBB3_1:
.Ltmp81:
	.loc	2 272 7 is_stmt 1               @ ../ThirdParty/FreeRTOS/Source/portable/MemMang/heap_4.c:272:7
	ldr	r0, [sp, #8]
	subs	r0, #8
	str	r0, [sp, #8]
	.loc	2 275 23                        @ ../ThirdParty/FreeRTOS/Source/portable/MemMang/heap_4.c:275:23
	ldr	r0, [sp, #8]
	.loc	2 275 10 is_stmt 0              @ ../ThirdParty/FreeRTOS/Source/portable/MemMang/heap_4.c:275:10
	str	r0, [sp, #4]
.Ltmp82:
	.loc	2 278 3 is_stmt 1               @ ../ThirdParty/FreeRTOS/Source/portable/MemMang/heap_4.c:278:3
	ldr	r0, [sp, #4]
	ldr	r0, [r0, #4]
	movw	r1, :lower16:xBlockAllocatedBit
	movt	r1, :upper16:xBlockAllocatedBit
	ldr	r1, [r1]
.Ltmp83:
	.loc	2 278 3 is_stmt 0               @ ../ThirdParty/FreeRTOS/Source/portable/MemMang/heap_4.c:278:3
	tst	r0, r1
	bne	.LBB3_4
	b	.LBB3_2
.LBB3_2:
.Ltmp84:
	.loc	4 199 2 is_stmt 1               @ ../ThirdParty/FreeRTOS/Source/portable/GCC/ARM_CM4F\portmacro.h:199:2
	@APP
	mov.w	r0, #80
	msr	basepri, r0
	isb	sy
	dsb	sy

	@NO_APP
	str	r0, [sp, #20]
.Ltmp85:
	.loc	2 278 3                         @ ../ThirdParty/FreeRTOS/Source/portable/MemMang/heap_4.c:278:3
	b	.LBB3_3
.LBB3_3:                                @ =>This Inner Loop Header: Depth=1
.Ltmp86:
	.loc	2 278 3 is_stmt 0               @ ../ThirdParty/FreeRTOS/Source/portable/MemMang/heap_4.c:278:3
	b	.LBB3_3
.Ltmp87:
.LBB3_4:
	.loc	2 279 3 is_stmt 1               @ ../ThirdParty/FreeRTOS/Source/portable/MemMang/heap_4.c:279:3
	ldr	r0, [sp, #4]
	ldr	r0, [r0]
.Ltmp88:
	.loc	2 279 3 is_stmt 0               @ ../ThirdParty/FreeRTOS/Source/portable/MemMang/heap_4.c:279:3
	cbz	r0, .LBB3_7
	b	.LBB3_5
.LBB3_5:
.Ltmp89:
	.loc	4 199 2 is_stmt 1               @ ../ThirdParty/FreeRTOS/Source/portable/GCC/ARM_CM4F\portmacro.h:199:2
	@APP
	mov.w	r0, #80
	msr	basepri, r0
	isb	sy
	dsb	sy

	@NO_APP
	str	r0, [sp, #16]
.Ltmp90:
	.loc	2 279 3                         @ ../ThirdParty/FreeRTOS/Source/portable/MemMang/heap_4.c:279:3
	b	.LBB3_6
.LBB3_6:                                @ =>This Inner Loop Header: Depth=1
.Ltmp91:
	.loc	2 279 3 is_stmt 0               @ ../ThirdParty/FreeRTOS/Source/portable/MemMang/heap_4.c:279:3
	b	.LBB3_6
.Ltmp92:
.LBB3_7:
	.loc	2 281 9 is_stmt 1               @ ../ThirdParty/FreeRTOS/Source/portable/MemMang/heap_4.c:281:9
	ldr	r0, [sp, #4]
	.loc	2 281 17 is_stmt 0              @ ../ThirdParty/FreeRTOS/Source/portable/MemMang/heap_4.c:281:17
	ldr	r0, [r0, #4]
	.loc	2 281 30                        @ ../ThirdParty/FreeRTOS/Source/portable/MemMang/heap_4.c:281:30
	movw	r1, :lower16:xBlockAllocatedBit
	movt	r1, :upper16:xBlockAllocatedBit
	ldr	r1, [r1]
.Ltmp93:
	.loc	2 281 7                         @ ../ThirdParty/FreeRTOS/Source/portable/MemMang/heap_4.c:281:7
	tst	r0, r1
	beq	.LBB3_12
	b	.LBB3_8
.LBB3_8:
.Ltmp94:
	.loc	2 283 8 is_stmt 1               @ ../ThirdParty/FreeRTOS/Source/portable/MemMang/heap_4.c:283:8
	ldr	r0, [sp, #4]
	.loc	2 283 16 is_stmt 0              @ ../ThirdParty/FreeRTOS/Source/portable/MemMang/heap_4.c:283:16
	ldr	r0, [r0]
.Ltmp95:
	.loc	2 283 8                         @ ../ThirdParty/FreeRTOS/Source/portable/MemMang/heap_4.c:283:8
	cbnz	r0, .LBB3_10
	b	.LBB3_9
.LBB3_9:
.Ltmp96:
	.loc	2 287 28 is_stmt 1              @ ../ThirdParty/FreeRTOS/Source/portable/MemMang/heap_4.c:287:28
	movw	r0, :lower16:xBlockAllocatedBit
	movt	r0, :upper16:xBlockAllocatedBit
	ldr	r2, [r0]
	.loc	2 287 5 is_stmt 0               @ ../ThirdParty/FreeRTOS/Source/portable/MemMang/heap_4.c:287:5
	ldr	r1, [sp, #4]
	.loc	2 287 24                        @ ../ThirdParty/FreeRTOS/Source/portable/MemMang/heap_4.c:287:24
	ldr	r0, [r1, #4]
	bics	r0, r2
	str	r0, [r1, #4]
	.loc	2 289 5 is_stmt 1               @ ../ThirdParty/FreeRTOS/Source/portable/MemMang/heap_4.c:289:5
	bl	vTaskSuspendAll
.Ltmp97:
	.loc	2 292 29                        @ ../ThirdParty/FreeRTOS/Source/portable/MemMang/heap_4.c:292:29
	ldr	r0, [sp, #4]
	.loc	2 292 37 is_stmt 0              @ ../ThirdParty/FreeRTOS/Source/portable/MemMang/heap_4.c:292:37
	ldr	r2, [r0, #4]
	.loc	2 292 26                        @ ../ThirdParty/FreeRTOS/Source/portable/MemMang/heap_4.c:292:26
	movw	r1, :lower16:xFreeBytesRemaining
	movt	r1, :upper16:xFreeBytesRemaining
	ldr	r0, [r1]
	add	r0, r2
	str	r0, [r1]
	.loc	2 294 54 is_stmt 1              @ ../ThirdParty/FreeRTOS/Source/portable/MemMang/heap_4.c:294:54
	ldr	r0, [sp, #4]
	.loc	2 294 6 is_stmt 0               @ ../ThirdParty/FreeRTOS/Source/portable/MemMang/heap_4.c:294:6
	bl	prvInsertBlockIntoFreeList
.Ltmp98:
	.loc	2 296 14 is_stmt 1              @ ../ThirdParty/FreeRTOS/Source/portable/MemMang/heap_4.c:296:14
	bl	xTaskResumeAll
	.loc	2 297 4                         @ ../ThirdParty/FreeRTOS/Source/portable/MemMang/heap_4.c:297:4
	b	.LBB3_11
.Ltmp99:
.LBB3_10:
	.loc	2 0 4 is_stmt 0                 @ ../ThirdParty/FreeRTOS/Source/portable/MemMang/heap_4.c:0:4
	b	.LBB3_11
.LBB3_11:
	.loc	2 302 3 is_stmt 1               @ ../ThirdParty/FreeRTOS/Source/portable/MemMang/heap_4.c:302:3
	b	.LBB3_13
.Ltmp100:
.LBB3_12:
	.loc	2 0 3 is_stmt 0                 @ ../ThirdParty/FreeRTOS/Source/portable/MemMang/heap_4.c:0:3
	b	.LBB3_13
.LBB3_13:
	.loc	2 307 2 is_stmt 1               @ ../ThirdParty/FreeRTOS/Source/portable/MemMang/heap_4.c:307:2
	b	.LBB3_14
.Ltmp101:
.LBB3_14:
	.loc	2 308 1 epilogue_begin          @ ../ThirdParty/FreeRTOS/Source/portable/MemMang/heap_4.c:308:1
	add	sp, #24
	pop	{r7, pc}
.Ltmp102:
.Lfunc_end3:
	.size	vPortFree, .Lfunc_end3-vPortFree
	.cfi_endproc
	.cantunwind
	.fnend
                                        @ -- End function
	.section	.text.xPortGetFreeHeapSize,"ax",%progbits
	.hidden	xPortGetFreeHeapSize            @ -- Begin function xPortGetFreeHeapSize
	.globl	xPortGetFreeHeapSize
	.p2align	2
	.type	xPortGetFreeHeapSize,%function
	.code	16                              @ @xPortGetFreeHeapSize
	.thumb_func
xPortGetFreeHeapSize:
.Lfunc_begin4:
	.fnstart
	.cfi_startproc
@ %bb.0:
	.loc	2 313 9 prologue_end            @ ../ThirdParty/FreeRTOS/Source/portable/MemMang/heap_4.c:313:9
	movw	r0, :lower16:xFreeBytesRemaining
	movt	r0, :upper16:xFreeBytesRemaining
	ldr	r0, [r0]
	.loc	2 313 2 is_stmt 0               @ ../ThirdParty/FreeRTOS/Source/portable/MemMang/heap_4.c:313:2
	bx	lr
.Ltmp103:
.Lfunc_end4:
	.size	xPortGetFreeHeapSize, .Lfunc_end4-xPortGetFreeHeapSize
	.cfi_endproc
	.cantunwind
	.fnend
                                        @ -- End function
	.section	.text.xPortGetMinimumEverFreeHeapSize,"ax",%progbits
	.hidden	xPortGetMinimumEverFreeHeapSize @ -- Begin function xPortGetMinimumEverFreeHeapSize
	.globl	xPortGetMinimumEverFreeHeapSize
	.p2align	2
	.type	xPortGetMinimumEverFreeHeapSize,%function
	.code	16                              @ @xPortGetMinimumEverFreeHeapSize
	.thumb_func
xPortGetMinimumEverFreeHeapSize:
.Lfunc_begin5:
	.fnstart
	.cfi_startproc
@ %bb.0:
	.loc	2 319 9 prologue_end is_stmt 1  @ ../ThirdParty/FreeRTOS/Source/portable/MemMang/heap_4.c:319:9
	movw	r0, :lower16:xMinimumEverFreeBytesRemaining
	movt	r0, :upper16:xMinimumEverFreeBytesRemaining
	ldr	r0, [r0]
	.loc	2 319 2 is_stmt 0               @ ../ThirdParty/FreeRTOS/Source/portable/MemMang/heap_4.c:319:2
	bx	lr
.Ltmp104:
.Lfunc_end5:
	.size	xPortGetMinimumEverFreeHeapSize, .Lfunc_end5-xPortGetMinimumEverFreeHeapSize
	.cfi_endproc
	.cantunwind
	.fnend
                                        @ -- End function
	.section	.text.vPortInitialiseBlocks,"ax",%progbits
	.hidden	vPortInitialiseBlocks           @ -- Begin function vPortInitialiseBlocks
	.globl	vPortInitialiseBlocks
	.p2align	2
	.type	vPortInitialiseBlocks,%function
	.code	16                              @ @vPortInitialiseBlocks
	.thumb_func
vPortInitialiseBlocks:
.Lfunc_begin6:
	.fnstart
	.cfi_startproc
@ %bb.0:
	.loc	2 326 1 prologue_end is_stmt 1  @ ../ThirdParty/FreeRTOS/Source/portable/MemMang/heap_4.c:326:1
	bx	lr
.Ltmp105:
.Lfunc_end6:
	.size	vPortInitialiseBlocks, .Lfunc_end6-vPortInitialiseBlocks
	.cfi_endproc
	.cantunwind
	.fnend
                                        @ -- End function
	.type	pxEnd,%object                   @ @pxEnd
	.section	.bss.pxEnd,"aw",%nobits
	.p2align	2, 0x0
pxEnd:
	.long	0
	.size	pxEnd, 4

	.type	xBlockAllocatedBit,%object      @ @xBlockAllocatedBit
	.section	.bss.xBlockAllocatedBit,"aw",%nobits
	.p2align	2, 0x0
xBlockAllocatedBit:
	.long	0                               @ 0x0
	.size	xBlockAllocatedBit, 4

	.type	xFreeBytesRemaining,%object     @ @xFreeBytesRemaining
	.section	.bss.xFreeBytesRemaining,"aw",%nobits
	.p2align	2, 0x0
xFreeBytesRemaining:
	.long	0                               @ 0x0
	.size	xFreeBytesRemaining, 4

	.type	xStart,%object                  @ @xStart
	.section	.bss.xStart,"aw",%nobits
	.p2align	2, 0x0
xStart:
	.zero	8
	.size	xStart, 8

	.type	xMinimumEverFreeBytesRemaining,%object @ @xMinimumEverFreeBytesRemaining
	.section	.bss.xMinimumEverFreeBytesRemaining,"aw",%nobits
	.p2align	2, 0x0
xMinimumEverFreeBytesRemaining:
	.long	0                               @ 0x0
	.size	xMinimumEverFreeBytesRemaining, 4

	.section	.debug_abbrev,"",%progbits
	.byte	1                               @ Abbreviation Code
	.byte	17                              @ DW_TAG_compile_unit
	.byte	1                               @ DW_CHILDREN_yes
	.byte	37                              @ DW_AT_producer
	.byte	14                              @ DW_FORM_strp
	.byte	19                              @ DW_AT_language
	.byte	5                               @ DW_FORM_data2
	.byte	3                               @ DW_AT_name
	.byte	14                              @ DW_FORM_strp
	.byte	16                              @ DW_AT_stmt_list
	.byte	23                              @ DW_FORM_sec_offset
	.byte	27                              @ DW_AT_comp_dir
	.byte	14                              @ DW_FORM_strp
	.byte	17                              @ DW_AT_low_pc
	.byte	1                               @ DW_FORM_addr
	.byte	85                              @ DW_AT_ranges
	.byte	23                              @ DW_FORM_sec_offset
	.byte	0                               @ EOM(1)
	.byte	0                               @ EOM(2)
	.byte	2                               @ Abbreviation Code
	.byte	52                              @ DW_TAG_variable
	.byte	0                               @ DW_CHILDREN_no
	.byte	3                               @ DW_AT_name
	.byte	14                              @ DW_FORM_strp
	.byte	73                              @ DW_AT_type
	.byte	19                              @ DW_FORM_ref4
	.byte	58                              @ DW_AT_decl_file
	.byte	11                              @ DW_FORM_data1
	.byte	59                              @ DW_AT_decl_line
	.byte	11                              @ DW_FORM_data1
	.byte	28                              @ DW_AT_const_value
	.byte	15                              @ DW_FORM_udata
	.byte	0                               @ EOM(1)
	.byte	0                               @ EOM(2)
	.byte	3                               @ Abbreviation Code
	.byte	38                              @ DW_TAG_const_type
	.byte	0                               @ DW_CHILDREN_no
	.byte	73                              @ DW_AT_type
	.byte	19                              @ DW_FORM_ref4
	.byte	0                               @ EOM(1)
	.byte	0                               @ EOM(2)
	.byte	4                               @ Abbreviation Code
	.byte	22                              @ DW_TAG_typedef
	.byte	0                               @ DW_CHILDREN_no
	.byte	73                              @ DW_AT_type
	.byte	19                              @ DW_FORM_ref4
	.byte	3                               @ DW_AT_name
	.byte	14                              @ DW_FORM_strp
	.byte	58                              @ DW_AT_decl_file
	.byte	11                              @ DW_FORM_data1
	.byte	59                              @ DW_AT_decl_line
	.byte	11                              @ DW_FORM_data1
	.byte	0                               @ EOM(1)
	.byte	0                               @ EOM(2)
	.byte	5                               @ Abbreviation Code
	.byte	36                              @ DW_TAG_base_type
	.byte	0                               @ DW_CHILDREN_no
	.byte	3                               @ DW_AT_name
	.byte	14                              @ DW_FORM_strp
	.byte	62                              @ DW_AT_encoding
	.byte	11                              @ DW_FORM_data1
	.byte	11                              @ DW_AT_byte_size
	.byte	11                              @ DW_FORM_data1
	.byte	0                               @ EOM(1)
	.byte	0                               @ EOM(2)
	.byte	6                               @ Abbreviation Code
	.byte	52                              @ DW_TAG_variable
	.byte	0                               @ DW_CHILDREN_no
	.byte	3                               @ DW_AT_name
	.byte	14                              @ DW_FORM_strp
	.byte	73                              @ DW_AT_type
	.byte	19                              @ DW_FORM_ref4
	.byte	58                              @ DW_AT_decl_file
	.byte	11                              @ DW_FORM_data1
	.byte	59                              @ DW_AT_decl_line
	.byte	11                              @ DW_FORM_data1
	.byte	2                               @ DW_AT_location
	.byte	24                              @ DW_FORM_exprloc
	.byte	0                               @ EOM(1)
	.byte	0                               @ EOM(2)
	.byte	7                               @ Abbreviation Code
	.byte	19                              @ DW_TAG_structure_type
	.byte	1                               @ DW_CHILDREN_yes
	.byte	3                               @ DW_AT_name
	.byte	14                              @ DW_FORM_strp
	.byte	11                              @ DW_AT_byte_size
	.byte	11                              @ DW_FORM_data1
	.byte	58                              @ DW_AT_decl_file
	.byte	11                              @ DW_FORM_data1
	.byte	59                              @ DW_AT_decl_line
	.byte	11                              @ DW_FORM_data1
	.byte	0                               @ EOM(1)
	.byte	0                               @ EOM(2)
	.byte	8                               @ Abbreviation Code
	.byte	13                              @ DW_TAG_member
	.byte	0                               @ DW_CHILDREN_no
	.byte	3                               @ DW_AT_name
	.byte	14                              @ DW_FORM_strp
	.byte	73                              @ DW_AT_type
	.byte	19                              @ DW_FORM_ref4
	.byte	58                              @ DW_AT_decl_file
	.byte	11                              @ DW_FORM_data1
	.byte	59                              @ DW_AT_decl_line
	.byte	11                              @ DW_FORM_data1
	.byte	56                              @ DW_AT_data_member_location
	.byte	11                              @ DW_FORM_data1
	.byte	0                               @ EOM(1)
	.byte	0                               @ EOM(2)
	.byte	9                               @ Abbreviation Code
	.byte	15                              @ DW_TAG_pointer_type
	.byte	0                               @ DW_CHILDREN_no
	.byte	73                              @ DW_AT_type
	.byte	19                              @ DW_FORM_ref4
	.byte	0                               @ EOM(1)
	.byte	0                               @ EOM(2)
	.byte	10                              @ Abbreviation Code
	.byte	15                              @ DW_TAG_pointer_type
	.byte	0                               @ DW_CHILDREN_no
	.byte	0                               @ EOM(1)
	.byte	0                               @ EOM(2)
	.byte	11                              @ Abbreviation Code
	.byte	46                              @ DW_TAG_subprogram
	.byte	1                               @ DW_CHILDREN_yes
	.byte	3                               @ DW_AT_name
	.byte	14                              @ DW_FORM_strp
	.byte	58                              @ DW_AT_decl_file
	.byte	11                              @ DW_FORM_data1
	.byte	59                              @ DW_AT_decl_line
	.byte	11                              @ DW_FORM_data1
	.byte	39                              @ DW_AT_prototyped
	.byte	25                              @ DW_FORM_flag_present
	.byte	32                              @ DW_AT_inline
	.byte	11                              @ DW_FORM_data1
	.byte	0                               @ EOM(1)
	.byte	0                               @ EOM(2)
	.byte	12                              @ Abbreviation Code
	.byte	52                              @ DW_TAG_variable
	.byte	0                               @ DW_CHILDREN_no
	.byte	3                               @ DW_AT_name
	.byte	14                              @ DW_FORM_strp
	.byte	58                              @ DW_AT_decl_file
	.byte	11                              @ DW_FORM_data1
	.byte	59                              @ DW_AT_decl_line
	.byte	11                              @ DW_FORM_data1
	.byte	73                              @ DW_AT_type
	.byte	19                              @ DW_FORM_ref4
	.byte	0                               @ EOM(1)
	.byte	0                               @ EOM(2)
	.byte	13                              @ Abbreviation Code
	.byte	46                              @ DW_TAG_subprogram
	.byte	1                               @ DW_CHILDREN_yes
	.byte	17                              @ DW_AT_low_pc
	.byte	1                               @ DW_FORM_addr
	.byte	18                              @ DW_AT_high_pc
	.byte	6                               @ DW_FORM_data4
	.byte	64                              @ DW_AT_frame_base
	.byte	24                              @ DW_FORM_exprloc
	.byte	3                               @ DW_AT_name
	.byte	14                              @ DW_FORM_strp
	.byte	58                              @ DW_AT_decl_file
	.byte	11                              @ DW_FORM_data1
	.byte	59                              @ DW_AT_decl_line
	.byte	11                              @ DW_FORM_data1
	.byte	39                              @ DW_AT_prototyped
	.byte	25                              @ DW_FORM_flag_present
	.byte	73                              @ DW_AT_type
	.byte	19                              @ DW_FORM_ref4
	.byte	63                              @ DW_AT_external
	.byte	25                              @ DW_FORM_flag_present
	.byte	0                               @ EOM(1)
	.byte	0                               @ EOM(2)
	.byte	14                              @ Abbreviation Code
	.byte	5                               @ DW_TAG_formal_parameter
	.byte	0                               @ DW_CHILDREN_no
	.byte	2                               @ DW_AT_location
	.byte	24                              @ DW_FORM_exprloc
	.byte	3                               @ DW_AT_name
	.byte	14                              @ DW_FORM_strp
	.byte	58                              @ DW_AT_decl_file
	.byte	11                              @ DW_FORM_data1
	.byte	59                              @ DW_AT_decl_line
	.byte	11                              @ DW_FORM_data1
	.byte	73                              @ DW_AT_type
	.byte	19                              @ DW_FORM_ref4
	.byte	0                               @ EOM(1)
	.byte	0                               @ EOM(2)
	.byte	15                              @ Abbreviation Code
	.byte	52                              @ DW_TAG_variable
	.byte	0                               @ DW_CHILDREN_no
	.byte	2                               @ DW_AT_location
	.byte	24                              @ DW_FORM_exprloc
	.byte	3                               @ DW_AT_name
	.byte	14                              @ DW_FORM_strp
	.byte	58                              @ DW_AT_decl_file
	.byte	11                              @ DW_FORM_data1
	.byte	59                              @ DW_AT_decl_line
	.byte	11                              @ DW_FORM_data1
	.byte	73                              @ DW_AT_type
	.byte	19                              @ DW_FORM_ref4
	.byte	0                               @ EOM(1)
	.byte	0                               @ EOM(2)
	.byte	16                              @ Abbreviation Code
	.byte	29                              @ DW_TAG_inlined_subroutine
	.byte	1                               @ DW_CHILDREN_yes
	.byte	49                              @ DW_AT_abstract_origin
	.byte	19                              @ DW_FORM_ref4
	.byte	17                              @ DW_AT_low_pc
	.byte	1                               @ DW_FORM_addr
	.byte	18                              @ DW_AT_high_pc
	.byte	6                               @ DW_FORM_data4
	.byte	88                              @ DW_AT_call_file
	.byte	11                              @ DW_FORM_data1
	.byte	89                              @ DW_AT_call_line
	.byte	11                              @ DW_FORM_data1
	.byte	87                              @ DW_AT_call_column
	.byte	11                              @ DW_FORM_data1
	.byte	0                               @ EOM(1)
	.byte	0                               @ EOM(2)
	.byte	17                              @ Abbreviation Code
	.byte	52                              @ DW_TAG_variable
	.byte	0                               @ DW_CHILDREN_no
	.byte	2                               @ DW_AT_location
	.byte	24                              @ DW_FORM_exprloc
	.byte	49                              @ DW_AT_abstract_origin
	.byte	19                              @ DW_FORM_ref4
	.byte	0                               @ EOM(1)
	.byte	0                               @ EOM(2)
	.byte	18                              @ Abbreviation Code
	.byte	29                              @ DW_TAG_inlined_subroutine
	.byte	1                               @ DW_CHILDREN_yes
	.byte	49                              @ DW_AT_abstract_origin
	.byte	19                              @ DW_FORM_ref4
	.byte	17                              @ DW_AT_low_pc
	.byte	1                               @ DW_FORM_addr
	.byte	18                              @ DW_AT_high_pc
	.byte	6                               @ DW_FORM_data4
	.byte	88                              @ DW_AT_call_file
	.byte	11                              @ DW_FORM_data1
	.byte	89                              @ DW_AT_call_line
	.byte	5                               @ DW_FORM_data2
	.byte	87                              @ DW_AT_call_column
	.byte	11                              @ DW_FORM_data1
	.byte	0                               @ EOM(1)
	.byte	0                               @ EOM(2)
	.byte	19                              @ Abbreviation Code
	.byte	46                              @ DW_TAG_subprogram
	.byte	1                               @ DW_CHILDREN_yes
	.byte	17                              @ DW_AT_low_pc
	.byte	1                               @ DW_FORM_addr
	.byte	18                              @ DW_AT_high_pc
	.byte	6                               @ DW_FORM_data4
	.byte	64                              @ DW_AT_frame_base
	.byte	24                              @ DW_FORM_exprloc
	.byte	3                               @ DW_AT_name
	.byte	14                              @ DW_FORM_strp
	.byte	58                              @ DW_AT_decl_file
	.byte	11                              @ DW_FORM_data1
	.byte	59                              @ DW_AT_decl_line
	.byte	5                               @ DW_FORM_data2
	.byte	39                              @ DW_AT_prototyped
	.byte	25                              @ DW_FORM_flag_present
	.byte	0                               @ EOM(1)
	.byte	0                               @ EOM(2)
	.byte	20                              @ Abbreviation Code
	.byte	52                              @ DW_TAG_variable
	.byte	0                               @ DW_CHILDREN_no
	.byte	2                               @ DW_AT_location
	.byte	24                              @ DW_FORM_exprloc
	.byte	3                               @ DW_AT_name
	.byte	14                              @ DW_FORM_strp
	.byte	58                              @ DW_AT_decl_file
	.byte	11                              @ DW_FORM_data1
	.byte	59                              @ DW_AT_decl_line
	.byte	5                               @ DW_FORM_data2
	.byte	73                              @ DW_AT_type
	.byte	19                              @ DW_FORM_ref4
	.byte	0                               @ EOM(1)
	.byte	0                               @ EOM(2)
	.byte	21                              @ Abbreviation Code
	.byte	5                               @ DW_TAG_formal_parameter
	.byte	0                               @ DW_CHILDREN_no
	.byte	2                               @ DW_AT_location
	.byte	24                              @ DW_FORM_exprloc
	.byte	3                               @ DW_AT_name
	.byte	14                              @ DW_FORM_strp
	.byte	58                              @ DW_AT_decl_file
	.byte	11                              @ DW_FORM_data1
	.byte	59                              @ DW_AT_decl_line
	.byte	5                               @ DW_FORM_data2
	.byte	73                              @ DW_AT_type
	.byte	19                              @ DW_FORM_ref4
	.byte	0                               @ EOM(1)
	.byte	0                               @ EOM(2)
	.byte	22                              @ Abbreviation Code
	.byte	46                              @ DW_TAG_subprogram
	.byte	1                               @ DW_CHILDREN_yes
	.byte	17                              @ DW_AT_low_pc
	.byte	1                               @ DW_FORM_addr
	.byte	18                              @ DW_AT_high_pc
	.byte	6                               @ DW_FORM_data4
	.byte	64                              @ DW_AT_frame_base
	.byte	24                              @ DW_FORM_exprloc
	.byte	3                               @ DW_AT_name
	.byte	14                              @ DW_FORM_strp
	.byte	58                              @ DW_AT_decl_file
	.byte	11                              @ DW_FORM_data1
	.byte	59                              @ DW_AT_decl_line
	.byte	5                               @ DW_FORM_data2
	.byte	39                              @ DW_AT_prototyped
	.byte	25                              @ DW_FORM_flag_present
	.byte	63                              @ DW_AT_external
	.byte	25                              @ DW_FORM_flag_present
	.byte	0                               @ EOM(1)
	.byte	0                               @ EOM(2)
	.byte	23                              @ Abbreviation Code
	.byte	46                              @ DW_TAG_subprogram
	.byte	0                               @ DW_CHILDREN_no
	.byte	17                              @ DW_AT_low_pc
	.byte	1                               @ DW_FORM_addr
	.byte	18                              @ DW_AT_high_pc
	.byte	6                               @ DW_FORM_data4
	.byte	64                              @ DW_AT_frame_base
	.byte	24                              @ DW_FORM_exprloc
	.byte	3                               @ DW_AT_name
	.byte	14                              @ DW_FORM_strp
	.byte	58                              @ DW_AT_decl_file
	.byte	11                              @ DW_FORM_data1
	.byte	59                              @ DW_AT_decl_line
	.byte	5                               @ DW_FORM_data2
	.byte	39                              @ DW_AT_prototyped
	.byte	25                              @ DW_FORM_flag_present
	.byte	73                              @ DW_AT_type
	.byte	19                              @ DW_FORM_ref4
	.byte	63                              @ DW_AT_external
	.byte	25                              @ DW_FORM_flag_present
	.byte	0                               @ EOM(1)
	.byte	0                               @ EOM(2)
	.byte	24                              @ Abbreviation Code
	.byte	46                              @ DW_TAG_subprogram
	.byte	0                               @ DW_CHILDREN_no
	.byte	17                              @ DW_AT_low_pc
	.byte	1                               @ DW_FORM_addr
	.byte	18                              @ DW_AT_high_pc
	.byte	6                               @ DW_FORM_data4
	.byte	64                              @ DW_AT_frame_base
	.byte	24                              @ DW_FORM_exprloc
	.byte	3                               @ DW_AT_name
	.byte	14                              @ DW_FORM_strp
	.byte	58                              @ DW_AT_decl_file
	.byte	11                              @ DW_FORM_data1
	.byte	59                              @ DW_AT_decl_line
	.byte	5                               @ DW_FORM_data2
	.byte	39                              @ DW_AT_prototyped
	.byte	25                              @ DW_FORM_flag_present
	.byte	63                              @ DW_AT_external
	.byte	25                              @ DW_FORM_flag_present
	.byte	0                               @ EOM(1)
	.byte	0                               @ EOM(2)
	.byte	0                               @ EOM(3)
	.section	.debug_info,"",%progbits
.Lcu_begin0:
	.long	.Ldebug_info_end0-.Ldebug_info_start0 @ Length of Unit
.Ldebug_info_start0:
	.short	4                               @ DWARF version number
	.long	.debug_abbrev                   @ Offset Into Abbrev. Section
	.byte	4                               @ Address Size (in bytes)
	.byte	1                               @ Abbrev [1] 0xb:0x2ea DW_TAG_compile_unit
	.long	.Linfo_string0                  @ DW_AT_producer
	.short	12                              @ DW_AT_language
	.long	.Linfo_string1                  @ DW_AT_name
	.long	.Lline_table_start0             @ DW_AT_stmt_list
	.long	.Linfo_string2                  @ DW_AT_comp_dir
	.long	0                               @ DW_AT_low_pc
	.long	.Ldebug_ranges0                 @ DW_AT_ranges
	.byte	2                               @ Abbrev [2] 0x26:0xc DW_TAG_variable
	.long	.Linfo_string3                  @ DW_AT_name
	.long	50                              @ DW_AT_type
	.byte	2                               @ DW_AT_decl_file
	.byte	95                              @ DW_AT_decl_line
	.byte	8                               @ DW_AT_const_value
	.byte	3                               @ Abbrev [3] 0x32:0x5 DW_TAG_const_type
	.long	55                              @ DW_AT_type
	.byte	4                               @ Abbrev [4] 0x37:0xb DW_TAG_typedef
	.long	66                              @ DW_AT_type
	.long	.Linfo_string5                  @ DW_AT_name
	.byte	1                               @ DW_AT_decl_file
	.byte	71                              @ DW_AT_decl_line
	.byte	5                               @ Abbrev [5] 0x42:0x7 DW_TAG_base_type
	.long	.Linfo_string4                  @ DW_AT_name
	.byte	7                               @ DW_AT_encoding
	.byte	4                               @ DW_AT_byte_size
	.byte	6                               @ Abbrev [6] 0x49:0x11 DW_TAG_variable
	.long	.Linfo_string6                  @ DW_AT_name
	.long	90                              @ DW_AT_type
	.byte	2                               @ DW_AT_decl_file
	.byte	98                              @ DW_AT_decl_line
	.byte	5                               @ DW_AT_location
	.byte	3
	.long	xStart
	.byte	4                               @ Abbrev [4] 0x5a:0xb DW_TAG_typedef
	.long	101                             @ DW_AT_type
	.long	.Linfo_string10                 @ DW_AT_name
	.byte	2                               @ DW_AT_decl_file
	.byte	73                              @ DW_AT_decl_line
	.byte	7                               @ Abbrev [7] 0x65:0x21 DW_TAG_structure_type
	.long	.Linfo_string9                  @ DW_AT_name
	.byte	8                               @ DW_AT_byte_size
	.byte	2                               @ DW_AT_decl_file
	.byte	69                              @ DW_AT_decl_line
	.byte	8                               @ Abbrev [8] 0x6d:0xc DW_TAG_member
	.long	.Linfo_string7                  @ DW_AT_name
	.long	134                             @ DW_AT_type
	.byte	2                               @ DW_AT_decl_file
	.byte	71                              @ DW_AT_decl_line
	.byte	0                               @ DW_AT_data_member_location
	.byte	8                               @ Abbrev [8] 0x79:0xc DW_TAG_member
	.long	.Linfo_string8                  @ DW_AT_name
	.long	55                              @ DW_AT_type
	.byte	2                               @ DW_AT_decl_file
	.byte	72                              @ DW_AT_decl_line
	.byte	4                               @ DW_AT_data_member_location
	.byte	0                               @ End Of Children Mark
	.byte	9                               @ Abbrev [9] 0x86:0x5 DW_TAG_pointer_type
	.long	101                             @ DW_AT_type
	.byte	6                               @ Abbrev [6] 0x8b:0x11 DW_TAG_variable
	.long	.Linfo_string11                 @ DW_AT_name
	.long	156                             @ DW_AT_type
	.byte	2                               @ DW_AT_decl_file
	.byte	98                              @ DW_AT_decl_line
	.byte	5                               @ DW_AT_location
	.byte	3
	.long	pxEnd
	.byte	9                               @ Abbrev [9] 0x9c:0x5 DW_TAG_pointer_type
	.long	90                              @ DW_AT_type
	.byte	6                               @ Abbrev [6] 0xa1:0x11 DW_TAG_variable
	.long	.Linfo_string12                 @ DW_AT_name
	.long	55                              @ DW_AT_type
	.byte	2                               @ DW_AT_decl_file
	.byte	109                             @ DW_AT_decl_line
	.byte	5                               @ DW_AT_location
	.byte	3
	.long	xBlockAllocatedBit
	.byte	6                               @ Abbrev [6] 0xb2:0x11 DW_TAG_variable
	.long	.Linfo_string13                 @ DW_AT_name
	.long	55                              @ DW_AT_type
	.byte	2                               @ DW_AT_decl_file
	.byte	102                             @ DW_AT_decl_line
	.byte	5                               @ DW_AT_location
	.byte	3
	.long	xFreeBytesRemaining
	.byte	6                               @ Abbrev [6] 0xc3:0x11 DW_TAG_variable
	.long	.Linfo_string14                 @ DW_AT_name
	.long	55                              @ DW_AT_type
	.byte	2                               @ DW_AT_decl_file
	.byte	103                             @ DW_AT_decl_line
	.byte	5                               @ DW_AT_location
	.byte	3
	.long	xMinimumEverFreeBytesRemaining
	.byte	10                              @ Abbrev [10] 0xd4:0x1 DW_TAG_pointer_type
	.byte	9                               @ Abbrev [9] 0xd5:0x5 DW_TAG_pointer_type
	.long	218                             @ DW_AT_type
	.byte	4                               @ Abbrev [4] 0xda:0xb DW_TAG_typedef
	.long	229                             @ DW_AT_type
	.long	.Linfo_string16                 @ DW_AT_name
	.byte	3                               @ DW_AT_decl_file
	.byte	62                              @ DW_AT_decl_line
	.byte	5                               @ Abbrev [5] 0xe5:0x7 DW_TAG_base_type
	.long	.Linfo_string15                 @ DW_AT_name
	.byte	8                               @ DW_AT_encoding
	.byte	1                               @ DW_AT_byte_size
	.byte	11                              @ Abbrev [11] 0xec:0x14 DW_TAG_subprogram
	.long	.Linfo_string17                 @ DW_AT_name
	.byte	4                               @ DW_AT_decl_file
	.byte	195                             @ DW_AT_decl_line
                                        @ DW_AT_prototyped
	.byte	1                               @ DW_AT_inline
	.byte	12                              @ Abbrev [12] 0xf4:0xb DW_TAG_variable
	.long	.Linfo_string18                 @ DW_AT_name
	.byte	4                               @ DW_AT_decl_file
	.byte	197                             @ DW_AT_decl_line
	.long	256                             @ DW_AT_type
	.byte	0                               @ End Of Children Mark
	.byte	4                               @ Abbrev [4] 0x100:0xb DW_TAG_typedef
	.long	66                              @ DW_AT_type
	.long	.Linfo_string19                 @ DW_AT_name
	.byte	3                               @ DW_AT_decl_file
	.byte	64                              @ DW_AT_decl_line
	.byte	13                              @ Abbrev [13] 0x10b:0xa8 DW_TAG_subprogram
	.long	.Lfunc_begin0                   @ DW_AT_low_pc
	.long	.Lfunc_end0-.Lfunc_begin0       @ DW_AT_high_pc
	.byte	1                               @ DW_AT_frame_base
	.byte	93
	.long	.Linfo_string20                 @ DW_AT_name
	.byte	2                               @ DW_AT_decl_file
	.byte	113                             @ DW_AT_decl_line
                                        @ DW_AT_prototyped
	.long	212                             @ DW_AT_type
                                        @ DW_AT_external
	.byte	14                              @ Abbrev [14] 0x120:0xe DW_TAG_formal_parameter
	.byte	2                               @ DW_AT_location
	.byte	145
	.byte	24
	.long	.Linfo_string27                 @ DW_AT_name
	.byte	2                               @ DW_AT_decl_file
	.byte	113                             @ DW_AT_decl_line
	.long	55                              @ DW_AT_type
	.byte	15                              @ Abbrev [15] 0x12e:0xe DW_TAG_variable
	.byte	2                               @ DW_AT_location
	.byte	145
	.byte	20
	.long	.Linfo_string28                 @ DW_AT_name
	.byte	2                               @ DW_AT_decl_file
	.byte	115                             @ DW_AT_decl_line
	.long	156                             @ DW_AT_type
	.byte	15                              @ Abbrev [15] 0x13c:0xe DW_TAG_variable
	.byte	2                               @ DW_AT_location
	.byte	145
	.byte	16
	.long	.Linfo_string29                 @ DW_AT_name
	.byte	2                               @ DW_AT_decl_file
	.byte	115                             @ DW_AT_decl_line
	.long	156                             @ DW_AT_type
	.byte	15                              @ Abbrev [15] 0x14a:0xe DW_TAG_variable
	.byte	2                               @ DW_AT_location
	.byte	145
	.byte	12
	.long	.Linfo_string30                 @ DW_AT_name
	.byte	2                               @ DW_AT_decl_file
	.byte	115                             @ DW_AT_decl_line
	.long	156                             @ DW_AT_type
	.byte	15                              @ Abbrev [15] 0x158:0xe DW_TAG_variable
	.byte	2                               @ DW_AT_location
	.byte	145
	.byte	8
	.long	.Linfo_string31                 @ DW_AT_name
	.byte	2                               @ DW_AT_decl_file
	.byte	116                             @ DW_AT_decl_line
	.long	212                             @ DW_AT_type
	.byte	16                              @ Abbrev [16] 0x166:0x19 DW_TAG_inlined_subroutine
	.long	236                             @ DW_AT_abstract_origin
	.long	.Ltmp13                         @ DW_AT_low_pc
	.long	.Ltmp14-.Ltmp13                 @ DW_AT_high_pc
	.byte	2                               @ DW_AT_call_file
	.byte	149                             @ DW_AT_call_line
	.byte	6                               @ DW_AT_call_column
	.byte	17                              @ Abbrev [17] 0x176:0x8 DW_TAG_variable
	.byte	2                               @ DW_AT_location
	.byte	145
	.byte	36
	.long	244                             @ DW_AT_abstract_origin
	.byte	0                               @ End Of Children Mark
	.byte	16                              @ Abbrev [16] 0x17f:0x19 DW_TAG_inlined_subroutine
	.long	236                             @ DW_AT_abstract_origin
	.long	.Ltmp32                         @ DW_AT_low_pc
	.long	.Ltmp33-.Ltmp32                 @ DW_AT_high_pc
	.byte	2                               @ DW_AT_call_file
	.byte	194                             @ DW_AT_call_line
	.byte	7                               @ DW_AT_call_column
	.byte	17                              @ Abbrev [17] 0x18f:0x8 DW_TAG_variable
	.byte	2                               @ DW_AT_location
	.byte	145
	.byte	32
	.long	244                             @ DW_AT_abstract_origin
	.byte	0                               @ End Of Children Mark
	.byte	18                              @ Abbrev [18] 0x198:0x1a DW_TAG_inlined_subroutine
	.long	236                             @ DW_AT_abstract_origin
	.long	.Ltmp46                         @ DW_AT_low_pc
	.long	.Ltmp47-.Ltmp46                 @ DW_AT_high_pc
	.byte	2                               @ DW_AT_call_file
	.short	258                             @ DW_AT_call_line
	.byte	2                               @ DW_AT_call_column
	.byte	17                              @ Abbrev [17] 0x1a9:0x8 DW_TAG_variable
	.byte	2                               @ DW_AT_location
	.byte	145
	.byte	28
	.long	244                             @ DW_AT_abstract_origin
	.byte	0                               @ End Of Children Mark
	.byte	0                               @ End Of Children Mark
	.byte	19                              @ Abbrev [19] 0x1b3:0x4f DW_TAG_subprogram
	.long	.Lfunc_begin1                   @ DW_AT_low_pc
	.long	.Lfunc_end1-.Lfunc_begin1       @ DW_AT_high_pc
	.byte	1                               @ DW_AT_frame_base
	.byte	93
	.long	.Linfo_string21                 @ DW_AT_name
	.byte	2                               @ DW_AT_decl_file
	.short	329                             @ DW_AT_decl_line
                                        @ DW_AT_prototyped
	.byte	20                              @ Abbrev [20] 0x1c5:0xf DW_TAG_variable
	.byte	2                               @ DW_AT_location
	.byte	145
	.byte	12
	.long	.Linfo_string32                 @ DW_AT_name
	.byte	2                               @ DW_AT_decl_file
	.short	331                             @ DW_AT_decl_line
	.long	156                             @ DW_AT_type
	.byte	20                              @ Abbrev [20] 0x1d4:0xf DW_TAG_variable
	.byte	2                               @ DW_AT_location
	.byte	145
	.byte	8
	.long	.Linfo_string33                 @ DW_AT_name
	.byte	2                               @ DW_AT_decl_file
	.short	332                             @ DW_AT_decl_line
	.long	213                             @ DW_AT_type
	.byte	20                              @ Abbrev [20] 0x1e3:0xf DW_TAG_variable
	.byte	2                               @ DW_AT_location
	.byte	145
	.byte	4
	.long	.Linfo_string34                 @ DW_AT_name
	.byte	2                               @ DW_AT_decl_file
	.short	333                             @ DW_AT_decl_line
	.long	55                              @ DW_AT_type
	.byte	20                              @ Abbrev [20] 0x1f2:0xf DW_TAG_variable
	.byte	2                               @ DW_AT_location
	.byte	145
	.byte	0
	.long	.Linfo_string35                 @ DW_AT_name
	.byte	2                               @ DW_AT_decl_file
	.short	334                             @ DW_AT_decl_line
	.long	55                              @ DW_AT_type
	.byte	0                               @ End Of Children Mark
	.byte	19                              @ Abbrev [19] 0x202:0x40 DW_TAG_subprogram
	.long	.Lfunc_begin2                   @ DW_AT_low_pc
	.long	.Lfunc_end2-.Lfunc_begin2       @ DW_AT_high_pc
	.byte	1                               @ DW_AT_frame_base
	.byte	93
	.long	.Linfo_string22                 @ DW_AT_name
	.byte	2                               @ DW_AT_decl_file
	.short	377                             @ DW_AT_decl_line
                                        @ DW_AT_prototyped
	.byte	21                              @ Abbrev [21] 0x214:0xf DW_TAG_formal_parameter
	.byte	2                               @ DW_AT_location
	.byte	145
	.byte	8
	.long	.Linfo_string36                 @ DW_AT_name
	.byte	2                               @ DW_AT_decl_file
	.short	377                             @ DW_AT_decl_line
	.long	156                             @ DW_AT_type
	.byte	20                              @ Abbrev [20] 0x223:0xf DW_TAG_variable
	.byte	2                               @ DW_AT_location
	.byte	145
	.byte	4
	.long	.Linfo_string37                 @ DW_AT_name
	.byte	2                               @ DW_AT_decl_file
	.short	379                             @ DW_AT_decl_line
	.long	156                             @ DW_AT_type
	.byte	20                              @ Abbrev [20] 0x232:0xf DW_TAG_variable
	.byte	2                               @ DW_AT_location
	.byte	145
	.byte	0
	.long	.Linfo_string38                 @ DW_AT_name
	.byte	2                               @ DW_AT_decl_file
	.short	380                             @ DW_AT_decl_line
	.long	213                             @ DW_AT_type
	.byte	0                               @ End Of Children Mark
	.byte	22                              @ Abbrev [22] 0x242:0x74 DW_TAG_subprogram
	.long	.Lfunc_begin3                   @ DW_AT_low_pc
	.long	.Lfunc_end3-.Lfunc_begin3       @ DW_AT_high_pc
	.byte	1                               @ DW_AT_frame_base
	.byte	93
	.long	.Linfo_string23                 @ DW_AT_name
	.byte	2                               @ DW_AT_decl_file
	.short	263                             @ DW_AT_decl_line
                                        @ DW_AT_prototyped
                                        @ DW_AT_external
	.byte	21                              @ Abbrev [21] 0x254:0xf DW_TAG_formal_parameter
	.byte	2                               @ DW_AT_location
	.byte	145
	.byte	12
	.long	.Linfo_string39                 @ DW_AT_name
	.byte	2                               @ DW_AT_decl_file
	.short	263                             @ DW_AT_decl_line
	.long	212                             @ DW_AT_type
	.byte	20                              @ Abbrev [20] 0x263:0xf DW_TAG_variable
	.byte	2                               @ DW_AT_location
	.byte	145
	.byte	8
	.long	.Linfo_string38                 @ DW_AT_name
	.byte	2                               @ DW_AT_decl_file
	.short	265                             @ DW_AT_decl_line
	.long	213                             @ DW_AT_type
	.byte	20                              @ Abbrev [20] 0x272:0xf DW_TAG_variable
	.byte	2                               @ DW_AT_location
	.byte	145
	.byte	4
	.long	.Linfo_string40                 @ DW_AT_name
	.byte	2                               @ DW_AT_decl_file
	.short	266                             @ DW_AT_decl_line
	.long	156                             @ DW_AT_type
	.byte	18                              @ Abbrev [18] 0x281:0x1a DW_TAG_inlined_subroutine
	.long	236                             @ DW_AT_abstract_origin
	.long	.Ltmp84                         @ DW_AT_low_pc
	.long	.Ltmp85-.Ltmp84                 @ DW_AT_high_pc
	.byte	2                               @ DW_AT_call_file
	.short	278                             @ DW_AT_call_line
	.byte	3                               @ DW_AT_call_column
	.byte	17                              @ Abbrev [17] 0x292:0x8 DW_TAG_variable
	.byte	2                               @ DW_AT_location
	.byte	145
	.byte	20
	.long	244                             @ DW_AT_abstract_origin
	.byte	0                               @ End Of Children Mark
	.byte	18                              @ Abbrev [18] 0x29b:0x1a DW_TAG_inlined_subroutine
	.long	236                             @ DW_AT_abstract_origin
	.long	.Ltmp89                         @ DW_AT_low_pc
	.long	.Ltmp90-.Ltmp89                 @ DW_AT_high_pc
	.byte	2                               @ DW_AT_call_file
	.short	279                             @ DW_AT_call_line
	.byte	3                               @ DW_AT_call_column
	.byte	17                              @ Abbrev [17] 0x2ac:0x8 DW_TAG_variable
	.byte	2                               @ DW_AT_location
	.byte	145
	.byte	16
	.long	244                             @ DW_AT_abstract_origin
	.byte	0                               @ End Of Children Mark
	.byte	0                               @ End Of Children Mark
	.byte	23                              @ Abbrev [23] 0x2b6:0x16 DW_TAG_subprogram
	.long	.Lfunc_begin4                   @ DW_AT_low_pc
	.long	.Lfunc_end4-.Lfunc_begin4       @ DW_AT_high_pc
	.byte	1                               @ DW_AT_frame_base
	.byte	93
	.long	.Linfo_string24                 @ DW_AT_name
	.byte	2                               @ DW_AT_decl_file
	.short	311                             @ DW_AT_decl_line
                                        @ DW_AT_prototyped
	.long	55                              @ DW_AT_type
                                        @ DW_AT_external
	.byte	23                              @ Abbrev [23] 0x2cc:0x16 DW_TAG_subprogram
	.long	.Lfunc_begin5                   @ DW_AT_low_pc
	.long	.Lfunc_end5-.Lfunc_begin5       @ DW_AT_high_pc
	.byte	1                               @ DW_AT_frame_base
	.byte	93
	.long	.Linfo_string25                 @ DW_AT_name
	.byte	2                               @ DW_AT_decl_file
	.short	317                             @ DW_AT_decl_line
                                        @ DW_AT_prototyped
	.long	55                              @ DW_AT_type
                                        @ DW_AT_external
	.byte	24                              @ Abbrev [24] 0x2e2:0x12 DW_TAG_subprogram
	.long	.Lfunc_begin6                   @ DW_AT_low_pc
	.long	.Lfunc_end6-.Lfunc_begin6       @ DW_AT_high_pc
	.byte	1                               @ DW_AT_frame_base
	.byte	93
	.long	.Linfo_string26                 @ DW_AT_name
	.byte	2                               @ DW_AT_decl_file
	.short	323                             @ DW_AT_decl_line
                                        @ DW_AT_prototyped
                                        @ DW_AT_external
	.byte	0                               @ End Of Children Mark
.Ldebug_info_end0:
	.section	.debug_ranges,"",%progbits
.Ldebug_ranges0:
	.long	.Lfunc_begin0
	.long	.Lfunc_end0
	.long	.Lfunc_begin1
	.long	.Lfunc_end1
	.long	.Lfunc_begin2
	.long	.Lfunc_end2
	.long	.Lfunc_begin3
	.long	.Lfunc_end3
	.long	.Lfunc_begin4
	.long	.Lfunc_end4
	.long	.Lfunc_begin5
	.long	.Lfunc_end5
	.long	.Lfunc_begin6
	.long	.Lfunc_end6
	.long	0
	.long	0
	.section	.debug_str,"MS",%progbits,1
.Linfo_string0:
	.asciz	"Component: Arm Compiler for Embedded 6.21 Tool: armclang [5ec1fd00]" @ string offset=0
.Linfo_string1:
	.asciz	"../ThirdParty/FreeRTOS/Source/portable/MemMang\\heap_4.c" @ string offset=68
.Linfo_string2:
	.asciz	"D:\\ikingtec\\Robot\\ODrive\\Firmware\\MDK-ARM" @ string offset=124
.Linfo_string3:
	.asciz	"xHeapStructSize"               @ string offset=166
.Linfo_string4:
	.asciz	"unsigned int"                  @ string offset=182
.Linfo_string5:
	.asciz	"size_t"                        @ string offset=195
.Linfo_string6:
	.asciz	"xStart"                        @ string offset=202
.Linfo_string7:
	.asciz	"pxNextFreeBlock"               @ string offset=209
.Linfo_string8:
	.asciz	"xBlockSize"                    @ string offset=225
.Linfo_string9:
	.asciz	"A_BLOCK_LINK"                  @ string offset=236
.Linfo_string10:
	.asciz	"BlockLink_t"                   @ string offset=249
.Linfo_string11:
	.asciz	"pxEnd"                         @ string offset=261
.Linfo_string12:
	.asciz	"xBlockAllocatedBit"            @ string offset=267
.Linfo_string13:
	.asciz	"xFreeBytesRemaining"           @ string offset=286
.Linfo_string14:
	.asciz	"xMinimumEverFreeBytesRemaining" @ string offset=306
.Linfo_string15:
	.asciz	"unsigned char"                 @ string offset=337
.Linfo_string16:
	.asciz	"uint8_t"                       @ string offset=351
.Linfo_string17:
	.asciz	"vPortRaiseBASEPRI"             @ string offset=359
.Linfo_string18:
	.asciz	"ulNewBASEPRI"                  @ string offset=377
.Linfo_string19:
	.asciz	"uint32_t"                      @ string offset=390
.Linfo_string20:
	.asciz	"pvPortMalloc"                  @ string offset=399
.Linfo_string21:
	.asciz	"prvHeapInit"                   @ string offset=412
.Linfo_string22:
	.asciz	"prvInsertBlockIntoFreeList"    @ string offset=424
.Linfo_string23:
	.asciz	"vPortFree"                     @ string offset=451
.Linfo_string24:
	.asciz	"xPortGetFreeHeapSize"          @ string offset=461
.Linfo_string25:
	.asciz	"xPortGetMinimumEverFreeHeapSize" @ string offset=482
.Linfo_string26:
	.asciz	"vPortInitialiseBlocks"         @ string offset=514
.Linfo_string27:
	.asciz	"xWantedSize"                   @ string offset=536
.Linfo_string28:
	.asciz	"pxBlock"                       @ string offset=548
.Linfo_string29:
	.asciz	"pxPreviousBlock"               @ string offset=556
.Linfo_string30:
	.asciz	"pxNewBlockLink"                @ string offset=572
.Linfo_string31:
	.asciz	"pvReturn"                      @ string offset=587
.Linfo_string32:
	.asciz	"pxFirstFreeBlock"              @ string offset=596
.Linfo_string33:
	.asciz	"pucAlignedHeap"                @ string offset=613
.Linfo_string34:
	.asciz	"uxAddress"                     @ string offset=628
.Linfo_string35:
	.asciz	"xTotalHeapSize"                @ string offset=638
.Linfo_string36:
	.asciz	"pxBlockToInsert"               @ string offset=653
.Linfo_string37:
	.asciz	"pxIterator"                    @ string offset=669
.Linfo_string38:
	.asciz	"puc"                           @ string offset=680
.Linfo_string39:
	.asciz	"pv"                            @ string offset=684
.Linfo_string40:
	.asciz	"pxLink"                        @ string offset=687
	.ident	"Component: Arm Compiler for Embedded 6.21 Tool: armclang [5ec1fd00]"
	.section	".note.GNU-stack","",%progbits
	.eabi_attribute	30, 6	@ Tag_ABI_optimization_goals
	.ARM_attribute	16, 1	@ Tag_AV_eba
	.section	.debug_line,"",%progbits
.Lline_table_start0:
