	.text
	.syntax unified
	.eabi_attribute	67, "2.09"	@ Tag_conformance
	.cpu	cortex-m4
	.eabi_attribute	6, 13	@ Tag_CPU_arch
	.eabi_attribute	7, 77	@ Tag_CPU_arch_profile
	.eabi_attribute	8, 0	@ Tag_ARM_ISA_use
	.eabi_attribute	9, 2	@ Tag_THUMB_ISA_use
	.fpu	fpv4-sp-d16
	.eabi_attribute	27, 1	@ Tag_ABI_HardFP_use
	.eabi_attribute	36, 1	@ Tag_FP_HP_extension
	.eabi_attribute	34, 1	@ Tag_CPU_unaligned_access
	.eabi_attribute	17, 1	@ Tag_ABI_PCS_GOT_use
	.eabi_attribute	20, 2	@ Tag_ABI_FP_denormal
	.eabi_attribute	21, 0	@ Tag_ABI_FP_exceptions
	.eabi_attribute	23, 1	@ Tag_ABI_FP_number_model
	.eabi_attribute	24, 1	@ Tag_ABI_align_needed
	.eabi_attribute	25, 1	@ Tag_ABI_align_preserved
	.eabi_attribute	28, 1	@ Tag_ABI_VFP_args
	.eabi_attribute	38, 1	@ Tag_ABI_FP_16bit_format
	.eabi_attribute	18, 2	@ Tag_ABI_PCS_wchar_t
	.eabi_attribute	26, 1	@ Tag_ABI_enum_size
	.eabi_attribute	14, 0	@ Tag_ABI_PCS_R9_use
	.file	"stm32f4xx_it.c"
	.file	1 "D:\\Embed\\MDK\\MDK\\ARM\\ARMCompilerV621\\Bin\\..\\include" "stdint.h"
	.file	2 "D:\\ikingtec\\Robot\\ODrive\\Firmware\\MDK-ARM" "../ThirdParty/CMSIS/Device/ST/STM32F4xx/Include/stm32f405xx.h"
	.file	3 "D:\\ikingtec\\Robot\\ODrive\\Firmware\\MDK-ARM" "../ThirdParty/CMSIS/Include\\core_cm4.h"
	.section	.text.NMI_Handler,"ax",%progbits
	.hidden	NMI_Handler                     @ -- Begin function NMI_Handler
	.globl	NMI_Handler
	.p2align	2
	.type	NMI_Handler,%function
	.code	16                              @ @NMI_Handler
	.thumb_func
NMI_Handler:
.Lfunc_begin0:
	.fnstart
	.cfi_sections .debug_frame
	.cfi_startproc
@ %bb.0:
	.file	4 "D:\\ikingtec\\Robot\\ODrive\\Firmware\\MDK-ARM" "../Board/v3/Src/stm32f4xx_it.c"
	.loc	4 79 1 prologue_end             @ ../Board/v3/Src/stm32f4xx_it.c:79:1
	bx	lr
.Ltmp0:
.Lfunc_end0:
	.size	NMI_Handler, .Lfunc_end0-NMI_Handler
	.cfi_endproc
	.cantunwind
	.fnend
                                        @ -- End function
	.section	.text.get_regs,"axR",%progbits
	.hidden	get_regs                        @ -- Begin function get_regs
	.globl	get_regs
	.p2align	2
	.type	get_regs,%function
	.code	16                              @ @get_regs
	.thumb_func
get_regs:
__tagsym$$used.0:
.Lfunc_begin1:
	.loc	4 82 0                          @ ../Board/v3/Src/stm32f4xx_it.c:82:0
	.fnstart
	.cfi_startproc
@ %bb.0:
	.pad	#56
	sub	sp, #56
	.cfi_def_cfa_offset 56
	str	r0, [sp, #52]
	movs	r1, #68
	movt	r1, #16385
.Ltmp1:
	.loc	4 83 14 prologue_end            @ ../Board/v3/Src/stm32f4xx_it.c:83:14
	ldr	r0, [r1]
	bic	r0, r0, #49152
	str	r0, [r1]
	movw	r1, #1092
	movt	r1, #16385
	.loc	4 84 14                         @ ../Board/v3/Src/stm32f4xx_it.c:84:14
	ldr	r0, [r1]
	bic	r0, r0, #49152
	str	r0, [r1]
	.loc	4 86 47                         @ ../Board/v3/Src/stm32f4xx_it.c:86:47
	ldr	r0, [sp, #52]
	ldr	r0, [r0]
	.loc	4 86 18 is_stmt 0               @ ../Board/v3/Src/stm32f4xx_it.c:86:18
	str	r0, [sp, #48]
	.loc	4 87 47 is_stmt 1               @ ../Board/v3/Src/stm32f4xx_it.c:87:47
	ldr	r0, [sp, #52]
	ldr	r0, [r0, #4]
	.loc	4 87 18 is_stmt 0               @ ../Board/v3/Src/stm32f4xx_it.c:87:18
	str	r0, [sp, #44]
	.loc	4 88 47 is_stmt 1               @ ../Board/v3/Src/stm32f4xx_it.c:88:47
	ldr	r0, [sp, #52]
	ldr	r0, [r0, #8]
	.loc	4 88 18 is_stmt 0               @ ../Board/v3/Src/stm32f4xx_it.c:88:18
	str	r0, [sp, #40]
	.loc	4 89 47 is_stmt 1               @ ../Board/v3/Src/stm32f4xx_it.c:89:47
	ldr	r0, [sp, #52]
	ldr	r0, [r0, #12]
	.loc	4 89 18 is_stmt 0               @ ../Board/v3/Src/stm32f4xx_it.c:89:18
	str	r0, [sp, #36]
	.loc	4 91 48 is_stmt 1               @ ../Board/v3/Src/stm32f4xx_it.c:91:48
	ldr	r0, [sp, #52]
	ldr	r0, [r0, #16]
	.loc	4 91 18 is_stmt 0               @ ../Board/v3/Src/stm32f4xx_it.c:91:18
	str	r0, [sp, #32]
	.loc	4 92 47 is_stmt 1               @ ../Board/v3/Src/stm32f4xx_it.c:92:47
	ldr	r0, [sp, #52]
	ldr	r0, [r0, #20]
	.loc	4 92 18 is_stmt 0               @ ../Board/v3/Src/stm32f4xx_it.c:92:18
	str	r0, [sp, #28]
	.loc	4 93 47 is_stmt 1               @ ../Board/v3/Src/stm32f4xx_it.c:93:47
	ldr	r0, [sp, #52]
	ldr	r0, [r0, #24]
	.loc	4 93 18 is_stmt 0               @ ../Board/v3/Src/stm32f4xx_it.c:93:18
	str	r0, [sp, #24]
	.loc	4 94 48 is_stmt 1               @ ../Board/v3/Src/stm32f4xx_it.c:94:48
	ldr	r0, [sp, #52]
	ldr	r0, [r0, #28]
	.loc	4 94 18 is_stmt 0               @ ../Board/v3/Src/stm32f4xx_it.c:94:18
	str	r0, [sp, #20]
	movw	r0, #60712
	movt	r0, #57344
	.loc	4 96 61 is_stmt 1               @ ../Board/v3/Src/stm32f4xx_it.c:96:61
	ldr	r0, [r0]
	.loc	4 96 18 is_stmt 0               @ ../Board/v3/Src/stm32f4xx_it.c:96:18
	str	r0, [sp, #16]
	movw	r0, #60808
	movt	r0, #57344
	.loc	4 97 62 is_stmt 1               @ ../Board/v3/Src/stm32f4xx_it.c:97:62
	ldr	r0, [r0]
	.loc	4 97 18 is_stmt 0               @ ../Board/v3/Src/stm32f4xx_it.c:97:18
	str	r0, [sp, #12]
	movw	r0, #61236
	movt	r0, #57344
	.loc	4 98 62 is_stmt 1               @ ../Board/v3/Src/stm32f4xx_it.c:98:62
	ldr	r0, [r0]
	.loc	4 98 18 is_stmt 0               @ ../Board/v3/Src/stm32f4xx_it.c:98:18
	str	r0, [sp, #8]
	.loc	4 100 63 is_stmt 1              @ ../Board/v3/Src/stm32f4xx_it.c:100:63
	ldr	r0, [sp, #16]
	.loc	4 100 53 is_stmt 0              @ ../Board/v3/Src/stm32f4xx_it.c:100:53
	ubfx	r0, r0, #9, #1
	.loc	4 100 17                        @ ../Board/v3/Src/stm32f4xx_it.c:100:17
	strb.w	r0, [sp, #7]
	.loc	4 101 61 is_stmt 1              @ ../Board/v3/Src/stm32f4xx_it.c:101:61
	ldr	r0, [sp, #16]
	.loc	4 101 51 is_stmt 0              @ ../Board/v3/Src/stm32f4xx_it.c:101:51
	ubfx	r0, r0, #8, #1
	.loc	4 101 17                        @ ../Board/v3/Src/stm32f4xx_it.c:101:17
	strb.w	r0, [sp, #6]
	movs	r0, #1
	.loc	4 103 16 is_stmt 1              @ ../Board/v3/Src/stm32f4xx_it.c:103:16
	str	r0, [sp]
	.loc	4 104 3                         @ ../Board/v3/Src/stm32f4xx_it.c:104:3
	b	.LBB1_1
.LBB1_1:                                @ =>This Inner Loop Header: Depth=1
	.loc	4 104 9 is_stmt 0               @ ../Board/v3/Src/stm32f4xx_it.c:104:9
	ldr	r0, [sp]
	.loc	4 104 3                         @ ../Board/v3/Src/stm32f4xx_it.c:104:3
	cbz	r0, .LBB1_3
	b	.LBB1_2
.LBB1_2:                                @   in Loop: Header=BB1_1 Depth=1
	b	.LBB1_1
.LBB1_3:
	.loc	4 105 1 epilogue_begin is_stmt 1 @ ../Board/v3/Src/stm32f4xx_it.c:105:1
	add	sp, #56
	bx	lr
.Ltmp2:
.Lfunc_end1:
	.size	get_regs, .Lfunc_end1-get_regs
	.cfi_endproc
	.cantunwind
	.fnend
                                        @ -- End function
	.section	.text.HardFault_Handler,"ax",%progbits
	.hidden	HardFault_Handler               @ -- Begin function HardFault_Handler
	.globl	HardFault_Handler
	.p2align	2
	.type	HardFault_Handler,%function
	.code	16                              @ @HardFault_Handler
	.thumb_func
HardFault_Handler:
.Lfunc_begin2:
	.fnstart
	.cfi_startproc
@ %bb.0:
	.loc	4 113 3 prologue_end            @ ../Board/v3/Src/stm32f4xx_it.c:113:3
	@APP
	tst.w	lr, #4
	ite	eq
	mrseq	r0, msp
	mrsne	r0, psp
	b	get_regs

	@NO_APP
.Ltmp3:
.Lfunc_end2:
	.size	HardFault_Handler, .Lfunc_end2-HardFault_Handler
	.cfi_endproc
	.cantunwind
	.fnend
                                        @ -- End function
	.section	.text.MemManage_Handler,"ax",%progbits
	.hidden	MemManage_Handler               @ -- Begin function MemManage_Handler
	.globl	MemManage_Handler
	.p2align	2
	.type	MemManage_Handler,%function
	.code	16                              @ @MemManage_Handler
	.thumb_func
MemManage_Handler:
.Lfunc_begin3:
	.fnstart
	.cfi_startproc
@ %bb.0:
	.loc	4 130 3 prologue_end            @ ../Board/v3/Src/stm32f4xx_it.c:130:3
	b	.LBB3_1
.LBB3_1:                                @ =>This Inner Loop Header: Depth=1
	.loc	4 0 3 is_stmt 0                 @ ../Board/v3/Src/stm32f4xx_it.c:0:3
	movs	r1, #68
	movt	r1, #16385
.Ltmp4:
	.loc	4 133 16 is_stmt 1              @ ../Board/v3/Src/stm32f4xx_it.c:133:16
	ldr	r0, [r1]
	bic	r0, r0, #49152
	str	r0, [r1]
	movw	r1, #1092
	movt	r1, #16385
	.loc	4 134 16                        @ ../Board/v3/Src/stm32f4xx_it.c:134:16
	ldr	r0, [r1]
	bic	r0, r0, #49152
	str	r0, [r1]
.Ltmp5:
	.loc	4 130 3                         @ ../Board/v3/Src/stm32f4xx_it.c:130:3
	b	.LBB3_1
.Ltmp6:
.Lfunc_end3:
	.size	MemManage_Handler, .Lfunc_end3-MemManage_Handler
	.cfi_endproc
	.cantunwind
	.fnend
                                        @ -- End function
	.section	.text.BusFault_Handler,"ax",%progbits
	.hidden	BusFault_Handler                @ -- Begin function BusFault_Handler
	.globl	BusFault_Handler
	.p2align	2
	.type	BusFault_Handler,%function
	.code	16                              @ @BusFault_Handler
	.thumb_func
BusFault_Handler:
.Lfunc_begin4:
	.fnstart
	.cfi_startproc
@ %bb.0:
	.loc	4 150 3 prologue_end            @ ../Board/v3/Src/stm32f4xx_it.c:150:3
	b	.LBB4_1
.LBB4_1:                                @ =>This Inner Loop Header: Depth=1
	.loc	4 0 3 is_stmt 0                 @ ../Board/v3/Src/stm32f4xx_it.c:0:3
	movs	r1, #68
	movt	r1, #16385
.Ltmp7:
	.loc	4 153 16 is_stmt 1              @ ../Board/v3/Src/stm32f4xx_it.c:153:16
	ldr	r0, [r1]
	bic	r0, r0, #49152
	str	r0, [r1]
	movw	r1, #1092
	movt	r1, #16385
	.loc	4 154 16                        @ ../Board/v3/Src/stm32f4xx_it.c:154:16
	ldr	r0, [r1]
	bic	r0, r0, #49152
	str	r0, [r1]
.Ltmp8:
	.loc	4 150 3                         @ ../Board/v3/Src/stm32f4xx_it.c:150:3
	b	.LBB4_1
.Ltmp9:
.Lfunc_end4:
	.size	BusFault_Handler, .Lfunc_end4-BusFault_Handler
	.cfi_endproc
	.cantunwind
	.fnend
                                        @ -- End function
	.section	.text.UsageFault_Handler,"ax",%progbits
	.hidden	UsageFault_Handler              @ -- Begin function UsageFault_Handler
	.globl	UsageFault_Handler
	.p2align	2
	.type	UsageFault_Handler,%function
	.code	16                              @ @UsageFault_Handler
	.thumb_func
UsageFault_Handler:
.Lfunc_begin5:
	.fnstart
	.cfi_startproc
@ %bb.0:
	.loc	4 170 3 prologue_end            @ ../Board/v3/Src/stm32f4xx_it.c:170:3
	b	.LBB5_1
.LBB5_1:                                @ =>This Inner Loop Header: Depth=1
	.loc	4 0 3 is_stmt 0                 @ ../Board/v3/Src/stm32f4xx_it.c:0:3
	movs	r1, #68
	movt	r1, #16385
.Ltmp10:
	.loc	4 173 16 is_stmt 1              @ ../Board/v3/Src/stm32f4xx_it.c:173:16
	ldr	r0, [r1]
	bic	r0, r0, #49152
	str	r0, [r1]
	movw	r1, #1092
	movt	r1, #16385
	.loc	4 174 16                        @ ../Board/v3/Src/stm32f4xx_it.c:174:16
	ldr	r0, [r1]
	bic	r0, r0, #49152
	str	r0, [r1]
.Ltmp11:
	.loc	4 170 3                         @ ../Board/v3/Src/stm32f4xx_it.c:170:3
	b	.LBB5_1
.Ltmp12:
.Lfunc_end5:
	.size	UsageFault_Handler, .Lfunc_end5-UsageFault_Handler
	.cfi_endproc
	.cantunwind
	.fnend
                                        @ -- End function
	.section	.text.DebugMon_Handler,"ax",%progbits
	.hidden	DebugMon_Handler                @ -- Begin function DebugMon_Handler
	.globl	DebugMon_Handler
	.p2align	2
	.type	DebugMon_Handler,%function
	.code	16                              @ @DebugMon_Handler
	.thumb_func
DebugMon_Handler:
.Lfunc_begin6:
	.fnstart
	.cfi_startproc
@ %bb.0:
	.loc	4 193 1 prologue_end            @ ../Board/v3/Src/stm32f4xx_it.c:193:1
	bx	lr
.Ltmp13:
.Lfunc_end6:
	.size	DebugMon_Handler, .Lfunc_end6-DebugMon_Handler
	.cfi_endproc
	.cantunwind
	.fnend
                                        @ -- End function
	.section	.text.SysTick_Handler,"ax",%progbits
	.hidden	SysTick_Handler                 @ -- Begin function SysTick_Handler
	.globl	SysTick_Handler
	.p2align	2
	.type	SysTick_Handler,%function
	.code	16                              @ @SysTick_Handler
	.thumb_func
SysTick_Handler:
.Lfunc_begin7:
	.loc	4 199 0                         @ ../Board/v3/Src/stm32f4xx_it.c:199:0
	.fnstart
	.cfi_startproc
@ %bb.0:
	.save	{r7, lr}
	push	{r7, lr}
	.cfi_def_cfa_offset 8
	.cfi_offset lr, -4
	.cfi_offset r7, -8
.Ltmp14:
	.loc	4 203 3 prologue_end            @ ../Board/v3/Src/stm32f4xx_it.c:203:3
	bl	osSystickHandler
	.loc	4 207 1 epilogue_begin          @ ../Board/v3/Src/stm32f4xx_it.c:207:1
	pop	{r7, pc}
.Ltmp15:
.Lfunc_end7:
	.size	SysTick_Handler, .Lfunc_end7-SysTick_Handler
	.cfi_endproc
	.cantunwind
	.fnend
                                        @ -- End function
	.section	.text.DMA1_Stream0_IRQHandler,"ax",%progbits
	.hidden	DMA1_Stream0_IRQHandler         @ -- Begin function DMA1_Stream0_IRQHandler
	.globl	DMA1_Stream0_IRQHandler
	.p2align	2
	.type	DMA1_Stream0_IRQHandler,%function
	.code	16                              @ @DMA1_Stream0_IRQHandler
	.thumb_func
DMA1_Stream0_IRQHandler:
.Lfunc_begin8:
	.loc	4 220 0                         @ ../Board/v3/Src/stm32f4xx_it.c:220:0
	.fnstart
	.cfi_startproc
@ %bb.0:
	.save	{r7, lr}
	push	{r7, lr}
	.cfi_def_cfa_offset 8
	.cfi_offset lr, -4
	.cfi_offset r7, -8
.Ltmp16:
	.loc	4 224 3 prologue_end            @ ../Board/v3/Src/stm32f4xx_it.c:224:3
	movw	r0, :lower16:hdma_spi3_rx
	movt	r0, :upper16:hdma_spi3_rx
	bl	HAL_DMA_IRQHandler
	.loc	4 228 1 epilogue_begin          @ ../Board/v3/Src/stm32f4xx_it.c:228:1
	pop	{r7, pc}
.Ltmp17:
.Lfunc_end8:
	.size	DMA1_Stream0_IRQHandler, .Lfunc_end8-DMA1_Stream0_IRQHandler
	.cfi_endproc
	.cantunwind
	.fnend
                                        @ -- End function
	.section	.text.DMA1_Stream2_IRQHandler,"ax",%progbits
	.hidden	DMA1_Stream2_IRQHandler         @ -- Begin function DMA1_Stream2_IRQHandler
	.globl	DMA1_Stream2_IRQHandler
	.p2align	2
	.type	DMA1_Stream2_IRQHandler,%function
	.code	16                              @ @DMA1_Stream2_IRQHandler
	.thumb_func
DMA1_Stream2_IRQHandler:
.Lfunc_begin9:
	.loc	4 234 0                         @ ../Board/v3/Src/stm32f4xx_it.c:234:0
	.fnstart
	.cfi_startproc
@ %bb.0:
	.save	{r7, lr}
	push	{r7, lr}
	.cfi_def_cfa_offset 8
	.cfi_offset lr, -4
	.cfi_offset r7, -8
.Ltmp18:
	.loc	4 238 3 prologue_end            @ ../Board/v3/Src/stm32f4xx_it.c:238:3
	movw	r0, :lower16:hdma_uart4_rx
	movt	r0, :upper16:hdma_uart4_rx
	bl	HAL_DMA_IRQHandler
	.loc	4 242 1 epilogue_begin          @ ../Board/v3/Src/stm32f4xx_it.c:242:1
	pop	{r7, pc}
.Ltmp19:
.Lfunc_end9:
	.size	DMA1_Stream2_IRQHandler, .Lfunc_end9-DMA1_Stream2_IRQHandler
	.cfi_endproc
	.cantunwind
	.fnend
                                        @ -- End function
	.section	.text.DMA1_Stream4_IRQHandler,"ax",%progbits
	.hidden	DMA1_Stream4_IRQHandler         @ -- Begin function DMA1_Stream4_IRQHandler
	.globl	DMA1_Stream4_IRQHandler
	.p2align	2
	.type	DMA1_Stream4_IRQHandler,%function
	.code	16                              @ @DMA1_Stream4_IRQHandler
	.thumb_func
DMA1_Stream4_IRQHandler:
.Lfunc_begin10:
	.loc	4 248 0                         @ ../Board/v3/Src/stm32f4xx_it.c:248:0
	.fnstart
	.cfi_startproc
@ %bb.0:
	.save	{r7, lr}
	push	{r7, lr}
	.cfi_def_cfa_offset 8
	.cfi_offset lr, -4
	.cfi_offset r7, -8
.Ltmp20:
	.loc	4 252 3 prologue_end            @ ../Board/v3/Src/stm32f4xx_it.c:252:3
	movw	r0, :lower16:hdma_uart4_tx
	movt	r0, :upper16:hdma_uart4_tx
	bl	HAL_DMA_IRQHandler
	.loc	4 256 1 epilogue_begin          @ ../Board/v3/Src/stm32f4xx_it.c:256:1
	pop	{r7, pc}
.Ltmp21:
.Lfunc_end10:
	.size	DMA1_Stream4_IRQHandler, .Lfunc_end10-DMA1_Stream4_IRQHandler
	.cfi_endproc
	.cantunwind
	.fnend
                                        @ -- End function
	.section	.text.DMA1_Stream5_IRQHandler,"ax",%progbits
	.hidden	DMA1_Stream5_IRQHandler         @ -- Begin function DMA1_Stream5_IRQHandler
	.globl	DMA1_Stream5_IRQHandler
	.p2align	2
	.type	DMA1_Stream5_IRQHandler,%function
	.code	16                              @ @DMA1_Stream5_IRQHandler
	.thumb_func
DMA1_Stream5_IRQHandler:
.Lfunc_begin11:
	.loc	4 262 0                         @ ../Board/v3/Src/stm32f4xx_it.c:262:0
	.fnstart
	.cfi_startproc
@ %bb.0:
	.save	{r7, lr}
	push	{r7, lr}
	.cfi_def_cfa_offset 8
	.cfi_offset lr, -4
	.cfi_offset r7, -8
.Ltmp22:
	.loc	4 266 3 prologue_end            @ ../Board/v3/Src/stm32f4xx_it.c:266:3
	movw	r0, :lower16:hdma_usart2_rx
	movt	r0, :upper16:hdma_usart2_rx
	bl	HAL_DMA_IRQHandler
	.loc	4 270 1 epilogue_begin          @ ../Board/v3/Src/stm32f4xx_it.c:270:1
	pop	{r7, pc}
.Ltmp23:
.Lfunc_end11:
	.size	DMA1_Stream5_IRQHandler, .Lfunc_end11-DMA1_Stream5_IRQHandler
	.cfi_endproc
	.cantunwind
	.fnend
                                        @ -- End function
	.section	.text.DMA1_Stream6_IRQHandler,"ax",%progbits
	.hidden	DMA1_Stream6_IRQHandler         @ -- Begin function DMA1_Stream6_IRQHandler
	.globl	DMA1_Stream6_IRQHandler
	.p2align	2
	.type	DMA1_Stream6_IRQHandler,%function
	.code	16                              @ @DMA1_Stream6_IRQHandler
	.thumb_func
DMA1_Stream6_IRQHandler:
.Lfunc_begin12:
	.loc	4 276 0                         @ ../Board/v3/Src/stm32f4xx_it.c:276:0
	.fnstart
	.cfi_startproc
@ %bb.0:
	.save	{r7, lr}
	push	{r7, lr}
	.cfi_def_cfa_offset 8
	.cfi_offset lr, -4
	.cfi_offset r7, -8
.Ltmp24:
	.loc	4 280 3 prologue_end            @ ../Board/v3/Src/stm32f4xx_it.c:280:3
	movw	r0, :lower16:hdma_usart2_tx
	movt	r0, :upper16:hdma_usart2_tx
	bl	HAL_DMA_IRQHandler
	.loc	4 284 1 epilogue_begin          @ ../Board/v3/Src/stm32f4xx_it.c:284:1
	pop	{r7, pc}
.Ltmp25:
.Lfunc_end12:
	.size	DMA1_Stream6_IRQHandler, .Lfunc_end12-DMA1_Stream6_IRQHandler
	.cfi_endproc
	.cantunwind
	.fnend
                                        @ -- End function
	.section	.text.DMA1_Stream7_IRQHandler,"ax",%progbits
	.hidden	DMA1_Stream7_IRQHandler         @ -- Begin function DMA1_Stream7_IRQHandler
	.globl	DMA1_Stream7_IRQHandler
	.p2align	2
	.type	DMA1_Stream7_IRQHandler,%function
	.code	16                              @ @DMA1_Stream7_IRQHandler
	.thumb_func
DMA1_Stream7_IRQHandler:
.Lfunc_begin13:
	.loc	4 290 0                         @ ../Board/v3/Src/stm32f4xx_it.c:290:0
	.fnstart
	.cfi_startproc
@ %bb.0:
	.save	{r7, lr}
	push	{r7, lr}
	.cfi_def_cfa_offset 8
	.cfi_offset lr, -4
	.cfi_offset r7, -8
.Ltmp26:
	.loc	4 294 3 prologue_end            @ ../Board/v3/Src/stm32f4xx_it.c:294:3
	movw	r0, :lower16:hdma_spi3_tx
	movt	r0, :upper16:hdma_spi3_tx
	bl	HAL_DMA_IRQHandler
	.loc	4 298 1 epilogue_begin          @ ../Board/v3/Src/stm32f4xx_it.c:298:1
	pop	{r7, pc}
.Ltmp27:
.Lfunc_end13:
	.size	DMA1_Stream7_IRQHandler, .Lfunc_end13-DMA1_Stream7_IRQHandler
	.cfi_endproc
	.cantunwind
	.fnend
                                        @ -- End function
	.section	.text.CAN1_TX_IRQHandler,"ax",%progbits
	.hidden	CAN1_TX_IRQHandler              @ -- Begin function CAN1_TX_IRQHandler
	.globl	CAN1_TX_IRQHandler
	.p2align	2
	.type	CAN1_TX_IRQHandler,%function
	.code	16                              @ @CAN1_TX_IRQHandler
	.thumb_func
CAN1_TX_IRQHandler:
.Lfunc_begin14:
	.loc	4 304 0                         @ ../Board/v3/Src/stm32f4xx_it.c:304:0
	.fnstart
	.cfi_startproc
@ %bb.0:
	.save	{r7, lr}
	push	{r7, lr}
	.cfi_def_cfa_offset 8
	.cfi_offset lr, -4
	.cfi_offset r7, -8
.Ltmp28:
	.loc	4 308 3 prologue_end            @ ../Board/v3/Src/stm32f4xx_it.c:308:3
	movw	r0, :lower16:hcan1
	movt	r0, :upper16:hcan1
	bl	HAL_CAN_IRQHandler
	.loc	4 312 1 epilogue_begin          @ ../Board/v3/Src/stm32f4xx_it.c:312:1
	pop	{r7, pc}
.Ltmp29:
.Lfunc_end14:
	.size	CAN1_TX_IRQHandler, .Lfunc_end14-CAN1_TX_IRQHandler
	.cfi_endproc
	.cantunwind
	.fnend
                                        @ -- End function
	.section	.text.CAN1_RX0_IRQHandler,"ax",%progbits
	.hidden	CAN1_RX0_IRQHandler             @ -- Begin function CAN1_RX0_IRQHandler
	.globl	CAN1_RX0_IRQHandler
	.p2align	2
	.type	CAN1_RX0_IRQHandler,%function
	.code	16                              @ @CAN1_RX0_IRQHandler
	.thumb_func
CAN1_RX0_IRQHandler:
.Lfunc_begin15:
	.loc	4 318 0                         @ ../Board/v3/Src/stm32f4xx_it.c:318:0
	.fnstart
	.cfi_startproc
@ %bb.0:
	.save	{r7, lr}
	push	{r7, lr}
	.cfi_def_cfa_offset 8
	.cfi_offset lr, -4
	.cfi_offset r7, -8
.Ltmp30:
	.loc	4 322 3 prologue_end            @ ../Board/v3/Src/stm32f4xx_it.c:322:3
	movw	r0, :lower16:hcan1
	movt	r0, :upper16:hcan1
	bl	HAL_CAN_IRQHandler
	.loc	4 326 1 epilogue_begin          @ ../Board/v3/Src/stm32f4xx_it.c:326:1
	pop	{r7, pc}
.Ltmp31:
.Lfunc_end15:
	.size	CAN1_RX0_IRQHandler, .Lfunc_end15-CAN1_RX0_IRQHandler
	.cfi_endproc
	.cantunwind
	.fnend
                                        @ -- End function
	.section	.text.CAN1_RX1_IRQHandler,"ax",%progbits
	.hidden	CAN1_RX1_IRQHandler             @ -- Begin function CAN1_RX1_IRQHandler
	.globl	CAN1_RX1_IRQHandler
	.p2align	2
	.type	CAN1_RX1_IRQHandler,%function
	.code	16                              @ @CAN1_RX1_IRQHandler
	.thumb_func
CAN1_RX1_IRQHandler:
.Lfunc_begin16:
	.loc	4 332 0                         @ ../Board/v3/Src/stm32f4xx_it.c:332:0
	.fnstart
	.cfi_startproc
@ %bb.0:
	.save	{r7, lr}
	push	{r7, lr}
	.cfi_def_cfa_offset 8
	.cfi_offset lr, -4
	.cfi_offset r7, -8
.Ltmp32:
	.loc	4 336 3 prologue_end            @ ../Board/v3/Src/stm32f4xx_it.c:336:3
	movw	r0, :lower16:hcan1
	movt	r0, :upper16:hcan1
	bl	HAL_CAN_IRQHandler
	.loc	4 340 1 epilogue_begin          @ ../Board/v3/Src/stm32f4xx_it.c:340:1
	pop	{r7, pc}
.Ltmp33:
.Lfunc_end16:
	.size	CAN1_RX1_IRQHandler, .Lfunc_end16-CAN1_RX1_IRQHandler
	.cfi_endproc
	.cantunwind
	.fnend
                                        @ -- End function
	.section	.text.CAN1_SCE_IRQHandler,"ax",%progbits
	.hidden	CAN1_SCE_IRQHandler             @ -- Begin function CAN1_SCE_IRQHandler
	.globl	CAN1_SCE_IRQHandler
	.p2align	2
	.type	CAN1_SCE_IRQHandler,%function
	.code	16                              @ @CAN1_SCE_IRQHandler
	.thumb_func
CAN1_SCE_IRQHandler:
.Lfunc_begin17:
	.loc	4 346 0                         @ ../Board/v3/Src/stm32f4xx_it.c:346:0
	.fnstart
	.cfi_startproc
@ %bb.0:
	.save	{r7, lr}
	push	{r7, lr}
	.cfi_def_cfa_offset 8
	.cfi_offset lr, -4
	.cfi_offset r7, -8
.Ltmp34:
	.loc	4 350 3 prologue_end            @ ../Board/v3/Src/stm32f4xx_it.c:350:3
	movw	r0, :lower16:hcan1
	movt	r0, :upper16:hcan1
	bl	HAL_CAN_IRQHandler
	.loc	4 354 1 epilogue_begin          @ ../Board/v3/Src/stm32f4xx_it.c:354:1
	pop	{r7, pc}
.Ltmp35:
.Lfunc_end17:
	.size	CAN1_SCE_IRQHandler, .Lfunc_end17-CAN1_SCE_IRQHandler
	.cfi_endproc
	.cantunwind
	.fnend
                                        @ -- End function
	.section	.text.USART2_IRQHandler,"ax",%progbits
	.hidden	USART2_IRQHandler               @ -- Begin function USART2_IRQHandler
	.globl	USART2_IRQHandler
	.p2align	2
	.type	USART2_IRQHandler,%function
	.code	16                              @ @USART2_IRQHandler
	.thumb_func
USART2_IRQHandler:
.Lfunc_begin18:
	.loc	4 360 0                         @ ../Board/v3/Src/stm32f4xx_it.c:360:0
	.fnstart
	.cfi_startproc
@ %bb.0:
	.save	{r7, lr}
	push	{r7, lr}
	.cfi_def_cfa_offset 8
	.cfi_offset lr, -4
	.cfi_offset r7, -8
.Ltmp36:
	.loc	4 364 3 prologue_end            @ ../Board/v3/Src/stm32f4xx_it.c:364:3
	movw	r0, :lower16:huart2
	movt	r0, :upper16:huart2
	bl	HAL_UART_IRQHandler
	.loc	4 368 1 epilogue_begin          @ ../Board/v3/Src/stm32f4xx_it.c:368:1
	pop	{r7, pc}
.Ltmp37:
.Lfunc_end18:
	.size	USART2_IRQHandler, .Lfunc_end18-USART2_IRQHandler
	.cfi_endproc
	.cantunwind
	.fnend
                                        @ -- End function
	.section	.text.TIM8_TRG_COM_TIM14_IRQHandler,"ax",%progbits
	.hidden	TIM8_TRG_COM_TIM14_IRQHandler   @ -- Begin function TIM8_TRG_COM_TIM14_IRQHandler
	.globl	TIM8_TRG_COM_TIM14_IRQHandler
	.p2align	2
	.type	TIM8_TRG_COM_TIM14_IRQHandler,%function
	.code	16                              @ @TIM8_TRG_COM_TIM14_IRQHandler
	.thumb_func
TIM8_TRG_COM_TIM14_IRQHandler:
.Lfunc_begin19:
	.loc	4 374 0                         @ ../Board/v3/Src/stm32f4xx_it.c:374:0
	.fnstart
	.cfi_startproc
@ %bb.0:
	.save	{r7, lr}
	push	{r7, lr}
	.cfi_def_cfa_offset 8
	.cfi_offset lr, -4
	.cfi_offset r7, -8
.Ltmp38:
	.loc	4 378 3 prologue_end            @ ../Board/v3/Src/stm32f4xx_it.c:378:3
	movw	r0, :lower16:htim8
	movt	r0, :upper16:htim8
	bl	HAL_TIM_IRQHandler
	.loc	4 379 3                         @ ../Board/v3/Src/stm32f4xx_it.c:379:3
	movw	r0, :lower16:htim14
	movt	r0, :upper16:htim14
	bl	HAL_TIM_IRQHandler
	.loc	4 383 1 epilogue_begin          @ ../Board/v3/Src/stm32f4xx_it.c:383:1
	pop	{r7, pc}
.Ltmp39:
.Lfunc_end19:
	.size	TIM8_TRG_COM_TIM14_IRQHandler, .Lfunc_end19-TIM8_TRG_COM_TIM14_IRQHandler
	.cfi_endproc
	.cantunwind
	.fnend
                                        @ -- End function
	.section	.text.SPI3_IRQHandler,"ax",%progbits
	.hidden	SPI3_IRQHandler                 @ -- Begin function SPI3_IRQHandler
	.globl	SPI3_IRQHandler
	.p2align	2
	.type	SPI3_IRQHandler,%function
	.code	16                              @ @SPI3_IRQHandler
	.thumb_func
SPI3_IRQHandler:
.Lfunc_begin20:
	.loc	4 389 0                         @ ../Board/v3/Src/stm32f4xx_it.c:389:0
	.fnstart
	.cfi_startproc
@ %bb.0:
	.save	{r7, lr}
	push	{r7, lr}
	.cfi_def_cfa_offset 8
	.cfi_offset lr, -4
	.cfi_offset r7, -8
.Ltmp40:
	.loc	4 393 3 prologue_end            @ ../Board/v3/Src/stm32f4xx_it.c:393:3
	movw	r0, :lower16:hspi3
	movt	r0, :upper16:hspi3
	bl	HAL_SPI_IRQHandler
	.loc	4 397 1 epilogue_begin          @ ../Board/v3/Src/stm32f4xx_it.c:397:1
	pop	{r7, pc}
.Ltmp41:
.Lfunc_end20:
	.size	SPI3_IRQHandler, .Lfunc_end20-SPI3_IRQHandler
	.cfi_endproc
	.cantunwind
	.fnend
                                        @ -- End function
	.section	.text.UART4_IRQHandler,"ax",%progbits
	.hidden	UART4_IRQHandler                @ -- Begin function UART4_IRQHandler
	.globl	UART4_IRQHandler
	.p2align	2
	.type	UART4_IRQHandler,%function
	.code	16                              @ @UART4_IRQHandler
	.thumb_func
UART4_IRQHandler:
.Lfunc_begin21:
	.loc	4 403 0                         @ ../Board/v3/Src/stm32f4xx_it.c:403:0
	.fnstart
	.cfi_startproc
@ %bb.0:
	.save	{r7, lr}
	push	{r7, lr}
	.cfi_def_cfa_offset 8
	.cfi_offset lr, -4
	.cfi_offset r7, -8
.Ltmp42:
	.loc	4 407 3 prologue_end            @ ../Board/v3/Src/stm32f4xx_it.c:407:3
	movw	r0, :lower16:huart4
	movt	r0, :upper16:huart4
	bl	HAL_UART_IRQHandler
	.loc	4 411 1 epilogue_begin          @ ../Board/v3/Src/stm32f4xx_it.c:411:1
	pop	{r7, pc}
.Ltmp43:
.Lfunc_end21:
	.size	UART4_IRQHandler, .Lfunc_end21-UART4_IRQHandler
	.cfi_endproc
	.cantunwind
	.fnend
                                        @ -- End function
	.section	.debug_abbrev,"",%progbits
	.byte	1                               @ Abbreviation Code
	.byte	17                              @ DW_TAG_compile_unit
	.byte	1                               @ DW_CHILDREN_yes
	.byte	37                              @ DW_AT_producer
	.byte	14                              @ DW_FORM_strp
	.byte	19                              @ DW_AT_language
	.byte	5                               @ DW_FORM_data2
	.byte	3                               @ DW_AT_name
	.byte	14                              @ DW_FORM_strp
	.byte	16                              @ DW_AT_stmt_list
	.byte	23                              @ DW_FORM_sec_offset
	.byte	27                              @ DW_AT_comp_dir
	.byte	14                              @ DW_FORM_strp
	.byte	17                              @ DW_AT_low_pc
	.byte	1                               @ DW_FORM_addr
	.byte	85                              @ DW_AT_ranges
	.byte	23                              @ DW_FORM_sec_offset
	.byte	0                               @ EOM(1)
	.byte	0                               @ EOM(2)
	.byte	2                               @ Abbreviation Code
	.byte	15                              @ DW_TAG_pointer_type
	.byte	0                               @ DW_CHILDREN_no
	.byte	73                              @ DW_AT_type
	.byte	19                              @ DW_FORM_ref4
	.byte	0                               @ EOM(1)
	.byte	0                               @ EOM(2)
	.byte	3                               @ Abbreviation Code
	.byte	22                              @ DW_TAG_typedef
	.byte	0                               @ DW_CHILDREN_no
	.byte	73                              @ DW_AT_type
	.byte	19                              @ DW_FORM_ref4
	.byte	3                               @ DW_AT_name
	.byte	14                              @ DW_FORM_strp
	.byte	58                              @ DW_AT_decl_file
	.byte	11                              @ DW_FORM_data1
	.byte	59                              @ DW_AT_decl_line
	.byte	5                               @ DW_FORM_data2
	.byte	0                               @ EOM(1)
	.byte	0                               @ EOM(2)
	.byte	4                               @ Abbreviation Code
	.byte	19                              @ DW_TAG_structure_type
	.byte	1                               @ DW_CHILDREN_yes
	.byte	11                              @ DW_AT_byte_size
	.byte	11                              @ DW_FORM_data1
	.byte	58                              @ DW_AT_decl_file
	.byte	11                              @ DW_FORM_data1
	.byte	59                              @ DW_AT_decl_line
	.byte	5                               @ DW_FORM_data2
	.byte	0                               @ EOM(1)
	.byte	0                               @ EOM(2)
	.byte	5                               @ Abbreviation Code
	.byte	13                              @ DW_TAG_member
	.byte	0                               @ DW_CHILDREN_no
	.byte	3                               @ DW_AT_name
	.byte	14                              @ DW_FORM_strp
	.byte	73                              @ DW_AT_type
	.byte	19                              @ DW_FORM_ref4
	.byte	58                              @ DW_AT_decl_file
	.byte	11                              @ DW_FORM_data1
	.byte	59                              @ DW_AT_decl_line
	.byte	5                               @ DW_FORM_data2
	.byte	56                              @ DW_AT_data_member_location
	.byte	11                              @ DW_FORM_data1
	.byte	0                               @ EOM(1)
	.byte	0                               @ EOM(2)
	.byte	6                               @ Abbreviation Code
	.byte	53                              @ DW_TAG_volatile_type
	.byte	0                               @ DW_CHILDREN_no
	.byte	73                              @ DW_AT_type
	.byte	19                              @ DW_FORM_ref4
	.byte	0                               @ EOM(1)
	.byte	0                               @ EOM(2)
	.byte	7                               @ Abbreviation Code
	.byte	22                              @ DW_TAG_typedef
	.byte	0                               @ DW_CHILDREN_no
	.byte	73                              @ DW_AT_type
	.byte	19                              @ DW_FORM_ref4
	.byte	3                               @ DW_AT_name
	.byte	14                              @ DW_FORM_strp
	.byte	58                              @ DW_AT_decl_file
	.byte	11                              @ DW_FORM_data1
	.byte	59                              @ DW_AT_decl_line
	.byte	11                              @ DW_FORM_data1
	.byte	0                               @ EOM(1)
	.byte	0                               @ EOM(2)
	.byte	8                               @ Abbreviation Code
	.byte	36                              @ DW_TAG_base_type
	.byte	0                               @ DW_CHILDREN_no
	.byte	3                               @ DW_AT_name
	.byte	14                              @ DW_FORM_strp
	.byte	62                              @ DW_AT_encoding
	.byte	11                              @ DW_FORM_data1
	.byte	11                              @ DW_AT_byte_size
	.byte	11                              @ DW_FORM_data1
	.byte	0                               @ EOM(1)
	.byte	0                               @ EOM(2)
	.byte	9                               @ Abbreviation Code
	.byte	15                              @ DW_TAG_pointer_type
	.byte	0                               @ DW_CHILDREN_no
	.byte	0                               @ EOM(1)
	.byte	0                               @ EOM(2)
	.byte	10                              @ Abbreviation Code
	.byte	38                              @ DW_TAG_const_type
	.byte	0                               @ DW_CHILDREN_no
	.byte	73                              @ DW_AT_type
	.byte	19                              @ DW_FORM_ref4
	.byte	0                               @ EOM(1)
	.byte	0                               @ EOM(2)
	.byte	11                              @ Abbreviation Code
	.byte	1                               @ DW_TAG_array_type
	.byte	1                               @ DW_CHILDREN_yes
	.byte	73                              @ DW_AT_type
	.byte	19                              @ DW_FORM_ref4
	.byte	0                               @ EOM(1)
	.byte	0                               @ EOM(2)
	.byte	12                              @ Abbreviation Code
	.byte	33                              @ DW_TAG_subrange_type
	.byte	0                               @ DW_CHILDREN_no
	.byte	73                              @ DW_AT_type
	.byte	19                              @ DW_FORM_ref4
	.byte	55                              @ DW_AT_count
	.byte	11                              @ DW_FORM_data1
	.byte	0                               @ EOM(1)
	.byte	0                               @ EOM(2)
	.byte	13                              @ Abbreviation Code
	.byte	36                              @ DW_TAG_base_type
	.byte	0                               @ DW_CHILDREN_no
	.byte	3                               @ DW_AT_name
	.byte	14                              @ DW_FORM_strp
	.byte	11                              @ DW_AT_byte_size
	.byte	11                              @ DW_FORM_data1
	.byte	62                              @ DW_AT_encoding
	.byte	11                              @ DW_FORM_data1
	.byte	0                               @ EOM(1)
	.byte	0                               @ EOM(2)
	.byte	14                              @ Abbreviation Code
	.byte	46                              @ DW_TAG_subprogram
	.byte	0                               @ DW_CHILDREN_no
	.byte	17                              @ DW_AT_low_pc
	.byte	1                               @ DW_FORM_addr
	.byte	18                              @ DW_AT_high_pc
	.byte	6                               @ DW_FORM_data4
	.byte	64                              @ DW_AT_frame_base
	.byte	24                              @ DW_FORM_exprloc
	.byte	3                               @ DW_AT_name
	.byte	14                              @ DW_FORM_strp
	.byte	58                              @ DW_AT_decl_file
	.byte	11                              @ DW_FORM_data1
	.byte	59                              @ DW_AT_decl_line
	.byte	11                              @ DW_FORM_data1
	.byte	39                              @ DW_AT_prototyped
	.byte	25                              @ DW_FORM_flag_present
	.byte	63                              @ DW_AT_external
	.byte	25                              @ DW_FORM_flag_present
	.byte	0                               @ EOM(1)
	.byte	0                               @ EOM(2)
	.byte	15                              @ Abbreviation Code
	.byte	46                              @ DW_TAG_subprogram
	.byte	1                               @ DW_CHILDREN_yes
	.byte	17                              @ DW_AT_low_pc
	.byte	1                               @ DW_FORM_addr
	.byte	18                              @ DW_AT_high_pc
	.byte	6                               @ DW_FORM_data4
	.byte	64                              @ DW_AT_frame_base
	.byte	24                              @ DW_FORM_exprloc
	.byte	3                               @ DW_AT_name
	.byte	14                              @ DW_FORM_strp
	.byte	58                              @ DW_AT_decl_file
	.byte	11                              @ DW_FORM_data1
	.byte	59                              @ DW_AT_decl_line
	.byte	11                              @ DW_FORM_data1
	.byte	39                              @ DW_AT_prototyped
	.byte	25                              @ DW_FORM_flag_present
	.byte	63                              @ DW_AT_external
	.byte	25                              @ DW_FORM_flag_present
	.byte	0                               @ EOM(1)
	.byte	0                               @ EOM(2)
	.byte	16                              @ Abbreviation Code
	.byte	5                               @ DW_TAG_formal_parameter
	.byte	0                               @ DW_CHILDREN_no
	.byte	2                               @ DW_AT_location
	.byte	24                              @ DW_FORM_exprloc
	.byte	3                               @ DW_AT_name
	.byte	14                              @ DW_FORM_strp
	.byte	58                              @ DW_AT_decl_file
	.byte	11                              @ DW_FORM_data1
	.byte	59                              @ DW_AT_decl_line
	.byte	11                              @ DW_FORM_data1
	.byte	73                              @ DW_AT_type
	.byte	19                              @ DW_FORM_ref4
	.byte	0                               @ EOM(1)
	.byte	0                               @ EOM(2)
	.byte	17                              @ Abbreviation Code
	.byte	52                              @ DW_TAG_variable
	.byte	0                               @ DW_CHILDREN_no
	.byte	2                               @ DW_AT_location
	.byte	24                              @ DW_FORM_exprloc
	.byte	3                               @ DW_AT_name
	.byte	14                              @ DW_FORM_strp
	.byte	58                              @ DW_AT_decl_file
	.byte	11                              @ DW_FORM_data1
	.byte	59                              @ DW_AT_decl_line
	.byte	11                              @ DW_FORM_data1
	.byte	73                              @ DW_AT_type
	.byte	19                              @ DW_FORM_ref4
	.byte	0                               @ EOM(1)
	.byte	0                               @ EOM(2)
	.byte	18                              @ Abbreviation Code
	.byte	46                              @ DW_TAG_subprogram
	.byte	0                               @ DW_CHILDREN_no
	.byte	17                              @ DW_AT_low_pc
	.byte	1                               @ DW_FORM_addr
	.byte	18                              @ DW_AT_high_pc
	.byte	6                               @ DW_FORM_data4
	.byte	64                              @ DW_AT_frame_base
	.byte	24                              @ DW_FORM_exprloc
	.byte	3                               @ DW_AT_name
	.byte	14                              @ DW_FORM_strp
	.byte	58                              @ DW_AT_decl_file
	.byte	11                              @ DW_FORM_data1
	.byte	59                              @ DW_AT_decl_line
	.byte	5                               @ DW_FORM_data2
	.byte	39                              @ DW_AT_prototyped
	.byte	25                              @ DW_FORM_flag_present
	.byte	63                              @ DW_AT_external
	.byte	25                              @ DW_FORM_flag_present
	.byte	0                               @ EOM(1)
	.byte	0                               @ EOM(2)
	.byte	0                               @ EOM(3)
	.section	.debug_info,"",%progbits
.Lcu_begin0:
	.long	.Ldebug_info_end0-.Ldebug_info_start0 @ Length of Unit
.Ldebug_info_start0:
	.short	4                               @ DWARF version number
	.long	.debug_abbrev                   @ Offset Into Abbrev. Section
	.byte	4                               @ Address Size (in bytes)
	.byte	1                               @ Abbrev [1] 0xb:0x5ca DW_TAG_compile_unit
	.long	.Linfo_string0                  @ DW_AT_producer
	.short	12                              @ DW_AT_language
	.long	.Linfo_string1                  @ DW_AT_name
	.long	.Lline_table_start0             @ DW_AT_stmt_list
	.long	.Linfo_string2                  @ DW_AT_comp_dir
	.long	0                               @ DW_AT_low_pc
	.long	.Ldebug_ranges0                 @ DW_AT_ranges
	.byte	2                               @ Abbrev [2] 0x26:0x5 DW_TAG_pointer_type
	.long	43                              @ DW_AT_type
	.byte	3                               @ Abbrev [3] 0x2b:0xc DW_TAG_typedef
	.long	55                              @ DW_AT_type
	.long	.Linfo_string26                 @ DW_AT_name
	.byte	2                               @ DW_AT_decl_file
	.short	672                             @ DW_AT_decl_line
	.byte	4                               @ Abbrev [4] 0x37:0x117 DW_TAG_structure_type
	.byte	84                              @ DW_AT_byte_size
	.byte	2                               @ DW_AT_decl_file
	.short	649                             @ DW_AT_decl_line
	.byte	5                               @ Abbrev [5] 0x3c:0xd DW_TAG_member
	.long	.Linfo_string3                  @ DW_AT_name
	.long	334                             @ DW_AT_type
	.byte	2                               @ DW_AT_decl_file
	.short	651                             @ DW_AT_decl_line
	.byte	0                               @ DW_AT_data_member_location
	.byte	5                               @ Abbrev [5] 0x49:0xd DW_TAG_member
	.long	.Linfo_string6                  @ DW_AT_name
	.long	334                             @ DW_AT_type
	.byte	2                               @ DW_AT_decl_file
	.short	652                             @ DW_AT_decl_line
	.byte	4                               @ DW_AT_data_member_location
	.byte	5                               @ Abbrev [5] 0x56:0xd DW_TAG_member
	.long	.Linfo_string7                  @ DW_AT_name
	.long	334                             @ DW_AT_type
	.byte	2                               @ DW_AT_decl_file
	.short	653                             @ DW_AT_decl_line
	.byte	8                               @ DW_AT_data_member_location
	.byte	5                               @ Abbrev [5] 0x63:0xd DW_TAG_member
	.long	.Linfo_string8                  @ DW_AT_name
	.long	334                             @ DW_AT_type
	.byte	2                               @ DW_AT_decl_file
	.short	654                             @ DW_AT_decl_line
	.byte	12                              @ DW_AT_data_member_location
	.byte	5                               @ Abbrev [5] 0x70:0xd DW_TAG_member
	.long	.Linfo_string9                  @ DW_AT_name
	.long	334                             @ DW_AT_type
	.byte	2                               @ DW_AT_decl_file
	.short	655                             @ DW_AT_decl_line
	.byte	16                              @ DW_AT_data_member_location
	.byte	5                               @ Abbrev [5] 0x7d:0xd DW_TAG_member
	.long	.Linfo_string10                 @ DW_AT_name
	.long	334                             @ DW_AT_type
	.byte	2                               @ DW_AT_decl_file
	.short	656                             @ DW_AT_decl_line
	.byte	20                              @ DW_AT_data_member_location
	.byte	5                               @ Abbrev [5] 0x8a:0xd DW_TAG_member
	.long	.Linfo_string11                 @ DW_AT_name
	.long	334                             @ DW_AT_type
	.byte	2                               @ DW_AT_decl_file
	.short	657                             @ DW_AT_decl_line
	.byte	24                              @ DW_AT_data_member_location
	.byte	5                               @ Abbrev [5] 0x97:0xd DW_TAG_member
	.long	.Linfo_string12                 @ DW_AT_name
	.long	334                             @ DW_AT_type
	.byte	2                               @ DW_AT_decl_file
	.short	658                             @ DW_AT_decl_line
	.byte	28                              @ DW_AT_data_member_location
	.byte	5                               @ Abbrev [5] 0xa4:0xd DW_TAG_member
	.long	.Linfo_string13                 @ DW_AT_name
	.long	334                             @ DW_AT_type
	.byte	2                               @ DW_AT_decl_file
	.short	659                             @ DW_AT_decl_line
	.byte	32                              @ DW_AT_data_member_location
	.byte	5                               @ Abbrev [5] 0xb1:0xd DW_TAG_member
	.long	.Linfo_string14                 @ DW_AT_name
	.long	334                             @ DW_AT_type
	.byte	2                               @ DW_AT_decl_file
	.short	660                             @ DW_AT_decl_line
	.byte	36                              @ DW_AT_data_member_location
	.byte	5                               @ Abbrev [5] 0xbe:0xd DW_TAG_member
	.long	.Linfo_string15                 @ DW_AT_name
	.long	334                             @ DW_AT_type
	.byte	2                               @ DW_AT_decl_file
	.short	661                             @ DW_AT_decl_line
	.byte	40                              @ DW_AT_data_member_location
	.byte	5                               @ Abbrev [5] 0xcb:0xd DW_TAG_member
	.long	.Linfo_string16                 @ DW_AT_name
	.long	334                             @ DW_AT_type
	.byte	2                               @ DW_AT_decl_file
	.short	662                             @ DW_AT_decl_line
	.byte	44                              @ DW_AT_data_member_location
	.byte	5                               @ Abbrev [5] 0xd8:0xd DW_TAG_member
	.long	.Linfo_string17                 @ DW_AT_name
	.long	334                             @ DW_AT_type
	.byte	2                               @ DW_AT_decl_file
	.short	663                             @ DW_AT_decl_line
	.byte	48                              @ DW_AT_data_member_location
	.byte	5                               @ Abbrev [5] 0xe5:0xd DW_TAG_member
	.long	.Linfo_string18                 @ DW_AT_name
	.long	334                             @ DW_AT_type
	.byte	2                               @ DW_AT_decl_file
	.short	664                             @ DW_AT_decl_line
	.byte	52                              @ DW_AT_data_member_location
	.byte	5                               @ Abbrev [5] 0xf2:0xd DW_TAG_member
	.long	.Linfo_string19                 @ DW_AT_name
	.long	334                             @ DW_AT_type
	.byte	2                               @ DW_AT_decl_file
	.short	665                             @ DW_AT_decl_line
	.byte	56                              @ DW_AT_data_member_location
	.byte	5                               @ Abbrev [5] 0xff:0xd DW_TAG_member
	.long	.Linfo_string20                 @ DW_AT_name
	.long	334                             @ DW_AT_type
	.byte	2                               @ DW_AT_decl_file
	.short	666                             @ DW_AT_decl_line
	.byte	60                              @ DW_AT_data_member_location
	.byte	5                               @ Abbrev [5] 0x10c:0xd DW_TAG_member
	.long	.Linfo_string21                 @ DW_AT_name
	.long	334                             @ DW_AT_type
	.byte	2                               @ DW_AT_decl_file
	.short	667                             @ DW_AT_decl_line
	.byte	64                              @ DW_AT_data_member_location
	.byte	5                               @ Abbrev [5] 0x119:0xd DW_TAG_member
	.long	.Linfo_string22                 @ DW_AT_name
	.long	334                             @ DW_AT_type
	.byte	2                               @ DW_AT_decl_file
	.short	668                             @ DW_AT_decl_line
	.byte	68                              @ DW_AT_data_member_location
	.byte	5                               @ Abbrev [5] 0x126:0xd DW_TAG_member
	.long	.Linfo_string23                 @ DW_AT_name
	.long	334                             @ DW_AT_type
	.byte	2                               @ DW_AT_decl_file
	.short	669                             @ DW_AT_decl_line
	.byte	72                              @ DW_AT_data_member_location
	.byte	5                               @ Abbrev [5] 0x133:0xd DW_TAG_member
	.long	.Linfo_string24                 @ DW_AT_name
	.long	334                             @ DW_AT_type
	.byte	2                               @ DW_AT_decl_file
	.short	670                             @ DW_AT_decl_line
	.byte	76                              @ DW_AT_data_member_location
	.byte	5                               @ Abbrev [5] 0x140:0xd DW_TAG_member
	.long	.Linfo_string25                 @ DW_AT_name
	.long	334                             @ DW_AT_type
	.byte	2                               @ DW_AT_decl_file
	.short	671                             @ DW_AT_decl_line
	.byte	80                              @ DW_AT_data_member_location
	.byte	0                               @ End Of Children Mark
	.byte	6                               @ Abbrev [6] 0x14e:0x5 DW_TAG_volatile_type
	.long	339                             @ DW_AT_type
	.byte	7                               @ Abbrev [7] 0x153:0xb DW_TAG_typedef
	.long	350                             @ DW_AT_type
	.long	.Linfo_string5                  @ DW_AT_name
	.byte	1                               @ DW_AT_decl_file
	.byte	64                              @ DW_AT_decl_line
	.byte	8                               @ Abbrev [8] 0x15e:0x7 DW_TAG_base_type
	.long	.Linfo_string4                  @ DW_AT_name
	.byte	7                               @ DW_AT_encoding
	.byte	4                               @ DW_AT_byte_size
	.byte	9                               @ Abbrev [9] 0x165:0x1 DW_TAG_pointer_type
	.byte	2                               @ Abbrev [2] 0x166:0x5 DW_TAG_pointer_type
	.long	363                             @ DW_AT_type
	.byte	3                               @ Abbrev [3] 0x16b:0xc DW_TAG_typedef
	.long	375                             @ DW_AT_type
	.long	.Linfo_string51                 @ DW_AT_name
	.byte	3                               @ DW_AT_decl_file
	.short	463                             @ DW_AT_decl_line
	.byte	4                               @ Abbrev [4] 0x177:0x117 DW_TAG_structure_type
	.byte	140                             @ DW_AT_byte_size
	.byte	3                               @ DW_AT_decl_file
	.short	440                             @ DW_AT_decl_line
	.byte	5                               @ Abbrev [5] 0x17c:0xd DW_TAG_member
	.long	.Linfo_string27                 @ DW_AT_name
	.long	654                             @ DW_AT_type
	.byte	3                               @ DW_AT_decl_file
	.short	442                             @ DW_AT_decl_line
	.byte	0                               @ DW_AT_data_member_location
	.byte	5                               @ Abbrev [5] 0x189:0xd DW_TAG_member
	.long	.Linfo_string28                 @ DW_AT_name
	.long	334                             @ DW_AT_type
	.byte	3                               @ DW_AT_decl_file
	.short	443                             @ DW_AT_decl_line
	.byte	4                               @ DW_AT_data_member_location
	.byte	5                               @ Abbrev [5] 0x196:0xd DW_TAG_member
	.long	.Linfo_string29                 @ DW_AT_name
	.long	334                             @ DW_AT_type
	.byte	3                               @ DW_AT_decl_file
	.short	444                             @ DW_AT_decl_line
	.byte	8                               @ DW_AT_data_member_location
	.byte	5                               @ Abbrev [5] 0x1a3:0xd DW_TAG_member
	.long	.Linfo_string30                 @ DW_AT_name
	.long	334                             @ DW_AT_type
	.byte	3                               @ DW_AT_decl_file
	.short	445                             @ DW_AT_decl_line
	.byte	12                              @ DW_AT_data_member_location
	.byte	5                               @ Abbrev [5] 0x1b0:0xd DW_TAG_member
	.long	.Linfo_string31                 @ DW_AT_name
	.long	334                             @ DW_AT_type
	.byte	3                               @ DW_AT_decl_file
	.short	446                             @ DW_AT_decl_line
	.byte	16                              @ DW_AT_data_member_location
	.byte	5                               @ Abbrev [5] 0x1bd:0xd DW_TAG_member
	.long	.Linfo_string32                 @ DW_AT_name
	.long	334                             @ DW_AT_type
	.byte	3                               @ DW_AT_decl_file
	.short	447                             @ DW_AT_decl_line
	.byte	20                              @ DW_AT_data_member_location
	.byte	5                               @ Abbrev [5] 0x1ca:0xd DW_TAG_member
	.long	.Linfo_string33                 @ DW_AT_name
	.long	659                             @ DW_AT_type
	.byte	3                               @ DW_AT_decl_file
	.short	448                             @ DW_AT_decl_line
	.byte	24                              @ DW_AT_data_member_location
	.byte	5                               @ Abbrev [5] 0x1d7:0xd DW_TAG_member
	.long	.Linfo_string37                 @ DW_AT_name
	.long	334                             @ DW_AT_type
	.byte	3                               @ DW_AT_decl_file
	.short	449                             @ DW_AT_decl_line
	.byte	36                              @ DW_AT_data_member_location
	.byte	5                               @ Abbrev [5] 0x1e4:0xd DW_TAG_member
	.long	.Linfo_string38                 @ DW_AT_name
	.long	334                             @ DW_AT_type
	.byte	3                               @ DW_AT_decl_file
	.short	450                             @ DW_AT_decl_line
	.byte	40                              @ DW_AT_data_member_location
	.byte	5                               @ Abbrev [5] 0x1f1:0xd DW_TAG_member
	.long	.Linfo_string39                 @ DW_AT_name
	.long	334                             @ DW_AT_type
	.byte	3                               @ DW_AT_decl_file
	.short	451                             @ DW_AT_decl_line
	.byte	44                              @ DW_AT_data_member_location
	.byte	5                               @ Abbrev [5] 0x1fe:0xd DW_TAG_member
	.long	.Linfo_string40                 @ DW_AT_name
	.long	334                             @ DW_AT_type
	.byte	3                               @ DW_AT_decl_file
	.short	452                             @ DW_AT_decl_line
	.byte	48                              @ DW_AT_data_member_location
	.byte	5                               @ Abbrev [5] 0x20b:0xd DW_TAG_member
	.long	.Linfo_string41                 @ DW_AT_name
	.long	334                             @ DW_AT_type
	.byte	3                               @ DW_AT_decl_file
	.short	453                             @ DW_AT_decl_line
	.byte	52                              @ DW_AT_data_member_location
	.byte	5                               @ Abbrev [5] 0x218:0xd DW_TAG_member
	.long	.Linfo_string42                 @ DW_AT_name
	.long	334                             @ DW_AT_type
	.byte	3                               @ DW_AT_decl_file
	.short	454                             @ DW_AT_decl_line
	.byte	56                              @ DW_AT_data_member_location
	.byte	5                               @ Abbrev [5] 0x225:0xd DW_TAG_member
	.long	.Linfo_string43                 @ DW_AT_name
	.long	334                             @ DW_AT_type
	.byte	3                               @ DW_AT_decl_file
	.short	455                             @ DW_AT_decl_line
	.byte	60                              @ DW_AT_data_member_location
	.byte	5                               @ Abbrev [5] 0x232:0xd DW_TAG_member
	.long	.Linfo_string44                 @ DW_AT_name
	.long	701                             @ DW_AT_type
	.byte	3                               @ DW_AT_decl_file
	.short	456                             @ DW_AT_decl_line
	.byte	64                              @ DW_AT_data_member_location
	.byte	5                               @ Abbrev [5] 0x23f:0xd DW_TAG_member
	.long	.Linfo_string45                 @ DW_AT_name
	.long	654                             @ DW_AT_type
	.byte	3                               @ DW_AT_decl_file
	.short	457                             @ DW_AT_decl_line
	.byte	72                              @ DW_AT_data_member_location
	.byte	5                               @ Abbrev [5] 0x24c:0xd DW_TAG_member
	.long	.Linfo_string46                 @ DW_AT_name
	.long	654                             @ DW_AT_type
	.byte	3                               @ DW_AT_decl_file
	.short	458                             @ DW_AT_decl_line
	.byte	76                              @ DW_AT_data_member_location
	.byte	5                               @ Abbrev [5] 0x259:0xd DW_TAG_member
	.long	.Linfo_string47                 @ DW_AT_name
	.long	713                             @ DW_AT_type
	.byte	3                               @ DW_AT_decl_file
	.short	459                             @ DW_AT_decl_line
	.byte	80                              @ DW_AT_data_member_location
	.byte	5                               @ Abbrev [5] 0x266:0xd DW_TAG_member
	.long	.Linfo_string48                 @ DW_AT_name
	.long	725                             @ DW_AT_type
	.byte	3                               @ DW_AT_decl_file
	.short	460                             @ DW_AT_decl_line
	.byte	96                              @ DW_AT_data_member_location
	.byte	5                               @ Abbrev [5] 0x273:0xd DW_TAG_member
	.long	.Linfo_string49                 @ DW_AT_name
	.long	737                             @ DW_AT_type
	.byte	3                               @ DW_AT_decl_file
	.short	461                             @ DW_AT_decl_line
	.byte	116                             @ DW_AT_data_member_location
	.byte	5                               @ Abbrev [5] 0x280:0xd DW_TAG_member
	.long	.Linfo_string50                 @ DW_AT_name
	.long	334                             @ DW_AT_type
	.byte	3                               @ DW_AT_decl_file
	.short	462                             @ DW_AT_decl_line
	.byte	136                             @ DW_AT_data_member_location
	.byte	0                               @ End Of Children Mark
	.byte	10                              @ Abbrev [10] 0x28e:0x5 DW_TAG_const_type
	.long	334                             @ DW_AT_type
	.byte	11                              @ Abbrev [11] 0x293:0xc DW_TAG_array_type
	.long	671                             @ DW_AT_type
	.byte	12                              @ Abbrev [12] 0x298:0x6 DW_TAG_subrange_type
	.long	694                             @ DW_AT_type
	.byte	12                              @ DW_AT_count
	.byte	0                               @ End Of Children Mark
	.byte	6                               @ Abbrev [6] 0x29f:0x5 DW_TAG_volatile_type
	.long	676                             @ DW_AT_type
	.byte	7                               @ Abbrev [7] 0x2a4:0xb DW_TAG_typedef
	.long	687                             @ DW_AT_type
	.long	.Linfo_string35                 @ DW_AT_name
	.byte	1                               @ DW_AT_decl_file
	.byte	62                              @ DW_AT_decl_line
	.byte	8                               @ Abbrev [8] 0x2af:0x7 DW_TAG_base_type
	.long	.Linfo_string34                 @ DW_AT_name
	.byte	8                               @ DW_AT_encoding
	.byte	1                               @ DW_AT_byte_size
	.byte	13                              @ Abbrev [13] 0x2b6:0x7 DW_TAG_base_type
	.long	.Linfo_string36                 @ DW_AT_name
	.byte	8                               @ DW_AT_byte_size
	.byte	7                               @ DW_AT_encoding
	.byte	11                              @ Abbrev [11] 0x2bd:0xc DW_TAG_array_type
	.long	654                             @ DW_AT_type
	.byte	12                              @ Abbrev [12] 0x2c2:0x6 DW_TAG_subrange_type
	.long	694                             @ DW_AT_type
	.byte	2                               @ DW_AT_count
	.byte	0                               @ End Of Children Mark
	.byte	11                              @ Abbrev [11] 0x2c9:0xc DW_TAG_array_type
	.long	654                             @ DW_AT_type
	.byte	12                              @ Abbrev [12] 0x2ce:0x6 DW_TAG_subrange_type
	.long	694                             @ DW_AT_type
	.byte	4                               @ DW_AT_count
	.byte	0                               @ End Of Children Mark
	.byte	11                              @ Abbrev [11] 0x2d5:0xc DW_TAG_array_type
	.long	654                             @ DW_AT_type
	.byte	12                              @ Abbrev [12] 0x2da:0x6 DW_TAG_subrange_type
	.long	694                             @ DW_AT_type
	.byte	5                               @ DW_AT_count
	.byte	0                               @ End Of Children Mark
	.byte	11                              @ Abbrev [11] 0x2e1:0xc DW_TAG_array_type
	.long	339                             @ DW_AT_type
	.byte	12                              @ Abbrev [12] 0x2e6:0x6 DW_TAG_subrange_type
	.long	694                             @ DW_AT_type
	.byte	5                               @ DW_AT_count
	.byte	0                               @ End Of Children Mark
	.byte	2                               @ Abbrev [2] 0x2ed:0x5 DW_TAG_pointer_type
	.long	754                             @ DW_AT_type
	.byte	3                               @ Abbrev [3] 0x2f2:0xc DW_TAG_typedef
	.long	766                             @ DW_AT_type
	.long	.Linfo_string57                 @ DW_AT_name
	.byte	3                               @ DW_AT_decl_file
	.short	1327                            @ DW_AT_decl_line
	.byte	4                               @ Abbrev [4] 0x2fe:0x54 DW_TAG_structure_type
	.byte	24                              @ DW_AT_byte_size
	.byte	3                               @ DW_AT_decl_file
	.short	1319                            @ DW_AT_decl_line
	.byte	5                               @ Abbrev [5] 0x303:0xd DW_TAG_member
	.long	.Linfo_string49                 @ DW_AT_name
	.long	850                             @ DW_AT_type
	.byte	3                               @ DW_AT_decl_file
	.short	1321                            @ DW_AT_decl_line
	.byte	0                               @ DW_AT_data_member_location
	.byte	5                               @ Abbrev [5] 0x310:0xd DW_TAG_member
	.long	.Linfo_string52                 @ DW_AT_name
	.long	334                             @ DW_AT_type
	.byte	3                               @ DW_AT_decl_file
	.short	1322                            @ DW_AT_decl_line
	.byte	4                               @ DW_AT_data_member_location
	.byte	5                               @ Abbrev [5] 0x31d:0xd DW_TAG_member
	.long	.Linfo_string53                 @ DW_AT_name
	.long	334                             @ DW_AT_type
	.byte	3                               @ DW_AT_decl_file
	.short	1323                            @ DW_AT_decl_line
	.byte	8                               @ DW_AT_data_member_location
	.byte	5                               @ Abbrev [5] 0x32a:0xd DW_TAG_member
	.long	.Linfo_string54                 @ DW_AT_name
	.long	334                             @ DW_AT_type
	.byte	3                               @ DW_AT_decl_file
	.short	1324                            @ DW_AT_decl_line
	.byte	12                              @ DW_AT_data_member_location
	.byte	5                               @ Abbrev [5] 0x337:0xd DW_TAG_member
	.long	.Linfo_string55                 @ DW_AT_name
	.long	654                             @ DW_AT_type
	.byte	3                               @ DW_AT_decl_file
	.short	1325                            @ DW_AT_decl_line
	.byte	16                              @ DW_AT_data_member_location
	.byte	5                               @ Abbrev [5] 0x344:0xd DW_TAG_member
	.long	.Linfo_string56                 @ DW_AT_name
	.long	654                             @ DW_AT_type
	.byte	3                               @ DW_AT_decl_file
	.short	1326                            @ DW_AT_decl_line
	.byte	20                              @ DW_AT_data_member_location
	.byte	0                               @ End Of Children Mark
	.byte	11                              @ Abbrev [11] 0x352:0xc DW_TAG_array_type
	.long	339                             @ DW_AT_type
	.byte	12                              @ Abbrev [12] 0x357:0x6 DW_TAG_subrange_type
	.long	694                             @ DW_AT_type
	.byte	1                               @ DW_AT_count
	.byte	0                               @ End Of Children Mark
	.byte	14                              @ Abbrev [14] 0x35e:0x11 DW_TAG_subprogram
	.long	.Lfunc_begin0                   @ DW_AT_low_pc
	.long	.Lfunc_end0-.Lfunc_begin0       @ DW_AT_high_pc
	.byte	1                               @ DW_AT_frame_base
	.byte	93
	.long	.Linfo_string58                 @ DW_AT_name
	.byte	4                               @ DW_AT_decl_file
	.byte	71                              @ DW_AT_decl_line
                                        @ DW_AT_prototyped
                                        @ DW_AT_external
	.byte	15                              @ Abbrev [15] 0x36f:0xe4 DW_TAG_subprogram
	.long	.Lfunc_begin1                   @ DW_AT_low_pc
	.long	.Lfunc_end1-.Lfunc_begin1       @ DW_AT_high_pc
	.byte	1                               @ DW_AT_frame_base
	.byte	93
	.long	.Linfo_string59                 @ DW_AT_name
	.byte	4                               @ DW_AT_decl_file
	.byte	82                              @ DW_AT_decl_line
                                        @ DW_AT_prototyped
                                        @ DW_AT_external
	.byte	16                              @ Abbrev [16] 0x380:0xe DW_TAG_formal_parameter
	.byte	2                               @ DW_AT_location
	.byte	145
	.byte	52
	.long	.Linfo_string80                 @ DW_AT_name
	.byte	4                               @ DW_AT_decl_file
	.byte	82                              @ DW_AT_decl_line
	.long	1458                            @ DW_AT_type
	.byte	17                              @ Abbrev [17] 0x38e:0xe DW_TAG_variable
	.byte	2                               @ DW_AT_location
	.byte	145
	.byte	48
	.long	.Linfo_string81                 @ DW_AT_name
	.byte	4                               @ DW_AT_decl_file
	.byte	86                              @ DW_AT_decl_line
	.long	1463                            @ DW_AT_type
	.byte	17                              @ Abbrev [17] 0x39c:0xe DW_TAG_variable
	.byte	2                               @ DW_AT_location
	.byte	145
	.byte	44
	.long	.Linfo_string82                 @ DW_AT_name
	.byte	4                               @ DW_AT_decl_file
	.byte	87                              @ DW_AT_decl_line
	.long	1463                            @ DW_AT_type
	.byte	17                              @ Abbrev [17] 0x3aa:0xe DW_TAG_variable
	.byte	2                               @ DW_AT_location
	.byte	145
	.byte	40
	.long	.Linfo_string83                 @ DW_AT_name
	.byte	4                               @ DW_AT_decl_file
	.byte	88                              @ DW_AT_decl_line
	.long	1463                            @ DW_AT_type
	.byte	17                              @ Abbrev [17] 0x3b8:0xe DW_TAG_variable
	.byte	2                               @ DW_AT_location
	.byte	145
	.byte	36
	.long	.Linfo_string84                 @ DW_AT_name
	.byte	4                               @ DW_AT_decl_file
	.byte	89                              @ DW_AT_decl_line
	.long	1463                            @ DW_AT_type
	.byte	17                              @ Abbrev [17] 0x3c6:0xe DW_TAG_variable
	.byte	2                               @ DW_AT_location
	.byte	145
	.byte	32
	.long	.Linfo_string85                 @ DW_AT_name
	.byte	4                               @ DW_AT_decl_file
	.byte	91                              @ DW_AT_decl_line
	.long	1463                            @ DW_AT_type
	.byte	17                              @ Abbrev [17] 0x3d4:0xe DW_TAG_variable
	.byte	2                               @ DW_AT_location
	.byte	145
	.byte	28
	.long	.Linfo_string86                 @ DW_AT_name
	.byte	4                               @ DW_AT_decl_file
	.byte	92                              @ DW_AT_decl_line
	.long	1463                            @ DW_AT_type
	.byte	17                              @ Abbrev [17] 0x3e2:0xe DW_TAG_variable
	.byte	2                               @ DW_AT_location
	.byte	145
	.byte	24
	.long	.Linfo_string87                 @ DW_AT_name
	.byte	4                               @ DW_AT_decl_file
	.byte	93                              @ DW_AT_decl_line
	.long	1463                            @ DW_AT_type
	.byte	17                              @ Abbrev [17] 0x3f0:0xe DW_TAG_variable
	.byte	2                               @ DW_AT_location
	.byte	145
	.byte	20
	.long	.Linfo_string88                 @ DW_AT_name
	.byte	4                               @ DW_AT_decl_file
	.byte	94                              @ DW_AT_decl_line
	.long	1463                            @ DW_AT_type
	.byte	17                              @ Abbrev [17] 0x3fe:0xe DW_TAG_variable
	.byte	2                               @ DW_AT_location
	.byte	145
	.byte	16
	.long	.Linfo_string89                 @ DW_AT_name
	.byte	4                               @ DW_AT_decl_file
	.byte	96                              @ DW_AT_decl_line
	.long	1463                            @ DW_AT_type
	.byte	17                              @ Abbrev [17] 0x40c:0xe DW_TAG_variable
	.byte	2                               @ DW_AT_location
	.byte	145
	.byte	12
	.long	.Linfo_string90                 @ DW_AT_name
	.byte	4                               @ DW_AT_decl_file
	.byte	97                              @ DW_AT_decl_line
	.long	1463                            @ DW_AT_type
	.byte	17                              @ Abbrev [17] 0x41a:0xe DW_TAG_variable
	.byte	2                               @ DW_AT_location
	.byte	145
	.byte	8
	.long	.Linfo_string91                 @ DW_AT_name
	.byte	4                               @ DW_AT_decl_file
	.byte	98                              @ DW_AT_decl_line
	.long	1463                            @ DW_AT_type
	.byte	17                              @ Abbrev [17] 0x428:0xe DW_TAG_variable
	.byte	2                               @ DW_AT_location
	.byte	145
	.byte	7
	.long	.Linfo_string92                 @ DW_AT_name
	.byte	4                               @ DW_AT_decl_file
	.byte	100                             @ DW_AT_decl_line
	.long	1468                            @ DW_AT_type
	.byte	17                              @ Abbrev [17] 0x436:0xe DW_TAG_variable
	.byte	2                               @ DW_AT_location
	.byte	145
	.byte	6
	.long	.Linfo_string94                 @ DW_AT_name
	.byte	4                               @ DW_AT_decl_file
	.byte	101                             @ DW_AT_decl_line
	.long	1468                            @ DW_AT_type
	.byte	17                              @ Abbrev [17] 0x444:0xe DW_TAG_variable
	.byte	2                               @ DW_AT_location
	.byte	145
	.byte	0
	.long	.Linfo_string95                 @ DW_AT_name
	.byte	4                               @ DW_AT_decl_file
	.byte	103                             @ DW_AT_decl_line
	.long	1480                            @ DW_AT_type
	.byte	0                               @ End Of Children Mark
	.byte	14                              @ Abbrev [14] 0x453:0x11 DW_TAG_subprogram
	.long	.Lfunc_begin2                   @ DW_AT_low_pc
	.long	.Lfunc_end2-.Lfunc_begin2       @ DW_AT_high_pc
	.byte	1                               @ DW_AT_frame_base
	.byte	93
	.long	.Linfo_string60                 @ DW_AT_name
	.byte	4                               @ DW_AT_decl_file
	.byte	111                             @ DW_AT_decl_line
                                        @ DW_AT_prototyped
                                        @ DW_AT_external
	.byte	14                              @ Abbrev [14] 0x464:0x11 DW_TAG_subprogram
	.long	.Lfunc_begin3                   @ DW_AT_low_pc
	.long	.Lfunc_end3-.Lfunc_begin3       @ DW_AT_high_pc
	.byte	1                               @ DW_AT_frame_base
	.byte	93
	.long	.Linfo_string61                 @ DW_AT_name
	.byte	4                               @ DW_AT_decl_file
	.byte	125                             @ DW_AT_decl_line
                                        @ DW_AT_prototyped
                                        @ DW_AT_external
	.byte	14                              @ Abbrev [14] 0x475:0x11 DW_TAG_subprogram
	.long	.Lfunc_begin4                   @ DW_AT_low_pc
	.long	.Lfunc_end4-.Lfunc_begin4       @ DW_AT_high_pc
	.byte	1                               @ DW_AT_frame_base
	.byte	93
	.long	.Linfo_string62                 @ DW_AT_name
	.byte	4                               @ DW_AT_decl_file
	.byte	145                             @ DW_AT_decl_line
                                        @ DW_AT_prototyped
                                        @ DW_AT_external
	.byte	14                              @ Abbrev [14] 0x486:0x11 DW_TAG_subprogram
	.long	.Lfunc_begin5                   @ DW_AT_low_pc
	.long	.Lfunc_end5-.Lfunc_begin5       @ DW_AT_high_pc
	.byte	1                               @ DW_AT_frame_base
	.byte	93
	.long	.Linfo_string63                 @ DW_AT_name
	.byte	4                               @ DW_AT_decl_file
	.byte	165                             @ DW_AT_decl_line
                                        @ DW_AT_prototyped
                                        @ DW_AT_external
	.byte	14                              @ Abbrev [14] 0x497:0x11 DW_TAG_subprogram
	.long	.Lfunc_begin6                   @ DW_AT_low_pc
	.long	.Lfunc_end6-.Lfunc_begin6       @ DW_AT_high_pc
	.byte	1                               @ DW_AT_frame_base
	.byte	93
	.long	.Linfo_string64                 @ DW_AT_name
	.byte	4                               @ DW_AT_decl_file
	.byte	185                             @ DW_AT_decl_line
                                        @ DW_AT_prototyped
                                        @ DW_AT_external
	.byte	14                              @ Abbrev [14] 0x4a8:0x11 DW_TAG_subprogram
	.long	.Lfunc_begin7                   @ DW_AT_low_pc
	.long	.Lfunc_end7-.Lfunc_begin7       @ DW_AT_high_pc
	.byte	1                               @ DW_AT_frame_base
	.byte	93
	.long	.Linfo_string65                 @ DW_AT_name
	.byte	4                               @ DW_AT_decl_file
	.byte	198                             @ DW_AT_decl_line
                                        @ DW_AT_prototyped
                                        @ DW_AT_external
	.byte	14                              @ Abbrev [14] 0x4b9:0x11 DW_TAG_subprogram
	.long	.Lfunc_begin8                   @ DW_AT_low_pc
	.long	.Lfunc_end8-.Lfunc_begin8       @ DW_AT_high_pc
	.byte	1                               @ DW_AT_frame_base
	.byte	93
	.long	.Linfo_string66                 @ DW_AT_name
	.byte	4                               @ DW_AT_decl_file
	.byte	219                             @ DW_AT_decl_line
                                        @ DW_AT_prototyped
                                        @ DW_AT_external
	.byte	14                              @ Abbrev [14] 0x4ca:0x11 DW_TAG_subprogram
	.long	.Lfunc_begin9                   @ DW_AT_low_pc
	.long	.Lfunc_end9-.Lfunc_begin9       @ DW_AT_high_pc
	.byte	1                               @ DW_AT_frame_base
	.byte	93
	.long	.Linfo_string67                 @ DW_AT_name
	.byte	4                               @ DW_AT_decl_file
	.byte	233                             @ DW_AT_decl_line
                                        @ DW_AT_prototyped
                                        @ DW_AT_external
	.byte	14                              @ Abbrev [14] 0x4db:0x11 DW_TAG_subprogram
	.long	.Lfunc_begin10                  @ DW_AT_low_pc
	.long	.Lfunc_end10-.Lfunc_begin10     @ DW_AT_high_pc
	.byte	1                               @ DW_AT_frame_base
	.byte	93
	.long	.Linfo_string68                 @ DW_AT_name
	.byte	4                               @ DW_AT_decl_file
	.byte	247                             @ DW_AT_decl_line
                                        @ DW_AT_prototyped
                                        @ DW_AT_external
	.byte	18                              @ Abbrev [18] 0x4ec:0x12 DW_TAG_subprogram
	.long	.Lfunc_begin11                  @ DW_AT_low_pc
	.long	.Lfunc_end11-.Lfunc_begin11     @ DW_AT_high_pc
	.byte	1                               @ DW_AT_frame_base
	.byte	93
	.long	.Linfo_string69                 @ DW_AT_name
	.byte	4                               @ DW_AT_decl_file
	.short	261                             @ DW_AT_decl_line
                                        @ DW_AT_prototyped
                                        @ DW_AT_external
	.byte	18                              @ Abbrev [18] 0x4fe:0x12 DW_TAG_subprogram
	.long	.Lfunc_begin12                  @ DW_AT_low_pc
	.long	.Lfunc_end12-.Lfunc_begin12     @ DW_AT_high_pc
	.byte	1                               @ DW_AT_frame_base
	.byte	93
	.long	.Linfo_string70                 @ DW_AT_name
	.byte	4                               @ DW_AT_decl_file
	.short	275                             @ DW_AT_decl_line
                                        @ DW_AT_prototyped
                                        @ DW_AT_external
	.byte	18                              @ Abbrev [18] 0x510:0x12 DW_TAG_subprogram
	.long	.Lfunc_begin13                  @ DW_AT_low_pc
	.long	.Lfunc_end13-.Lfunc_begin13     @ DW_AT_high_pc
	.byte	1                               @ DW_AT_frame_base
	.byte	93
	.long	.Linfo_string71                 @ DW_AT_name
	.byte	4                               @ DW_AT_decl_file
	.short	289                             @ DW_AT_decl_line
                                        @ DW_AT_prototyped
                                        @ DW_AT_external
	.byte	18                              @ Abbrev [18] 0x522:0x12 DW_TAG_subprogram
	.long	.Lfunc_begin14                  @ DW_AT_low_pc
	.long	.Lfunc_end14-.Lfunc_begin14     @ DW_AT_high_pc
	.byte	1                               @ DW_AT_frame_base
	.byte	93
	.long	.Linfo_string72                 @ DW_AT_name
	.byte	4                               @ DW_AT_decl_file
	.short	303                             @ DW_AT_decl_line
                                        @ DW_AT_prototyped
                                        @ DW_AT_external
	.byte	18                              @ Abbrev [18] 0x534:0x12 DW_TAG_subprogram
	.long	.Lfunc_begin15                  @ DW_AT_low_pc
	.long	.Lfunc_end15-.Lfunc_begin15     @ DW_AT_high_pc
	.byte	1                               @ DW_AT_frame_base
	.byte	93
	.long	.Linfo_string73                 @ DW_AT_name
	.byte	4                               @ DW_AT_decl_file
	.short	317                             @ DW_AT_decl_line
                                        @ DW_AT_prototyped
                                        @ DW_AT_external
	.byte	18                              @ Abbrev [18] 0x546:0x12 DW_TAG_subprogram
	.long	.Lfunc_begin16                  @ DW_AT_low_pc
	.long	.Lfunc_end16-.Lfunc_begin16     @ DW_AT_high_pc
	.byte	1                               @ DW_AT_frame_base
	.byte	93
	.long	.Linfo_string74                 @ DW_AT_name
	.byte	4                               @ DW_AT_decl_file
	.short	331                             @ DW_AT_decl_line
                                        @ DW_AT_prototyped
                                        @ DW_AT_external
	.byte	18                              @ Abbrev [18] 0x558:0x12 DW_TAG_subprogram
	.long	.Lfunc_begin17                  @ DW_AT_low_pc
	.long	.Lfunc_end17-.Lfunc_begin17     @ DW_AT_high_pc
	.byte	1                               @ DW_AT_frame_base
	.byte	93
	.long	.Linfo_string75                 @ DW_AT_name
	.byte	4                               @ DW_AT_decl_file
	.short	345                             @ DW_AT_decl_line
                                        @ DW_AT_prototyped
                                        @ DW_AT_external
	.byte	18                              @ Abbrev [18] 0x56a:0x12 DW_TAG_subprogram
	.long	.Lfunc_begin18                  @ DW_AT_low_pc
	.long	.Lfunc_end18-.Lfunc_begin18     @ DW_AT_high_pc
	.byte	1                               @ DW_AT_frame_base
	.byte	93
	.long	.Linfo_string76                 @ DW_AT_name
	.byte	4                               @ DW_AT_decl_file
	.short	359                             @ DW_AT_decl_line
                                        @ DW_AT_prototyped
                                        @ DW_AT_external
	.byte	18                              @ Abbrev [18] 0x57c:0x12 DW_TAG_subprogram
	.long	.Lfunc_begin19                  @ DW_AT_low_pc
	.long	.Lfunc_end19-.Lfunc_begin19     @ DW_AT_high_pc
	.byte	1                               @ DW_AT_frame_base
	.byte	93
	.long	.Linfo_string77                 @ DW_AT_name
	.byte	4                               @ DW_AT_decl_file
	.short	373                             @ DW_AT_decl_line
                                        @ DW_AT_prototyped
                                        @ DW_AT_external
	.byte	18                              @ Abbrev [18] 0x58e:0x12 DW_TAG_subprogram
	.long	.Lfunc_begin20                  @ DW_AT_low_pc
	.long	.Lfunc_end20-.Lfunc_begin20     @ DW_AT_high_pc
	.byte	1                               @ DW_AT_frame_base
	.byte	93
	.long	.Linfo_string78                 @ DW_AT_name
	.byte	4                               @ DW_AT_decl_file
	.short	388                             @ DW_AT_decl_line
                                        @ DW_AT_prototyped
                                        @ DW_AT_external
	.byte	18                              @ Abbrev [18] 0x5a0:0x12 DW_TAG_subprogram
	.long	.Lfunc_begin21                  @ DW_AT_low_pc
	.long	.Lfunc_end21-.Lfunc_begin21     @ DW_AT_high_pc
	.byte	1                               @ DW_AT_frame_base
	.byte	93
	.long	.Linfo_string79                 @ DW_AT_name
	.byte	4                               @ DW_AT_decl_file
	.short	402                             @ DW_AT_decl_line
                                        @ DW_AT_prototyped
                                        @ DW_AT_external
	.byte	2                               @ Abbrev [2] 0x5b2:0x5 DW_TAG_pointer_type
	.long	357                             @ DW_AT_type
	.byte	6                               @ Abbrev [6] 0x5b7:0x5 DW_TAG_volatile_type
	.long	357                             @ DW_AT_type
	.byte	6                               @ Abbrev [6] 0x5bc:0x5 DW_TAG_volatile_type
	.long	1473                            @ DW_AT_type
	.byte	8                               @ Abbrev [8] 0x5c1:0x7 DW_TAG_base_type
	.long	.Linfo_string93                 @ DW_AT_name
	.byte	2                               @ DW_AT_encoding
	.byte	1                               @ DW_AT_byte_size
	.byte	6                               @ Abbrev [6] 0x5c8:0x5 DW_TAG_volatile_type
	.long	1485                            @ DW_AT_type
	.byte	8                               @ Abbrev [8] 0x5cd:0x7 DW_TAG_base_type
	.long	.Linfo_string96                 @ DW_AT_name
	.byte	5                               @ DW_AT_encoding
	.byte	4                               @ DW_AT_byte_size
	.byte	0                               @ End Of Children Mark
.Ldebug_info_end0:
	.section	.debug_ranges,"",%progbits
.Ldebug_ranges0:
	.long	.Lfunc_begin0
	.long	.Lfunc_end0
	.long	.Lfunc_begin1
	.long	.Lfunc_end1
	.long	.Lfunc_begin2
	.long	.Lfunc_end2
	.long	.Lfunc_begin3
	.long	.Lfunc_end3
	.long	.Lfunc_begin4
	.long	.Lfunc_end4
	.long	.Lfunc_begin5
	.long	.Lfunc_end5
	.long	.Lfunc_begin6
	.long	.Lfunc_end6
	.long	.Lfunc_begin7
	.long	.Lfunc_end7
	.long	.Lfunc_begin8
	.long	.Lfunc_end8
	.long	.Lfunc_begin9
	.long	.Lfunc_end9
	.long	.Lfunc_begin10
	.long	.Lfunc_end10
	.long	.Lfunc_begin11
	.long	.Lfunc_end11
	.long	.Lfunc_begin12
	.long	.Lfunc_end12
	.long	.Lfunc_begin13
	.long	.Lfunc_end13
	.long	.Lfunc_begin14
	.long	.Lfunc_end14
	.long	.Lfunc_begin15
	.long	.Lfunc_end15
	.long	.Lfunc_begin16
	.long	.Lfunc_end16
	.long	.Lfunc_begin17
	.long	.Lfunc_end17
	.long	.Lfunc_begin18
	.long	.Lfunc_end18
	.long	.Lfunc_begin19
	.long	.Lfunc_end19
	.long	.Lfunc_begin20
	.long	.Lfunc_end20
	.long	.Lfunc_begin21
	.long	.Lfunc_end21
	.long	0
	.long	0
	.section	.debug_str,"MS",%progbits,1
.Linfo_string0:
	.asciz	"Component: Arm Compiler for Embedded 6.21 Tool: armclang [5ec1fd00]" @ string offset=0
.Linfo_string1:
	.asciz	"../Board/v3/Src\\stm32f4xx_it.c" @ string offset=68
.Linfo_string2:
	.asciz	"D:\\ikingtec\\Robot\\ODrive\\Firmware\\MDK-ARM" @ string offset=99
.Linfo_string3:
	.asciz	"CR1"                           @ string offset=141
.Linfo_string4:
	.asciz	"unsigned int"                  @ string offset=145
.Linfo_string5:
	.asciz	"uint32_t"                      @ string offset=158
.Linfo_string6:
	.asciz	"CR2"                           @ string offset=167
.Linfo_string7:
	.asciz	"SMCR"                          @ string offset=171
.Linfo_string8:
	.asciz	"DIER"                          @ string offset=176
.Linfo_string9:
	.asciz	"SR"                            @ string offset=181
.Linfo_string10:
	.asciz	"EGR"                           @ string offset=184
.Linfo_string11:
	.asciz	"CCMR1"                         @ string offset=188
.Linfo_string12:
	.asciz	"CCMR2"                         @ string offset=194
.Linfo_string13:
	.asciz	"CCER"                          @ string offset=200
.Linfo_string14:
	.asciz	"CNT"                           @ string offset=205
.Linfo_string15:
	.asciz	"PSC"                           @ string offset=209
.Linfo_string16:
	.asciz	"ARR"                           @ string offset=213
.Linfo_string17:
	.asciz	"RCR"                           @ string offset=217
.Linfo_string18:
	.asciz	"CCR1"                          @ string offset=221
.Linfo_string19:
	.asciz	"CCR2"                          @ string offset=226
.Linfo_string20:
	.asciz	"CCR3"                          @ string offset=231
.Linfo_string21:
	.asciz	"CCR4"                          @ string offset=236
.Linfo_string22:
	.asciz	"BDTR"                          @ string offset=241
.Linfo_string23:
	.asciz	"DCR"                           @ string offset=246
.Linfo_string24:
	.asciz	"DMAR"                          @ string offset=250
.Linfo_string25:
	.asciz	"OR"                            @ string offset=255
.Linfo_string26:
	.asciz	"TIM_TypeDef"                   @ string offset=258
.Linfo_string27:
	.asciz	"CPUID"                         @ string offset=270
.Linfo_string28:
	.asciz	"ICSR"                          @ string offset=276
.Linfo_string29:
	.asciz	"VTOR"                          @ string offset=281
.Linfo_string30:
	.asciz	"AIRCR"                         @ string offset=286
.Linfo_string31:
	.asciz	"SCR"                           @ string offset=292
.Linfo_string32:
	.asciz	"CCR"                           @ string offset=296
.Linfo_string33:
	.asciz	"SHP"                           @ string offset=300
.Linfo_string34:
	.asciz	"unsigned char"                 @ string offset=304
.Linfo_string35:
	.asciz	"uint8_t"                       @ string offset=318
.Linfo_string36:
	.asciz	"__ARRAY_SIZE_TYPE__"           @ string offset=326
.Linfo_string37:
	.asciz	"SHCSR"                         @ string offset=346
.Linfo_string38:
	.asciz	"CFSR"                          @ string offset=352
.Linfo_string39:
	.asciz	"HFSR"                          @ string offset=357
.Linfo_string40:
	.asciz	"DFSR"                          @ string offset=362
.Linfo_string41:
	.asciz	"MMFAR"                         @ string offset=367
.Linfo_string42:
	.asciz	"BFAR"                          @ string offset=373
.Linfo_string43:
	.asciz	"AFSR"                          @ string offset=378
.Linfo_string44:
	.asciz	"PFR"                           @ string offset=383
.Linfo_string45:
	.asciz	"DFR"                           @ string offset=387
.Linfo_string46:
	.asciz	"ADR"                           @ string offset=391
.Linfo_string47:
	.asciz	"MMFR"                          @ string offset=395
.Linfo_string48:
	.asciz	"ISAR"                          @ string offset=400
.Linfo_string49:
	.asciz	"RESERVED0"                     @ string offset=405
.Linfo_string50:
	.asciz	"CPACR"                         @ string offset=415
.Linfo_string51:
	.asciz	"SCB_Type"                      @ string offset=421
.Linfo_string52:
	.asciz	"FPCCR"                         @ string offset=430
.Linfo_string53:
	.asciz	"FPCAR"                         @ string offset=436
.Linfo_string54:
	.asciz	"FPDSCR"                        @ string offset=442
.Linfo_string55:
	.asciz	"MVFR0"                         @ string offset=449
.Linfo_string56:
	.asciz	"MVFR1"                         @ string offset=455
.Linfo_string57:
	.asciz	"FPU_Type"                      @ string offset=461
.Linfo_string58:
	.asciz	"NMI_Handler"                   @ string offset=470
.Linfo_string59:
	.asciz	"get_regs"                      @ string offset=482
.Linfo_string60:
	.asciz	"HardFault_Handler"             @ string offset=491
.Linfo_string61:
	.asciz	"MemManage_Handler"             @ string offset=509
.Linfo_string62:
	.asciz	"BusFault_Handler"              @ string offset=527
.Linfo_string63:
	.asciz	"UsageFault_Handler"            @ string offset=544
.Linfo_string64:
	.asciz	"DebugMon_Handler"              @ string offset=563
.Linfo_string65:
	.asciz	"SysTick_Handler"               @ string offset=580
.Linfo_string66:
	.asciz	"DMA1_Stream0_IRQHandler"       @ string offset=596
.Linfo_string67:
	.asciz	"DMA1_Stream2_IRQHandler"       @ string offset=620
.Linfo_string68:
	.asciz	"DMA1_Stream4_IRQHandler"       @ string offset=644
.Linfo_string69:
	.asciz	"DMA1_Stream5_IRQHandler"       @ string offset=668
.Linfo_string70:
	.asciz	"DMA1_Stream6_IRQHandler"       @ string offset=692
.Linfo_string71:
	.asciz	"DMA1_Stream7_IRQHandler"       @ string offset=716
.Linfo_string72:
	.asciz	"CAN1_TX_IRQHandler"            @ string offset=740
.Linfo_string73:
	.asciz	"CAN1_RX0_IRQHandler"           @ string offset=759
.Linfo_string74:
	.asciz	"CAN1_RX1_IRQHandler"           @ string offset=779
.Linfo_string75:
	.asciz	"CAN1_SCE_IRQHandler"           @ string offset=799
.Linfo_string76:
	.asciz	"USART2_IRQHandler"             @ string offset=819
.Linfo_string77:
	.asciz	"TIM8_TRG_COM_TIM14_IRQHandler" @ string offset=837
.Linfo_string78:
	.asciz	"SPI3_IRQHandler"               @ string offset=867
.Linfo_string79:
	.asciz	"UART4_IRQHandler"              @ string offset=883
.Linfo_string80:
	.asciz	"stack_ptr"                     @ string offset=900
.Linfo_string81:
	.asciz	"r0"                            @ string offset=910
.Linfo_string82:
	.asciz	"r1"                            @ string offset=913
.Linfo_string83:
	.asciz	"r2"                            @ string offset=916
.Linfo_string84:
	.asciz	"r3"                            @ string offset=919
.Linfo_string85:
	.asciz	"r12"                           @ string offset=922
.Linfo_string86:
	.asciz	"lr"                            @ string offset=926
.Linfo_string87:
	.asciz	"pc"                            @ string offset=929
.Linfo_string88:
	.asciz	"psr"                           @ string offset=932
.Linfo_string89:
	.asciz	"cfsr"                          @ string offset=936
.Linfo_string90:
	.asciz	"cpacr"                         @ string offset=941
.Linfo_string91:
	.asciz	"fpccr"                         @ string offset=947
.Linfo_string92:
	.asciz	"preciserr"                     @ string offset=953
.Linfo_string93:
	.asciz	"_Bool"                         @ string offset=963
.Linfo_string94:
	.asciz	"ibuserr"                       @ string offset=969
.Linfo_string95:
	.asciz	"stay_looping"                  @ string offset=977
.Linfo_string96:
	.asciz	"int"                           @ string offset=990
	.ident	"Component: Arm Compiler for Embedded 6.21 Tool: armclang [5ec1fd00]"
	.section	".note.GNU-stack","",%progbits
	.eabi_attribute	30, 6	@ Tag_ABI_optimization_goals
	.ARM_attribute	16, 1	@ Tag_AV_eba
	.section	.debug_line,"",%progbits
.Lline_table_start0:
