	.text
	.syntax unified
	.eabi_attribute	67, "2.09"	@ Tag_conformance
	.cpu	cortex-m4
	.eabi_attribute	6, 13	@ Tag_CPU_arch
	.eabi_attribute	7, 77	@ Tag_CPU_arch_profile
	.eabi_attribute	8, 0	@ Tag_ARM_ISA_use
	.eabi_attribute	9, 2	@ Tag_THUMB_ISA_use
	.fpu	fpv4-sp-d16
	.eabi_attribute	27, 1	@ Tag_ABI_HardFP_use
	.eabi_attribute	36, 1	@ Tag_FP_HP_extension
	.eabi_attribute	34, 1	@ Tag_CPU_unaligned_access
	.eabi_attribute	17, 1	@ Tag_ABI_PCS_GOT_use
	.eabi_attribute	20, 2	@ Tag_ABI_FP_denormal
	.eabi_attribute	21, 0	@ Tag_ABI_FP_exceptions
	.eabi_attribute	23, 1	@ Tag_ABI_FP_number_model
	.eabi_attribute	24, 1	@ Tag_ABI_align_needed
	.eabi_attribute	25, 1	@ Tag_ABI_align_preserved
	.eabi_attribute	28, 1	@ Tag_ABI_VFP_args
	.eabi_attribute	38, 1	@ Tag_ABI_FP_16bit_format
	.eabi_attribute	18, 2	@ Tag_ABI_PCS_wchar_t
	.eabi_attribute	26, 1	@ Tag_ABI_enum_size
	.eabi_attribute	14, 0	@ Tag_ABI_PCS_R9_use
	.file	"stm32f4xx_hal_pwr.c"
	.file	1 "D:\\ikingtec\\Robot\\ODrive\\Firmware\\MDK-ARM" "../ThirdParty/CMSIS/Device/ST/STM32F4xx/Include\\stm32f4xx.h"
	.file	2 "D:\\Embed\\MDK\\MDK\\ARM\\ARMCompilerV621\\Bin\\..\\include" "stdint.h"
	.file	3 "D:\\ikingtec\\Robot\\ODrive\\Firmware\\MDK-ARM" "../ThirdParty/CMSIS/Device/ST/STM32F4xx/Include/stm32f405xx.h"
	.file	4 "D:\\ikingtec\\Robot\\ODrive\\Firmware\\MDK-ARM" "../ThirdParty/CMSIS/Include\\core_cm4.h"
	.section	.text.HAL_PWR_DeInit,"ax",%progbits
	.hidden	HAL_PWR_DeInit                  @ -- Begin function HAL_PWR_DeInit
	.globl	HAL_PWR_DeInit
	.p2align	2
	.type	HAL_PWR_DeInit,%function
	.code	16                              @ @HAL_PWR_DeInit
	.thumb_func
HAL_PWR_DeInit:
.Lfunc_begin0:
	.file	5 "D:\\ikingtec\\Robot\\ODrive\\Firmware\\MDK-ARM" "../ThirdParty/STM32F4xx_HAL_Driver/Src/stm32f4xx_hal_pwr.c"
	.loc	5 109 0                         @ ../ThirdParty/STM32F4xx_HAL_Driver/Src/stm32f4xx_hal_pwr.c:109:0
	.fnstart
	.cfi_sections .debug_frame
	.cfi_startproc
@ %bb.0:
	movw	r1, #14368
	movt	r1, #16386
.Ltmp0:
	.loc	5 110 3 prologue_end            @ ../ThirdParty/STM32F4xx_HAL_Driver/Src/stm32f4xx_hal_pwr.c:110:3
	ldr	r0, [r1]
	orr	r0, r0, #268435456
	str	r0, [r1]
	.loc	5 111 3                         @ ../ThirdParty/STM32F4xx_HAL_Driver/Src/stm32f4xx_hal_pwr.c:111:3
	ldr	r0, [r1]
	bic	r0, r0, #268435456
	str	r0, [r1]
	.loc	5 112 1                         @ ../ThirdParty/STM32F4xx_HAL_Driver/Src/stm32f4xx_hal_pwr.c:112:1
	bx	lr
.Ltmp1:
.Lfunc_end0:
	.size	HAL_PWR_DeInit, .Lfunc_end0-HAL_PWR_DeInit
	.cfi_endproc
	.cantunwind
	.fnend
                                        @ -- End function
	.section	.text.HAL_PWR_EnableBkUpAccess,"ax",%progbits
	.hidden	HAL_PWR_EnableBkUpAccess        @ -- Begin function HAL_PWR_EnableBkUpAccess
	.globl	HAL_PWR_EnableBkUpAccess
	.p2align	2
	.type	HAL_PWR_EnableBkUpAccess,%function
	.code	16                              @ @HAL_PWR_EnableBkUpAccess
	.thumb_func
HAL_PWR_EnableBkUpAccess:
.Lfunc_begin1:
	.loc	5 122 0                         @ ../ThirdParty/STM32F4xx_HAL_Driver/Src/stm32f4xx_hal_pwr.c:122:0
	.fnstart
	.cfi_startproc
@ %bb.0:
	movs	r1, #32
	movt	r1, #16910
	movs	r0, #1
.Ltmp2:
	.loc	5 123 32 prologue_end           @ ../ThirdParty/STM32F4xx_HAL_Driver/Src/stm32f4xx_hal_pwr.c:123:32
	str	r0, [r1]
	.loc	5 124 1                         @ ../ThirdParty/STM32F4xx_HAL_Driver/Src/stm32f4xx_hal_pwr.c:124:1
	bx	lr
.Ltmp3:
.Lfunc_end1:
	.size	HAL_PWR_EnableBkUpAccess, .Lfunc_end1-HAL_PWR_EnableBkUpAccess
	.cfi_endproc
	.cantunwind
	.fnend
                                        @ -- End function
	.section	.text.HAL_PWR_DisableBkUpAccess,"ax",%progbits
	.hidden	HAL_PWR_DisableBkUpAccess       @ -- Begin function HAL_PWR_DisableBkUpAccess
	.globl	HAL_PWR_DisableBkUpAccess
	.p2align	2
	.type	HAL_PWR_DisableBkUpAccess,%function
	.code	16                              @ @HAL_PWR_DisableBkUpAccess
	.thumb_func
HAL_PWR_DisableBkUpAccess:
.Lfunc_begin2:
	.loc	5 134 0                         @ ../ThirdParty/STM32F4xx_HAL_Driver/Src/stm32f4xx_hal_pwr.c:134:0
	.fnstart
	.cfi_startproc
@ %bb.0:
	movs	r1, #32
	movt	r1, #16910
	movs	r0, #0
.Ltmp4:
	.loc	5 135 32 prologue_end           @ ../ThirdParty/STM32F4xx_HAL_Driver/Src/stm32f4xx_hal_pwr.c:135:32
	str	r0, [r1]
	.loc	5 136 1                         @ ../ThirdParty/STM32F4xx_HAL_Driver/Src/stm32f4xx_hal_pwr.c:136:1
	bx	lr
.Ltmp5:
.Lfunc_end2:
	.size	HAL_PWR_DisableBkUpAccess, .Lfunc_end2-HAL_PWR_DisableBkUpAccess
	.cfi_endproc
	.cantunwind
	.fnend
                                        @ -- End function
	.section	.text.HAL_PWR_ConfigPVD,"ax",%progbits
	.hidden	HAL_PWR_ConfigPVD               @ -- Begin function HAL_PWR_ConfigPVD
	.globl	HAL_PWR_ConfigPVD
	.p2align	2
	.type	HAL_PWR_ConfigPVD,%function
	.code	16                              @ @HAL_PWR_ConfigPVD
	.thumb_func
HAL_PWR_ConfigPVD:
.Lfunc_begin3:
	.loc	5 269 0                         @ ../ThirdParty/STM32F4xx_HAL_Driver/Src/stm32f4xx_hal_pwr.c:269:0
	.fnstart
	.cfi_startproc
@ %bb.0:
	.pad	#4
	sub	sp, #4
	.cfi_def_cfa_offset 4
	str	r0, [sp]
	movw	r1, #28672
	movt	r1, #16384
.Ltmp6:
	.loc	5 275 3 prologue_end            @ ../ThirdParty/STM32F4xx_HAL_Driver/Src/stm32f4xx_hal_pwr.c:275:3
	ldr	r0, [r1]
	bic	r0, r0, #224
	ldr	r2, [sp]
	ldr	r2, [r2]
	orrs	r0, r2
	str	r0, [r1]
	movw	r1, #15364
	movt	r1, #16385
	.loc	5 278 3                         @ ../ThirdParty/STM32F4xx_HAL_Driver/Src/stm32f4xx_hal_pwr.c:278:3
	ldr	r0, [r1]
	bic	r0, r0, #65536
	str	r0, [r1]
	movw	r1, #15360
	movt	r1, #16385
	.loc	5 279 3                         @ ../ThirdParty/STM32F4xx_HAL_Driver/Src/stm32f4xx_hal_pwr.c:279:3
	ldr	r0, [r1]
	bic	r0, r0, #65536
	str	r0, [r1]
	movw	r1, #15368
	movt	r1, #16385
	.loc	5 280 3                         @ ../ThirdParty/STM32F4xx_HAL_Driver/Src/stm32f4xx_hal_pwr.c:280:3
	ldr	r0, [r1]
	bic	r0, r0, #65536
	str	r0, [r1]
	movw	r1, #15372
	movt	r1, #16385
	.loc	5 281 3                         @ ../ThirdParty/STM32F4xx_HAL_Driver/Src/stm32f4xx_hal_pwr.c:281:3
	ldr	r0, [r1]
	bic	r0, r0, #65536
	str	r0, [r1]
.Ltmp7:
	.loc	5 284 7                         @ ../ThirdParty/STM32F4xx_HAL_Driver/Src/stm32f4xx_hal_pwr.c:284:7
	ldr	r0, [sp]
.Ltmp8:
	.loc	5 284 6 is_stmt 0               @ ../ThirdParty/STM32F4xx_HAL_Driver/Src/stm32f4xx_hal_pwr.c:284:6
	ldrb	r0, [r0, #6]
	lsls	r0, r0, #31
	cbz	r0, .LBB3_2
	b	.LBB3_1
.LBB3_1:
	.loc	5 0 6                           @ ../ThirdParty/STM32F4xx_HAL_Driver/Src/stm32f4xx_hal_pwr.c:0:6
	movw	r1, #15360
	movt	r1, #16385
.Ltmp9:
	.loc	5 286 5 is_stmt 1               @ ../ThirdParty/STM32F4xx_HAL_Driver/Src/stm32f4xx_hal_pwr.c:286:5
	ldr	r0, [r1]
	orr	r0, r0, #65536
	str	r0, [r1]
	.loc	5 287 3                         @ ../ThirdParty/STM32F4xx_HAL_Driver/Src/stm32f4xx_hal_pwr.c:287:3
	b	.LBB3_2
.Ltmp10:
.LBB3_2:
	.loc	5 290 7                         @ ../ThirdParty/STM32F4xx_HAL_Driver/Src/stm32f4xx_hal_pwr.c:290:7
	ldr	r0, [sp]
.Ltmp11:
	.loc	5 290 6 is_stmt 0               @ ../ThirdParty/STM32F4xx_HAL_Driver/Src/stm32f4xx_hal_pwr.c:290:6
	ldrb	r0, [r0, #6]
	lsls	r0, r0, #30
	cmp	r0, #0
	bpl	.LBB3_4
	b	.LBB3_3
.LBB3_3:
	.loc	5 0 6                           @ ../ThirdParty/STM32F4xx_HAL_Driver/Src/stm32f4xx_hal_pwr.c:0:6
	movw	r1, #15364
	movt	r1, #16385
.Ltmp12:
	.loc	5 292 5 is_stmt 1               @ ../ThirdParty/STM32F4xx_HAL_Driver/Src/stm32f4xx_hal_pwr.c:292:5
	ldr	r0, [r1]
	orr	r0, r0, #65536
	str	r0, [r1]
	.loc	5 293 3                         @ ../ThirdParty/STM32F4xx_HAL_Driver/Src/stm32f4xx_hal_pwr.c:293:3
	b	.LBB3_4
.Ltmp13:
.LBB3_4:
	.loc	5 296 7                         @ ../ThirdParty/STM32F4xx_HAL_Driver/Src/stm32f4xx_hal_pwr.c:296:7
	ldr	r0, [sp]
.Ltmp14:
	.loc	5 296 6 is_stmt 0               @ ../ThirdParty/STM32F4xx_HAL_Driver/Src/stm32f4xx_hal_pwr.c:296:6
	ldrb	r0, [r0, #4]
	lsls	r0, r0, #31
	cbz	r0, .LBB3_6
	b	.LBB3_5
.LBB3_5:
	.loc	5 0 6                           @ ../ThirdParty/STM32F4xx_HAL_Driver/Src/stm32f4xx_hal_pwr.c:0:6
	movw	r1, #15368
	movt	r1, #16385
.Ltmp15:
	.loc	5 298 5 is_stmt 1               @ ../ThirdParty/STM32F4xx_HAL_Driver/Src/stm32f4xx_hal_pwr.c:298:5
	ldr	r0, [r1]
	orr	r0, r0, #65536
	str	r0, [r1]
	.loc	5 299 3                         @ ../ThirdParty/STM32F4xx_HAL_Driver/Src/stm32f4xx_hal_pwr.c:299:3
	b	.LBB3_6
.Ltmp16:
.LBB3_6:
	.loc	5 301 7                         @ ../ThirdParty/STM32F4xx_HAL_Driver/Src/stm32f4xx_hal_pwr.c:301:7
	ldr	r0, [sp]
.Ltmp17:
	.loc	5 301 6 is_stmt 0               @ ../ThirdParty/STM32F4xx_HAL_Driver/Src/stm32f4xx_hal_pwr.c:301:6
	ldrb	r0, [r0, #4]
	lsls	r0, r0, #30
	cmp	r0, #0
	bpl	.LBB3_8
	b	.LBB3_7
.LBB3_7:
	.loc	5 0 6                           @ ../ThirdParty/STM32F4xx_HAL_Driver/Src/stm32f4xx_hal_pwr.c:0:6
	movw	r1, #15372
	movt	r1, #16385
.Ltmp18:
	.loc	5 303 5 is_stmt 1               @ ../ThirdParty/STM32F4xx_HAL_Driver/Src/stm32f4xx_hal_pwr.c:303:5
	ldr	r0, [r1]
	orr	r0, r0, #65536
	str	r0, [r1]
	.loc	5 304 3                         @ ../ThirdParty/STM32F4xx_HAL_Driver/Src/stm32f4xx_hal_pwr.c:304:3
	b	.LBB3_8
.Ltmp19:
.LBB3_8:
	.loc	5 305 1 epilogue_begin          @ ../ThirdParty/STM32F4xx_HAL_Driver/Src/stm32f4xx_hal_pwr.c:305:1
	add	sp, #4
	bx	lr
.Ltmp20:
.Lfunc_end3:
	.size	HAL_PWR_ConfigPVD, .Lfunc_end3-HAL_PWR_ConfigPVD
	.cfi_endproc
	.cantunwind
	.fnend
                                        @ -- End function
	.section	.text.HAL_PWR_EnablePVD,"ax",%progbits
	.hidden	HAL_PWR_EnablePVD               @ -- Begin function HAL_PWR_EnablePVD
	.globl	HAL_PWR_EnablePVD
	.p2align	2
	.type	HAL_PWR_EnablePVD,%function
	.code	16                              @ @HAL_PWR_EnablePVD
	.thumb_func
HAL_PWR_EnablePVD:
.Lfunc_begin4:
	.loc	5 312 0                         @ ../ThirdParty/STM32F4xx_HAL_Driver/Src/stm32f4xx_hal_pwr.c:312:0
	.fnstart
	.cfi_startproc
@ %bb.0:
	movs	r1, #16
	movt	r1, #16910
	movs	r0, #1
.Ltmp21:
	.loc	5 313 33 prologue_end           @ ../ThirdParty/STM32F4xx_HAL_Driver/Src/stm32f4xx_hal_pwr.c:313:33
	str	r0, [r1]
	.loc	5 314 1                         @ ../ThirdParty/STM32F4xx_HAL_Driver/Src/stm32f4xx_hal_pwr.c:314:1
	bx	lr
.Ltmp22:
.Lfunc_end4:
	.size	HAL_PWR_EnablePVD, .Lfunc_end4-HAL_PWR_EnablePVD
	.cfi_endproc
	.cantunwind
	.fnend
                                        @ -- End function
	.section	.text.HAL_PWR_DisablePVD,"ax",%progbits
	.hidden	HAL_PWR_DisablePVD              @ -- Begin function HAL_PWR_DisablePVD
	.globl	HAL_PWR_DisablePVD
	.p2align	2
	.type	HAL_PWR_DisablePVD,%function
	.code	16                              @ @HAL_PWR_DisablePVD
	.thumb_func
HAL_PWR_DisablePVD:
.Lfunc_begin5:
	.loc	5 321 0                         @ ../ThirdParty/STM32F4xx_HAL_Driver/Src/stm32f4xx_hal_pwr.c:321:0
	.fnstart
	.cfi_startproc
@ %bb.0:
	movs	r1, #16
	movt	r1, #16910
	movs	r0, #0
.Ltmp23:
	.loc	5 322 33 prologue_end           @ ../ThirdParty/STM32F4xx_HAL_Driver/Src/stm32f4xx_hal_pwr.c:322:33
	str	r0, [r1]
	.loc	5 323 1                         @ ../ThirdParty/STM32F4xx_HAL_Driver/Src/stm32f4xx_hal_pwr.c:323:1
	bx	lr
.Ltmp24:
.Lfunc_end5:
	.size	HAL_PWR_DisablePVD, .Lfunc_end5-HAL_PWR_DisablePVD
	.cfi_endproc
	.cantunwind
	.fnend
                                        @ -- End function
	.section	.text.HAL_PWR_EnableWakeUpPin,"ax",%progbits
	.hidden	HAL_PWR_EnableWakeUpPin         @ -- Begin function HAL_PWR_EnableWakeUpPin
	.globl	HAL_PWR_EnableWakeUpPin
	.p2align	2
	.type	HAL_PWR_EnableWakeUpPin,%function
	.code	16                              @ @HAL_PWR_EnableWakeUpPin
	.thumb_func
HAL_PWR_EnableWakeUpPin:
.Lfunc_begin6:
	.loc	5 335 0                         @ ../ThirdParty/STM32F4xx_HAL_Driver/Src/stm32f4xx_hal_pwr.c:335:0
	.fnstart
	.cfi_startproc
@ %bb.0:
	.pad	#4
	sub	sp, #4
	.cfi_def_cfa_offset 4
	str	r0, [sp]
.Ltmp25:
	.loc	5 340 3 prologue_end            @ ../ThirdParty/STM32F4xx_HAL_Driver/Src/stm32f4xx_hal_pwr.c:340:3
	ldr	r2, [sp]
	movw	r1, #28676
	movt	r1, #16384
	ldr	r0, [r1]
	orrs	r0, r2
	str	r0, [r1]
	.loc	5 341 1 epilogue_begin          @ ../ThirdParty/STM32F4xx_HAL_Driver/Src/stm32f4xx_hal_pwr.c:341:1
	add	sp, #4
	bx	lr
.Ltmp26:
.Lfunc_end6:
	.size	HAL_PWR_EnableWakeUpPin, .Lfunc_end6-HAL_PWR_EnableWakeUpPin
	.cfi_endproc
	.cantunwind
	.fnend
                                        @ -- End function
	.section	.text.HAL_PWR_DisableWakeUpPin,"ax",%progbits
	.hidden	HAL_PWR_DisableWakeUpPin        @ -- Begin function HAL_PWR_DisableWakeUpPin
	.globl	HAL_PWR_DisableWakeUpPin
	.p2align	2
	.type	HAL_PWR_DisableWakeUpPin,%function
	.code	16                              @ @HAL_PWR_DisableWakeUpPin
	.thumb_func
HAL_PWR_DisableWakeUpPin:
.Lfunc_begin7:
	.loc	5 353 0                         @ ../ThirdParty/STM32F4xx_HAL_Driver/Src/stm32f4xx_hal_pwr.c:353:0
	.fnstart
	.cfi_startproc
@ %bb.0:
	.pad	#4
	sub	sp, #4
	.cfi_def_cfa_offset 4
	str	r0, [sp]
.Ltmp27:
	.loc	5 358 3 prologue_end            @ ../ThirdParty/STM32F4xx_HAL_Driver/Src/stm32f4xx_hal_pwr.c:358:3
	ldr	r2, [sp]
	movw	r1, #28676
	movt	r1, #16384
	ldr	r0, [r1]
	bics	r0, r2
	str	r0, [r1]
	.loc	5 359 1 epilogue_begin          @ ../ThirdParty/STM32F4xx_HAL_Driver/Src/stm32f4xx_hal_pwr.c:359:1
	add	sp, #4
	bx	lr
.Ltmp28:
.Lfunc_end7:
	.size	HAL_PWR_DisableWakeUpPin, .Lfunc_end7-HAL_PWR_DisableWakeUpPin
	.cfi_endproc
	.cantunwind
	.fnend
                                        @ -- End function
	.section	.text.HAL_PWR_EnterSLEEPMode,"ax",%progbits
	.hidden	HAL_PWR_EnterSLEEPMode          @ -- Begin function HAL_PWR_EnterSLEEPMode
	.globl	HAL_PWR_EnterSLEEPMode
	.p2align	2
	.type	HAL_PWR_EnterSLEEPMode,%function
	.code	16                              @ @HAL_PWR_EnterSLEEPMode
	.thumb_func
HAL_PWR_EnterSLEEPMode:
.Lfunc_begin8:
	.loc	5 382 0                         @ ../ThirdParty/STM32F4xx_HAL_Driver/Src/stm32f4xx_hal_pwr.c:382:0
	.fnstart
	.cfi_startproc
@ %bb.0:
	.pad	#8
	sub	sp, #8
	.cfi_def_cfa_offset 8
                                        @ kill: def $r2 killed $r1
	str	r0, [sp, #4]
	strb.w	r1, [sp, #3]
	movw	r1, #60688
	movt	r1, #57344
.Ltmp29:
	.loc	5 388 3 prologue_end            @ ../ThirdParty/STM32F4xx_HAL_Driver/Src/stm32f4xx_hal_pwr.c:388:3
	ldr	r0, [r1]
	bic	r0, r0, #4
	str	r0, [r1]
.Ltmp30:
	.loc	5 391 6                         @ ../ThirdParty/STM32F4xx_HAL_Driver/Src/stm32f4xx_hal_pwr.c:391:6
	ldrb.w	r0, [sp, #3]
.Ltmp31:
	.loc	5 391 6 is_stmt 0               @ ../ThirdParty/STM32F4xx_HAL_Driver/Src/stm32f4xx_hal_pwr.c:391:6
	cmp	r0, #1
	bne	.LBB8_2
	b	.LBB8_1
.LBB8_1:
.Ltmp32:
	.loc	5 394 5 is_stmt 1               @ ../ThirdParty/STM32F4xx_HAL_Driver/Src/stm32f4xx_hal_pwr.c:394:5
	wfi
	.loc	5 395 3                         @ ../ThirdParty/STM32F4xx_HAL_Driver/Src/stm32f4xx_hal_pwr.c:395:3
	b	.LBB8_3
.Ltmp33:
.LBB8_2:
	.loc	5 399 5                         @ ../ThirdParty/STM32F4xx_HAL_Driver/Src/stm32f4xx_hal_pwr.c:399:5
	sev
	.loc	5 400 5                         @ ../ThirdParty/STM32F4xx_HAL_Driver/Src/stm32f4xx_hal_pwr.c:400:5
	wfe
	.loc	5 401 5                         @ ../ThirdParty/STM32F4xx_HAL_Driver/Src/stm32f4xx_hal_pwr.c:401:5
	wfe
	b	.LBB8_3
.Ltmp34:
.LBB8_3:
	.loc	5 403 1 epilogue_begin          @ ../ThirdParty/STM32F4xx_HAL_Driver/Src/stm32f4xx_hal_pwr.c:403:1
	add	sp, #8
	bx	lr
.Ltmp35:
.Lfunc_end8:
	.size	HAL_PWR_EnterSLEEPMode, .Lfunc_end8-HAL_PWR_EnterSLEEPMode
	.cfi_endproc
	.cantunwind
	.fnend
                                        @ -- End function
	.section	.text.HAL_PWR_EnterSTOPMode,"ax",%progbits
	.hidden	HAL_PWR_EnterSTOPMode           @ -- Begin function HAL_PWR_EnterSTOPMode
	.globl	HAL_PWR_EnterSTOPMode
	.p2align	2
	.type	HAL_PWR_EnterSTOPMode,%function
	.code	16                              @ @HAL_PWR_EnterSTOPMode
	.thumb_func
HAL_PWR_EnterSTOPMode:
.Lfunc_begin9:
	.loc	5 425 0                         @ ../ThirdParty/STM32F4xx_HAL_Driver/Src/stm32f4xx_hal_pwr.c:425:0
	.fnstart
	.cfi_startproc
@ %bb.0:
	.pad	#8
	sub	sp, #8
	.cfi_def_cfa_offset 8
                                        @ kill: def $r2 killed $r1
	str	r0, [sp, #4]
	strb.w	r1, [sp, #3]
	movw	r1, #28672
	movt	r1, #16384
.Ltmp36:
	.loc	5 431 3 prologue_end            @ ../ThirdParty/STM32F4xx_HAL_Driver/Src/stm32f4xx_hal_pwr.c:431:3
	ldr	r0, [r1]
	bic	r0, r0, #3
	ldr	r2, [sp, #4]
	orrs	r0, r2
	str	r0, [r1]
	movw	r1, #60688
	movt	r1, #57344
	.loc	5 434 3                         @ ../ThirdParty/STM32F4xx_HAL_Driver/Src/stm32f4xx_hal_pwr.c:434:3
	ldr	r0, [r1]
	orr	r0, r0, #4
	str	r0, [r1]
.Ltmp37:
	.loc	5 437 6                         @ ../ThirdParty/STM32F4xx_HAL_Driver/Src/stm32f4xx_hal_pwr.c:437:6
	ldrb.w	r0, [sp, #3]
.Ltmp38:
	.loc	5 437 6 is_stmt 0               @ ../ThirdParty/STM32F4xx_HAL_Driver/Src/stm32f4xx_hal_pwr.c:437:6
	cmp	r0, #1
	bne	.LBB9_2
	b	.LBB9_1
.LBB9_1:
.Ltmp39:
	.loc	5 440 5 is_stmt 1               @ ../ThirdParty/STM32F4xx_HAL_Driver/Src/stm32f4xx_hal_pwr.c:440:5
	wfi
	.loc	5 441 3                         @ ../ThirdParty/STM32F4xx_HAL_Driver/Src/stm32f4xx_hal_pwr.c:441:3
	b	.LBB9_3
.Ltmp40:
.LBB9_2:
	.loc	5 445 5                         @ ../ThirdParty/STM32F4xx_HAL_Driver/Src/stm32f4xx_hal_pwr.c:445:5
	sev
	.loc	5 446 5                         @ ../ThirdParty/STM32F4xx_HAL_Driver/Src/stm32f4xx_hal_pwr.c:446:5
	wfe
	.loc	5 447 5                         @ ../ThirdParty/STM32F4xx_HAL_Driver/Src/stm32f4xx_hal_pwr.c:447:5
	wfe
	b	.LBB9_3
.Ltmp41:
.LBB9_3:
	.loc	5 0 5 is_stmt 0                 @ ../ThirdParty/STM32F4xx_HAL_Driver/Src/stm32f4xx_hal_pwr.c:0:5
	movw	r1, #60688
	movt	r1, #57344
	.loc	5 450 3 is_stmt 1               @ ../ThirdParty/STM32F4xx_HAL_Driver/Src/stm32f4xx_hal_pwr.c:450:3
	ldr	r0, [r1]
	bic	r0, r0, #4
	str	r0, [r1]
	.loc	5 451 1 epilogue_begin          @ ../ThirdParty/STM32F4xx_HAL_Driver/Src/stm32f4xx_hal_pwr.c:451:1
	add	sp, #8
	bx	lr
.Ltmp42:
.Lfunc_end9:
	.size	HAL_PWR_EnterSTOPMode, .Lfunc_end9-HAL_PWR_EnterSTOPMode
	.cfi_endproc
	.cantunwind
	.fnend
                                        @ -- End function
	.section	.text.HAL_PWR_EnterSTANDBYMode,"ax",%progbits
	.hidden	HAL_PWR_EnterSTANDBYMode        @ -- Begin function HAL_PWR_EnterSTANDBYMode
	.globl	HAL_PWR_EnterSTANDBYMode
	.p2align	2
	.type	HAL_PWR_EnterSTANDBYMode,%function
	.code	16                              @ @HAL_PWR_EnterSTANDBYMode
	.thumb_func
HAL_PWR_EnterSTANDBYMode:
.Lfunc_begin10:
	.loc	5 464 0                         @ ../ThirdParty/STM32F4xx_HAL_Driver/Src/stm32f4xx_hal_pwr.c:464:0
	.fnstart
	.cfi_startproc
@ %bb.0:
	movw	r1, #28672
	movt	r1, #16384
.Ltmp43:
	.loc	5 466 3 prologue_end            @ ../ThirdParty/STM32F4xx_HAL_Driver/Src/stm32f4xx_hal_pwr.c:466:3
	ldr	r0, [r1]
	orr	r0, r0, #2
	str	r0, [r1]
	movw	r1, #60688
	movt	r1, #57344
	.loc	5 469 3                         @ ../ThirdParty/STM32F4xx_HAL_Driver/Src/stm32f4xx_hal_pwr.c:469:3
	ldr	r0, [r1]
	orr	r0, r0, #4
	str	r0, [r1]
	.loc	5 476 3                         @ ../ThirdParty/STM32F4xx_HAL_Driver/Src/stm32f4xx_hal_pwr.c:476:3
	wfi
	.loc	5 477 1                         @ ../ThirdParty/STM32F4xx_HAL_Driver/Src/stm32f4xx_hal_pwr.c:477:1
	bx	lr
.Ltmp44:
.Lfunc_end10:
	.size	HAL_PWR_EnterSTANDBYMode, .Lfunc_end10-HAL_PWR_EnterSTANDBYMode
	.cfi_endproc
	.cantunwind
	.fnend
                                        @ -- End function
	.section	.text.HAL_PWR_PVD_IRQHandler,"ax",%progbits
	.hidden	HAL_PWR_PVD_IRQHandler          @ -- Begin function HAL_PWR_PVD_IRQHandler
	.globl	HAL_PWR_PVD_IRQHandler
	.p2align	2
	.type	HAL_PWR_PVD_IRQHandler,%function
	.code	16                              @ @HAL_PWR_PVD_IRQHandler
	.thumb_func
HAL_PWR_PVD_IRQHandler:
.Lfunc_begin11:
	.loc	5 485 0                         @ ../ThirdParty/STM32F4xx_HAL_Driver/Src/stm32f4xx_hal_pwr.c:485:0
	.fnstart
	.cfi_startproc
@ %bb.0:
	.save	{r7, lr}
	push	{r7, lr}
	.cfi_def_cfa_offset 8
	.cfi_offset lr, -4
	.cfi_offset r7, -8
	movw	r0, #15380
	movt	r0, #16385
.Ltmp45:
	.loc	5 487 6 prologue_end            @ ../ThirdParty/STM32F4xx_HAL_Driver/Src/stm32f4xx_hal_pwr.c:487:6
	ldr	r0, [r0]
.Ltmp46:
	.loc	5 487 6 is_stmt 0               @ ../ThirdParty/STM32F4xx_HAL_Driver/Src/stm32f4xx_hal_pwr.c:487:6
	lsls	r0, r0, #15
	cmp	r0, #0
	bpl	.LBB11_2
	b	.LBB11_1
.LBB11_1:
.Ltmp47:
	.loc	5 490 5 is_stmt 1               @ ../ThirdParty/STM32F4xx_HAL_Driver/Src/stm32f4xx_hal_pwr.c:490:5
	bl	HAL_PWR_PVDCallback
	movw	r1, #15380
	movt	r1, #16385
	mov.w	r0, #65536
	.loc	5 493 5                         @ ../ThirdParty/STM32F4xx_HAL_Driver/Src/stm32f4xx_hal_pwr.c:493:5
	str	r0, [r1]
	.loc	5 494 3                         @ ../ThirdParty/STM32F4xx_HAL_Driver/Src/stm32f4xx_hal_pwr.c:494:3
	b	.LBB11_2
.Ltmp48:
.LBB11_2:
	.loc	5 495 1 epilogue_begin          @ ../ThirdParty/STM32F4xx_HAL_Driver/Src/stm32f4xx_hal_pwr.c:495:1
	pop	{r7, pc}
.Ltmp49:
.Lfunc_end11:
	.size	HAL_PWR_PVD_IRQHandler, .Lfunc_end11-HAL_PWR_PVD_IRQHandler
	.cfi_endproc
	.cantunwind
	.fnend
                                        @ -- End function
	.section	.text.HAL_PWR_PVDCallback,"ax",%progbits
	.hidden	HAL_PWR_PVDCallback             @ -- Begin function HAL_PWR_PVDCallback
	.weak	HAL_PWR_PVDCallback
	.p2align	2
	.type	HAL_PWR_PVDCallback,%function
	.code	16                              @ @HAL_PWR_PVDCallback
	.thumb_func
HAL_PWR_PVDCallback:
.Lfunc_begin12:
	.fnstart
	.cfi_startproc
@ %bb.0:
	.loc	5 506 1 prologue_end            @ ../ThirdParty/STM32F4xx_HAL_Driver/Src/stm32f4xx_hal_pwr.c:506:1
	bx	lr
.Ltmp50:
.Lfunc_end12:
	.size	HAL_PWR_PVDCallback, .Lfunc_end12-HAL_PWR_PVDCallback
	.cfi_endproc
	.cantunwind
	.fnend
                                        @ -- End function
	.section	.text.HAL_PWR_EnableSleepOnExit,"ax",%progbits
	.hidden	HAL_PWR_EnableSleepOnExit       @ -- Begin function HAL_PWR_EnableSleepOnExit
	.globl	HAL_PWR_EnableSleepOnExit
	.p2align	2
	.type	HAL_PWR_EnableSleepOnExit,%function
	.code	16                              @ @HAL_PWR_EnableSleepOnExit
	.thumb_func
HAL_PWR_EnableSleepOnExit:
.Lfunc_begin13:
	.loc	5 517 0                         @ ../ThirdParty/STM32F4xx_HAL_Driver/Src/stm32f4xx_hal_pwr.c:517:0
	.fnstart
	.cfi_startproc
@ %bb.0:
	movw	r1, #60688
	movt	r1, #57344
.Ltmp51:
	.loc	5 519 3 prologue_end            @ ../ThirdParty/STM32F4xx_HAL_Driver/Src/stm32f4xx_hal_pwr.c:519:3
	ldr	r0, [r1]
	orr	r0, r0, #2
	str	r0, [r1]
	.loc	5 520 1                         @ ../ThirdParty/STM32F4xx_HAL_Driver/Src/stm32f4xx_hal_pwr.c:520:1
	bx	lr
.Ltmp52:
.Lfunc_end13:
	.size	HAL_PWR_EnableSleepOnExit, .Lfunc_end13-HAL_PWR_EnableSleepOnExit
	.cfi_endproc
	.cantunwind
	.fnend
                                        @ -- End function
	.section	.text.HAL_PWR_DisableSleepOnExit,"ax",%progbits
	.hidden	HAL_PWR_DisableSleepOnExit      @ -- Begin function HAL_PWR_DisableSleepOnExit
	.globl	HAL_PWR_DisableSleepOnExit
	.p2align	2
	.type	HAL_PWR_DisableSleepOnExit,%function
	.code	16                              @ @HAL_PWR_DisableSleepOnExit
	.thumb_func
HAL_PWR_DisableSleepOnExit:
.Lfunc_begin14:
	.loc	5 529 0                         @ ../ThirdParty/STM32F4xx_HAL_Driver/Src/stm32f4xx_hal_pwr.c:529:0
	.fnstart
	.cfi_startproc
@ %bb.0:
	movw	r1, #60688
	movt	r1, #57344
.Ltmp53:
	.loc	5 531 3 prologue_end            @ ../ThirdParty/STM32F4xx_HAL_Driver/Src/stm32f4xx_hal_pwr.c:531:3
	ldr	r0, [r1]
	bic	r0, r0, #2
	str	r0, [r1]
	.loc	5 532 1                         @ ../ThirdParty/STM32F4xx_HAL_Driver/Src/stm32f4xx_hal_pwr.c:532:1
	bx	lr
.Ltmp54:
.Lfunc_end14:
	.size	HAL_PWR_DisableSleepOnExit, .Lfunc_end14-HAL_PWR_DisableSleepOnExit
	.cfi_endproc
	.cantunwind
	.fnend
                                        @ -- End function
	.section	.text.HAL_PWR_EnableSEVOnPend,"ax",%progbits
	.hidden	HAL_PWR_EnableSEVOnPend         @ -- Begin function HAL_PWR_EnableSEVOnPend
	.globl	HAL_PWR_EnableSEVOnPend
	.p2align	2
	.type	HAL_PWR_EnableSEVOnPend,%function
	.code	16                              @ @HAL_PWR_EnableSEVOnPend
	.thumb_func
HAL_PWR_EnableSEVOnPend:
.Lfunc_begin15:
	.loc	5 541 0                         @ ../ThirdParty/STM32F4xx_HAL_Driver/Src/stm32f4xx_hal_pwr.c:541:0
	.fnstart
	.cfi_startproc
@ %bb.0:
	movw	r1, #60688
	movt	r1, #57344
.Ltmp55:
	.loc	5 543 3 prologue_end            @ ../ThirdParty/STM32F4xx_HAL_Driver/Src/stm32f4xx_hal_pwr.c:543:3
	ldr	r0, [r1]
	orr	r0, r0, #16
	str	r0, [r1]
	.loc	5 544 1                         @ ../ThirdParty/STM32F4xx_HAL_Driver/Src/stm32f4xx_hal_pwr.c:544:1
	bx	lr
.Ltmp56:
.Lfunc_end15:
	.size	HAL_PWR_EnableSEVOnPend, .Lfunc_end15-HAL_PWR_EnableSEVOnPend
	.cfi_endproc
	.cantunwind
	.fnend
                                        @ -- End function
	.section	.text.HAL_PWR_DisableSEVOnPend,"ax",%progbits
	.hidden	HAL_PWR_DisableSEVOnPend        @ -- Begin function HAL_PWR_DisableSEVOnPend
	.globl	HAL_PWR_DisableSEVOnPend
	.p2align	2
	.type	HAL_PWR_DisableSEVOnPend,%function
	.code	16                              @ @HAL_PWR_DisableSEVOnPend
	.thumb_func
HAL_PWR_DisableSEVOnPend:
.Lfunc_begin16:
	.loc	5 553 0                         @ ../ThirdParty/STM32F4xx_HAL_Driver/Src/stm32f4xx_hal_pwr.c:553:0
	.fnstart
	.cfi_startproc
@ %bb.0:
	movw	r1, #60688
	movt	r1, #57344
.Ltmp57:
	.loc	5 555 3 prologue_end            @ ../ThirdParty/STM32F4xx_HAL_Driver/Src/stm32f4xx_hal_pwr.c:555:3
	ldr	r0, [r1]
	bic	r0, r0, #16
	str	r0, [r1]
	.loc	5 556 1                         @ ../ThirdParty/STM32F4xx_HAL_Driver/Src/stm32f4xx_hal_pwr.c:556:1
	bx	lr
.Ltmp58:
.Lfunc_end16:
	.size	HAL_PWR_DisableSEVOnPend, .Lfunc_end16-HAL_PWR_DisableSEVOnPend
	.cfi_endproc
	.cantunwind
	.fnend
                                        @ -- End function
	.file	6 "D:\\ikingtec\\Robot\\ODrive\\Firmware\\MDK-ARM" "../ThirdParty/STM32F4xx_HAL_Driver/Inc\\stm32f4xx_hal_pwr.h"
	.section	.debug_abbrev,"",%progbits
	.byte	1                               @ Abbreviation Code
	.byte	17                              @ DW_TAG_compile_unit
	.byte	1                               @ DW_CHILDREN_yes
	.byte	37                              @ DW_AT_producer
	.byte	14                              @ DW_FORM_strp
	.byte	19                              @ DW_AT_language
	.byte	5                               @ DW_FORM_data2
	.byte	3                               @ DW_AT_name
	.byte	14                              @ DW_FORM_strp
	.byte	16                              @ DW_AT_stmt_list
	.byte	23                              @ DW_FORM_sec_offset
	.byte	27                              @ DW_AT_comp_dir
	.byte	14                              @ DW_FORM_strp
	.byte	17                              @ DW_AT_low_pc
	.byte	1                               @ DW_FORM_addr
	.byte	85                              @ DW_AT_ranges
	.byte	23                              @ DW_FORM_sec_offset
	.byte	0                               @ EOM(1)
	.byte	0                               @ EOM(2)
	.byte	2                               @ Abbreviation Code
	.byte	4                               @ DW_TAG_enumeration_type
	.byte	1                               @ DW_CHILDREN_yes
	.byte	73                              @ DW_AT_type
	.byte	19                              @ DW_FORM_ref4
	.byte	11                              @ DW_AT_byte_size
	.byte	11                              @ DW_FORM_data1
	.byte	58                              @ DW_AT_decl_file
	.byte	11                              @ DW_FORM_data1
	.byte	59                              @ DW_AT_decl_line
	.byte	11                              @ DW_FORM_data1
	.byte	0                               @ EOM(1)
	.byte	0                               @ EOM(2)
	.byte	3                               @ Abbreviation Code
	.byte	40                              @ DW_TAG_enumerator
	.byte	0                               @ DW_CHILDREN_no
	.byte	3                               @ DW_AT_name
	.byte	14                              @ DW_FORM_strp
	.byte	28                              @ DW_AT_const_value
	.byte	15                              @ DW_FORM_udata
	.byte	0                               @ EOM(1)
	.byte	0                               @ EOM(2)
	.byte	4                               @ Abbreviation Code
	.byte	36                              @ DW_TAG_base_type
	.byte	0                               @ DW_CHILDREN_no
	.byte	3                               @ DW_AT_name
	.byte	14                              @ DW_FORM_strp
	.byte	62                              @ DW_AT_encoding
	.byte	11                              @ DW_FORM_data1
	.byte	11                              @ DW_AT_byte_size
	.byte	11                              @ DW_FORM_data1
	.byte	0                               @ EOM(1)
	.byte	0                               @ EOM(2)
	.byte	5                               @ Abbreviation Code
	.byte	15                              @ DW_TAG_pointer_type
	.byte	0                               @ DW_CHILDREN_no
	.byte	73                              @ DW_AT_type
	.byte	19                              @ DW_FORM_ref4
	.byte	0                               @ EOM(1)
	.byte	0                               @ EOM(2)
	.byte	6                               @ Abbreviation Code
	.byte	22                              @ DW_TAG_typedef
	.byte	0                               @ DW_CHILDREN_no
	.byte	73                              @ DW_AT_type
	.byte	19                              @ DW_FORM_ref4
	.byte	3                               @ DW_AT_name
	.byte	14                              @ DW_FORM_strp
	.byte	58                              @ DW_AT_decl_file
	.byte	11                              @ DW_FORM_data1
	.byte	59                              @ DW_AT_decl_line
	.byte	5                               @ DW_FORM_data2
	.byte	0                               @ EOM(1)
	.byte	0                               @ EOM(2)
	.byte	7                               @ Abbreviation Code
	.byte	19                              @ DW_TAG_structure_type
	.byte	1                               @ DW_CHILDREN_yes
	.byte	11                              @ DW_AT_byte_size
	.byte	11                              @ DW_FORM_data1
	.byte	58                              @ DW_AT_decl_file
	.byte	11                              @ DW_FORM_data1
	.byte	59                              @ DW_AT_decl_line
	.byte	5                               @ DW_FORM_data2
	.byte	0                               @ EOM(1)
	.byte	0                               @ EOM(2)
	.byte	8                               @ Abbreviation Code
	.byte	13                              @ DW_TAG_member
	.byte	0                               @ DW_CHILDREN_no
	.byte	3                               @ DW_AT_name
	.byte	14                              @ DW_FORM_strp
	.byte	73                              @ DW_AT_type
	.byte	19                              @ DW_FORM_ref4
	.byte	58                              @ DW_AT_decl_file
	.byte	11                              @ DW_FORM_data1
	.byte	59                              @ DW_AT_decl_line
	.byte	5                               @ DW_FORM_data2
	.byte	56                              @ DW_AT_data_member_location
	.byte	11                              @ DW_FORM_data1
	.byte	0                               @ EOM(1)
	.byte	0                               @ EOM(2)
	.byte	9                               @ Abbreviation Code
	.byte	53                              @ DW_TAG_volatile_type
	.byte	0                               @ DW_CHILDREN_no
	.byte	73                              @ DW_AT_type
	.byte	19                              @ DW_FORM_ref4
	.byte	0                               @ EOM(1)
	.byte	0                               @ EOM(2)
	.byte	10                              @ Abbreviation Code
	.byte	22                              @ DW_TAG_typedef
	.byte	0                               @ DW_CHILDREN_no
	.byte	73                              @ DW_AT_type
	.byte	19                              @ DW_FORM_ref4
	.byte	3                               @ DW_AT_name
	.byte	14                              @ DW_FORM_strp
	.byte	58                              @ DW_AT_decl_file
	.byte	11                              @ DW_FORM_data1
	.byte	59                              @ DW_AT_decl_line
	.byte	11                              @ DW_FORM_data1
	.byte	0                               @ EOM(1)
	.byte	0                               @ EOM(2)
	.byte	11                              @ Abbreviation Code
	.byte	1                               @ DW_TAG_array_type
	.byte	1                               @ DW_CHILDREN_yes
	.byte	73                              @ DW_AT_type
	.byte	19                              @ DW_FORM_ref4
	.byte	0                               @ EOM(1)
	.byte	0                               @ EOM(2)
	.byte	12                              @ Abbreviation Code
	.byte	33                              @ DW_TAG_subrange_type
	.byte	0                               @ DW_CHILDREN_no
	.byte	73                              @ DW_AT_type
	.byte	19                              @ DW_FORM_ref4
	.byte	55                              @ DW_AT_count
	.byte	11                              @ DW_FORM_data1
	.byte	0                               @ EOM(1)
	.byte	0                               @ EOM(2)
	.byte	13                              @ Abbreviation Code
	.byte	36                              @ DW_TAG_base_type
	.byte	0                               @ DW_CHILDREN_no
	.byte	3                               @ DW_AT_name
	.byte	14                              @ DW_FORM_strp
	.byte	11                              @ DW_AT_byte_size
	.byte	11                              @ DW_FORM_data1
	.byte	62                              @ DW_AT_encoding
	.byte	11                              @ DW_FORM_data1
	.byte	0                               @ EOM(1)
	.byte	0                               @ EOM(2)
	.byte	14                              @ Abbreviation Code
	.byte	38                              @ DW_TAG_const_type
	.byte	0                               @ DW_CHILDREN_no
	.byte	73                              @ DW_AT_type
	.byte	19                              @ DW_FORM_ref4
	.byte	0                               @ EOM(1)
	.byte	0                               @ EOM(2)
	.byte	15                              @ Abbreviation Code
	.byte	46                              @ DW_TAG_subprogram
	.byte	0                               @ DW_CHILDREN_no
	.byte	17                              @ DW_AT_low_pc
	.byte	1                               @ DW_FORM_addr
	.byte	18                              @ DW_AT_high_pc
	.byte	6                               @ DW_FORM_data4
	.byte	64                              @ DW_AT_frame_base
	.byte	24                              @ DW_FORM_exprloc
	.byte	3                               @ DW_AT_name
	.byte	14                              @ DW_FORM_strp
	.byte	58                              @ DW_AT_decl_file
	.byte	11                              @ DW_FORM_data1
	.byte	59                              @ DW_AT_decl_line
	.byte	11                              @ DW_FORM_data1
	.byte	39                              @ DW_AT_prototyped
	.byte	25                              @ DW_FORM_flag_present
	.byte	63                              @ DW_AT_external
	.byte	25                              @ DW_FORM_flag_present
	.byte	0                               @ EOM(1)
	.byte	0                               @ EOM(2)
	.byte	16                              @ Abbreviation Code
	.byte	46                              @ DW_TAG_subprogram
	.byte	1                               @ DW_CHILDREN_yes
	.byte	17                              @ DW_AT_low_pc
	.byte	1                               @ DW_FORM_addr
	.byte	18                              @ DW_AT_high_pc
	.byte	6                               @ DW_FORM_data4
	.byte	64                              @ DW_AT_frame_base
	.byte	24                              @ DW_FORM_exprloc
	.byte	3                               @ DW_AT_name
	.byte	14                              @ DW_FORM_strp
	.byte	58                              @ DW_AT_decl_file
	.byte	11                              @ DW_FORM_data1
	.byte	59                              @ DW_AT_decl_line
	.byte	5                               @ DW_FORM_data2
	.byte	39                              @ DW_AT_prototyped
	.byte	25                              @ DW_FORM_flag_present
	.byte	63                              @ DW_AT_external
	.byte	25                              @ DW_FORM_flag_present
	.byte	0                               @ EOM(1)
	.byte	0                               @ EOM(2)
	.byte	17                              @ Abbreviation Code
	.byte	5                               @ DW_TAG_formal_parameter
	.byte	0                               @ DW_CHILDREN_no
	.byte	2                               @ DW_AT_location
	.byte	24                              @ DW_FORM_exprloc
	.byte	3                               @ DW_AT_name
	.byte	14                              @ DW_FORM_strp
	.byte	58                              @ DW_AT_decl_file
	.byte	11                              @ DW_FORM_data1
	.byte	59                              @ DW_AT_decl_line
	.byte	5                               @ DW_FORM_data2
	.byte	73                              @ DW_AT_type
	.byte	19                              @ DW_FORM_ref4
	.byte	0                               @ EOM(1)
	.byte	0                               @ EOM(2)
	.byte	18                              @ Abbreviation Code
	.byte	46                              @ DW_TAG_subprogram
	.byte	0                               @ DW_CHILDREN_no
	.byte	17                              @ DW_AT_low_pc
	.byte	1                               @ DW_FORM_addr
	.byte	18                              @ DW_AT_high_pc
	.byte	6                               @ DW_FORM_data4
	.byte	64                              @ DW_AT_frame_base
	.byte	24                              @ DW_FORM_exprloc
	.byte	3                               @ DW_AT_name
	.byte	14                              @ DW_FORM_strp
	.byte	58                              @ DW_AT_decl_file
	.byte	11                              @ DW_FORM_data1
	.byte	59                              @ DW_AT_decl_line
	.byte	5                               @ DW_FORM_data2
	.byte	39                              @ DW_AT_prototyped
	.byte	25                              @ DW_FORM_flag_present
	.byte	63                              @ DW_AT_external
	.byte	25                              @ DW_FORM_flag_present
	.byte	0                               @ EOM(1)
	.byte	0                               @ EOM(2)
	.byte	19                              @ Abbreviation Code
	.byte	19                              @ DW_TAG_structure_type
	.byte	1                               @ DW_CHILDREN_yes
	.byte	11                              @ DW_AT_byte_size
	.byte	11                              @ DW_FORM_data1
	.byte	58                              @ DW_AT_decl_file
	.byte	11                              @ DW_FORM_data1
	.byte	59                              @ DW_AT_decl_line
	.byte	11                              @ DW_FORM_data1
	.byte	0                               @ EOM(1)
	.byte	0                               @ EOM(2)
	.byte	20                              @ Abbreviation Code
	.byte	13                              @ DW_TAG_member
	.byte	0                               @ DW_CHILDREN_no
	.byte	3                               @ DW_AT_name
	.byte	14                              @ DW_FORM_strp
	.byte	73                              @ DW_AT_type
	.byte	19                              @ DW_FORM_ref4
	.byte	58                              @ DW_AT_decl_file
	.byte	11                              @ DW_FORM_data1
	.byte	59                              @ DW_AT_decl_line
	.byte	11                              @ DW_FORM_data1
	.byte	56                              @ DW_AT_data_member_location
	.byte	11                              @ DW_FORM_data1
	.byte	0                               @ EOM(1)
	.byte	0                               @ EOM(2)
	.byte	0                               @ EOM(3)
	.section	.debug_info,"",%progbits
.Lcu_begin0:
	.long	.Ldebug_info_end0-.Ldebug_info_start0 @ Length of Unit
.Ldebug_info_start0:
	.short	4                               @ DWARF version number
	.long	.debug_abbrev                   @ Offset Into Abbrev. Section
	.byte	4                               @ Address Size (in bytes)
	.byte	1                               @ Abbrev [1] 0xb:0x5f2 DW_TAG_compile_unit
	.long	.Linfo_string0                  @ DW_AT_producer
	.short	12                              @ DW_AT_language
	.long	.Linfo_string1                  @ DW_AT_name
	.long	.Lline_table_start0             @ DW_AT_stmt_list
	.long	.Linfo_string2                  @ DW_AT_comp_dir
	.long	0                               @ DW_AT_low_pc
	.long	.Ldebug_ranges0                 @ DW_AT_ranges
	.byte	2                               @ Abbrev [2] 0x26:0x15 DW_TAG_enumeration_type
	.long	59                              @ DW_AT_type
	.byte	1                               @ DW_AT_byte_size
	.byte	1                               @ DW_AT_decl_file
	.byte	207                             @ DW_AT_decl_line
	.byte	3                               @ Abbrev [3] 0x2e:0x6 DW_TAG_enumerator
	.long	.Linfo_string4                  @ DW_AT_name
	.byte	0                               @ DW_AT_const_value
	.byte	3                               @ Abbrev [3] 0x34:0x6 DW_TAG_enumerator
	.long	.Linfo_string5                  @ DW_AT_name
	.byte	1                               @ DW_AT_const_value
	.byte	0                               @ End Of Children Mark
	.byte	4                               @ Abbrev [4] 0x3b:0x7 DW_TAG_base_type
	.long	.Linfo_string3                  @ DW_AT_name
	.byte	8                               @ DW_AT_encoding
	.byte	1                               @ DW_AT_byte_size
	.byte	2                               @ Abbrev [2] 0x42:0x15 DW_TAG_enumeration_type
	.long	59                              @ DW_AT_type
	.byte	1                               @ DW_AT_byte_size
	.byte	1                               @ DW_AT_decl_file
	.byte	201                             @ DW_AT_decl_line
	.byte	3                               @ Abbrev [3] 0x4a:0x6 DW_TAG_enumerator
	.long	.Linfo_string6                  @ DW_AT_name
	.byte	0                               @ DW_AT_const_value
	.byte	3                               @ Abbrev [3] 0x50:0x6 DW_TAG_enumerator
	.long	.Linfo_string7                  @ DW_AT_name
	.byte	1                               @ DW_AT_const_value
	.byte	0                               @ End Of Children Mark
	.byte	5                               @ Abbrev [5] 0x57:0x5 DW_TAG_pointer_type
	.long	92                              @ DW_AT_type
	.byte	6                               @ Abbrev [6] 0x5c:0xc DW_TAG_typedef
	.long	104                             @ DW_AT_type
	.long	.Linfo_string41                 @ DW_AT_name
	.byte	3                               @ DW_AT_decl_file
	.short	549                             @ DW_AT_decl_line
	.byte	7                               @ Abbrev [7] 0x68:0x18c DW_TAG_structure_type
	.byte	136                             @ DW_AT_byte_size
	.byte	3                               @ DW_AT_decl_file
	.short	517                             @ DW_AT_decl_line
	.byte	8                               @ Abbrev [8] 0x6d:0xd DW_TAG_member
	.long	.Linfo_string8                  @ DW_AT_name
	.long	500                             @ DW_AT_type
	.byte	3                               @ DW_AT_decl_file
	.short	519                             @ DW_AT_decl_line
	.byte	0                               @ DW_AT_data_member_location
	.byte	8                               @ Abbrev [8] 0x7a:0xd DW_TAG_member
	.long	.Linfo_string11                 @ DW_AT_name
	.long	500                             @ DW_AT_type
	.byte	3                               @ DW_AT_decl_file
	.short	520                             @ DW_AT_decl_line
	.byte	4                               @ DW_AT_data_member_location
	.byte	8                               @ Abbrev [8] 0x87:0xd DW_TAG_member
	.long	.Linfo_string12                 @ DW_AT_name
	.long	500                             @ DW_AT_type
	.byte	3                               @ DW_AT_decl_file
	.short	521                             @ DW_AT_decl_line
	.byte	8                               @ DW_AT_data_member_location
	.byte	8                               @ Abbrev [8] 0x94:0xd DW_TAG_member
	.long	.Linfo_string13                 @ DW_AT_name
	.long	500                             @ DW_AT_type
	.byte	3                               @ DW_AT_decl_file
	.short	522                             @ DW_AT_decl_line
	.byte	12                              @ DW_AT_data_member_location
	.byte	8                               @ Abbrev [8] 0xa1:0xd DW_TAG_member
	.long	.Linfo_string14                 @ DW_AT_name
	.long	500                             @ DW_AT_type
	.byte	3                               @ DW_AT_decl_file
	.short	523                             @ DW_AT_decl_line
	.byte	16                              @ DW_AT_data_member_location
	.byte	8                               @ Abbrev [8] 0xae:0xd DW_TAG_member
	.long	.Linfo_string15                 @ DW_AT_name
	.long	500                             @ DW_AT_type
	.byte	3                               @ DW_AT_decl_file
	.short	524                             @ DW_AT_decl_line
	.byte	20                              @ DW_AT_data_member_location
	.byte	8                               @ Abbrev [8] 0xbb:0xd DW_TAG_member
	.long	.Linfo_string16                 @ DW_AT_name
	.long	500                             @ DW_AT_type
	.byte	3                               @ DW_AT_decl_file
	.short	525                             @ DW_AT_decl_line
	.byte	24                              @ DW_AT_data_member_location
	.byte	8                               @ Abbrev [8] 0xc8:0xd DW_TAG_member
	.long	.Linfo_string17                 @ DW_AT_name
	.long	505                             @ DW_AT_type
	.byte	3                               @ DW_AT_decl_file
	.short	526                             @ DW_AT_decl_line
	.byte	28                              @ DW_AT_data_member_location
	.byte	8                               @ Abbrev [8] 0xd5:0xd DW_TAG_member
	.long	.Linfo_string18                 @ DW_AT_name
	.long	500                             @ DW_AT_type
	.byte	3                               @ DW_AT_decl_file
	.short	527                             @ DW_AT_decl_line
	.byte	32                              @ DW_AT_data_member_location
	.byte	8                               @ Abbrev [8] 0xe2:0xd DW_TAG_member
	.long	.Linfo_string19                 @ DW_AT_name
	.long	500                             @ DW_AT_type
	.byte	3                               @ DW_AT_decl_file
	.short	528                             @ DW_AT_decl_line
	.byte	36                              @ DW_AT_data_member_location
	.byte	8                               @ Abbrev [8] 0xef:0xd DW_TAG_member
	.long	.Linfo_string20                 @ DW_AT_name
	.long	523                             @ DW_AT_type
	.byte	3                               @ DW_AT_decl_file
	.short	529                             @ DW_AT_decl_line
	.byte	40                              @ DW_AT_data_member_location
	.byte	8                               @ Abbrev [8] 0xfc:0xd DW_TAG_member
	.long	.Linfo_string22                 @ DW_AT_name
	.long	500                             @ DW_AT_type
	.byte	3                               @ DW_AT_decl_file
	.short	530                             @ DW_AT_decl_line
	.byte	48                              @ DW_AT_data_member_location
	.byte	8                               @ Abbrev [8] 0x109:0xd DW_TAG_member
	.long	.Linfo_string23                 @ DW_AT_name
	.long	500                             @ DW_AT_type
	.byte	3                               @ DW_AT_decl_file
	.short	531                             @ DW_AT_decl_line
	.byte	52                              @ DW_AT_data_member_location
	.byte	8                               @ Abbrev [8] 0x116:0xd DW_TAG_member
	.long	.Linfo_string24                 @ DW_AT_name
	.long	500                             @ DW_AT_type
	.byte	3                               @ DW_AT_decl_file
	.short	532                             @ DW_AT_decl_line
	.byte	56                              @ DW_AT_data_member_location
	.byte	8                               @ Abbrev [8] 0x123:0xd DW_TAG_member
	.long	.Linfo_string25                 @ DW_AT_name
	.long	505                             @ DW_AT_type
	.byte	3                               @ DW_AT_decl_file
	.short	533                             @ DW_AT_decl_line
	.byte	60                              @ DW_AT_data_member_location
	.byte	8                               @ Abbrev [8] 0x130:0xd DW_TAG_member
	.long	.Linfo_string26                 @ DW_AT_name
	.long	500                             @ DW_AT_type
	.byte	3                               @ DW_AT_decl_file
	.short	534                             @ DW_AT_decl_line
	.byte	64                              @ DW_AT_data_member_location
	.byte	8                               @ Abbrev [8] 0x13d:0xd DW_TAG_member
	.long	.Linfo_string27                 @ DW_AT_name
	.long	500                             @ DW_AT_type
	.byte	3                               @ DW_AT_decl_file
	.short	535                             @ DW_AT_decl_line
	.byte	68                              @ DW_AT_data_member_location
	.byte	8                               @ Abbrev [8] 0x14a:0xd DW_TAG_member
	.long	.Linfo_string28                 @ DW_AT_name
	.long	523                             @ DW_AT_type
	.byte	3                               @ DW_AT_decl_file
	.short	536                             @ DW_AT_decl_line
	.byte	72                              @ DW_AT_data_member_location
	.byte	8                               @ Abbrev [8] 0x157:0xd DW_TAG_member
	.long	.Linfo_string29                 @ DW_AT_name
	.long	500                             @ DW_AT_type
	.byte	3                               @ DW_AT_decl_file
	.short	537                             @ DW_AT_decl_line
	.byte	80                              @ DW_AT_data_member_location
	.byte	8                               @ Abbrev [8] 0x164:0xd DW_TAG_member
	.long	.Linfo_string30                 @ DW_AT_name
	.long	500                             @ DW_AT_type
	.byte	3                               @ DW_AT_decl_file
	.short	538                             @ DW_AT_decl_line
	.byte	84                              @ DW_AT_data_member_location
	.byte	8                               @ Abbrev [8] 0x171:0xd DW_TAG_member
	.long	.Linfo_string31                 @ DW_AT_name
	.long	500                             @ DW_AT_type
	.byte	3                               @ DW_AT_decl_file
	.short	539                             @ DW_AT_decl_line
	.byte	88                              @ DW_AT_data_member_location
	.byte	8                               @ Abbrev [8] 0x17e:0xd DW_TAG_member
	.long	.Linfo_string32                 @ DW_AT_name
	.long	505                             @ DW_AT_type
	.byte	3                               @ DW_AT_decl_file
	.short	540                             @ DW_AT_decl_line
	.byte	92                              @ DW_AT_data_member_location
	.byte	8                               @ Abbrev [8] 0x18b:0xd DW_TAG_member
	.long	.Linfo_string33                 @ DW_AT_name
	.long	500                             @ DW_AT_type
	.byte	3                               @ DW_AT_decl_file
	.short	541                             @ DW_AT_decl_line
	.byte	96                              @ DW_AT_data_member_location
	.byte	8                               @ Abbrev [8] 0x198:0xd DW_TAG_member
	.long	.Linfo_string34                 @ DW_AT_name
	.long	500                             @ DW_AT_type
	.byte	3                               @ DW_AT_decl_file
	.short	542                             @ DW_AT_decl_line
	.byte	100                             @ DW_AT_data_member_location
	.byte	8                               @ Abbrev [8] 0x1a5:0xd DW_TAG_member
	.long	.Linfo_string35                 @ DW_AT_name
	.long	523                             @ DW_AT_type
	.byte	3                               @ DW_AT_decl_file
	.short	543                             @ DW_AT_decl_line
	.byte	104                             @ DW_AT_data_member_location
	.byte	8                               @ Abbrev [8] 0x1b2:0xd DW_TAG_member
	.long	.Linfo_string36                 @ DW_AT_name
	.long	500                             @ DW_AT_type
	.byte	3                               @ DW_AT_decl_file
	.short	544                             @ DW_AT_decl_line
	.byte	112                             @ DW_AT_data_member_location
	.byte	8                               @ Abbrev [8] 0x1bf:0xd DW_TAG_member
	.long	.Linfo_string37                 @ DW_AT_name
	.long	500                             @ DW_AT_type
	.byte	3                               @ DW_AT_decl_file
	.short	545                             @ DW_AT_decl_line
	.byte	116                             @ DW_AT_data_member_location
	.byte	8                               @ Abbrev [8] 0x1cc:0xd DW_TAG_member
	.long	.Linfo_string38                 @ DW_AT_name
	.long	523                             @ DW_AT_type
	.byte	3                               @ DW_AT_decl_file
	.short	546                             @ DW_AT_decl_line
	.byte	120                             @ DW_AT_data_member_location
	.byte	8                               @ Abbrev [8] 0x1d9:0xd DW_TAG_member
	.long	.Linfo_string39                 @ DW_AT_name
	.long	500                             @ DW_AT_type
	.byte	3                               @ DW_AT_decl_file
	.short	547                             @ DW_AT_decl_line
	.byte	128                             @ DW_AT_data_member_location
	.byte	8                               @ Abbrev [8] 0x1e6:0xd DW_TAG_member
	.long	.Linfo_string40                 @ DW_AT_name
	.long	500                             @ DW_AT_type
	.byte	3                               @ DW_AT_decl_file
	.short	548                             @ DW_AT_decl_line
	.byte	132                             @ DW_AT_data_member_location
	.byte	0                               @ End Of Children Mark
	.byte	9                               @ Abbrev [9] 0x1f4:0x5 DW_TAG_volatile_type
	.long	505                             @ DW_AT_type
	.byte	10                              @ Abbrev [10] 0x1f9:0xb DW_TAG_typedef
	.long	516                             @ DW_AT_type
	.long	.Linfo_string10                 @ DW_AT_name
	.byte	2                               @ DW_AT_decl_file
	.byte	64                              @ DW_AT_decl_line
	.byte	4                               @ Abbrev [4] 0x204:0x7 DW_TAG_base_type
	.long	.Linfo_string9                  @ DW_AT_name
	.byte	7                               @ DW_AT_encoding
	.byte	4                               @ DW_AT_byte_size
	.byte	11                              @ Abbrev [11] 0x20b:0xc DW_TAG_array_type
	.long	505                             @ DW_AT_type
	.byte	12                              @ Abbrev [12] 0x210:0x6 DW_TAG_subrange_type
	.long	535                             @ DW_AT_type
	.byte	2                               @ DW_AT_count
	.byte	0                               @ End Of Children Mark
	.byte	13                              @ Abbrev [13] 0x217:0x7 DW_TAG_base_type
	.long	.Linfo_string21                 @ DW_AT_name
	.byte	8                               @ DW_AT_byte_size
	.byte	7                               @ DW_AT_encoding
	.byte	5                               @ Abbrev [5] 0x21e:0x5 DW_TAG_pointer_type
	.long	500                             @ DW_AT_type
	.byte	5                               @ Abbrev [5] 0x223:0x5 DW_TAG_pointer_type
	.long	552                             @ DW_AT_type
	.byte	6                               @ Abbrev [6] 0x228:0xc DW_TAG_typedef
	.long	564                             @ DW_AT_type
	.long	.Linfo_string42                 @ DW_AT_name
	.byte	3                               @ DW_AT_decl_file
	.short	511                             @ DW_AT_decl_line
	.byte	7                               @ Abbrev [7] 0x234:0x20 DW_TAG_structure_type
	.byte	8                               @ DW_AT_byte_size
	.byte	3                               @ DW_AT_decl_file
	.short	507                             @ DW_AT_decl_line
	.byte	8                               @ Abbrev [8] 0x239:0xd DW_TAG_member
	.long	.Linfo_string8                  @ DW_AT_name
	.long	500                             @ DW_AT_type
	.byte	3                               @ DW_AT_decl_file
	.short	509                             @ DW_AT_decl_line
	.byte	0                               @ DW_AT_data_member_location
	.byte	8                               @ Abbrev [8] 0x246:0xd DW_TAG_member
	.long	.Linfo_string37                 @ DW_AT_name
	.long	500                             @ DW_AT_type
	.byte	3                               @ DW_AT_decl_file
	.short	510                             @ DW_AT_decl_line
	.byte	4                               @ DW_AT_data_member_location
	.byte	0                               @ End Of Children Mark
	.byte	5                               @ Abbrev [5] 0x254:0x5 DW_TAG_pointer_type
	.long	601                             @ DW_AT_type
	.byte	6                               @ Abbrev [6] 0x259:0xc DW_TAG_typedef
	.long	613                             @ DW_AT_type
	.long	.Linfo_string49                 @ DW_AT_name
	.byte	3                               @ DW_AT_decl_file
	.short	371                             @ DW_AT_decl_line
	.byte	7                               @ Abbrev [7] 0x265:0x54 DW_TAG_structure_type
	.byte	24                              @ DW_AT_byte_size
	.byte	3                               @ DW_AT_decl_file
	.short	363                             @ DW_AT_decl_line
	.byte	8                               @ Abbrev [8] 0x26a:0xd DW_TAG_member
	.long	.Linfo_string43                 @ DW_AT_name
	.long	500                             @ DW_AT_type
	.byte	3                               @ DW_AT_decl_file
	.short	365                             @ DW_AT_decl_line
	.byte	0                               @ DW_AT_data_member_location
	.byte	8                               @ Abbrev [8] 0x277:0xd DW_TAG_member
	.long	.Linfo_string44                 @ DW_AT_name
	.long	500                             @ DW_AT_type
	.byte	3                               @ DW_AT_decl_file
	.short	366                             @ DW_AT_decl_line
	.byte	4                               @ DW_AT_data_member_location
	.byte	8                               @ Abbrev [8] 0x284:0xd DW_TAG_member
	.long	.Linfo_string45                 @ DW_AT_name
	.long	500                             @ DW_AT_type
	.byte	3                               @ DW_AT_decl_file
	.short	367                             @ DW_AT_decl_line
	.byte	8                               @ DW_AT_data_member_location
	.byte	8                               @ Abbrev [8] 0x291:0xd DW_TAG_member
	.long	.Linfo_string46                 @ DW_AT_name
	.long	500                             @ DW_AT_type
	.byte	3                               @ DW_AT_decl_file
	.short	368                             @ DW_AT_decl_line
	.byte	12                              @ DW_AT_data_member_location
	.byte	8                               @ Abbrev [8] 0x29e:0xd DW_TAG_member
	.long	.Linfo_string47                 @ DW_AT_name
	.long	500                             @ DW_AT_type
	.byte	3                               @ DW_AT_decl_file
	.short	369                             @ DW_AT_decl_line
	.byte	16                              @ DW_AT_data_member_location
	.byte	8                               @ Abbrev [8] 0x2ab:0xd DW_TAG_member
	.long	.Linfo_string48                 @ DW_AT_name
	.long	500                             @ DW_AT_type
	.byte	3                               @ DW_AT_decl_file
	.short	370                             @ DW_AT_decl_line
	.byte	20                              @ DW_AT_data_member_location
	.byte	0                               @ End Of Children Mark
	.byte	5                               @ Abbrev [5] 0x2b9:0x5 DW_TAG_pointer_type
	.long	702                             @ DW_AT_type
	.byte	6                               @ Abbrev [6] 0x2be:0xc DW_TAG_typedef
	.long	714                             @ DW_AT_type
	.long	.Linfo_string71                 @ DW_AT_name
	.byte	4                               @ DW_AT_decl_file
	.short	463                             @ DW_AT_decl_line
	.byte	7                               @ Abbrev [7] 0x2ca:0x117 DW_TAG_structure_type
	.byte	140                             @ DW_AT_byte_size
	.byte	4                               @ DW_AT_decl_file
	.short	440                             @ DW_AT_decl_line
	.byte	8                               @ Abbrev [8] 0x2cf:0xd DW_TAG_member
	.long	.Linfo_string50                 @ DW_AT_name
	.long	993                             @ DW_AT_type
	.byte	4                               @ DW_AT_decl_file
	.short	442                             @ DW_AT_decl_line
	.byte	0                               @ DW_AT_data_member_location
	.byte	8                               @ Abbrev [8] 0x2dc:0xd DW_TAG_member
	.long	.Linfo_string51                 @ DW_AT_name
	.long	500                             @ DW_AT_type
	.byte	4                               @ DW_AT_decl_file
	.short	443                             @ DW_AT_decl_line
	.byte	4                               @ DW_AT_data_member_location
	.byte	8                               @ Abbrev [8] 0x2e9:0xd DW_TAG_member
	.long	.Linfo_string52                 @ DW_AT_name
	.long	500                             @ DW_AT_type
	.byte	4                               @ DW_AT_decl_file
	.short	444                             @ DW_AT_decl_line
	.byte	8                               @ DW_AT_data_member_location
	.byte	8                               @ Abbrev [8] 0x2f6:0xd DW_TAG_member
	.long	.Linfo_string53                 @ DW_AT_name
	.long	500                             @ DW_AT_type
	.byte	4                               @ DW_AT_decl_file
	.short	445                             @ DW_AT_decl_line
	.byte	12                              @ DW_AT_data_member_location
	.byte	8                               @ Abbrev [8] 0x303:0xd DW_TAG_member
	.long	.Linfo_string54                 @ DW_AT_name
	.long	500                             @ DW_AT_type
	.byte	4                               @ DW_AT_decl_file
	.short	446                             @ DW_AT_decl_line
	.byte	16                              @ DW_AT_data_member_location
	.byte	8                               @ Abbrev [8] 0x310:0xd DW_TAG_member
	.long	.Linfo_string55                 @ DW_AT_name
	.long	500                             @ DW_AT_type
	.byte	4                               @ DW_AT_decl_file
	.short	447                             @ DW_AT_decl_line
	.byte	20                              @ DW_AT_data_member_location
	.byte	8                               @ Abbrev [8] 0x31d:0xd DW_TAG_member
	.long	.Linfo_string56                 @ DW_AT_name
	.long	998                             @ DW_AT_type
	.byte	4                               @ DW_AT_decl_file
	.short	448                             @ DW_AT_decl_line
	.byte	24                              @ DW_AT_data_member_location
	.byte	8                               @ Abbrev [8] 0x32a:0xd DW_TAG_member
	.long	.Linfo_string58                 @ DW_AT_name
	.long	500                             @ DW_AT_type
	.byte	4                               @ DW_AT_decl_file
	.short	449                             @ DW_AT_decl_line
	.byte	36                              @ DW_AT_data_member_location
	.byte	8                               @ Abbrev [8] 0x337:0xd DW_TAG_member
	.long	.Linfo_string59                 @ DW_AT_name
	.long	500                             @ DW_AT_type
	.byte	4                               @ DW_AT_decl_file
	.short	450                             @ DW_AT_decl_line
	.byte	40                              @ DW_AT_data_member_location
	.byte	8                               @ Abbrev [8] 0x344:0xd DW_TAG_member
	.long	.Linfo_string60                 @ DW_AT_name
	.long	500                             @ DW_AT_type
	.byte	4                               @ DW_AT_decl_file
	.short	451                             @ DW_AT_decl_line
	.byte	44                              @ DW_AT_data_member_location
	.byte	8                               @ Abbrev [8] 0x351:0xd DW_TAG_member
	.long	.Linfo_string61                 @ DW_AT_name
	.long	500                             @ DW_AT_type
	.byte	4                               @ DW_AT_decl_file
	.short	452                             @ DW_AT_decl_line
	.byte	48                              @ DW_AT_data_member_location
	.byte	8                               @ Abbrev [8] 0x35e:0xd DW_TAG_member
	.long	.Linfo_string62                 @ DW_AT_name
	.long	500                             @ DW_AT_type
	.byte	4                               @ DW_AT_decl_file
	.short	453                             @ DW_AT_decl_line
	.byte	52                              @ DW_AT_data_member_location
	.byte	8                               @ Abbrev [8] 0x36b:0xd DW_TAG_member
	.long	.Linfo_string63                 @ DW_AT_name
	.long	500                             @ DW_AT_type
	.byte	4                               @ DW_AT_decl_file
	.short	454                             @ DW_AT_decl_line
	.byte	56                              @ DW_AT_data_member_location
	.byte	8                               @ Abbrev [8] 0x378:0xd DW_TAG_member
	.long	.Linfo_string64                 @ DW_AT_name
	.long	500                             @ DW_AT_type
	.byte	4                               @ DW_AT_decl_file
	.short	455                             @ DW_AT_decl_line
	.byte	60                              @ DW_AT_data_member_location
	.byte	8                               @ Abbrev [8] 0x385:0xd DW_TAG_member
	.long	.Linfo_string65                 @ DW_AT_name
	.long	1026                            @ DW_AT_type
	.byte	4                               @ DW_AT_decl_file
	.short	456                             @ DW_AT_decl_line
	.byte	64                              @ DW_AT_data_member_location
	.byte	8                               @ Abbrev [8] 0x392:0xd DW_TAG_member
	.long	.Linfo_string66                 @ DW_AT_name
	.long	993                             @ DW_AT_type
	.byte	4                               @ DW_AT_decl_file
	.short	457                             @ DW_AT_decl_line
	.byte	72                              @ DW_AT_data_member_location
	.byte	8                               @ Abbrev [8] 0x39f:0xd DW_TAG_member
	.long	.Linfo_string67                 @ DW_AT_name
	.long	993                             @ DW_AT_type
	.byte	4                               @ DW_AT_decl_file
	.short	458                             @ DW_AT_decl_line
	.byte	76                              @ DW_AT_data_member_location
	.byte	8                               @ Abbrev [8] 0x3ac:0xd DW_TAG_member
	.long	.Linfo_string68                 @ DW_AT_name
	.long	1038                            @ DW_AT_type
	.byte	4                               @ DW_AT_decl_file
	.short	459                             @ DW_AT_decl_line
	.byte	80                              @ DW_AT_data_member_location
	.byte	8                               @ Abbrev [8] 0x3b9:0xd DW_TAG_member
	.long	.Linfo_string69                 @ DW_AT_name
	.long	1050                            @ DW_AT_type
	.byte	4                               @ DW_AT_decl_file
	.short	460                             @ DW_AT_decl_line
	.byte	96                              @ DW_AT_data_member_location
	.byte	8                               @ Abbrev [8] 0x3c6:0xd DW_TAG_member
	.long	.Linfo_string17                 @ DW_AT_name
	.long	1062                            @ DW_AT_type
	.byte	4                               @ DW_AT_decl_file
	.short	461                             @ DW_AT_decl_line
	.byte	116                             @ DW_AT_data_member_location
	.byte	8                               @ Abbrev [8] 0x3d3:0xd DW_TAG_member
	.long	.Linfo_string70                 @ DW_AT_name
	.long	500                             @ DW_AT_type
	.byte	4                               @ DW_AT_decl_file
	.short	462                             @ DW_AT_decl_line
	.byte	136                             @ DW_AT_data_member_location
	.byte	0                               @ End Of Children Mark
	.byte	14                              @ Abbrev [14] 0x3e1:0x5 DW_TAG_const_type
	.long	500                             @ DW_AT_type
	.byte	11                              @ Abbrev [11] 0x3e6:0xc DW_TAG_array_type
	.long	1010                            @ DW_AT_type
	.byte	12                              @ Abbrev [12] 0x3eb:0x6 DW_TAG_subrange_type
	.long	535                             @ DW_AT_type
	.byte	12                              @ DW_AT_count
	.byte	0                               @ End Of Children Mark
	.byte	9                               @ Abbrev [9] 0x3f2:0x5 DW_TAG_volatile_type
	.long	1015                            @ DW_AT_type
	.byte	10                              @ Abbrev [10] 0x3f7:0xb DW_TAG_typedef
	.long	59                              @ DW_AT_type
	.long	.Linfo_string57                 @ DW_AT_name
	.byte	2                               @ DW_AT_decl_file
	.byte	62                              @ DW_AT_decl_line
	.byte	11                              @ Abbrev [11] 0x402:0xc DW_TAG_array_type
	.long	993                             @ DW_AT_type
	.byte	12                              @ Abbrev [12] 0x407:0x6 DW_TAG_subrange_type
	.long	535                             @ DW_AT_type
	.byte	2                               @ DW_AT_count
	.byte	0                               @ End Of Children Mark
	.byte	11                              @ Abbrev [11] 0x40e:0xc DW_TAG_array_type
	.long	993                             @ DW_AT_type
	.byte	12                              @ Abbrev [12] 0x413:0x6 DW_TAG_subrange_type
	.long	535                             @ DW_AT_type
	.byte	4                               @ DW_AT_count
	.byte	0                               @ End Of Children Mark
	.byte	11                              @ Abbrev [11] 0x41a:0xc DW_TAG_array_type
	.long	993                             @ DW_AT_type
	.byte	12                              @ Abbrev [12] 0x41f:0x6 DW_TAG_subrange_type
	.long	535                             @ DW_AT_type
	.byte	5                               @ DW_AT_count
	.byte	0                               @ End Of Children Mark
	.byte	11                              @ Abbrev [11] 0x426:0xc DW_TAG_array_type
	.long	505                             @ DW_AT_type
	.byte	12                              @ Abbrev [12] 0x42b:0x6 DW_TAG_subrange_type
	.long	535                             @ DW_AT_type
	.byte	5                               @ DW_AT_count
	.byte	0                               @ End Of Children Mark
	.byte	15                              @ Abbrev [15] 0x432:0x11 DW_TAG_subprogram
	.long	.Lfunc_begin0                   @ DW_AT_low_pc
	.long	.Lfunc_end0-.Lfunc_begin0       @ DW_AT_high_pc
	.byte	1                               @ DW_AT_frame_base
	.byte	93
	.long	.Linfo_string72                 @ DW_AT_name
	.byte	5                               @ DW_AT_decl_file
	.byte	108                             @ DW_AT_decl_line
                                        @ DW_AT_prototyped
                                        @ DW_AT_external
	.byte	15                              @ Abbrev [15] 0x443:0x11 DW_TAG_subprogram
	.long	.Lfunc_begin1                   @ DW_AT_low_pc
	.long	.Lfunc_end1-.Lfunc_begin1       @ DW_AT_high_pc
	.byte	1                               @ DW_AT_frame_base
	.byte	93
	.long	.Linfo_string73                 @ DW_AT_name
	.byte	5                               @ DW_AT_decl_file
	.byte	121                             @ DW_AT_decl_line
                                        @ DW_AT_prototyped
                                        @ DW_AT_external
	.byte	15                              @ Abbrev [15] 0x454:0x11 DW_TAG_subprogram
	.long	.Lfunc_begin2                   @ DW_AT_low_pc
	.long	.Lfunc_end2-.Lfunc_begin2       @ DW_AT_high_pc
	.byte	1                               @ DW_AT_frame_base
	.byte	93
	.long	.Linfo_string74                 @ DW_AT_name
	.byte	5                               @ DW_AT_decl_file
	.byte	133                             @ DW_AT_decl_line
                                        @ DW_AT_prototyped
                                        @ DW_AT_external
	.byte	16                              @ Abbrev [16] 0x465:0x22 DW_TAG_subprogram
	.long	.Lfunc_begin3                   @ DW_AT_low_pc
	.long	.Lfunc_end3-.Lfunc_begin3       @ DW_AT_high_pc
	.byte	1                               @ DW_AT_frame_base
	.byte	93
	.long	.Linfo_string75                 @ DW_AT_name
	.byte	5                               @ DW_AT_decl_file
	.short	268                             @ DW_AT_decl_line
                                        @ DW_AT_prototyped
                                        @ DW_AT_external
	.byte	17                              @ Abbrev [17] 0x477:0xf DW_TAG_formal_parameter
	.byte	2                               @ DW_AT_location
	.byte	145
	.byte	0
	.long	.Linfo_string89                 @ DW_AT_name
	.byte	5                               @ DW_AT_decl_file
	.short	268                             @ DW_AT_decl_line
	.long	1487                            @ DW_AT_type
	.byte	0                               @ End Of Children Mark
	.byte	18                              @ Abbrev [18] 0x487:0x12 DW_TAG_subprogram
	.long	.Lfunc_begin4                   @ DW_AT_low_pc
	.long	.Lfunc_end4-.Lfunc_begin4       @ DW_AT_high_pc
	.byte	1                               @ DW_AT_frame_base
	.byte	93
	.long	.Linfo_string76                 @ DW_AT_name
	.byte	5                               @ DW_AT_decl_file
	.short	311                             @ DW_AT_decl_line
                                        @ DW_AT_prototyped
                                        @ DW_AT_external
	.byte	18                              @ Abbrev [18] 0x499:0x12 DW_TAG_subprogram
	.long	.Lfunc_begin5                   @ DW_AT_low_pc
	.long	.Lfunc_end5-.Lfunc_begin5       @ DW_AT_high_pc
	.byte	1                               @ DW_AT_frame_base
	.byte	93
	.long	.Linfo_string77                 @ DW_AT_name
	.byte	5                               @ DW_AT_decl_file
	.short	320                             @ DW_AT_decl_line
                                        @ DW_AT_prototyped
                                        @ DW_AT_external
	.byte	16                              @ Abbrev [16] 0x4ab:0x22 DW_TAG_subprogram
	.long	.Lfunc_begin6                   @ DW_AT_low_pc
	.long	.Lfunc_end6-.Lfunc_begin6       @ DW_AT_high_pc
	.byte	1                               @ DW_AT_frame_base
	.byte	93
	.long	.Linfo_string78                 @ DW_AT_name
	.byte	5                               @ DW_AT_decl_file
	.short	334                             @ DW_AT_decl_line
                                        @ DW_AT_prototyped
                                        @ DW_AT_external
	.byte	17                              @ Abbrev [17] 0x4bd:0xf DW_TAG_formal_parameter
	.byte	2                               @ DW_AT_location
	.byte	145
	.byte	0
	.long	.Linfo_string93                 @ DW_AT_name
	.byte	5                               @ DW_AT_decl_file
	.short	334                             @ DW_AT_decl_line
	.long	505                             @ DW_AT_type
	.byte	0                               @ End Of Children Mark
	.byte	16                              @ Abbrev [16] 0x4cd:0x22 DW_TAG_subprogram
	.long	.Lfunc_begin7                   @ DW_AT_low_pc
	.long	.Lfunc_end7-.Lfunc_begin7       @ DW_AT_high_pc
	.byte	1                               @ DW_AT_frame_base
	.byte	93
	.long	.Linfo_string79                 @ DW_AT_name
	.byte	5                               @ DW_AT_decl_file
	.short	352                             @ DW_AT_decl_line
                                        @ DW_AT_prototyped
                                        @ DW_AT_external
	.byte	17                              @ Abbrev [17] 0x4df:0xf DW_TAG_formal_parameter
	.byte	2                               @ DW_AT_location
	.byte	145
	.byte	0
	.long	.Linfo_string93                 @ DW_AT_name
	.byte	5                               @ DW_AT_decl_file
	.short	352                             @ DW_AT_decl_line
	.long	505                             @ DW_AT_type
	.byte	0                               @ End Of Children Mark
	.byte	16                              @ Abbrev [16] 0x4ef:0x31 DW_TAG_subprogram
	.long	.Lfunc_begin8                   @ DW_AT_low_pc
	.long	.Lfunc_end8-.Lfunc_begin8       @ DW_AT_high_pc
	.byte	1                               @ DW_AT_frame_base
	.byte	93
	.long	.Linfo_string80                 @ DW_AT_name
	.byte	5                               @ DW_AT_decl_file
	.short	381                             @ DW_AT_decl_line
                                        @ DW_AT_prototyped
                                        @ DW_AT_external
	.byte	17                              @ Abbrev [17] 0x501:0xf DW_TAG_formal_parameter
	.byte	2                               @ DW_AT_location
	.byte	145
	.byte	4
	.long	.Linfo_string94                 @ DW_AT_name
	.byte	5                               @ DW_AT_decl_file
	.short	381                             @ DW_AT_decl_line
	.long	505                             @ DW_AT_type
	.byte	17                              @ Abbrev [17] 0x510:0xf DW_TAG_formal_parameter
	.byte	2                               @ DW_AT_location
	.byte	145
	.byte	3
	.long	.Linfo_string95                 @ DW_AT_name
	.byte	5                               @ DW_AT_decl_file
	.short	381                             @ DW_AT_decl_line
	.long	1015                            @ DW_AT_type
	.byte	0                               @ End Of Children Mark
	.byte	16                              @ Abbrev [16] 0x520:0x31 DW_TAG_subprogram
	.long	.Lfunc_begin9                   @ DW_AT_low_pc
	.long	.Lfunc_end9-.Lfunc_begin9       @ DW_AT_high_pc
	.byte	1                               @ DW_AT_frame_base
	.byte	93
	.long	.Linfo_string81                 @ DW_AT_name
	.byte	5                               @ DW_AT_decl_file
	.short	424                             @ DW_AT_decl_line
                                        @ DW_AT_prototyped
                                        @ DW_AT_external
	.byte	17                              @ Abbrev [17] 0x532:0xf DW_TAG_formal_parameter
	.byte	2                               @ DW_AT_location
	.byte	145
	.byte	4
	.long	.Linfo_string94                 @ DW_AT_name
	.byte	5                               @ DW_AT_decl_file
	.short	424                             @ DW_AT_decl_line
	.long	505                             @ DW_AT_type
	.byte	17                              @ Abbrev [17] 0x541:0xf DW_TAG_formal_parameter
	.byte	2                               @ DW_AT_location
	.byte	145
	.byte	3
	.long	.Linfo_string96                 @ DW_AT_name
	.byte	5                               @ DW_AT_decl_file
	.short	424                             @ DW_AT_decl_line
	.long	1015                            @ DW_AT_type
	.byte	0                               @ End Of Children Mark
	.byte	18                              @ Abbrev [18] 0x551:0x12 DW_TAG_subprogram
	.long	.Lfunc_begin10                  @ DW_AT_low_pc
	.long	.Lfunc_end10-.Lfunc_begin10     @ DW_AT_high_pc
	.byte	1                               @ DW_AT_frame_base
	.byte	93
	.long	.Linfo_string82                 @ DW_AT_name
	.byte	5                               @ DW_AT_decl_file
	.short	463                             @ DW_AT_decl_line
                                        @ DW_AT_prototyped
                                        @ DW_AT_external
	.byte	18                              @ Abbrev [18] 0x563:0x12 DW_TAG_subprogram
	.long	.Lfunc_begin11                  @ DW_AT_low_pc
	.long	.Lfunc_end11-.Lfunc_begin11     @ DW_AT_high_pc
	.byte	1                               @ DW_AT_frame_base
	.byte	93
	.long	.Linfo_string83                 @ DW_AT_name
	.byte	5                               @ DW_AT_decl_file
	.short	484                             @ DW_AT_decl_line
                                        @ DW_AT_prototyped
                                        @ DW_AT_external
	.byte	18                              @ Abbrev [18] 0x575:0x12 DW_TAG_subprogram
	.long	.Lfunc_begin12                  @ DW_AT_low_pc
	.long	.Lfunc_end12-.Lfunc_begin12     @ DW_AT_high_pc
	.byte	1                               @ DW_AT_frame_base
	.byte	93
	.long	.Linfo_string84                 @ DW_AT_name
	.byte	5                               @ DW_AT_decl_file
	.short	501                             @ DW_AT_decl_line
                                        @ DW_AT_prototyped
                                        @ DW_AT_external
	.byte	18                              @ Abbrev [18] 0x587:0x12 DW_TAG_subprogram
	.long	.Lfunc_begin13                  @ DW_AT_low_pc
	.long	.Lfunc_end13-.Lfunc_begin13     @ DW_AT_high_pc
	.byte	1                               @ DW_AT_frame_base
	.byte	93
	.long	.Linfo_string85                 @ DW_AT_name
	.byte	5                               @ DW_AT_decl_file
	.short	516                             @ DW_AT_decl_line
                                        @ DW_AT_prototyped
                                        @ DW_AT_external
	.byte	18                              @ Abbrev [18] 0x599:0x12 DW_TAG_subprogram
	.long	.Lfunc_begin14                  @ DW_AT_low_pc
	.long	.Lfunc_end14-.Lfunc_begin14     @ DW_AT_high_pc
	.byte	1                               @ DW_AT_frame_base
	.byte	93
	.long	.Linfo_string86                 @ DW_AT_name
	.byte	5                               @ DW_AT_decl_file
	.short	528                             @ DW_AT_decl_line
                                        @ DW_AT_prototyped
                                        @ DW_AT_external
	.byte	18                              @ Abbrev [18] 0x5ab:0x12 DW_TAG_subprogram
	.long	.Lfunc_begin15                  @ DW_AT_low_pc
	.long	.Lfunc_end15-.Lfunc_begin15     @ DW_AT_high_pc
	.byte	1                               @ DW_AT_frame_base
	.byte	93
	.long	.Linfo_string87                 @ DW_AT_name
	.byte	5                               @ DW_AT_decl_file
	.short	540                             @ DW_AT_decl_line
                                        @ DW_AT_prototyped
                                        @ DW_AT_external
	.byte	18                              @ Abbrev [18] 0x5bd:0x12 DW_TAG_subprogram
	.long	.Lfunc_begin16                  @ DW_AT_low_pc
	.long	.Lfunc_end16-.Lfunc_begin16     @ DW_AT_high_pc
	.byte	1                               @ DW_AT_frame_base
	.byte	93
	.long	.Linfo_string88                 @ DW_AT_name
	.byte	5                               @ DW_AT_decl_file
	.short	552                             @ DW_AT_decl_line
                                        @ DW_AT_prototyped
                                        @ DW_AT_external
	.byte	5                               @ Abbrev [5] 0x5cf:0x5 DW_TAG_pointer_type
	.long	1492                            @ DW_AT_type
	.byte	10                              @ Abbrev [10] 0x5d4:0xb DW_TAG_typedef
	.long	1503                            @ DW_AT_type
	.long	.Linfo_string92                 @ DW_AT_name
	.byte	6                               @ DW_AT_decl_file
	.byte	71                              @ DW_AT_decl_line
	.byte	19                              @ Abbrev [19] 0x5df:0x1d DW_TAG_structure_type
	.byte	8                               @ DW_AT_byte_size
	.byte	6                               @ DW_AT_decl_file
	.byte	64                              @ DW_AT_decl_line
	.byte	20                              @ Abbrev [20] 0x5e3:0xc DW_TAG_member
	.long	.Linfo_string90                 @ DW_AT_name
	.long	505                             @ DW_AT_type
	.byte	6                               @ DW_AT_decl_file
	.byte	66                              @ DW_AT_decl_line
	.byte	0                               @ DW_AT_data_member_location
	.byte	20                              @ Abbrev [20] 0x5ef:0xc DW_TAG_member
	.long	.Linfo_string91                 @ DW_AT_name
	.long	505                             @ DW_AT_type
	.byte	6                               @ DW_AT_decl_file
	.byte	69                              @ DW_AT_decl_line
	.byte	4                               @ DW_AT_data_member_location
	.byte	0                               @ End Of Children Mark
	.byte	0                               @ End Of Children Mark
.Ldebug_info_end0:
	.section	.debug_ranges,"",%progbits
.Ldebug_ranges0:
	.long	.Lfunc_begin0
	.long	.Lfunc_end0
	.long	.Lfunc_begin1
	.long	.Lfunc_end1
	.long	.Lfunc_begin2
	.long	.Lfunc_end2
	.long	.Lfunc_begin3
	.long	.Lfunc_end3
	.long	.Lfunc_begin4
	.long	.Lfunc_end4
	.long	.Lfunc_begin5
	.long	.Lfunc_end5
	.long	.Lfunc_begin6
	.long	.Lfunc_end6
	.long	.Lfunc_begin7
	.long	.Lfunc_end7
	.long	.Lfunc_begin8
	.long	.Lfunc_end8
	.long	.Lfunc_begin9
	.long	.Lfunc_end9
	.long	.Lfunc_begin10
	.long	.Lfunc_end10
	.long	.Lfunc_begin11
	.long	.Lfunc_end11
	.long	.Lfunc_begin12
	.long	.Lfunc_end12
	.long	.Lfunc_begin13
	.long	.Lfunc_end13
	.long	.Lfunc_begin14
	.long	.Lfunc_end14
	.long	.Lfunc_begin15
	.long	.Lfunc_end15
	.long	.Lfunc_begin16
	.long	.Lfunc_end16
	.long	0
	.long	0
	.section	.debug_str,"MS",%progbits,1
.Linfo_string0:
	.asciz	"Component: Arm Compiler for Embedded 6.21 Tool: armclang [5ec1fd00]" @ string offset=0
.Linfo_string1:
	.asciz	"../ThirdParty/STM32F4xx_HAL_Driver/Src\\stm32f4xx_hal_pwr.c" @ string offset=68
.Linfo_string2:
	.asciz	"D:\\ikingtec\\Robot\\ODrive\\Firmware\\MDK-ARM" @ string offset=127
.Linfo_string3:
	.asciz	"unsigned char"                 @ string offset=169
.Linfo_string4:
	.asciz	"DISABLE"                       @ string offset=183
.Linfo_string5:
	.asciz	"ENABLE"                        @ string offset=191
.Linfo_string6:
	.asciz	"RESET"                         @ string offset=198
.Linfo_string7:
	.asciz	"SET"                           @ string offset=204
.Linfo_string8:
	.asciz	"CR"                            @ string offset=208
.Linfo_string9:
	.asciz	"unsigned int"                  @ string offset=211
.Linfo_string10:
	.asciz	"uint32_t"                      @ string offset=224
.Linfo_string11:
	.asciz	"PLLCFGR"                       @ string offset=233
.Linfo_string12:
	.asciz	"CFGR"                          @ string offset=241
.Linfo_string13:
	.asciz	"CIR"                           @ string offset=246
.Linfo_string14:
	.asciz	"AHB1RSTR"                      @ string offset=250
.Linfo_string15:
	.asciz	"AHB2RSTR"                      @ string offset=259
.Linfo_string16:
	.asciz	"AHB3RSTR"                      @ string offset=268
.Linfo_string17:
	.asciz	"RESERVED0"                     @ string offset=277
.Linfo_string18:
	.asciz	"APB1RSTR"                      @ string offset=287
.Linfo_string19:
	.asciz	"APB2RSTR"                      @ string offset=296
.Linfo_string20:
	.asciz	"RESERVED1"                     @ string offset=305
.Linfo_string21:
	.asciz	"__ARRAY_SIZE_TYPE__"           @ string offset=315
.Linfo_string22:
	.asciz	"AHB1ENR"                       @ string offset=335
.Linfo_string23:
	.asciz	"AHB2ENR"                       @ string offset=343
.Linfo_string24:
	.asciz	"AHB3ENR"                       @ string offset=351
.Linfo_string25:
	.asciz	"RESERVED2"                     @ string offset=359
.Linfo_string26:
	.asciz	"APB1ENR"                       @ string offset=369
.Linfo_string27:
	.asciz	"APB2ENR"                       @ string offset=377
.Linfo_string28:
	.asciz	"RESERVED3"                     @ string offset=385
.Linfo_string29:
	.asciz	"AHB1LPENR"                     @ string offset=395
.Linfo_string30:
	.asciz	"AHB2LPENR"                     @ string offset=405
.Linfo_string31:
	.asciz	"AHB3LPENR"                     @ string offset=415
.Linfo_string32:
	.asciz	"RESERVED4"                     @ string offset=425
.Linfo_string33:
	.asciz	"APB1LPENR"                     @ string offset=435
.Linfo_string34:
	.asciz	"APB2LPENR"                     @ string offset=445
.Linfo_string35:
	.asciz	"RESERVED5"                     @ string offset=455
.Linfo_string36:
	.asciz	"BDCR"                          @ string offset=465
.Linfo_string37:
	.asciz	"CSR"                           @ string offset=470
.Linfo_string38:
	.asciz	"RESERVED6"                     @ string offset=474
.Linfo_string39:
	.asciz	"SSCGR"                         @ string offset=484
.Linfo_string40:
	.asciz	"PLLI2SCFGR"                    @ string offset=490
.Linfo_string41:
	.asciz	"RCC_TypeDef"                   @ string offset=501
.Linfo_string42:
	.asciz	"PWR_TypeDef"                   @ string offset=513
.Linfo_string43:
	.asciz	"IMR"                           @ string offset=525
.Linfo_string44:
	.asciz	"EMR"                           @ string offset=529
.Linfo_string45:
	.asciz	"RTSR"                          @ string offset=533
.Linfo_string46:
	.asciz	"FTSR"                          @ string offset=538
.Linfo_string47:
	.asciz	"SWIER"                         @ string offset=543
.Linfo_string48:
	.asciz	"PR"                            @ string offset=549
.Linfo_string49:
	.asciz	"EXTI_TypeDef"                  @ string offset=552
.Linfo_string50:
	.asciz	"CPUID"                         @ string offset=565
.Linfo_string51:
	.asciz	"ICSR"                          @ string offset=571
.Linfo_string52:
	.asciz	"VTOR"                          @ string offset=576
.Linfo_string53:
	.asciz	"AIRCR"                         @ string offset=581
.Linfo_string54:
	.asciz	"SCR"                           @ string offset=587
.Linfo_string55:
	.asciz	"CCR"                           @ string offset=591
.Linfo_string56:
	.asciz	"SHP"                           @ string offset=595
.Linfo_string57:
	.asciz	"uint8_t"                       @ string offset=599
.Linfo_string58:
	.asciz	"SHCSR"                         @ string offset=607
.Linfo_string59:
	.asciz	"CFSR"                          @ string offset=613
.Linfo_string60:
	.asciz	"HFSR"                          @ string offset=618
.Linfo_string61:
	.asciz	"DFSR"                          @ string offset=623
.Linfo_string62:
	.asciz	"MMFAR"                         @ string offset=628
.Linfo_string63:
	.asciz	"BFAR"                          @ string offset=634
.Linfo_string64:
	.asciz	"AFSR"                          @ string offset=639
.Linfo_string65:
	.asciz	"PFR"                           @ string offset=644
.Linfo_string66:
	.asciz	"DFR"                           @ string offset=648
.Linfo_string67:
	.asciz	"ADR"                           @ string offset=652
.Linfo_string68:
	.asciz	"MMFR"                          @ string offset=656
.Linfo_string69:
	.asciz	"ISAR"                          @ string offset=661
.Linfo_string70:
	.asciz	"CPACR"                         @ string offset=666
.Linfo_string71:
	.asciz	"SCB_Type"                      @ string offset=672
.Linfo_string72:
	.asciz	"HAL_PWR_DeInit"                @ string offset=681
.Linfo_string73:
	.asciz	"HAL_PWR_EnableBkUpAccess"      @ string offset=696
.Linfo_string74:
	.asciz	"HAL_PWR_DisableBkUpAccess"     @ string offset=721
.Linfo_string75:
	.asciz	"HAL_PWR_ConfigPVD"             @ string offset=747
.Linfo_string76:
	.asciz	"HAL_PWR_EnablePVD"             @ string offset=765
.Linfo_string77:
	.asciz	"HAL_PWR_DisablePVD"            @ string offset=783
.Linfo_string78:
	.asciz	"HAL_PWR_EnableWakeUpPin"       @ string offset=802
.Linfo_string79:
	.asciz	"HAL_PWR_DisableWakeUpPin"      @ string offset=826
.Linfo_string80:
	.asciz	"HAL_PWR_EnterSLEEPMode"        @ string offset=851
.Linfo_string81:
	.asciz	"HAL_PWR_EnterSTOPMode"         @ string offset=874
.Linfo_string82:
	.asciz	"HAL_PWR_EnterSTANDBYMode"      @ string offset=896
.Linfo_string83:
	.asciz	"HAL_PWR_PVD_IRQHandler"        @ string offset=921
.Linfo_string84:
	.asciz	"HAL_PWR_PVDCallback"           @ string offset=944
.Linfo_string85:
	.asciz	"HAL_PWR_EnableSleepOnExit"     @ string offset=964
.Linfo_string86:
	.asciz	"HAL_PWR_DisableSleepOnExit"    @ string offset=990
.Linfo_string87:
	.asciz	"HAL_PWR_EnableSEVOnPend"       @ string offset=1017
.Linfo_string88:
	.asciz	"HAL_PWR_DisableSEVOnPend"      @ string offset=1041
.Linfo_string89:
	.asciz	"sConfigPVD"                    @ string offset=1066
.Linfo_string90:
	.asciz	"PVDLevel"                      @ string offset=1077
.Linfo_string91:
	.asciz	"Mode"                          @ string offset=1086
.Linfo_string92:
	.asciz	"PWR_PVDTypeDef"                @ string offset=1091
.Linfo_string93:
	.asciz	"WakeUpPinx"                    @ string offset=1106
.Linfo_string94:
	.asciz	"Regulator"                     @ string offset=1117
.Linfo_string95:
	.asciz	"SLEEPEntry"                    @ string offset=1127
.Linfo_string96:
	.asciz	"STOPEntry"                     @ string offset=1138
	.ident	"Component: Arm Compiler for Embedded 6.21 Tool: armclang [5ec1fd00]"
	.section	".note.GNU-stack","",%progbits
	.eabi_attribute	30, 6	@ Tag_ABI_optimization_goals
	.ARM_attribute	16, 1	@ Tag_AV_eba
	.section	.debug_line,"",%progbits
.Lline_table_start0:
