	.text
	.syntax unified
	.eabi_attribute	67, "2.09"	@ Tag_conformance
	.cpu	cortex-m4
	.eabi_attribute	6, 13	@ Tag_CPU_arch
	.eabi_attribute	7, 77	@ Tag_CPU_arch_profile
	.eabi_attribute	8, 0	@ Tag_ARM_ISA_use
	.eabi_attribute	9, 2	@ Tag_THUMB_ISA_use
	.fpu	fpv4-sp-d16
	.eabi_attribute	27, 1	@ Tag_ABI_HardFP_use
	.eabi_attribute	36, 1	@ Tag_FP_HP_extension
	.eabi_attribute	34, 1	@ Tag_CPU_unaligned_access
	.eabi_attribute	17, 1	@ Tag_ABI_PCS_GOT_use
	.eabi_attribute	20, 2	@ Tag_ABI_FP_denormal
	.eabi_attribute	21, 0	@ Tag_ABI_FP_exceptions
	.eabi_attribute	23, 1	@ Tag_ABI_FP_number_model
	.eabi_attribute	24, 1	@ Tag_ABI_align_needed
	.eabi_attribute	25, 1	@ Tag_ABI_align_preserved
	.eabi_attribute	28, 1	@ Tag_ABI_VFP_args
	.eabi_attribute	38, 1	@ Tag_ABI_FP_16bit_format
	.eabi_attribute	18, 2	@ Tag_ABI_PCS_wchar_t
	.eabi_attribute	26, 1	@ Tag_ABI_enum_size
	.eabi_attribute	14, 0	@ Tag_ABI_PCS_R9_use
	.file	"usbd_desc.c"
	.file	1 "D:\\Embed\\MDK\\MDK\\ARM\\ARMCompilerV621\\Bin\\..\\include" "stdint.h"
	.file	2 "D:\\ikingtec\\Robot\\ODrive\\Firmware\\MDK-ARM" "../Board/v3/Src/usbd_desc.c"
	.file	3 "D:\\ikingtec\\Robot\\ODrive\\Firmware\\MDK-ARM" "../ThirdParty/STM32_USB_Device_Library/Core/Inc/usbd_def.h"
	.section	.text.USBD_UsrStrDescriptor,"ax",%progbits
	.hidden	USBD_UsrStrDescriptor           @ -- Begin function USBD_UsrStrDescriptor
	.globl	USBD_UsrStrDescriptor
	.p2align	2
	.type	USBD_UsrStrDescriptor,%function
	.code	16                              @ @USBD_UsrStrDescriptor
	.thumb_func
USBD_UsrStrDescriptor:
.Lfunc_begin0:
	.loc	2 149 0                         @ ../Board/v3/Src/usbd_desc.c:149:0
	.fnstart
	.cfi_sections .debug_frame
	.cfi_startproc
@ %bb.0:
	.save	{r7, lr}
	push	{r7, lr}
	.cfi_def_cfa_offset 8
	.cfi_offset lr, -4
	.cfi_offset r7, -8
	.pad	#24
	sub	sp, #24
	.cfi_def_cfa_offset 32
                                        @ kill: def $r3 killed $r1
	str	r0, [sp, #16]
	strb.w	r1, [sp, #15]
	str	r2, [sp, #8]
.Ltmp0:
	.loc	2 150 4 prologue_end            @ ../Board/v3/Src/usbd_desc.c:150:4
	ldr	r1, [sp, #8]
	movs	r0, #0
	.loc	2 150 11 is_stmt 0              @ ../Board/v3/Src/usbd_desc.c:150:11
	strh	r0, [r1]
.Ltmp1:
	.loc	2 151 38 is_stmt 1              @ ../Board/v3/Src/usbd_desc.c:151:38
	ldrb.w	r0, [sp, #15]
.Ltmp2:
	.loc	2 151 7 is_stmt 0               @ ../Board/v3/Src/usbd_desc.c:151:7
	cmp	r0, #238
	bne	.LBB0_2
	b	.LBB0_1
.LBB0_1:
.Ltmp3:
	.loc	2 152 6 is_stmt 1               @ ../Board/v3/Src/usbd_desc.c:152:6
	ldr	r1, [sp, #8]
	movs	r0, #18
	.loc	2 152 13 is_stmt 0              @ ../Board/v3/Src/usbd_desc.c:152:13
	strh	r0, [r1]
	.loc	2 153 5 is_stmt 1               @ ../Board/v3/Src/usbd_desc.c:153:5
	movw	r0, :lower16:USBD_MS_OS_StringDescriptor
	movt	r0, :upper16:USBD_MS_OS_StringDescriptor
	str	r0, [sp, #20]
	b	.LBB0_6
.Ltmp4:
.LBB0_2:
	.loc	2 154 42                        @ ../Board/v3/Src/usbd_desc.c:154:42
	ldrb.w	r0, [sp, #15]
.Ltmp5:
	.loc	2 154 14 is_stmt 0              @ ../Board/v3/Src/usbd_desc.c:154:14
	cmp	r0, #6
	bne	.LBB0_4
	b	.LBB0_3
.LBB0_3:
.Ltmp6:
	.loc	2 155 79 is_stmt 1              @ ../Board/v3/Src/usbd_desc.c:155:79
	ldr	r2, [sp, #8]
	.loc	2 155 5 is_stmt 0               @ ../Board/v3/Src/usbd_desc.c:155:5
	movw	r0, :lower16:.L.str
	movt	r0, :upper16:.L.str
	movw	r1, :lower16:USBD_StrDesc
	movt	r1, :upper16:USBD_StrDesc
	str	r1, [sp, #4]                    @ 4-byte Spill
	bl	USBD_GetString
	ldr	r0, [sp, #4]                    @ 4-byte Reload
	.loc	2 156 5 is_stmt 1               @ ../Board/v3/Src/usbd_desc.c:156:5
	str	r0, [sp, #20]
	b	.LBB0_6
.Ltmp7:
.LBB0_4:
	.loc	2 0 5 is_stmt 0                 @ ../Board/v3/Src/usbd_desc.c:0:5
	b	.LBB0_5
.LBB0_5:
	movs	r0, #0
	.loc	2 158 3 is_stmt 1               @ ../Board/v3/Src/usbd_desc.c:158:3
	str	r0, [sp, #20]
	b	.LBB0_6
.LBB0_6:
	.loc	2 159 1                         @ ../Board/v3/Src/usbd_desc.c:159:1
	ldr	r0, [sp, #20]
	.loc	2 159 1 epilogue_begin is_stmt 0 @ ../Board/v3/Src/usbd_desc.c:159:1
	add	sp, #24
	pop	{r7, pc}
.Ltmp8:
.Lfunc_end0:
	.size	USBD_UsrStrDescriptor, .Lfunc_end0-USBD_UsrStrDescriptor
	.cfi_endproc
	.cantunwind
	.fnend
                                        @ -- End function
	.section	.text.USBD_FS_DeviceDescriptor,"ax",%progbits
	.hidden	USBD_FS_DeviceDescriptor        @ -- Begin function USBD_FS_DeviceDescriptor
	.globl	USBD_FS_DeviceDescriptor
	.p2align	2
	.type	USBD_FS_DeviceDescriptor,%function
	.code	16                              @ @USBD_FS_DeviceDescriptor
	.thumb_func
USBD_FS_DeviceDescriptor:
.Lfunc_begin1:
	.loc	2 321 0 is_stmt 1               @ ../Board/v3/Src/usbd_desc.c:321:0
	.fnstart
	.cfi_startproc
@ %bb.0:
	.pad	#8
	sub	sp, #8
	.cfi_def_cfa_offset 8
                                        @ kill: def $r2 killed $r0
	strb.w	r0, [sp, #7]
	str	r1, [sp]
.Ltmp9:
	.loc	2 322 4 prologue_end            @ ../Board/v3/Src/usbd_desc.c:322:4
	ldr	r1, [sp]
	movs	r0, #18
	.loc	2 322 11 is_stmt 0              @ ../Board/v3/Src/usbd_desc.c:322:11
	strh	r0, [r1]
	.loc	2 323 3 is_stmt 1               @ ../Board/v3/Src/usbd_desc.c:323:3
	movw	r0, :lower16:USBD_FS_DeviceDesc
	movt	r0, :upper16:USBD_FS_DeviceDesc
	.loc	2 323 3 epilogue_begin is_stmt 0 @ ../Board/v3/Src/usbd_desc.c:323:3
	add	sp, #8
	bx	lr
.Ltmp10:
.Lfunc_end1:
	.size	USBD_FS_DeviceDescriptor, .Lfunc_end1-USBD_FS_DeviceDescriptor
	.cfi_endproc
	.cantunwind
	.fnend
                                        @ -- End function
	.section	.text.USBD_FS_LangIDStrDescriptor,"ax",%progbits
	.hidden	USBD_FS_LangIDStrDescriptor     @ -- Begin function USBD_FS_LangIDStrDescriptor
	.globl	USBD_FS_LangIDStrDescriptor
	.p2align	2
	.type	USBD_FS_LangIDStrDescriptor,%function
	.code	16                              @ @USBD_FS_LangIDStrDescriptor
	.thumb_func
USBD_FS_LangIDStrDescriptor:
.Lfunc_begin2:
	.loc	2 333 0 is_stmt 1               @ ../Board/v3/Src/usbd_desc.c:333:0
	.fnstart
	.cfi_startproc
@ %bb.0:
	.pad	#8
	sub	sp, #8
	.cfi_def_cfa_offset 8
                                        @ kill: def $r2 killed $r0
	strb.w	r0, [sp, #7]
	str	r1, [sp]
.Ltmp11:
	.loc	2 334 4 prologue_end            @ ../Board/v3/Src/usbd_desc.c:334:4
	ldr	r1, [sp]
	movs	r0, #4
	.loc	2 334 11 is_stmt 0              @ ../Board/v3/Src/usbd_desc.c:334:11
	strh	r0, [r1]
	.loc	2 335 3 is_stmt 1               @ ../Board/v3/Src/usbd_desc.c:335:3
	movw	r0, :lower16:USBD_LangIDDesc
	movt	r0, :upper16:USBD_LangIDDesc
	.loc	2 335 3 epilogue_begin is_stmt 0 @ ../Board/v3/Src/usbd_desc.c:335:3
	add	sp, #8
	bx	lr
.Ltmp12:
.Lfunc_end2:
	.size	USBD_FS_LangIDStrDescriptor, .Lfunc_end2-USBD_FS_LangIDStrDescriptor
	.cfi_endproc
	.cantunwind
	.fnend
                                        @ -- End function
	.section	.text.USBD_FS_ManufacturerStrDescriptor,"ax",%progbits
	.hidden	USBD_FS_ManufacturerStrDescriptor @ -- Begin function USBD_FS_ManufacturerStrDescriptor
	.globl	USBD_FS_ManufacturerStrDescriptor
	.p2align	2
	.type	USBD_FS_ManufacturerStrDescriptor,%function
	.code	16                              @ @USBD_FS_ManufacturerStrDescriptor
	.thumb_func
USBD_FS_ManufacturerStrDescriptor:
.Lfunc_begin3:
	.loc	2 364 0 is_stmt 1               @ ../Board/v3/Src/usbd_desc.c:364:0
	.fnstart
	.cfi_startproc
@ %bb.0:
	.save	{r7, lr}
	push	{r7, lr}
	.cfi_def_cfa_offset 8
	.cfi_offset lr, -4
	.cfi_offset r7, -8
	.pad	#16
	sub	sp, #16
	.cfi_def_cfa_offset 24
                                        @ kill: def $r2 killed $r0
	strb.w	r0, [sp, #15]
	str	r1, [sp, #8]
.Ltmp13:
	.loc	2 365 69 prologue_end           @ ../Board/v3/Src/usbd_desc.c:365:69
	ldr	r2, [sp, #8]
	.loc	2 365 3 is_stmt 0               @ ../Board/v3/Src/usbd_desc.c:365:3
	movw	r0, :lower16:.L.str.2
	movt	r0, :upper16:.L.str.2
	movw	r1, :lower16:USBD_StrDesc
	movt	r1, :upper16:USBD_StrDesc
	str	r1, [sp, #4]                    @ 4-byte Spill
	bl	USBD_GetString
	ldr	r0, [sp, #4]                    @ 4-byte Reload
	.loc	2 366 3 epilogue_begin is_stmt 1 @ ../Board/v3/Src/usbd_desc.c:366:3
	add	sp, #16
	pop	{r7, pc}
.Ltmp14:
.Lfunc_end3:
	.size	USBD_FS_ManufacturerStrDescriptor, .Lfunc_end3-USBD_FS_ManufacturerStrDescriptor
	.cfi_endproc
	.cantunwind
	.fnend
                                        @ -- End function
	.section	.text.USBD_FS_ProductStrDescriptor,"ax",%progbits
	.hidden	USBD_FS_ProductStrDescriptor    @ -- Begin function USBD_FS_ProductStrDescriptor
	.globl	USBD_FS_ProductStrDescriptor
	.p2align	2
	.type	USBD_FS_ProductStrDescriptor,%function
	.code	16                              @ @USBD_FS_ProductStrDescriptor
	.thumb_func
USBD_FS_ProductStrDescriptor:
.Lfunc_begin4:
	.loc	2 345 0                         @ ../Board/v3/Src/usbd_desc.c:345:0
	.fnstart
	.cfi_startproc
@ %bb.0:
	.save	{r7, lr}
	push	{r7, lr}
	.cfi_def_cfa_offset 8
	.cfi_offset lr, -4
	.cfi_offset r7, -8
	.pad	#8
	sub	sp, #8
	.cfi_def_cfa_offset 16
                                        @ kill: def $r2 killed $r0
	strb.w	r0, [sp, #7]
	str	r1, [sp]
.Ltmp15:
	.loc	2 346 6 prologue_end            @ ../Board/v3/Src/usbd_desc.c:346:6
	ldrb.w	r0, [sp, #7]
.Ltmp16:
	.loc	2 346 6 is_stmt 0               @ ../Board/v3/Src/usbd_desc.c:346:6
	cbnz	r0, .LBB4_2
	b	.LBB4_1
.LBB4_1:
.Ltmp17:
	.loc	2 348 88 is_stmt 1              @ ../Board/v3/Src/usbd_desc.c:348:88
	ldr	r2, [sp]
	.loc	2 348 5 is_stmt 0               @ ../Board/v3/Src/usbd_desc.c:348:5
	movw	r0, :lower16:.L.str.1
	movt	r0, :upper16:.L.str.1
	movw	r1, :lower16:USBD_StrDesc
	movt	r1, :upper16:USBD_StrDesc
	bl	USBD_GetString
	.loc	2 349 3 is_stmt 1               @ ../Board/v3/Src/usbd_desc.c:349:3
	b	.LBB4_3
.Ltmp18:
.LBB4_2:
	.loc	2 352 88                        @ ../Board/v3/Src/usbd_desc.c:352:88
	ldr	r2, [sp]
	.loc	2 352 5 is_stmt 0               @ ../Board/v3/Src/usbd_desc.c:352:5
	movw	r0, :lower16:.L.str.1
	movt	r0, :upper16:.L.str.1
	movw	r1, :lower16:USBD_StrDesc
	movt	r1, :upper16:USBD_StrDesc
	bl	USBD_GetString
	b	.LBB4_3
.Ltmp19:
.LBB4_3:
	.loc	2 354 3 is_stmt 1               @ ../Board/v3/Src/usbd_desc.c:354:3
	movw	r0, :lower16:USBD_StrDesc
	movt	r0, :upper16:USBD_StrDesc
	.loc	2 354 3 epilogue_begin is_stmt 0 @ ../Board/v3/Src/usbd_desc.c:354:3
	add	sp, #8
	pop	{r7, pc}
.Ltmp20:
.Lfunc_end4:
	.size	USBD_FS_ProductStrDescriptor, .Lfunc_end4-USBD_FS_ProductStrDescriptor
	.cfi_endproc
	.cantunwind
	.fnend
                                        @ -- End function
	.section	.text.USBD_FS_SerialStrDescriptor,"ax",%progbits
	.hidden	USBD_FS_SerialStrDescriptor     @ -- Begin function USBD_FS_SerialStrDescriptor
	.globl	USBD_FS_SerialStrDescriptor
	.p2align	2
	.type	USBD_FS_SerialStrDescriptor,%function
	.code	16                              @ @USBD_FS_SerialStrDescriptor
	.thumb_func
USBD_FS_SerialStrDescriptor:
.Lfunc_begin5:
	.loc	2 376 0 is_stmt 1               @ ../Board/v3/Src/usbd_desc.c:376:0
	.fnstart
	.cfi_startproc
@ %bb.0:
	.save	{r7, lr}
	push	{r7, lr}
	.cfi_def_cfa_offset 8
	.cfi_offset lr, -4
	.cfi_offset r7, -8
	.pad	#16
	sub	sp, #16
	.cfi_def_cfa_offset 24
                                        @ kill: def $r2 killed $r0
	strb.w	r0, [sp, #15]
	str	r1, [sp, #8]
.Ltmp21:
	.loc	2 377 63 prologue_end           @ ../Board/v3/Src/usbd_desc.c:377:63
	ldr	r2, [sp, #8]
	.loc	2 377 3 is_stmt 0               @ ../Board/v3/Src/usbd_desc.c:377:3
	movw	r0, :lower16:serial_number_str
	movt	r0, :upper16:serial_number_str
	movw	r1, :lower16:USBD_StrDesc
	movt	r1, :upper16:USBD_StrDesc
	str	r1, [sp, #4]                    @ 4-byte Spill
	bl	USBD_GetString
	ldr	r0, [sp, #4]                    @ 4-byte Reload
	.loc	2 378 3 epilogue_begin is_stmt 1 @ ../Board/v3/Src/usbd_desc.c:378:3
	add	sp, #16
	pop	{r7, pc}
.Ltmp22:
.Lfunc_end5:
	.size	USBD_FS_SerialStrDescriptor, .Lfunc_end5-USBD_FS_SerialStrDescriptor
	.cfi_endproc
	.cantunwind
	.fnend
                                        @ -- End function
	.section	.text.USBD_FS_ConfigStrDescriptor,"ax",%progbits
	.hidden	USBD_FS_ConfigStrDescriptor     @ -- Begin function USBD_FS_ConfigStrDescriptor
	.globl	USBD_FS_ConfigStrDescriptor
	.p2align	2
	.type	USBD_FS_ConfigStrDescriptor,%function
	.code	16                              @ @USBD_FS_ConfigStrDescriptor
	.thumb_func
USBD_FS_ConfigStrDescriptor:
.Lfunc_begin6:
	.loc	2 388 0                         @ ../Board/v3/Src/usbd_desc.c:388:0
	.fnstart
	.cfi_startproc
@ %bb.0:
	.save	{r7, lr}
	push	{r7, lr}
	.cfi_def_cfa_offset 8
	.cfi_offset lr, -4
	.cfi_offset r7, -8
	.pad	#8
	sub	sp, #8
	.cfi_def_cfa_offset 16
                                        @ kill: def $r2 killed $r0
	strb.w	r0, [sp, #7]
	str	r1, [sp]
.Ltmp23:
	.loc	2 389 6 prologue_end            @ ../Board/v3/Src/usbd_desc.c:389:6
	ldrb.w	r0, [sp, #7]
.Ltmp24:
	.loc	2 389 6 is_stmt 0               @ ../Board/v3/Src/usbd_desc.c:389:6
	cbnz	r0, .LBB6_2
	b	.LBB6_1
.LBB6_1:
.Ltmp25:
	.loc	2 391 75 is_stmt 1              @ ../Board/v3/Src/usbd_desc.c:391:75
	ldr	r2, [sp]
	.loc	2 391 5 is_stmt 0               @ ../Board/v3/Src/usbd_desc.c:391:5
	movw	r0, :lower16:.L.str.3
	movt	r0, :upper16:.L.str.3
	movw	r1, :lower16:USBD_StrDesc
	movt	r1, :upper16:USBD_StrDesc
	bl	USBD_GetString
	.loc	2 392 3 is_stmt 1               @ ../Board/v3/Src/usbd_desc.c:392:3
	b	.LBB6_3
.Ltmp26:
.LBB6_2:
	.loc	2 395 75                        @ ../Board/v3/Src/usbd_desc.c:395:75
	ldr	r2, [sp]
	.loc	2 395 5 is_stmt 0               @ ../Board/v3/Src/usbd_desc.c:395:5
	movw	r0, :lower16:.L.str.3
	movt	r0, :upper16:.L.str.3
	movw	r1, :lower16:USBD_StrDesc
	movt	r1, :upper16:USBD_StrDesc
	bl	USBD_GetString
	b	.LBB6_3
.Ltmp27:
.LBB6_3:
	.loc	2 397 3 is_stmt 1               @ ../Board/v3/Src/usbd_desc.c:397:3
	movw	r0, :lower16:USBD_StrDesc
	movt	r0, :upper16:USBD_StrDesc
	.loc	2 397 3 epilogue_begin is_stmt 0 @ ../Board/v3/Src/usbd_desc.c:397:3
	add	sp, #8
	pop	{r7, pc}
.Ltmp28:
.Lfunc_end6:
	.size	USBD_FS_ConfigStrDescriptor, .Lfunc_end6-USBD_FS_ConfigStrDescriptor
	.cfi_endproc
	.cantunwind
	.fnend
                                        @ -- End function
	.section	.text.USBD_FS_InterfaceStrDescriptor,"ax",%progbits
	.hidden	USBD_FS_InterfaceStrDescriptor  @ -- Begin function USBD_FS_InterfaceStrDescriptor
	.globl	USBD_FS_InterfaceStrDescriptor
	.p2align	2
	.type	USBD_FS_InterfaceStrDescriptor,%function
	.code	16                              @ @USBD_FS_InterfaceStrDescriptor
	.thumb_func
USBD_FS_InterfaceStrDescriptor:
.Lfunc_begin7:
	.loc	2 407 0 is_stmt 1               @ ../Board/v3/Src/usbd_desc.c:407:0
	.fnstart
	.cfi_startproc
@ %bb.0:
	.save	{r7, lr}
	push	{r7, lr}
	.cfi_def_cfa_offset 8
	.cfi_offset lr, -4
	.cfi_offset r7, -8
	.pad	#8
	sub	sp, #8
	.cfi_def_cfa_offset 16
                                        @ kill: def $r2 killed $r0
	strb.w	r0, [sp, #7]
	str	r1, [sp]
.Ltmp29:
	.loc	2 408 6 prologue_end            @ ../Board/v3/Src/usbd_desc.c:408:6
	ldrb.w	r0, [sp, #7]
.Ltmp30:
	.loc	2 408 6 is_stmt 0               @ ../Board/v3/Src/usbd_desc.c:408:6
	cbnz	r0, .LBB7_2
	b	.LBB7_1
.LBB7_1:
.Ltmp31:
	.loc	2 410 71 is_stmt 1              @ ../Board/v3/Src/usbd_desc.c:410:71
	ldr	r2, [sp]
	.loc	2 410 5 is_stmt 0               @ ../Board/v3/Src/usbd_desc.c:410:5
	movw	r0, :lower16:.L.str.4
	movt	r0, :upper16:.L.str.4
	movw	r1, :lower16:USBD_StrDesc
	movt	r1, :upper16:USBD_StrDesc
	bl	USBD_GetString
	.loc	2 411 3 is_stmt 1               @ ../Board/v3/Src/usbd_desc.c:411:3
	b	.LBB7_3
.Ltmp32:
.LBB7_2:
	.loc	2 414 71                        @ ../Board/v3/Src/usbd_desc.c:414:71
	ldr	r2, [sp]
	.loc	2 414 5 is_stmt 0               @ ../Board/v3/Src/usbd_desc.c:414:5
	movw	r0, :lower16:.L.str.4
	movt	r0, :upper16:.L.str.4
	movw	r1, :lower16:USBD_StrDesc
	movt	r1, :upper16:USBD_StrDesc
	bl	USBD_GetString
	b	.LBB7_3
.Ltmp33:
.LBB7_3:
	.loc	2 416 3 is_stmt 1               @ ../Board/v3/Src/usbd_desc.c:416:3
	movw	r0, :lower16:USBD_StrDesc
	movt	r0, :upper16:USBD_StrDesc
	.loc	2 416 3 epilogue_begin is_stmt 0 @ ../Board/v3/Src/usbd_desc.c:416:3
	add	sp, #8
	pop	{r7, pc}
.Ltmp34:
.Lfunc_end7:
	.size	USBD_FS_InterfaceStrDescriptor, .Lfunc_end7-USBD_FS_InterfaceStrDescriptor
	.cfi_endproc
	.cantunwind
	.fnend
                                        @ -- End function
	.hidden	USBD_MS_OS_StringDescriptor     @ @USBD_MS_OS_StringDescriptor
	.type	USBD_MS_OS_StringDescriptor,%object
	.section	.data.USBD_MS_OS_StringDescriptor,"aw",%progbits
	.globl	USBD_MS_OS_StringDescriptor
	.p2align	2, 0x0
USBD_MS_OS_StringDescriptor:
	.asciz	"\022\003M\000S\000F\000T\0001\0000\0000\000P"
	.size	USBD_MS_OS_StringDescriptor, 18

	.type	.L.str,%object                  @ @.str
	.section	.rodata.str1.1,"aMS",%progbits,1
.L.str:
	.asciz	"ODrive 3.6 Native Interface"
	.size	.L.str, 28

	.hidden	USBD_StrDesc                    @ @USBD_StrDesc
	.type	USBD_StrDesc,%object
	.section	.bss.USBD_StrDesc,"aw",%nobits
	.globl	USBD_StrDesc
	.p2align	2, 0x0
USBD_StrDesc:
	.zero	512
	.size	USBD_StrDesc, 512

	.hidden	FS_Desc                         @ @FS_Desc
	.type	FS_Desc,%object
	.section	.data.FS_Desc,"aw",%progbits
	.globl	FS_Desc
	.p2align	2, 0x0
FS_Desc:
	.long	USBD_FS_DeviceDescriptor
	.long	USBD_FS_LangIDStrDescriptor
	.long	USBD_FS_ManufacturerStrDescriptor
	.long	USBD_FS_ProductStrDescriptor
	.long	USBD_FS_SerialStrDescriptor
	.long	USBD_FS_ConfigStrDescriptor
	.long	USBD_FS_InterfaceStrDescriptor
	.size	FS_Desc, 28

	.hidden	USBD_FS_DeviceDesc              @ @USBD_FS_DeviceDesc
	.type	USBD_FS_DeviceDesc,%object
	.section	.data.USBD_FS_DeviceDesc,"aw",%progbits
	.globl	USBD_FS_DeviceDesc
	.p2align	2, 0x0
USBD_FS_DeviceDesc:
	.ascii	"\022\001\000\002\357\002\001@\t\0222\r\000\003\001\002\003\001"
	.size	USBD_FS_DeviceDesc, 18

	.hidden	USBD_LangIDDesc                 @ @USBD_LangIDDesc
	.type	USBD_LangIDDesc,%object
	.section	.data.USBD_LangIDDesc,"aw",%progbits
	.globl	USBD_LangIDDesc
	.p2align	2, 0x0
USBD_LangIDDesc:
	.ascii	"\004\003\t\004"
	.size	USBD_LangIDDesc, 4

	.type	.L.str.1,%object                @ @.str.1
	.section	.rodata.str1.1,"aMS",%progbits,1
.L.str.1:
	.asciz	"ODrive 3.6 CDC Interface"
	.size	.L.str.1, 25

	.type	.L.str.2,%object                @ @.str.2
.L.str.2:
	.asciz	"ODrive Robotics"
	.size	.L.str.2, 16

	.type	.L.str.3,%object                @ @.str.3
.L.str.3:
	.asciz	"CDC Config"
	.size	.L.str.3, 11

	.type	.L.str.4,%object                @ @.str.4
.L.str.4:
	.asciz	"CDC Interface"
	.size	.L.str.4, 14

	.section	.debug_abbrev,"",%progbits
	.byte	1                               @ Abbreviation Code
	.byte	17                              @ DW_TAG_compile_unit
	.byte	1                               @ DW_CHILDREN_yes
	.byte	37                              @ DW_AT_producer
	.byte	14                              @ DW_FORM_strp
	.byte	19                              @ DW_AT_language
	.byte	5                               @ DW_FORM_data2
	.byte	3                               @ DW_AT_name
	.byte	14                              @ DW_FORM_strp
	.byte	16                              @ DW_AT_stmt_list
	.byte	23                              @ DW_FORM_sec_offset
	.byte	27                              @ DW_AT_comp_dir
	.byte	14                              @ DW_FORM_strp
	.byte	17                              @ DW_AT_low_pc
	.byte	1                               @ DW_FORM_addr
	.byte	85                              @ DW_AT_ranges
	.byte	23                              @ DW_FORM_sec_offset
	.byte	0                               @ EOM(1)
	.byte	0                               @ EOM(2)
	.byte	2                               @ Abbreviation Code
	.byte	52                              @ DW_TAG_variable
	.byte	0                               @ DW_CHILDREN_no
	.byte	3                               @ DW_AT_name
	.byte	14                              @ DW_FORM_strp
	.byte	73                              @ DW_AT_type
	.byte	19                              @ DW_FORM_ref4
	.byte	63                              @ DW_AT_external
	.byte	25                              @ DW_FORM_flag_present
	.byte	58                              @ DW_AT_decl_file
	.byte	11                              @ DW_FORM_data1
	.byte	59                              @ DW_AT_decl_line
	.byte	11                              @ DW_FORM_data1
	.ascii	"\210\001"                      @ DW_AT_alignment
	.byte	15                              @ DW_FORM_udata
	.byte	2                               @ DW_AT_location
	.byte	24                              @ DW_FORM_exprloc
	.byte	0                               @ EOM(1)
	.byte	0                               @ EOM(2)
	.byte	3                               @ Abbreviation Code
	.byte	1                               @ DW_TAG_array_type
	.byte	1                               @ DW_CHILDREN_yes
	.byte	73                              @ DW_AT_type
	.byte	19                              @ DW_FORM_ref4
	.byte	0                               @ EOM(1)
	.byte	0                               @ EOM(2)
	.byte	4                               @ Abbreviation Code
	.byte	33                              @ DW_TAG_subrange_type
	.byte	0                               @ DW_CHILDREN_no
	.byte	73                              @ DW_AT_type
	.byte	19                              @ DW_FORM_ref4
	.byte	55                              @ DW_AT_count
	.byte	11                              @ DW_FORM_data1
	.byte	0                               @ EOM(1)
	.byte	0                               @ EOM(2)
	.byte	5                               @ Abbreviation Code
	.byte	22                              @ DW_TAG_typedef
	.byte	0                               @ DW_CHILDREN_no
	.byte	73                              @ DW_AT_type
	.byte	19                              @ DW_FORM_ref4
	.byte	3                               @ DW_AT_name
	.byte	14                              @ DW_FORM_strp
	.byte	58                              @ DW_AT_decl_file
	.byte	11                              @ DW_FORM_data1
	.byte	59                              @ DW_AT_decl_line
	.byte	11                              @ DW_FORM_data1
	.byte	0                               @ EOM(1)
	.byte	0                               @ EOM(2)
	.byte	6                               @ Abbreviation Code
	.byte	36                              @ DW_TAG_base_type
	.byte	0                               @ DW_CHILDREN_no
	.byte	3                               @ DW_AT_name
	.byte	14                              @ DW_FORM_strp
	.byte	62                              @ DW_AT_encoding
	.byte	11                              @ DW_FORM_data1
	.byte	11                              @ DW_AT_byte_size
	.byte	11                              @ DW_FORM_data1
	.byte	0                               @ EOM(1)
	.byte	0                               @ EOM(2)
	.byte	7                               @ Abbreviation Code
	.byte	36                              @ DW_TAG_base_type
	.byte	0                               @ DW_CHILDREN_no
	.byte	3                               @ DW_AT_name
	.byte	14                              @ DW_FORM_strp
	.byte	11                              @ DW_AT_byte_size
	.byte	11                              @ DW_FORM_data1
	.byte	62                              @ DW_AT_encoding
	.byte	11                              @ DW_FORM_data1
	.byte	0                               @ EOM(1)
	.byte	0                               @ EOM(2)
	.byte	8                               @ Abbreviation Code
	.byte	52                              @ DW_TAG_variable
	.byte	0                               @ DW_CHILDREN_no
	.byte	73                              @ DW_AT_type
	.byte	19                              @ DW_FORM_ref4
	.byte	58                              @ DW_AT_decl_file
	.byte	11                              @ DW_FORM_data1
	.byte	59                              @ DW_AT_decl_line
	.byte	11                              @ DW_FORM_data1
	.byte	2                               @ DW_AT_location
	.byte	24                              @ DW_FORM_exprloc
	.byte	0                               @ EOM(1)
	.byte	0                               @ EOM(2)
	.byte	9                               @ Abbreviation Code
	.byte	52                              @ DW_TAG_variable
	.byte	0                               @ DW_CHILDREN_no
	.byte	3                               @ DW_AT_name
	.byte	14                              @ DW_FORM_strp
	.byte	73                              @ DW_AT_type
	.byte	19                              @ DW_FORM_ref4
	.byte	63                              @ DW_AT_external
	.byte	25                              @ DW_FORM_flag_present
	.byte	58                              @ DW_AT_decl_file
	.byte	11                              @ DW_FORM_data1
	.byte	59                              @ DW_AT_decl_line
	.byte	11                              @ DW_FORM_data1
	.byte	2                               @ DW_AT_location
	.byte	24                              @ DW_FORM_exprloc
	.byte	0                               @ EOM(1)
	.byte	0                               @ EOM(2)
	.byte	10                              @ Abbreviation Code
	.byte	22                              @ DW_TAG_typedef
	.byte	0                               @ DW_CHILDREN_no
	.byte	73                              @ DW_AT_type
	.byte	19                              @ DW_FORM_ref4
	.byte	3                               @ DW_AT_name
	.byte	14                              @ DW_FORM_strp
	.byte	58                              @ DW_AT_decl_file
	.byte	11                              @ DW_FORM_data1
	.byte	59                              @ DW_AT_decl_line
	.byte	5                               @ DW_FORM_data2
	.byte	0                               @ EOM(1)
	.byte	0                               @ EOM(2)
	.byte	11                              @ Abbreviation Code
	.byte	19                              @ DW_TAG_structure_type
	.byte	1                               @ DW_CHILDREN_yes
	.byte	11                              @ DW_AT_byte_size
	.byte	11                              @ DW_FORM_data1
	.byte	58                              @ DW_AT_decl_file
	.byte	11                              @ DW_FORM_data1
	.byte	59                              @ DW_AT_decl_line
	.byte	11                              @ DW_FORM_data1
	.byte	0                               @ EOM(1)
	.byte	0                               @ EOM(2)
	.byte	12                              @ Abbreviation Code
	.byte	13                              @ DW_TAG_member
	.byte	0                               @ DW_CHILDREN_no
	.byte	3                               @ DW_AT_name
	.byte	14                              @ DW_FORM_strp
	.byte	73                              @ DW_AT_type
	.byte	19                              @ DW_FORM_ref4
	.byte	58                              @ DW_AT_decl_file
	.byte	11                              @ DW_FORM_data1
	.byte	59                              @ DW_AT_decl_line
	.byte	11                              @ DW_FORM_data1
	.byte	56                              @ DW_AT_data_member_location
	.byte	11                              @ DW_FORM_data1
	.byte	0                               @ EOM(1)
	.byte	0                               @ EOM(2)
	.byte	13                              @ Abbreviation Code
	.byte	15                              @ DW_TAG_pointer_type
	.byte	0                               @ DW_CHILDREN_no
	.byte	73                              @ DW_AT_type
	.byte	19                              @ DW_FORM_ref4
	.byte	0                               @ EOM(1)
	.byte	0                               @ EOM(2)
	.byte	14                              @ Abbreviation Code
	.byte	21                              @ DW_TAG_subroutine_type
	.byte	1                               @ DW_CHILDREN_yes
	.byte	73                              @ DW_AT_type
	.byte	19                              @ DW_FORM_ref4
	.byte	39                              @ DW_AT_prototyped
	.byte	25                              @ DW_FORM_flag_present
	.byte	0                               @ EOM(1)
	.byte	0                               @ EOM(2)
	.byte	15                              @ Abbreviation Code
	.byte	5                               @ DW_TAG_formal_parameter
	.byte	0                               @ DW_CHILDREN_no
	.byte	73                              @ DW_AT_type
	.byte	19                              @ DW_FORM_ref4
	.byte	0                               @ EOM(1)
	.byte	0                               @ EOM(2)
	.byte	16                              @ Abbreviation Code
	.byte	4                               @ DW_TAG_enumeration_type
	.byte	1                               @ DW_CHILDREN_yes
	.byte	73                              @ DW_AT_type
	.byte	19                              @ DW_FORM_ref4
	.byte	11                              @ DW_AT_byte_size
	.byte	11                              @ DW_FORM_data1
	.byte	58                              @ DW_AT_decl_file
	.byte	11                              @ DW_FORM_data1
	.byte	59                              @ DW_AT_decl_line
	.byte	11                              @ DW_FORM_data1
	.byte	0                               @ EOM(1)
	.byte	0                               @ EOM(2)
	.byte	17                              @ Abbreviation Code
	.byte	40                              @ DW_TAG_enumerator
	.byte	0                               @ DW_CHILDREN_no
	.byte	3                               @ DW_AT_name
	.byte	14                              @ DW_FORM_strp
	.byte	28                              @ DW_AT_const_value
	.byte	15                              @ DW_FORM_udata
	.byte	0                               @ EOM(1)
	.byte	0                               @ EOM(2)
	.byte	18                              @ Abbreviation Code
	.byte	52                              @ DW_TAG_variable
	.byte	0                               @ DW_CHILDREN_no
	.byte	3                               @ DW_AT_name
	.byte	14                              @ DW_FORM_strp
	.byte	73                              @ DW_AT_type
	.byte	19                              @ DW_FORM_ref4
	.byte	63                              @ DW_AT_external
	.byte	25                              @ DW_FORM_flag_present
	.byte	58                              @ DW_AT_decl_file
	.byte	11                              @ DW_FORM_data1
	.byte	59                              @ DW_AT_decl_line
	.byte	5                               @ DW_FORM_data2
	.ascii	"\210\001"                      @ DW_AT_alignment
	.byte	15                              @ DW_FORM_udata
	.byte	2                               @ DW_AT_location
	.byte	24                              @ DW_FORM_exprloc
	.byte	0                               @ EOM(1)
	.byte	0                               @ EOM(2)
	.byte	19                              @ Abbreviation Code
	.byte	52                              @ DW_TAG_variable
	.byte	0                               @ DW_CHILDREN_no
	.byte	73                              @ DW_AT_type
	.byte	19                              @ DW_FORM_ref4
	.byte	58                              @ DW_AT_decl_file
	.byte	11                              @ DW_FORM_data1
	.byte	59                              @ DW_AT_decl_line
	.byte	5                               @ DW_FORM_data2
	.byte	2                               @ DW_AT_location
	.byte	24                              @ DW_FORM_exprloc
	.byte	0                               @ EOM(1)
	.byte	0                               @ EOM(2)
	.byte	20                              @ Abbreviation Code
	.byte	33                              @ DW_TAG_subrange_type
	.byte	0                               @ DW_CHILDREN_no
	.byte	73                              @ DW_AT_type
	.byte	19                              @ DW_FORM_ref4
	.byte	55                              @ DW_AT_count
	.byte	5                               @ DW_FORM_data2
	.byte	0                               @ EOM(1)
	.byte	0                               @ EOM(2)
	.byte	21                              @ Abbreviation Code
	.byte	46                              @ DW_TAG_subprogram
	.byte	1                               @ DW_CHILDREN_yes
	.byte	17                              @ DW_AT_low_pc
	.byte	1                               @ DW_FORM_addr
	.byte	18                              @ DW_AT_high_pc
	.byte	6                               @ DW_FORM_data4
	.byte	64                              @ DW_AT_frame_base
	.byte	24                              @ DW_FORM_exprloc
	.byte	3                               @ DW_AT_name
	.byte	14                              @ DW_FORM_strp
	.byte	58                              @ DW_AT_decl_file
	.byte	11                              @ DW_FORM_data1
	.byte	59                              @ DW_AT_decl_line
	.byte	11                              @ DW_FORM_data1
	.byte	39                              @ DW_AT_prototyped
	.byte	25                              @ DW_FORM_flag_present
	.byte	73                              @ DW_AT_type
	.byte	19                              @ DW_FORM_ref4
	.byte	63                              @ DW_AT_external
	.byte	25                              @ DW_FORM_flag_present
	.byte	0                               @ EOM(1)
	.byte	0                               @ EOM(2)
	.byte	22                              @ Abbreviation Code
	.byte	5                               @ DW_TAG_formal_parameter
	.byte	0                               @ DW_CHILDREN_no
	.byte	2                               @ DW_AT_location
	.byte	24                              @ DW_FORM_exprloc
	.byte	3                               @ DW_AT_name
	.byte	14                              @ DW_FORM_strp
	.byte	58                              @ DW_AT_decl_file
	.byte	11                              @ DW_FORM_data1
	.byte	59                              @ DW_AT_decl_line
	.byte	11                              @ DW_FORM_data1
	.byte	73                              @ DW_AT_type
	.byte	19                              @ DW_FORM_ref4
	.byte	0                               @ EOM(1)
	.byte	0                               @ EOM(2)
	.byte	23                              @ Abbreviation Code
	.byte	46                              @ DW_TAG_subprogram
	.byte	1                               @ DW_CHILDREN_yes
	.byte	17                              @ DW_AT_low_pc
	.byte	1                               @ DW_FORM_addr
	.byte	18                              @ DW_AT_high_pc
	.byte	6                               @ DW_FORM_data4
	.byte	64                              @ DW_AT_frame_base
	.byte	24                              @ DW_FORM_exprloc
	.byte	3                               @ DW_AT_name
	.byte	14                              @ DW_FORM_strp
	.byte	58                              @ DW_AT_decl_file
	.byte	11                              @ DW_FORM_data1
	.byte	59                              @ DW_AT_decl_line
	.byte	5                               @ DW_FORM_data2
	.byte	39                              @ DW_AT_prototyped
	.byte	25                              @ DW_FORM_flag_present
	.byte	73                              @ DW_AT_type
	.byte	19                              @ DW_FORM_ref4
	.byte	63                              @ DW_AT_external
	.byte	25                              @ DW_FORM_flag_present
	.byte	0                               @ EOM(1)
	.byte	0                               @ EOM(2)
	.byte	24                              @ Abbreviation Code
	.byte	5                               @ DW_TAG_formal_parameter
	.byte	0                               @ DW_CHILDREN_no
	.byte	2                               @ DW_AT_location
	.byte	24                              @ DW_FORM_exprloc
	.byte	3                               @ DW_AT_name
	.byte	14                              @ DW_FORM_strp
	.byte	58                              @ DW_AT_decl_file
	.byte	11                              @ DW_FORM_data1
	.byte	59                              @ DW_AT_decl_line
	.byte	5                               @ DW_FORM_data2
	.byte	73                              @ DW_AT_type
	.byte	19                              @ DW_FORM_ref4
	.byte	0                               @ EOM(1)
	.byte	0                               @ EOM(2)
	.byte	25                              @ Abbreviation Code
	.byte	19                              @ DW_TAG_structure_type
	.byte	1                               @ DW_CHILDREN_yes
	.byte	3                               @ DW_AT_name
	.byte	14                              @ DW_FORM_strp
	.byte	11                              @ DW_AT_byte_size
	.byte	5                               @ DW_FORM_data2
	.byte	58                              @ DW_AT_decl_file
	.byte	11                              @ DW_FORM_data1
	.byte	59                              @ DW_AT_decl_line
	.byte	5                               @ DW_FORM_data2
	.byte	0                               @ EOM(1)
	.byte	0                               @ EOM(2)
	.byte	26                              @ Abbreviation Code
	.byte	13                              @ DW_TAG_member
	.byte	0                               @ DW_CHILDREN_no
	.byte	3                               @ DW_AT_name
	.byte	14                              @ DW_FORM_strp
	.byte	73                              @ DW_AT_type
	.byte	19                              @ DW_FORM_ref4
	.byte	58                              @ DW_AT_decl_file
	.byte	11                              @ DW_FORM_data1
	.byte	59                              @ DW_AT_decl_line
	.byte	5                               @ DW_FORM_data2
	.byte	56                              @ DW_AT_data_member_location
	.byte	11                              @ DW_FORM_data1
	.byte	0                               @ EOM(1)
	.byte	0                               @ EOM(2)
	.byte	27                              @ Abbreviation Code
	.byte	13                              @ DW_TAG_member
	.byte	0                               @ DW_CHILDREN_no
	.byte	3                               @ DW_AT_name
	.byte	14                              @ DW_FORM_strp
	.byte	73                              @ DW_AT_type
	.byte	19                              @ DW_FORM_ref4
	.byte	58                              @ DW_AT_decl_file
	.byte	11                              @ DW_FORM_data1
	.byte	59                              @ DW_AT_decl_line
	.byte	5                               @ DW_FORM_data2
	.byte	56                              @ DW_AT_data_member_location
	.byte	5                               @ DW_FORM_data2
	.byte	0                               @ EOM(1)
	.byte	0                               @ EOM(2)
	.byte	28                              @ Abbreviation Code
	.byte	19                              @ DW_TAG_structure_type
	.byte	1                               @ DW_CHILDREN_yes
	.byte	11                              @ DW_AT_byte_size
	.byte	11                              @ DW_FORM_data1
	.byte	58                              @ DW_AT_decl_file
	.byte	11                              @ DW_FORM_data1
	.byte	59                              @ DW_AT_decl_line
	.byte	5                               @ DW_FORM_data2
	.byte	0                               @ EOM(1)
	.byte	0                               @ EOM(2)
	.byte	29                              @ Abbreviation Code
	.byte	19                              @ DW_TAG_structure_type
	.byte	1                               @ DW_CHILDREN_yes
	.byte	3                               @ DW_AT_name
	.byte	14                              @ DW_FORM_strp
	.byte	11                              @ DW_AT_byte_size
	.byte	11                              @ DW_FORM_data1
	.byte	58                              @ DW_AT_decl_file
	.byte	11                              @ DW_FORM_data1
	.byte	59                              @ DW_AT_decl_line
	.byte	11                              @ DW_FORM_data1
	.byte	0                               @ EOM(1)
	.byte	0                               @ EOM(2)
	.byte	30                              @ Abbreviation Code
	.byte	15                              @ DW_TAG_pointer_type
	.byte	0                               @ DW_CHILDREN_no
	.byte	0                               @ EOM(1)
	.byte	0                               @ EOM(2)
	.byte	0                               @ EOM(3)
	.section	.debug_info,"",%progbits
.Lcu_begin0:
	.long	.Ldebug_info_end0-.Ldebug_info_start0 @ Length of Unit
.Ldebug_info_start0:
	.short	4                               @ DWARF version number
	.long	.debug_abbrev                   @ Offset Into Abbrev. Section
	.byte	4                               @ Address Size (in bytes)
	.byte	1                               @ Abbrev [1] 0xb:0x710 DW_TAG_compile_unit
	.long	.Linfo_string0                  @ DW_AT_producer
	.short	12                              @ DW_AT_language
	.long	.Linfo_string1                  @ DW_AT_name
	.long	.Lline_table_start0             @ DW_AT_stmt_list
	.long	.Linfo_string2                  @ DW_AT_comp_dir
	.long	0                               @ DW_AT_low_pc
	.long	.Ldebug_ranges0                 @ DW_AT_ranges
	.byte	2                               @ Abbrev [2] 0x26:0x12 DW_TAG_variable
	.long	.Linfo_string3                  @ DW_AT_name
	.long	56                              @ DW_AT_type
                                        @ DW_AT_external
	.byte	2                               @ DW_AT_decl_file
	.byte	122                             @ DW_AT_decl_line
	.byte	4                               @ DW_AT_alignment
	.byte	5                               @ DW_AT_location
	.byte	3
	.long	USBD_MS_OS_StringDescriptor
	.byte	3                               @ Abbrev [3] 0x38:0xc DW_TAG_array_type
	.long	68                              @ DW_AT_type
	.byte	4                               @ Abbrev [4] 0x3d:0x6 DW_TAG_subrange_type
	.long	86                              @ DW_AT_type
	.byte	18                              @ DW_AT_count
	.byte	0                               @ End Of Children Mark
	.byte	5                               @ Abbrev [5] 0x44:0xb DW_TAG_typedef
	.long	79                              @ DW_AT_type
	.long	.Linfo_string5                  @ DW_AT_name
	.byte	1                               @ DW_AT_decl_file
	.byte	62                              @ DW_AT_decl_line
	.byte	6                               @ Abbrev [6] 0x4f:0x7 DW_TAG_base_type
	.long	.Linfo_string4                  @ DW_AT_name
	.byte	8                               @ DW_AT_encoding
	.byte	1                               @ DW_AT_byte_size
	.byte	7                               @ Abbrev [7] 0x56:0x7 DW_TAG_base_type
	.long	.Linfo_string6                  @ DW_AT_name
	.byte	8                               @ DW_AT_byte_size
	.byte	7                               @ DW_AT_encoding
	.byte	8                               @ Abbrev [8] 0x5d:0xd DW_TAG_variable
	.long	106                             @ DW_AT_type
	.byte	2                               @ DW_AT_decl_file
	.byte	155                             @ DW_AT_decl_line
	.byte	5                               @ DW_AT_location
	.byte	3
	.long	.L.str
	.byte	3                               @ Abbrev [3] 0x6a:0xc DW_TAG_array_type
	.long	118                             @ DW_AT_type
	.byte	4                               @ Abbrev [4] 0x6f:0x6 DW_TAG_subrange_type
	.long	86                              @ DW_AT_type
	.byte	28                              @ DW_AT_count
	.byte	0                               @ End Of Children Mark
	.byte	6                               @ Abbrev [6] 0x76:0x7 DW_TAG_base_type
	.long	.Linfo_string7                  @ DW_AT_name
	.byte	8                               @ DW_AT_encoding
	.byte	1                               @ DW_AT_byte_size
	.byte	9                               @ Abbrev [9] 0x7d:0x11 DW_TAG_variable
	.long	.Linfo_string8                  @ DW_AT_name
	.long	142                             @ DW_AT_type
                                        @ DW_AT_external
	.byte	2                               @ DW_AT_decl_file
	.byte	206                             @ DW_AT_decl_line
	.byte	5                               @ DW_AT_location
	.byte	3
	.long	FS_Desc
	.byte	10                              @ Abbrev [10] 0x8e:0xc DW_TAG_typedef
	.long	154                             @ DW_AT_type
	.long	.Linfo_string22                 @ DW_AT_name
	.byte	3                               @ DW_AT_decl_file
	.short	256                             @ DW_AT_decl_line
	.byte	11                              @ Abbrev [11] 0x9a:0x59 DW_TAG_structure_type
	.byte	28                              @ DW_AT_byte_size
	.byte	3                               @ DW_AT_decl_file
	.byte	241                             @ DW_AT_decl_line
	.byte	12                              @ Abbrev [12] 0x9e:0xc DW_TAG_member
	.long	.Linfo_string9                  @ DW_AT_name
	.long	243                             @ DW_AT_type
	.byte	3                               @ DW_AT_decl_file
	.byte	243                             @ DW_AT_decl_line
	.byte	0                               @ DW_AT_data_member_location
	.byte	12                              @ Abbrev [12] 0xaa:0xc DW_TAG_member
	.long	.Linfo_string16                 @ DW_AT_name
	.long	243                             @ DW_AT_type
	.byte	3                               @ DW_AT_decl_file
	.byte	244                             @ DW_AT_decl_line
	.byte	4                               @ DW_AT_data_member_location
	.byte	12                              @ Abbrev [12] 0xb6:0xc DW_TAG_member
	.long	.Linfo_string17                 @ DW_AT_name
	.long	243                             @ DW_AT_type
	.byte	3                               @ DW_AT_decl_file
	.byte	245                             @ DW_AT_decl_line
	.byte	8                               @ DW_AT_data_member_location
	.byte	12                              @ Abbrev [12] 0xc2:0xc DW_TAG_member
	.long	.Linfo_string18                 @ DW_AT_name
	.long	243                             @ DW_AT_type
	.byte	3                               @ DW_AT_decl_file
	.byte	246                             @ DW_AT_decl_line
	.byte	12                              @ DW_AT_data_member_location
	.byte	12                              @ Abbrev [12] 0xce:0xc DW_TAG_member
	.long	.Linfo_string19                 @ DW_AT_name
	.long	243                             @ DW_AT_type
	.byte	3                               @ DW_AT_decl_file
	.byte	247                             @ DW_AT_decl_line
	.byte	16                              @ DW_AT_data_member_location
	.byte	12                              @ Abbrev [12] 0xda:0xc DW_TAG_member
	.long	.Linfo_string20                 @ DW_AT_name
	.long	243                             @ DW_AT_type
	.byte	3                               @ DW_AT_decl_file
	.byte	248                             @ DW_AT_decl_line
	.byte	20                              @ DW_AT_data_member_location
	.byte	12                              @ Abbrev [12] 0xe6:0xc DW_TAG_member
	.long	.Linfo_string21                 @ DW_AT_name
	.long	243                             @ DW_AT_type
	.byte	3                               @ DW_AT_decl_file
	.byte	249                             @ DW_AT_decl_line
	.byte	24                              @ DW_AT_data_member_location
	.byte	0                               @ End Of Children Mark
	.byte	13                              @ Abbrev [13] 0xf3:0x5 DW_TAG_pointer_type
	.long	248                             @ DW_AT_type
	.byte	14                              @ Abbrev [14] 0xf8:0x10 DW_TAG_subroutine_type
	.long	264                             @ DW_AT_type
                                        @ DW_AT_prototyped
	.byte	15                              @ Abbrev [15] 0xfd:0x5 DW_TAG_formal_parameter
	.long	269                             @ DW_AT_type
	.byte	15                              @ Abbrev [15] 0x102:0x5 DW_TAG_formal_parameter
	.long	307                             @ DW_AT_type
	.byte	0                               @ End Of Children Mark
	.byte	13                              @ Abbrev [13] 0x108:0x5 DW_TAG_pointer_type
	.long	68                              @ DW_AT_type
	.byte	5                               @ Abbrev [5] 0x10d:0xb DW_TAG_typedef
	.long	280                             @ DW_AT_type
	.long	.Linfo_string13                 @ DW_AT_name
	.byte	3                               @ DW_AT_decl_file
	.byte	229                             @ DW_AT_decl_line
	.byte	16                              @ Abbrev [16] 0x118:0x1b DW_TAG_enumeration_type
	.long	79                              @ DW_AT_type
	.byte	1                               @ DW_AT_byte_size
	.byte	3                               @ DW_AT_decl_file
	.byte	224                             @ DW_AT_decl_line
	.byte	17                              @ Abbrev [17] 0x120:0x6 DW_TAG_enumerator
	.long	.Linfo_string10                 @ DW_AT_name
	.byte	0                               @ DW_AT_const_value
	.byte	17                              @ Abbrev [17] 0x126:0x6 DW_TAG_enumerator
	.long	.Linfo_string11                 @ DW_AT_name
	.byte	1                               @ DW_AT_const_value
	.byte	17                              @ Abbrev [17] 0x12c:0x6 DW_TAG_enumerator
	.long	.Linfo_string12                 @ DW_AT_name
	.byte	2                               @ DW_AT_const_value
	.byte	0                               @ End Of Children Mark
	.byte	13                              @ Abbrev [13] 0x133:0x5 DW_TAG_pointer_type
	.long	312                             @ DW_AT_type
	.byte	5                               @ Abbrev [5] 0x138:0xb DW_TAG_typedef
	.long	323                             @ DW_AT_type
	.long	.Linfo_string15                 @ DW_AT_name
	.byte	1                               @ DW_AT_decl_file
	.byte	63                              @ DW_AT_decl_line
	.byte	6                               @ Abbrev [6] 0x143:0x7 DW_TAG_base_type
	.long	.Linfo_string14                 @ DW_AT_name
	.byte	7                               @ DW_AT_encoding
	.byte	2                               @ DW_AT_byte_size
	.byte	2                               @ Abbrev [2] 0x14a:0x12 DW_TAG_variable
	.long	.Linfo_string23                 @ DW_AT_name
	.long	56                              @ DW_AT_type
                                        @ DW_AT_external
	.byte	2                               @ DW_AT_decl_file
	.byte	224                             @ DW_AT_decl_line
	.byte	4                               @ DW_AT_alignment
	.byte	5                               @ DW_AT_location
	.byte	3
	.long	USBD_FS_DeviceDesc
	.byte	18                              @ Abbrev [18] 0x15c:0x13 DW_TAG_variable
	.long	.Linfo_string24                 @ DW_AT_name
	.long	367                             @ DW_AT_type
                                        @ DW_AT_external
	.byte	2                               @ DW_AT_decl_file
	.short	291                             @ DW_AT_decl_line
	.byte	4                               @ DW_AT_alignment
	.byte	5                               @ DW_AT_location
	.byte	3
	.long	USBD_LangIDDesc
	.byte	3                               @ Abbrev [3] 0x16f:0xc DW_TAG_array_type
	.long	68                              @ DW_AT_type
	.byte	4                               @ Abbrev [4] 0x174:0x6 DW_TAG_subrange_type
	.long	86                              @ DW_AT_type
	.byte	4                               @ DW_AT_count
	.byte	0                               @ End Of Children Mark
	.byte	19                              @ Abbrev [19] 0x17b:0xe DW_TAG_variable
	.long	393                             @ DW_AT_type
	.byte	2                               @ DW_AT_decl_file
	.short	348                             @ DW_AT_decl_line
	.byte	5                               @ DW_AT_location
	.byte	3
	.long	.L.str.1
	.byte	3                               @ Abbrev [3] 0x189:0xc DW_TAG_array_type
	.long	118                             @ DW_AT_type
	.byte	4                               @ Abbrev [4] 0x18e:0x6 DW_TAG_subrange_type
	.long	86                              @ DW_AT_type
	.byte	25                              @ DW_AT_count
	.byte	0                               @ End Of Children Mark
	.byte	19                              @ Abbrev [19] 0x195:0xe DW_TAG_variable
	.long	419                             @ DW_AT_type
	.byte	2                               @ DW_AT_decl_file
	.short	365                             @ DW_AT_decl_line
	.byte	5                               @ DW_AT_location
	.byte	3
	.long	.L.str.2
	.byte	3                               @ Abbrev [3] 0x1a3:0xc DW_TAG_array_type
	.long	118                             @ DW_AT_type
	.byte	4                               @ Abbrev [4] 0x1a8:0x6 DW_TAG_subrange_type
	.long	86                              @ DW_AT_type
	.byte	16                              @ DW_AT_count
	.byte	0                               @ End Of Children Mark
	.byte	19                              @ Abbrev [19] 0x1af:0xe DW_TAG_variable
	.long	445                             @ DW_AT_type
	.byte	2                               @ DW_AT_decl_file
	.short	391                             @ DW_AT_decl_line
	.byte	5                               @ DW_AT_location
	.byte	3
	.long	.L.str.3
	.byte	3                               @ Abbrev [3] 0x1bd:0xc DW_TAG_array_type
	.long	118                             @ DW_AT_type
	.byte	4                               @ Abbrev [4] 0x1c2:0x6 DW_TAG_subrange_type
	.long	86                              @ DW_AT_type
	.byte	11                              @ DW_AT_count
	.byte	0                               @ End Of Children Mark
	.byte	19                              @ Abbrev [19] 0x1c9:0xe DW_TAG_variable
	.long	471                             @ DW_AT_type
	.byte	2                               @ DW_AT_decl_file
	.short	410                             @ DW_AT_decl_line
	.byte	5                               @ DW_AT_location
	.byte	3
	.long	.L.str.4
	.byte	3                               @ Abbrev [3] 0x1d7:0xc DW_TAG_array_type
	.long	118                             @ DW_AT_type
	.byte	4                               @ Abbrev [4] 0x1dc:0x6 DW_TAG_subrange_type
	.long	86                              @ DW_AT_type
	.byte	14                              @ DW_AT_count
	.byte	0                               @ End Of Children Mark
	.byte	18                              @ Abbrev [18] 0x1e3:0x13 DW_TAG_variable
	.long	.Linfo_string25                 @ DW_AT_name
	.long	502                             @ DW_AT_type
                                        @ DW_AT_external
	.byte	2                               @ DW_AT_decl_file
	.short	303                             @ DW_AT_decl_line
	.byte	4                               @ DW_AT_alignment
	.byte	5                               @ DW_AT_location
	.byte	3
	.long	USBD_StrDesc
	.byte	3                               @ Abbrev [3] 0x1f6:0xd DW_TAG_array_type
	.long	68                              @ DW_AT_type
	.byte	20                              @ Abbrev [20] 0x1fb:0x7 DW_TAG_subrange_type
	.long	86                              @ DW_AT_type
	.short	512                             @ DW_AT_count
	.byte	0                               @ End Of Children Mark
	.byte	21                              @ Abbrev [21] 0x203:0x40 DW_TAG_subprogram
	.long	.Lfunc_begin0                   @ DW_AT_low_pc
	.long	.Lfunc_end0-.Lfunc_begin0       @ DW_AT_high_pc
	.byte	1                               @ DW_AT_frame_base
	.byte	93
	.long	.Linfo_string26                 @ DW_AT_name
	.byte	2                               @ DW_AT_decl_file
	.byte	148                             @ DW_AT_decl_line
                                        @ DW_AT_prototyped
	.long	264                             @ DW_AT_type
                                        @ DW_AT_external
	.byte	22                              @ Abbrev [22] 0x218:0xe DW_TAG_formal_parameter
	.byte	2                               @ DW_AT_location
	.byte	145
	.byte	16
	.long	.Linfo_string34                 @ DW_AT_name
	.byte	2                               @ DW_AT_decl_file
	.byte	148                             @ DW_AT_decl_line
	.long	950                             @ DW_AT_type
	.byte	22                              @ Abbrev [22] 0x226:0xe DW_TAG_formal_parameter
	.byte	2                               @ DW_AT_location
	.byte	145
	.byte	15
	.long	.Linfo_string93                 @ DW_AT_name
	.byte	2                               @ DW_AT_decl_file
	.byte	148                             @ DW_AT_decl_line
	.long	68                              @ DW_AT_type
	.byte	22                              @ Abbrev [22] 0x234:0xe DW_TAG_formal_parameter
	.byte	2                               @ DW_AT_location
	.byte	145
	.byte	8
	.long	.Linfo_string94                 @ DW_AT_name
	.byte	2                               @ DW_AT_decl_file
	.byte	148                             @ DW_AT_decl_line
	.long	307                             @ DW_AT_type
	.byte	0                               @ End Of Children Mark
	.byte	23                              @ Abbrev [23] 0x243:0x35 DW_TAG_subprogram
	.long	.Lfunc_begin1                   @ DW_AT_low_pc
	.long	.Lfunc_end1-.Lfunc_begin1       @ DW_AT_high_pc
	.byte	1                               @ DW_AT_frame_base
	.byte	93
	.long	.Linfo_string27                 @ DW_AT_name
	.byte	2                               @ DW_AT_decl_file
	.short	320                             @ DW_AT_decl_line
                                        @ DW_AT_prototyped
	.long	264                             @ DW_AT_type
                                        @ DW_AT_external
	.byte	24                              @ Abbrev [24] 0x259:0xf DW_TAG_formal_parameter
	.byte	2                               @ DW_AT_location
	.byte	145
	.byte	7
	.long	.Linfo_string95                 @ DW_AT_name
	.byte	2                               @ DW_AT_decl_file
	.short	320                             @ DW_AT_decl_line
	.long	269                             @ DW_AT_type
	.byte	24                              @ Abbrev [24] 0x268:0xf DW_TAG_formal_parameter
	.byte	2                               @ DW_AT_location
	.byte	145
	.byte	0
	.long	.Linfo_string94                 @ DW_AT_name
	.byte	2                               @ DW_AT_decl_file
	.short	320                             @ DW_AT_decl_line
	.long	307                             @ DW_AT_type
	.byte	0                               @ End Of Children Mark
	.byte	23                              @ Abbrev [23] 0x278:0x35 DW_TAG_subprogram
	.long	.Lfunc_begin2                   @ DW_AT_low_pc
	.long	.Lfunc_end2-.Lfunc_begin2       @ DW_AT_high_pc
	.byte	1                               @ DW_AT_frame_base
	.byte	93
	.long	.Linfo_string28                 @ DW_AT_name
	.byte	2                               @ DW_AT_decl_file
	.short	332                             @ DW_AT_decl_line
                                        @ DW_AT_prototyped
	.long	264                             @ DW_AT_type
                                        @ DW_AT_external
	.byte	24                              @ Abbrev [24] 0x28e:0xf DW_TAG_formal_parameter
	.byte	2                               @ DW_AT_location
	.byte	145
	.byte	7
	.long	.Linfo_string95                 @ DW_AT_name
	.byte	2                               @ DW_AT_decl_file
	.short	332                             @ DW_AT_decl_line
	.long	269                             @ DW_AT_type
	.byte	24                              @ Abbrev [24] 0x29d:0xf DW_TAG_formal_parameter
	.byte	2                               @ DW_AT_location
	.byte	145
	.byte	0
	.long	.Linfo_string94                 @ DW_AT_name
	.byte	2                               @ DW_AT_decl_file
	.short	332                             @ DW_AT_decl_line
	.long	307                             @ DW_AT_type
	.byte	0                               @ End Of Children Mark
	.byte	23                              @ Abbrev [23] 0x2ad:0x35 DW_TAG_subprogram
	.long	.Lfunc_begin3                   @ DW_AT_low_pc
	.long	.Lfunc_end3-.Lfunc_begin3       @ DW_AT_high_pc
	.byte	1                               @ DW_AT_frame_base
	.byte	93
	.long	.Linfo_string29                 @ DW_AT_name
	.byte	2                               @ DW_AT_decl_file
	.short	363                             @ DW_AT_decl_line
                                        @ DW_AT_prototyped
	.long	264                             @ DW_AT_type
                                        @ DW_AT_external
	.byte	24                              @ Abbrev [24] 0x2c3:0xf DW_TAG_formal_parameter
	.byte	2                               @ DW_AT_location
	.byte	145
	.byte	15
	.long	.Linfo_string95                 @ DW_AT_name
	.byte	2                               @ DW_AT_decl_file
	.short	363                             @ DW_AT_decl_line
	.long	269                             @ DW_AT_type
	.byte	24                              @ Abbrev [24] 0x2d2:0xf DW_TAG_formal_parameter
	.byte	2                               @ DW_AT_location
	.byte	145
	.byte	8
	.long	.Linfo_string94                 @ DW_AT_name
	.byte	2                               @ DW_AT_decl_file
	.short	363                             @ DW_AT_decl_line
	.long	307                             @ DW_AT_type
	.byte	0                               @ End Of Children Mark
	.byte	23                              @ Abbrev [23] 0x2e2:0x35 DW_TAG_subprogram
	.long	.Lfunc_begin4                   @ DW_AT_low_pc
	.long	.Lfunc_end4-.Lfunc_begin4       @ DW_AT_high_pc
	.byte	1                               @ DW_AT_frame_base
	.byte	93
	.long	.Linfo_string30                 @ DW_AT_name
	.byte	2                               @ DW_AT_decl_file
	.short	344                             @ DW_AT_decl_line
                                        @ DW_AT_prototyped
	.long	264                             @ DW_AT_type
                                        @ DW_AT_external
	.byte	24                              @ Abbrev [24] 0x2f8:0xf DW_TAG_formal_parameter
	.byte	2                               @ DW_AT_location
	.byte	145
	.byte	7
	.long	.Linfo_string95                 @ DW_AT_name
	.byte	2                               @ DW_AT_decl_file
	.short	344                             @ DW_AT_decl_line
	.long	269                             @ DW_AT_type
	.byte	24                              @ Abbrev [24] 0x307:0xf DW_TAG_formal_parameter
	.byte	2                               @ DW_AT_location
	.byte	145
	.byte	0
	.long	.Linfo_string94                 @ DW_AT_name
	.byte	2                               @ DW_AT_decl_file
	.short	344                             @ DW_AT_decl_line
	.long	307                             @ DW_AT_type
	.byte	0                               @ End Of Children Mark
	.byte	23                              @ Abbrev [23] 0x317:0x35 DW_TAG_subprogram
	.long	.Lfunc_begin5                   @ DW_AT_low_pc
	.long	.Lfunc_end5-.Lfunc_begin5       @ DW_AT_high_pc
	.byte	1                               @ DW_AT_frame_base
	.byte	93
	.long	.Linfo_string31                 @ DW_AT_name
	.byte	2                               @ DW_AT_decl_file
	.short	375                             @ DW_AT_decl_line
                                        @ DW_AT_prototyped
	.long	264                             @ DW_AT_type
                                        @ DW_AT_external
	.byte	24                              @ Abbrev [24] 0x32d:0xf DW_TAG_formal_parameter
	.byte	2                               @ DW_AT_location
	.byte	145
	.byte	15
	.long	.Linfo_string95                 @ DW_AT_name
	.byte	2                               @ DW_AT_decl_file
	.short	375                             @ DW_AT_decl_line
	.long	269                             @ DW_AT_type
	.byte	24                              @ Abbrev [24] 0x33c:0xf DW_TAG_formal_parameter
	.byte	2                               @ DW_AT_location
	.byte	145
	.byte	8
	.long	.Linfo_string94                 @ DW_AT_name
	.byte	2                               @ DW_AT_decl_file
	.short	375                             @ DW_AT_decl_line
	.long	307                             @ DW_AT_type
	.byte	0                               @ End Of Children Mark
	.byte	23                              @ Abbrev [23] 0x34c:0x35 DW_TAG_subprogram
	.long	.Lfunc_begin6                   @ DW_AT_low_pc
	.long	.Lfunc_end6-.Lfunc_begin6       @ DW_AT_high_pc
	.byte	1                               @ DW_AT_frame_base
	.byte	93
	.long	.Linfo_string32                 @ DW_AT_name
	.byte	2                               @ DW_AT_decl_file
	.short	387                             @ DW_AT_decl_line
                                        @ DW_AT_prototyped
	.long	264                             @ DW_AT_type
                                        @ DW_AT_external
	.byte	24                              @ Abbrev [24] 0x362:0xf DW_TAG_formal_parameter
	.byte	2                               @ DW_AT_location
	.byte	145
	.byte	7
	.long	.Linfo_string95                 @ DW_AT_name
	.byte	2                               @ DW_AT_decl_file
	.short	387                             @ DW_AT_decl_line
	.long	269                             @ DW_AT_type
	.byte	24                              @ Abbrev [24] 0x371:0xf DW_TAG_formal_parameter
	.byte	2                               @ DW_AT_location
	.byte	145
	.byte	0
	.long	.Linfo_string94                 @ DW_AT_name
	.byte	2                               @ DW_AT_decl_file
	.short	387                             @ DW_AT_decl_line
	.long	307                             @ DW_AT_type
	.byte	0                               @ End Of Children Mark
	.byte	23                              @ Abbrev [23] 0x381:0x35 DW_TAG_subprogram
	.long	.Lfunc_begin7                   @ DW_AT_low_pc
	.long	.Lfunc_end7-.Lfunc_begin7       @ DW_AT_high_pc
	.byte	1                               @ DW_AT_frame_base
	.byte	93
	.long	.Linfo_string33                 @ DW_AT_name
	.byte	2                               @ DW_AT_decl_file
	.short	406                             @ DW_AT_decl_line
                                        @ DW_AT_prototyped
	.long	264                             @ DW_AT_type
                                        @ DW_AT_external
	.byte	24                              @ Abbrev [24] 0x397:0xf DW_TAG_formal_parameter
	.byte	2                               @ DW_AT_location
	.byte	145
	.byte	7
	.long	.Linfo_string95                 @ DW_AT_name
	.byte	2                               @ DW_AT_decl_file
	.short	406                             @ DW_AT_decl_line
	.long	269                             @ DW_AT_type
	.byte	24                              @ Abbrev [24] 0x3a6:0xf DW_TAG_formal_parameter
	.byte	2                               @ DW_AT_location
	.byte	145
	.byte	0
	.long	.Linfo_string94                 @ DW_AT_name
	.byte	2                               @ DW_AT_decl_file
	.short	406                             @ DW_AT_decl_line
	.long	307                             @ DW_AT_type
	.byte	0                               @ End Of Children Mark
	.byte	13                              @ Abbrev [13] 0x3b6:0x5 DW_TAG_pointer_type
	.long	955                             @ DW_AT_type
	.byte	25                              @ Abbrev [25] 0x3bb:0x155 DW_TAG_structure_type
	.long	.Linfo_string92                 @ DW_AT_name
	.short	720                             @ DW_AT_byte_size
	.byte	3                               @ DW_AT_decl_file
	.short	270                             @ DW_AT_decl_line
	.byte	26                              @ Abbrev [26] 0x3c5:0xd DW_TAG_member
	.long	.Linfo_string35                 @ DW_AT_name
	.long	68                              @ DW_AT_type
	.byte	3                               @ DW_AT_decl_file
	.short	272                             @ DW_AT_decl_line
	.byte	0                               @ DW_AT_data_member_location
	.byte	26                              @ Abbrev [26] 0x3d2:0xd DW_TAG_member
	.long	.Linfo_string36                 @ DW_AT_name
	.long	1296                            @ DW_AT_type
	.byte	3                               @ DW_AT_decl_file
	.short	273                             @ DW_AT_decl_line
	.byte	4                               @ DW_AT_data_member_location
	.byte	26                              @ Abbrev [26] 0x3df:0xd DW_TAG_member
	.long	.Linfo_string39                 @ DW_AT_name
	.long	1296                            @ DW_AT_type
	.byte	3                               @ DW_AT_decl_file
	.short	274                             @ DW_AT_decl_line
	.byte	8                               @ DW_AT_data_member_location
	.byte	26                              @ Abbrev [26] 0x3ec:0xd DW_TAG_member
	.long	.Linfo_string40                 @ DW_AT_name
	.long	1296                            @ DW_AT_type
	.byte	3                               @ DW_AT_decl_file
	.short	275                             @ DW_AT_decl_line
	.byte	12                              @ DW_AT_data_member_location
	.byte	26                              @ Abbrev [26] 0x3f9:0xd DW_TAG_member
	.long	.Linfo_string41                 @ DW_AT_name
	.long	269                             @ DW_AT_type
	.byte	3                               @ DW_AT_decl_file
	.short	276                             @ DW_AT_decl_line
	.byte	16                              @ DW_AT_data_member_location
	.byte	26                              @ Abbrev [26] 0x406:0xd DW_TAG_member
	.long	.Linfo_string42                 @ DW_AT_name
	.long	1314                            @ DW_AT_type
	.byte	3                               @ DW_AT_decl_file
	.short	277                             @ DW_AT_decl_line
	.byte	20                              @ DW_AT_data_member_location
	.byte	27                              @ Abbrev [27] 0x413:0xe DW_TAG_member
	.long	.Linfo_string50                 @ DW_AT_name
	.long	1314                            @ DW_AT_type
	.byte	3                               @ DW_AT_decl_file
	.short	278                             @ DW_AT_decl_line
	.short	340                             @ DW_AT_data_member_location
	.byte	27                              @ Abbrev [27] 0x421:0xe DW_TAG_member
	.long	.Linfo_string51                 @ DW_AT_name
	.long	1296                            @ DW_AT_type
	.byte	3                               @ DW_AT_decl_file
	.short	279                             @ DW_AT_decl_line
	.short	660                             @ DW_AT_data_member_location
	.byte	27                              @ Abbrev [27] 0x42f:0xe DW_TAG_member
	.long	.Linfo_string52                 @ DW_AT_name
	.long	1296                            @ DW_AT_type
	.byte	3                               @ DW_AT_decl_file
	.short	280                             @ DW_AT_decl_line
	.short	664                             @ DW_AT_data_member_location
	.byte	27                              @ Abbrev [27] 0x43d:0xe DW_TAG_member
	.long	.Linfo_string53                 @ DW_AT_name
	.long	68                              @ DW_AT_type
	.byte	3                               @ DW_AT_decl_file
	.short	281                             @ DW_AT_decl_line
	.short	668                             @ DW_AT_data_member_location
	.byte	27                              @ Abbrev [27] 0x44b:0xe DW_TAG_member
	.long	.Linfo_string54                 @ DW_AT_name
	.long	68                              @ DW_AT_type
	.byte	3                               @ DW_AT_decl_file
	.short	282                             @ DW_AT_decl_line
	.short	669                             @ DW_AT_data_member_location
	.byte	27                              @ Abbrev [27] 0x459:0xe DW_TAG_member
	.long	.Linfo_string55                 @ DW_AT_name
	.long	68                              @ DW_AT_type
	.byte	3                               @ DW_AT_decl_file
	.short	283                             @ DW_AT_decl_line
	.short	670                             @ DW_AT_data_member_location
	.byte	27                              @ Abbrev [27] 0x467:0xe DW_TAG_member
	.long	.Linfo_string56                 @ DW_AT_name
	.long	68                              @ DW_AT_type
	.byte	3                               @ DW_AT_decl_file
	.short	284                             @ DW_AT_decl_line
	.short	671                             @ DW_AT_data_member_location
	.byte	27                              @ Abbrev [27] 0x475:0xe DW_TAG_member
	.long	.Linfo_string57                 @ DW_AT_name
	.long	68                              @ DW_AT_type
	.byte	3                               @ DW_AT_decl_file
	.short	285                             @ DW_AT_decl_line
	.short	672                             @ DW_AT_data_member_location
	.byte	27                              @ Abbrev [27] 0x483:0xe DW_TAG_member
	.long	.Linfo_string58                 @ DW_AT_name
	.long	1296                            @ DW_AT_type
	.byte	3                               @ DW_AT_decl_file
	.short	286                             @ DW_AT_decl_line
	.short	676                             @ DW_AT_data_member_location
	.byte	27                              @ Abbrev [27] 0x491:0xe DW_TAG_member
	.long	.Linfo_string59                 @ DW_AT_name
	.long	68                              @ DW_AT_type
	.byte	3                               @ DW_AT_decl_file
	.short	287                             @ DW_AT_decl_line
	.short	680                             @ DW_AT_data_member_location
	.byte	27                              @ Abbrev [27] 0x49f:0xe DW_TAG_member
	.long	.Linfo_string60                 @ DW_AT_name
	.long	1422                            @ DW_AT_type
	.byte	3                               @ DW_AT_decl_file
	.short	289                             @ DW_AT_decl_line
	.short	682                             @ DW_AT_data_member_location
	.byte	27                              @ Abbrev [27] 0x4ad:0xe DW_TAG_member
	.long	.Linfo_string68                 @ DW_AT_name
	.long	1502                            @ DW_AT_type
	.byte	3                               @ DW_AT_decl_file
	.short	290                             @ DW_AT_decl_line
	.short	692                             @ DW_AT_data_member_location
	.byte	27                              @ Abbrev [27] 0x4bb:0xe DW_TAG_member
	.long	.Linfo_string69                 @ DW_AT_name
	.long	1507                            @ DW_AT_type
	.byte	3                               @ DW_AT_decl_file
	.short	291                             @ DW_AT_decl_line
	.short	696                             @ DW_AT_data_member_location
	.byte	27                              @ Abbrev [27] 0x4c9:0xe DW_TAG_member
	.long	.Linfo_string87                 @ DW_AT_name
	.long	1817                            @ DW_AT_type
	.byte	3                               @ DW_AT_decl_file
	.short	292                             @ DW_AT_decl_line
	.short	700                             @ DW_AT_data_member_location
	.byte	27                              @ Abbrev [27] 0x4d7:0xe DW_TAG_member
	.long	.Linfo_string88                 @ DW_AT_name
	.long	1817                            @ DW_AT_type
	.byte	3                               @ DW_AT_decl_file
	.short	293                             @ DW_AT_decl_line
	.short	704                             @ DW_AT_data_member_location
	.byte	27                              @ Abbrev [27] 0x4e5:0xe DW_TAG_member
	.long	.Linfo_string89                 @ DW_AT_name
	.long	1817                            @ DW_AT_type
	.byte	3                               @ DW_AT_decl_file
	.short	294                             @ DW_AT_decl_line
	.short	708                             @ DW_AT_data_member_location
	.byte	27                              @ Abbrev [27] 0x4f3:0xe DW_TAG_member
	.long	.Linfo_string90                 @ DW_AT_name
	.long	1817                            @ DW_AT_type
	.byte	3                               @ DW_AT_decl_file
	.short	295                             @ DW_AT_decl_line
	.short	712                             @ DW_AT_data_member_location
	.byte	27                              @ Abbrev [27] 0x501:0xe DW_TAG_member
	.long	.Linfo_string91                 @ DW_AT_name
	.long	1817                            @ DW_AT_type
	.byte	3                               @ DW_AT_decl_file
	.short	296                             @ DW_AT_decl_line
	.short	716                             @ DW_AT_data_member_location
	.byte	0                               @ End Of Children Mark
	.byte	5                               @ Abbrev [5] 0x510:0xb DW_TAG_typedef
	.long	1307                            @ DW_AT_type
	.long	.Linfo_string38                 @ DW_AT_name
	.byte	1                               @ DW_AT_decl_file
	.byte	64                              @ DW_AT_decl_line
	.byte	6                               @ Abbrev [6] 0x51b:0x7 DW_TAG_base_type
	.long	.Linfo_string37                 @ DW_AT_name
	.byte	7                               @ DW_AT_encoding
	.byte	4                               @ DW_AT_byte_size
	.byte	3                               @ Abbrev [3] 0x522:0xc DW_TAG_array_type
	.long	1326                            @ DW_AT_type
	.byte	4                               @ Abbrev [4] 0x527:0x6 DW_TAG_subrange_type
	.long	86                              @ DW_AT_type
	.byte	16                              @ DW_AT_count
	.byte	0                               @ End Of Children Mark
	.byte	10                              @ Abbrev [10] 0x52e:0xc DW_TAG_typedef
	.long	1338                            @ DW_AT_type
	.long	.Linfo_string49                 @ DW_AT_name
	.byte	3                               @ DW_AT_decl_file
	.short	267                             @ DW_AT_decl_line
	.byte	28                              @ Abbrev [28] 0x53a:0x54 DW_TAG_structure_type
	.byte	20                              @ DW_AT_byte_size
	.byte	3                               @ DW_AT_decl_file
	.short	259                             @ DW_AT_decl_line
	.byte	26                              @ Abbrev [26] 0x53f:0xd DW_TAG_member
	.long	.Linfo_string43                 @ DW_AT_name
	.long	1296                            @ DW_AT_type
	.byte	3                               @ DW_AT_decl_file
	.short	261                             @ DW_AT_decl_line
	.byte	0                               @ DW_AT_data_member_location
	.byte	26                              @ Abbrev [26] 0x54c:0xd DW_TAG_member
	.long	.Linfo_string44                 @ DW_AT_name
	.long	1296                            @ DW_AT_type
	.byte	3                               @ DW_AT_decl_file
	.short	262                             @ DW_AT_decl_line
	.byte	4                               @ DW_AT_data_member_location
	.byte	26                              @ Abbrev [26] 0x559:0xd DW_TAG_member
	.long	.Linfo_string45                 @ DW_AT_name
	.long	1296                            @ DW_AT_type
	.byte	3                               @ DW_AT_decl_file
	.short	263                             @ DW_AT_decl_line
	.byte	8                               @ DW_AT_data_member_location
	.byte	26                              @ Abbrev [26] 0x566:0xd DW_TAG_member
	.long	.Linfo_string46                 @ DW_AT_name
	.long	1296                            @ DW_AT_type
	.byte	3                               @ DW_AT_decl_file
	.short	264                             @ DW_AT_decl_line
	.byte	12                              @ DW_AT_data_member_location
	.byte	26                              @ Abbrev [26] 0x573:0xd DW_TAG_member
	.long	.Linfo_string47                 @ DW_AT_name
	.long	312                             @ DW_AT_type
	.byte	3                               @ DW_AT_decl_file
	.short	265                             @ DW_AT_decl_line
	.byte	16                              @ DW_AT_data_member_location
	.byte	26                              @ Abbrev [26] 0x580:0xd DW_TAG_member
	.long	.Linfo_string48                 @ DW_AT_name
	.long	312                             @ DW_AT_type
	.byte	3                               @ DW_AT_decl_file
	.short	266                             @ DW_AT_decl_line
	.byte	18                              @ DW_AT_data_member_location
	.byte	0                               @ End Of Children Mark
	.byte	5                               @ Abbrev [5] 0x58e:0xb DW_TAG_typedef
	.long	1433                            @ DW_AT_type
	.long	.Linfo_string67                 @ DW_AT_name
	.byte	3                               @ DW_AT_decl_file
	.byte	172                             @ DW_AT_decl_line
	.byte	29                              @ Abbrev [29] 0x599:0x45 DW_TAG_structure_type
	.long	.Linfo_string66                 @ DW_AT_name
	.byte	8                               @ DW_AT_byte_size
	.byte	3                               @ DW_AT_decl_file
	.byte	165                             @ DW_AT_decl_line
	.byte	12                              @ Abbrev [12] 0x5a1:0xc DW_TAG_member
	.long	.Linfo_string61                 @ DW_AT_name
	.long	68                              @ DW_AT_type
	.byte	3                               @ DW_AT_decl_file
	.byte	167                             @ DW_AT_decl_line
	.byte	0                               @ DW_AT_data_member_location
	.byte	12                              @ Abbrev [12] 0x5ad:0xc DW_TAG_member
	.long	.Linfo_string62                 @ DW_AT_name
	.long	68                              @ DW_AT_type
	.byte	3                               @ DW_AT_decl_file
	.byte	168                             @ DW_AT_decl_line
	.byte	1                               @ DW_AT_data_member_location
	.byte	12                              @ Abbrev [12] 0x5b9:0xc DW_TAG_member
	.long	.Linfo_string63                 @ DW_AT_name
	.long	312                             @ DW_AT_type
	.byte	3                               @ DW_AT_decl_file
	.byte	169                             @ DW_AT_decl_line
	.byte	2                               @ DW_AT_data_member_location
	.byte	12                              @ Abbrev [12] 0x5c5:0xc DW_TAG_member
	.long	.Linfo_string64                 @ DW_AT_name
	.long	312                             @ DW_AT_type
	.byte	3                               @ DW_AT_decl_file
	.byte	170                             @ DW_AT_decl_line
	.byte	4                               @ DW_AT_data_member_location
	.byte	12                              @ Abbrev [12] 0x5d1:0xc DW_TAG_member
	.long	.Linfo_string65                 @ DW_AT_name
	.long	312                             @ DW_AT_type
	.byte	3                               @ DW_AT_decl_file
	.byte	171                             @ DW_AT_decl_line
	.byte	6                               @ DW_AT_data_member_location
	.byte	0                               @ End Of Children Mark
	.byte	13                              @ Abbrev [13] 0x5de:0x5 DW_TAG_pointer_type
	.long	142                             @ DW_AT_type
	.byte	13                              @ Abbrev [13] 0x5e3:0x5 DW_TAG_pointer_type
	.long	1512                            @ DW_AT_type
	.byte	5                               @ Abbrev [5] 0x5e8:0xb DW_TAG_typedef
	.long	1523                            @ DW_AT_type
	.long	.Linfo_string86                 @ DW_AT_name
	.byte	3                               @ DW_AT_decl_file
	.byte	221                             @ DW_AT_decl_line
	.byte	29                              @ Abbrev [29] 0x5f3:0xbd DW_TAG_structure_type
	.long	.Linfo_string85                 @ DW_AT_name
	.byte	60                              @ DW_AT_byte_size
	.byte	3                               @ DW_AT_decl_file
	.byte	198                             @ DW_AT_decl_line
	.byte	12                              @ Abbrev [12] 0x5fb:0xc DW_TAG_member
	.long	.Linfo_string70                 @ DW_AT_name
	.long	1712                            @ DW_AT_type
	.byte	3                               @ DW_AT_decl_file
	.byte	200                             @ DW_AT_decl_line
	.byte	0                               @ DW_AT_data_member_location
	.byte	12                              @ Abbrev [12] 0x607:0xc DW_TAG_member
	.long	.Linfo_string71                 @ DW_AT_name
	.long	1712                            @ DW_AT_type
	.byte	3                               @ DW_AT_decl_file
	.byte	201                             @ DW_AT_decl_line
	.byte	4                               @ DW_AT_data_member_location
	.byte	12                              @ Abbrev [12] 0x613:0xc DW_TAG_member
	.long	.Linfo_string72                 @ DW_AT_name
	.long	1733                            @ DW_AT_type
	.byte	3                               @ DW_AT_decl_file
	.byte	203                             @ DW_AT_decl_line
	.byte	8                               @ DW_AT_data_member_location
	.byte	12                              @ Abbrev [12] 0x61f:0xc DW_TAG_member
	.long	.Linfo_string73                 @ DW_AT_name
	.long	1759                            @ DW_AT_type
	.byte	3                               @ DW_AT_decl_file
	.byte	204                             @ DW_AT_decl_line
	.byte	12                              @ DW_AT_data_member_location
	.byte	12                              @ Abbrev [12] 0x62b:0xc DW_TAG_member
	.long	.Linfo_string74                 @ DW_AT_name
	.long	1759                            @ DW_AT_type
	.byte	3                               @ DW_AT_decl_file
	.byte	205                             @ DW_AT_decl_line
	.byte	16                              @ DW_AT_data_member_location
	.byte	12                              @ Abbrev [12] 0x637:0xc DW_TAG_member
	.long	.Linfo_string75                 @ DW_AT_name
	.long	1712                            @ DW_AT_type
	.byte	3                               @ DW_AT_decl_file
	.byte	207                             @ DW_AT_decl_line
	.byte	20                              @ DW_AT_data_member_location
	.byte	12                              @ Abbrev [12] 0x643:0xc DW_TAG_member
	.long	.Linfo_string76                 @ DW_AT_name
	.long	1712                            @ DW_AT_type
	.byte	3                               @ DW_AT_decl_file
	.byte	208                             @ DW_AT_decl_line
	.byte	24                              @ DW_AT_data_member_location
	.byte	12                              @ Abbrev [12] 0x64f:0xc DW_TAG_member
	.long	.Linfo_string77                 @ DW_AT_name
	.long	1759                            @ DW_AT_type
	.byte	3                               @ DW_AT_decl_file
	.byte	209                             @ DW_AT_decl_line
	.byte	28                              @ DW_AT_data_member_location
	.byte	12                              @ Abbrev [12] 0x65b:0xc DW_TAG_member
	.long	.Linfo_string78                 @ DW_AT_name
	.long	1712                            @ DW_AT_type
	.byte	3                               @ DW_AT_decl_file
	.byte	210                             @ DW_AT_decl_line
	.byte	32                              @ DW_AT_data_member_location
	.byte	12                              @ Abbrev [12] 0x667:0xc DW_TAG_member
	.long	.Linfo_string79                 @ DW_AT_name
	.long	1712                            @ DW_AT_type
	.byte	3                               @ DW_AT_decl_file
	.byte	211                             @ DW_AT_decl_line
	.byte	36                              @ DW_AT_data_member_location
	.byte	12                              @ Abbrev [12] 0x673:0xc DW_TAG_member
	.long	.Linfo_string80                 @ DW_AT_name
	.long	1775                            @ DW_AT_type
	.byte	3                               @ DW_AT_decl_file
	.byte	213                             @ DW_AT_decl_line
	.byte	40                              @ DW_AT_data_member_location
	.byte	12                              @ Abbrev [12] 0x67f:0xc DW_TAG_member
	.long	.Linfo_string81                 @ DW_AT_name
	.long	1775                            @ DW_AT_type
	.byte	3                               @ DW_AT_decl_file
	.byte	214                             @ DW_AT_decl_line
	.byte	44                              @ DW_AT_data_member_location
	.byte	12                              @ Abbrev [12] 0x68b:0xc DW_TAG_member
	.long	.Linfo_string82                 @ DW_AT_name
	.long	1775                            @ DW_AT_type
	.byte	3                               @ DW_AT_decl_file
	.byte	215                             @ DW_AT_decl_line
	.byte	48                              @ DW_AT_data_member_location
	.byte	12                              @ Abbrev [12] 0x697:0xc DW_TAG_member
	.long	.Linfo_string83                 @ DW_AT_name
	.long	1775                            @ DW_AT_type
	.byte	3                               @ DW_AT_decl_file
	.byte	216                             @ DW_AT_decl_line
	.byte	52                              @ DW_AT_data_member_location
	.byte	12                              @ Abbrev [12] 0x6a3:0xc DW_TAG_member
	.long	.Linfo_string84                 @ DW_AT_name
	.long	1791                            @ DW_AT_type
	.byte	3                               @ DW_AT_decl_file
	.byte	218                             @ DW_AT_decl_line
	.byte	56                              @ DW_AT_data_member_location
	.byte	0                               @ End Of Children Mark
	.byte	13                              @ Abbrev [13] 0x6b0:0x5 DW_TAG_pointer_type
	.long	1717                            @ DW_AT_type
	.byte	14                              @ Abbrev [14] 0x6b5:0x10 DW_TAG_subroutine_type
	.long	68                              @ DW_AT_type
                                        @ DW_AT_prototyped
	.byte	15                              @ Abbrev [15] 0x6ba:0x5 DW_TAG_formal_parameter
	.long	950                             @ DW_AT_type
	.byte	15                              @ Abbrev [15] 0x6bf:0x5 DW_TAG_formal_parameter
	.long	68                              @ DW_AT_type
	.byte	0                               @ End Of Children Mark
	.byte	13                              @ Abbrev [13] 0x6c5:0x5 DW_TAG_pointer_type
	.long	1738                            @ DW_AT_type
	.byte	14                              @ Abbrev [14] 0x6ca:0x10 DW_TAG_subroutine_type
	.long	68                              @ DW_AT_type
                                        @ DW_AT_prototyped
	.byte	15                              @ Abbrev [15] 0x6cf:0x5 DW_TAG_formal_parameter
	.long	950                             @ DW_AT_type
	.byte	15                              @ Abbrev [15] 0x6d4:0x5 DW_TAG_formal_parameter
	.long	1754                            @ DW_AT_type
	.byte	0                               @ End Of Children Mark
	.byte	13                              @ Abbrev [13] 0x6da:0x5 DW_TAG_pointer_type
	.long	1422                            @ DW_AT_type
	.byte	13                              @ Abbrev [13] 0x6df:0x5 DW_TAG_pointer_type
	.long	1764                            @ DW_AT_type
	.byte	14                              @ Abbrev [14] 0x6e4:0xb DW_TAG_subroutine_type
	.long	68                              @ DW_AT_type
                                        @ DW_AT_prototyped
	.byte	15                              @ Abbrev [15] 0x6e9:0x5 DW_TAG_formal_parameter
	.long	950                             @ DW_AT_type
	.byte	0                               @ End Of Children Mark
	.byte	13                              @ Abbrev [13] 0x6ef:0x5 DW_TAG_pointer_type
	.long	1780                            @ DW_AT_type
	.byte	14                              @ Abbrev [14] 0x6f4:0xb DW_TAG_subroutine_type
	.long	264                             @ DW_AT_type
                                        @ DW_AT_prototyped
	.byte	15                              @ Abbrev [15] 0x6f9:0x5 DW_TAG_formal_parameter
	.long	307                             @ DW_AT_type
	.byte	0                               @ End Of Children Mark
	.byte	13                              @ Abbrev [13] 0x6ff:0x5 DW_TAG_pointer_type
	.long	1796                            @ DW_AT_type
	.byte	14                              @ Abbrev [14] 0x704:0x15 DW_TAG_subroutine_type
	.long	264                             @ DW_AT_type
                                        @ DW_AT_prototyped
	.byte	15                              @ Abbrev [15] 0x709:0x5 DW_TAG_formal_parameter
	.long	950                             @ DW_AT_type
	.byte	15                              @ Abbrev [15] 0x70e:0x5 DW_TAG_formal_parameter
	.long	68                              @ DW_AT_type
	.byte	15                              @ Abbrev [15] 0x713:0x5 DW_TAG_formal_parameter
	.long	307                             @ DW_AT_type
	.byte	0                               @ End Of Children Mark
	.byte	30                              @ Abbrev [30] 0x719:0x1 DW_TAG_pointer_type
	.byte	0                               @ End Of Children Mark
.Ldebug_info_end0:
	.section	.debug_ranges,"",%progbits
.Ldebug_ranges0:
	.long	.Lfunc_begin0
	.long	.Lfunc_end0
	.long	.Lfunc_begin1
	.long	.Lfunc_end1
	.long	.Lfunc_begin2
	.long	.Lfunc_end2
	.long	.Lfunc_begin3
	.long	.Lfunc_end3
	.long	.Lfunc_begin4
	.long	.Lfunc_end4
	.long	.Lfunc_begin5
	.long	.Lfunc_end5
	.long	.Lfunc_begin6
	.long	.Lfunc_end6
	.long	.Lfunc_begin7
	.long	.Lfunc_end7
	.long	0
	.long	0
	.section	.debug_str,"MS",%progbits,1
.Linfo_string0:
	.asciz	"Component: Arm Compiler for Embedded 6.21 Tool: armclang [5ec1fd00]" @ string offset=0
.Linfo_string1:
	.asciz	"../Board/v3/Src\\usbd_desc.c"  @ string offset=68
.Linfo_string2:
	.asciz	"D:\\ikingtec\\Robot\\ODrive\\Firmware\\MDK-ARM" @ string offset=96
.Linfo_string3:
	.asciz	"USBD_MS_OS_StringDescriptor"   @ string offset=138
.Linfo_string4:
	.asciz	"unsigned char"                 @ string offset=166
.Linfo_string5:
	.asciz	"uint8_t"                       @ string offset=180
.Linfo_string6:
	.asciz	"__ARRAY_SIZE_TYPE__"           @ string offset=188
.Linfo_string7:
	.asciz	"char"                          @ string offset=208
.Linfo_string8:
	.asciz	"FS_Desc"                       @ string offset=213
.Linfo_string9:
	.asciz	"GetDeviceDescriptor"           @ string offset=221
.Linfo_string10:
	.asciz	"USBD_SPEED_HIGH"               @ string offset=241
.Linfo_string11:
	.asciz	"USBD_SPEED_FULL"               @ string offset=257
.Linfo_string12:
	.asciz	"USBD_SPEED_LOW"                @ string offset=273
.Linfo_string13:
	.asciz	"USBD_SpeedTypeDef"             @ string offset=288
.Linfo_string14:
	.asciz	"unsigned short"                @ string offset=306
.Linfo_string15:
	.asciz	"uint16_t"                      @ string offset=321
.Linfo_string16:
	.asciz	"GetLangIDStrDescriptor"        @ string offset=330
.Linfo_string17:
	.asciz	"GetManufacturerStrDescriptor"  @ string offset=353
.Linfo_string18:
	.asciz	"GetProductStrDescriptor"       @ string offset=382
.Linfo_string19:
	.asciz	"GetSerialStrDescriptor"        @ string offset=406
.Linfo_string20:
	.asciz	"GetConfigurationStrDescriptor" @ string offset=429
.Linfo_string21:
	.asciz	"GetInterfaceStrDescriptor"     @ string offset=459
.Linfo_string22:
	.asciz	"USBD_DescriptorsTypeDef"       @ string offset=485
.Linfo_string23:
	.asciz	"USBD_FS_DeviceDesc"            @ string offset=509
.Linfo_string24:
	.asciz	"USBD_LangIDDesc"               @ string offset=528
.Linfo_string25:
	.asciz	"USBD_StrDesc"                  @ string offset=544
.Linfo_string26:
	.asciz	"USBD_UsrStrDescriptor"         @ string offset=557
.Linfo_string27:
	.asciz	"USBD_FS_DeviceDescriptor"      @ string offset=579
.Linfo_string28:
	.asciz	"USBD_FS_LangIDStrDescriptor"   @ string offset=604
.Linfo_string29:
	.asciz	"USBD_FS_ManufacturerStrDescriptor" @ string offset=632
.Linfo_string30:
	.asciz	"USBD_FS_ProductStrDescriptor"  @ string offset=666
.Linfo_string31:
	.asciz	"USBD_FS_SerialStrDescriptor"   @ string offset=695
.Linfo_string32:
	.asciz	"USBD_FS_ConfigStrDescriptor"   @ string offset=723
.Linfo_string33:
	.asciz	"USBD_FS_InterfaceStrDescriptor" @ string offset=751
.Linfo_string34:
	.asciz	"pdev"                          @ string offset=782
.Linfo_string35:
	.asciz	"id"                            @ string offset=787
.Linfo_string36:
	.asciz	"dev_config"                    @ string offset=790
.Linfo_string37:
	.asciz	"unsigned int"                  @ string offset=801
.Linfo_string38:
	.asciz	"uint32_t"                      @ string offset=814
.Linfo_string39:
	.asciz	"dev_default_config"            @ string offset=823
.Linfo_string40:
	.asciz	"dev_config_status"             @ string offset=842
.Linfo_string41:
	.asciz	"dev_speed"                     @ string offset=860
.Linfo_string42:
	.asciz	"ep_in"                         @ string offset=870
.Linfo_string43:
	.asciz	"status"                        @ string offset=876
.Linfo_string44:
	.asciz	"total_length"                  @ string offset=883
.Linfo_string45:
	.asciz	"rem_length"                    @ string offset=896
.Linfo_string46:
	.asciz	"maxpacket"                     @ string offset=907
.Linfo_string47:
	.asciz	"is_used"                       @ string offset=917
.Linfo_string48:
	.asciz	"bInterval"                     @ string offset=925
.Linfo_string49:
	.asciz	"USBD_EndpointTypeDef"          @ string offset=935
.Linfo_string50:
	.asciz	"ep_out"                        @ string offset=956
.Linfo_string51:
	.asciz	"ep0_state"                     @ string offset=963
.Linfo_string52:
	.asciz	"ep0_data_len"                  @ string offset=973
.Linfo_string53:
	.asciz	"dev_state"                     @ string offset=986
.Linfo_string54:
	.asciz	"dev_old_state"                 @ string offset=996
.Linfo_string55:
	.asciz	"dev_address"                   @ string offset=1010
.Linfo_string56:
	.asciz	"dev_connection_status"         @ string offset=1022
.Linfo_string57:
	.asciz	"dev_test_mode"                 @ string offset=1044
.Linfo_string58:
	.asciz	"dev_remote_wakeup"             @ string offset=1058
.Linfo_string59:
	.asciz	"ConfIdx"                       @ string offset=1076
.Linfo_string60:
	.asciz	"request"                       @ string offset=1084
.Linfo_string61:
	.asciz	"bmRequest"                     @ string offset=1092
.Linfo_string62:
	.asciz	"bRequest"                      @ string offset=1102
.Linfo_string63:
	.asciz	"wValue"                        @ string offset=1111
.Linfo_string64:
	.asciz	"wIndex"                        @ string offset=1118
.Linfo_string65:
	.asciz	"wLength"                       @ string offset=1125
.Linfo_string66:
	.asciz	"usb_setup_req"                 @ string offset=1133
.Linfo_string67:
	.asciz	"USBD_SetupReqTypedef"          @ string offset=1147
.Linfo_string68:
	.asciz	"pDesc"                         @ string offset=1168
.Linfo_string69:
	.asciz	"pClass"                        @ string offset=1174
.Linfo_string70:
	.asciz	"Init"                          @ string offset=1181
.Linfo_string71:
	.asciz	"DeInit"                        @ string offset=1186
.Linfo_string72:
	.asciz	"Setup"                         @ string offset=1193
.Linfo_string73:
	.asciz	"EP0_TxSent"                    @ string offset=1199
.Linfo_string74:
	.asciz	"EP0_RxReady"                   @ string offset=1210
.Linfo_string75:
	.asciz	"DataIn"                        @ string offset=1222
.Linfo_string76:
	.asciz	"DataOut"                       @ string offset=1229
.Linfo_string77:
	.asciz	"SOF"                           @ string offset=1237
.Linfo_string78:
	.asciz	"IsoINIncomplete"               @ string offset=1241
.Linfo_string79:
	.asciz	"IsoOUTIncomplete"              @ string offset=1257
.Linfo_string80:
	.asciz	"GetHSConfigDescriptor"         @ string offset=1274
.Linfo_string81:
	.asciz	"GetFSConfigDescriptor"         @ string offset=1296
.Linfo_string82:
	.asciz	"GetOtherSpeedConfigDescriptor" @ string offset=1318
.Linfo_string83:
	.asciz	"GetDeviceQualifierDescriptor"  @ string offset=1348
.Linfo_string84:
	.asciz	"GetUsrStrDescriptor"           @ string offset=1377
.Linfo_string85:
	.asciz	"_Device_cb"                    @ string offset=1397
.Linfo_string86:
	.asciz	"USBD_ClassTypeDef"             @ string offset=1408
.Linfo_string87:
	.asciz	"pClassData"                    @ string offset=1426
.Linfo_string88:
	.asciz	"pUserData"                     @ string offset=1437
.Linfo_string89:
	.asciz	"pData"                         @ string offset=1447
.Linfo_string90:
	.asciz	"pBosDesc"                      @ string offset=1453
.Linfo_string91:
	.asciz	"pConfDesc"                     @ string offset=1462
.Linfo_string92:
	.asciz	"_USBD_HandleTypeDef"           @ string offset=1472
.Linfo_string93:
	.asciz	"index"                         @ string offset=1492
.Linfo_string94:
	.asciz	"length"                        @ string offset=1498
.Linfo_string95:
	.asciz	"speed"                         @ string offset=1505
	.ident	"Component: Arm Compiler for Embedded 6.21 Tool: armclang [5ec1fd00]"
	.section	".note.GNU-stack","",%progbits
	.eabi_attribute	30, 6	@ Tag_ABI_optimization_goals
	.ARM_attribute	16, 1	@ Tag_AV_eba
	.section	.debug_line,"",%progbits
.Lline_table_start0:
